[ 2018-11-12T17:17:10+08:00 ] 127.0.0.1 /
INFO: [ app_init ] --START--
INFO: Run Behavior\BuildLiteBehavior [ RunTime:0.000025s ]
INFO: [ app_init ] --END-- [ RunTime:0.003686s ]
INFO: [ app_begin ] --START--
INFO: Run Behavior\ReadHtmlCacheBehavior [ RunTime:0.001237s ]
INFO: [ app_begin ] --END-- [ RunTime:0.001339s ]

[ 2018-11-12T17:17:10+08:00 ] 127.0.0.1 /Login/index.html
INFO: [ app_init ] --START--
INFO: Run Behavior\BuildLiteBehavior [ RunTime:0.000021s ]
INFO: [ app_init ] --END-- [ RunTime:0.000880s ]
INFO: [ app_begin ] --START--
INFO: Run Behavior\ReadHtmlCacheBehavior [ RunTime:0.000682s ]
INFO: [ app_begin ] --END-- [ RunTime:0.000729s ]
INFO: [ view_parse ] --START--
INFO: [ template_filter ] --START--
INFO: Run Behavior\ContentReplaceBehavior [ RunTime:0.001618s ]
INFO: [ template_filter ] --END-- [ RunTime:0.001700s ]
INFO: Run Behavior\ParseTemplateBehavior [ RunTime:0.019916s ]
INFO: [ view_parse ] --END-- [ RunTime:0.019997s ]
INFO: [ view_filter ] --START--
INFO: Run Behavior\WriteHtmlCacheBehavior [ RunTime:0.000581s ]
INFO: [ view_filter ] --END-- [ RunTime:0.000614s ]
INFO: [ app_end ] --START--
INFO: Run Behavior\ShowPageTraceBehavior [ RunTime:0.000751s ]
INFO: [ app_end ] --END-- [ RunTime:0.000792s ]

[ 2018-11-12T17:17:11+08:00 ] 127.0.0.1 /favicon.ico
INFO: [ app_init ] --START--
INFO: Run Behavior\BuildLiteBehavior [ RunTime:0.000017s ]
INFO: [ app_init ] --END-- [ RunTime:0.000667s ]

[ 2018-11-12T17:17:13+08:00 ] 127.0.0.1 /Login/doLogin.html
INFO: [ app_init ] --START--
INFO: Run Behavior\BuildLiteBehavior [ RunTime:0.000012s ]
INFO: [ app_init ] --END-- [ RunTime:0.000565s ]
INFO: [ app_begin ] --START--
INFO: Run Behavior\ReadHtmlCacheBehavior [ RunTime:0.000675s ]
INFO: [ app_begin ] --END-- [ RunTime:0.000716s ]
SQL: SHOW COLUMNS FROM `fxg_admin` [ RunTime:0.0712s ]
SQL: SELECT * FROM `fxg_admin` WHERE `username` = 'daipingshan' AND `password` = 'a0df1932fb37930fb0ca5d9b82e7f58b' LIMIT 1   [ RunTime:0.0719s ]

[ 2018-11-12T17:17:16+08:00 ] 127.0.0.1 /Index/index.html
INFO: [ app_init ] --START--
INFO: Run Behavior\BuildLiteBehavior [ RunTime:0.000019s ]
INFO: [ app_init ] --END-- [ RunTime:0.000915s ]
INFO: [ app_begin ] --START--
INFO: Run Behavior\ReadHtmlCacheBehavior [ RunTime:0.001056s ]
INFO: [ app_begin ] --END-- [ RunTime:0.001125s ]
INFO: [ view_parse ] --START--
INFO: [ template_filter ] --START--
INFO: Run Behavior\ContentReplaceBehavior [ RunTime:0.000088s ]
INFO: [ template_filter ] --END-- [ RunTime:0.000138s ]
INFO: Run Behavior\ParseTemplateBehavior [ RunTime:0.022858s ]
INFO: [ view_parse ] --END-- [ RunTime:0.022916s ]
INFO: [ view_filter ] --START--
INFO: Run Behavior\WriteHtmlCacheBehavior [ RunTime:0.000541s ]
INFO: [ view_filter ] --END-- [ RunTime:0.000574s ]
INFO: [ app_end ] --START--
INFO: Run Behavior\ShowPageTraceBehavior [ RunTime:0.000646s ]
INFO: [ app_end ] --END-- [ RunTime:0.000681s ]

[ 2018-11-12T17:17:55+08:00 ] 127.0.0.1 /Order/index.html
INFO: [ app_init ] --START--
INFO: Run Behavior\BuildLiteBehavior [ RunTime:0.000014s ]
INFO: [ app_init ] --END-- [ RunTime:0.000674s ]
INFO: [ app_begin ] --START--
INFO: Run Behavior\ReadHtmlCacheBehavior [ RunTime:0.000708s ]
INFO: [ app_begin ] --END-- [ RunTime:0.000751s ]
SQL: SHOW COLUMNS FROM `fxg_shop` [ RunTime:0.0624s ]
SQL: SELECT * FROM `fxg_shop` WHERE `id` IN ('1','2','3','4','6')  [ RunTime:0.0654s ]
INFO: [ view_parse ] --START--
INFO: [ template_filter ] --START--
INFO: Run Behavior\ContentReplaceBehavior [ RunTime:0.000545s ]
INFO: [ template_filter ] --END-- [ RunTime:0.000641s ]
INFO: Run Behavior\ParseTemplateBehavior [ RunTime:0.053605s ]
INFO: [ view_parse ] --END-- [ RunTime:0.053764s ]
INFO: [ view_filter ] --START--
INFO: Run Behavior\WriteHtmlCacheBehavior [ RunTime:0.001482s ]
INFO: [ view_filter ] --END-- [ RunTime:0.001593s ]
INFO: [ app_end ] --START--
INFO: Run Behavior\ShowPageTraceBehavior [ RunTime:0.001590s ]
INFO: [ app_end ] --END-- [ RunTime:0.001692s ]

[ 2018-11-12T17:17:57+08:00 ] 127.0.0.1 /Order/index.html?shop_id=&order_id=&product_keyword=&order_source=&post_data=&logistics_id=&logistics_code=&pay_type=&pay_time=&order_status=0&page=1&limit=10
INFO: [ app_init ] --START--
INFO: Run Behavior\BuildLiteBehavior [ RunTime:0.000022s ]
INFO: [ app_init ] --END-- [ RunTime:0.000906s ]
INFO: [ app_begin ] --START--
INFO: Run Behavior\ReadHtmlCacheBehavior [ RunTime:0.001196s ]
INFO: [ app_begin ] --END-- [ RunTime:0.001285s ]
SQL: SHOW COLUMNS FROM `fxg_order` [ RunTime:0.0711s ]
SQL: SELECT COUNT(id) AS tp_count FROM `fxg_order` WHERE `shop_id` IN ('1','2','3','4','6') LIMIT 1   [ RunTime:0.0667s ]
SQL: SELECT * FROM `fxg_order` WHERE `shop_id` IN ('1','2','3','4','6') ORDER BY create_time desc LIMIT 0,10   [ RunTime:0.0737s ]
NOTIC: [8] Undefined index: order_source D:\www\online_team\www.sale.com\Application\Fxg\Controller\OrderController.class.php 第 186 行.
NOTIC: [8] Undefined index:  D:\www\online_team\www.sale.com\Application\Fxg\Controller\OrderController.class.php 第 186 行.
NOTIC: [8] Undefined index: order_source D:\www\online_team\www.sale.com\Application\Fxg\Controller\OrderController.class.php 第 186 行.
NOTIC: [8] Undefined index:  D:\www\online_team\www.sale.com\Application\Fxg\Controller\OrderController.class.php 第 186 行.
NOTIC: [8] Undefined index: order_source D:\www\online_team\www.sale.com\Application\Fxg\Controller\OrderController.class.php 第 186 行.
NOTIC: [8] Undefined index:  D:\www\online_team\www.sale.com\Application\Fxg\Controller\OrderController.class.php 第 186 行.
NOTIC: [8] Undefined index: order_source D:\www\online_team\www.sale.com\Application\Fxg\Controller\OrderController.class.php 第 186 行.
NOTIC: [8] Undefined index:  D:\www\online_team\www.sale.com\Application\Fxg\Controller\OrderController.class.php 第 186 行.
NOTIC: [8] Undefined index: order_source D:\www\online_team\www.sale.com\Application\Fxg\Controller\OrderController.class.php 第 186 行.
NOTIC: [8] Undefined index:  D:\www\online_team\www.sale.com\Application\Fxg\Controller\OrderController.class.php 第 186 行.
NOTIC: [8] Undefined index: order_source D:\www\online_team\www.sale.com\Application\Fxg\Controller\OrderController.class.php 第 186 行.
NOTIC: [8] Undefined index:  D:\www\online_team\www.sale.com\Application\Fxg\Controller\OrderController.class.php 第 186 行.
NOTIC: [8] Undefined index: order_source D:\www\online_team\www.sale.com\Application\Fxg\Controller\OrderController.class.php 第 186 行.
NOTIC: [8] Undefined index:  D:\www\online_team\www.sale.com\Application\Fxg\Controller\OrderController.class.php 第 186 行.
NOTIC: [8] Undefined index: order_source D:\www\online_team\www.sale.com\Application\Fxg\Controller\OrderController.class.php 第 186 行.
NOTIC: [8] Undefined index:  D:\www\online_team\www.sale.com\Application\Fxg\Controller\OrderController.class.php 第 186 行.
NOTIC: [8] Undefined index: order_source D:\www\online_team\www.sale.com\Application\Fxg\Controller\OrderController.class.php 第 186 行.
NOTIC: [8] Undefined index:  D:\www\online_team\www.sale.com\Application\Fxg\Controller\OrderController.class.php 第 186 行.
NOTIC: [8] Undefined index: order_source D:\www\online_team\www.sale.com\Application\Fxg\Controller\OrderController.class.php 第 186 行.
NOTIC: [8] Undefined index:  D:\www\online_team\www.sale.com\Application\Fxg\Controller\OrderController.class.php 第 186 行.

[ 2018-11-12T17:18:07+08:00 ] 127.0.0.1 /Order/setOrderStatus.html
INFO: [ app_init ] --START--
INFO: Run Behavior\BuildLiteBehavior [ RunTime:0.000025s ]
INFO: [ app_init ] --END-- [ RunTime:0.001259s ]
INFO: [ app_begin ] --START--
INFO: Run Behavior\ReadHtmlCacheBehavior [ RunTime:0.001160s ]
INFO: [ app_begin ] --END-- [ RunTime:0.001247s ]
NOTIC: [2] ZipArchive::getFromName(): Invalid or uninitialized Zip object D:\www\online_team\www.sale.com\Application\Common\Org\PHPExcel\Reader\Excel2007.php 第 327 行.
NOTIC: [2] ZipArchive::getFromName(): Invalid or uninitialized Zip object D:\www\online_team\www.sale.com\Application\Common\Org\PHPExcel\Reader\Excel2007.php 第 330 行.
NOTIC: [8] Undefined variable: options D:\www\online_team\www.sale.com\Application\Common\Org\PHPExcel\Settings.php 第 343 行.
NOTIC: [8] Trying to get property of non-object D:\www\online_team\www.sale.com\Application\Common\Org\PHPExcel\Reader\Excel2007.php 第 365 行.
NOTIC: [2] Invalid argument supplied for foreach() D:\www\online_team\www.sale.com\Application\Common\Org\PHPExcel\Reader\Excel2007.php 第 365 行.
NOTIC: [2] ZipArchive::getFromName(): Invalid or uninitialized Zip object D:\www\online_team\www.sale.com\Application\Common\Org\PHPExcel\Reader\Excel2007.php 第 327 行.
NOTIC: [2] ZipArchive::getFromName(): Invalid or uninitialized Zip object D:\www\online_team\www.sale.com\Application\Common\Org\PHPExcel\Reader\Excel2007.php 第 330 行.
NOTIC: [8] Undefined variable: options D:\www\online_team\www.sale.com\Application\Common\Org\PHPExcel\Settings.php 第 343 行.
NOTIC: [8] Trying to get property of non-object D:\www\online_team\www.sale.com\Application\Common\Org\PHPExcel\Reader\Excel2007.php 第 402 行.
NOTIC: [2] Invalid argument supplied for foreach() D:\www\online_team\www.sale.com\Application\Common\Org\PHPExcel\Reader\Excel2007.php 第 402 行.
NOTIC: [2] ZipArchive::getFromName(): Invalid or uninitialized Zip object D:\www\online_team\www.sale.com\Application\Common\Org\PHPExcel\Reader\Excel2007.php 第 327 行.
NOTIC: [2] ZipArchive::getFromName(): Invalid or uninitialized Zip object D:\www\online_team\www.sale.com\Application\Common\Org\PHPExcel\Reader\Excel2007.php 第 330 行.
NOTIC: [8] Undefined variable: options D:\www\online_team\www.sale.com\Application\Common\Org\PHPExcel\Settings.php 第 343 行.
NOTIC: [8] Trying to get property of non-object D:\www\online_team\www.sale.com\Application\Common\Org\PHPExcel\Reader\Excel2007.php 第 1715 行.
NOTIC: [2] Invalid argument supplied for foreach() D:\www\online_team\www.sale.com\Application\Common\Org\PHPExcel\Reader\Excel2007.php 第 1715 行.
NOTIC: [2] ZipArchive::close(): Invalid or uninitialized Zip object D:\www\online_team\www.sale.com\Application\Common\Org\PHPExcel\Reader\Excel2007.php 第 1749 行.

[ 2018-11-12T17:19:15+08:00 ] 127.0.0.1 /Order/setOrderStatus.html
INFO: [ app_init ] --START--
INFO: Run Behavior\BuildLiteBehavior [ RunTime:0.000023s ]
INFO: [ app_init ] --END-- [ RunTime:0.001135s ]
INFO: [ app_begin ] --START--
INFO: Run Behavior\ReadHtmlCacheBehavior [ RunTime:0.001477s ]
INFO: [ app_begin ] --END-- [ RunTime:0.001604s ]
NOTIC: [8] Undefined variable: options D:\www\online_team\www.sale.com\Application\Common\Org\PHPExcel\Settings.php 第 343 行.
NOTIC: [8] Undefined variable: options D:\www\online_team\www.sale.com\Application\Common\Org\PHPExcel\Settings.php 第 343 行.
NOTIC: [8] Undefined variable: options D:\www\online_team\www.sale.com\Application\Common\Org\PHPExcel\Settings.php 第 343 行.
NOTIC: [8] Undefined variable: options D:\www\online_team\www.sale.com\Application\Common\Org\PHPExcel\Settings.php 第 343 行.
NOTIC: [8] Undefined variable: options D:\www\online_team\www.sale.com\Application\Common\Org\PHPExcel\Settings.php 第 343 行.
NOTIC: [8] Undefined variable: options D:\www\online_team\www.sale.com\Application\Common\Org\PHPExcel\Settings.php 第 343 行.
NOTIC: [8] Undefined variable: options D:\www\online_team\www.sale.com\Application\Common\Org\PHPExcel\Settings.php 第 343 行.
NOTIC: [8] Undefined variable: options D:\www\online_team\www.sale.com\Application\Common\Org\PHPExcel\Settings.php 第 343 行.
NOTIC: [8] Undefined variable: options D:\www\online_team\www.sale.com\Application\Common\Org\PHPExcel\Settings.php 第 343 行.
NOTIC: [8] Undefined variable: options D:\www\online_team\www.sale.com\Application\Common\Org\PHPExcel\Settings.php 第 343 行.
NOTIC: [8] Undefined variable: options D:\www\online_team\www.sale.com\Application\Common\Org\PHPExcel\Settings.php 第 343 行.
NOTIC: [8] Undefined variable: options D:\www\online_team\www.sale.com\Application\Common\Org\PHPExcel\Settings.php 第 343 行.

[ 2018-11-12T17:20:05+08:00 ] 127.0.0.1 /Order/setOrderStatus.html
INFO: [ app_init ] --START--
INFO: Run Behavior\BuildLiteBehavior [ RunTime:0.000332s ]
INFO: [ app_init ] --END-- [ RunTime:0.009809s ]
INFO: [ app_begin ] --START--
INFO: Run Behavior\ReadHtmlCacheBehavior [ RunTime:0.001119s ]
INFO: [ app_begin ] --END-- [ RunTime:0.001211s ]
NOTIC: [8] Undefined variable: options D:\www\online_team\www.sale.com\Application\Common\Org\PHPExcel\Settings.php 第 343 行.
NOTIC: [8] Undefined variable: options D:\www\online_team\www.sale.com\Application\Common\Org\PHPExcel\Settings.php 第 343 行.
NOTIC: [8] Undefined variable: options D:\www\online_team\www.sale.com\Application\Common\Org\PHPExcel\Settings.php 第 343 行.
NOTIC: [8] Undefined variable: options D:\www\online_team\www.sale.com\Application\Common\Org\PHPExcel\Settings.php 第 343 行.
NOTIC: [8] Undefined variable: options D:\www\online_team\www.sale.com\Application\Common\Org\PHPExcel\Settings.php 第 343 行.
NOTIC: [8] Undefined variable: options D:\www\online_team\www.sale.com\Application\Common\Org\PHPExcel\Settings.php 第 343 行.
NOTIC: [8] Undefined variable: options D:\www\online_team\www.sale.com\Application\Common\Org\PHPExcel\Settings.php 第 343 行.
NOTIC: [8] Undefined variable: options D:\www\online_team\www.sale.com\Application\Common\Org\PHPExcel\Settings.php 第 343 行.
NOTIC: [8] Undefined variable: options D:\www\online_team\www.sale.com\Application\Common\Org\PHPExcel\Settings.php 第 343 行.
NOTIC: [8] Undefined variable: options D:\www\online_team\www.sale.com\Application\Common\Org\PHPExcel\Settings.php 第 343 行.
NOTIC: [8] Undefined variable: options D:\www\online_team\www.sale.com\Application\Common\Org\PHPExcel\Settings.php 第 343 行.
NOTIC: [8] Undefined variable: options D:\www\online_team\www.sale.com\Application\Common\Org\PHPExcel\Settings.php 第 343 行.
SQL: SHOW COLUMNS FROM `fxg_order` [ RunTime:0.0659s ]
SQL: SELECT * FROM `fxg_order` WHERE `ali_order_id` IN ('248324557887100921','248321389703100921','248303501999100921','248556910005100921','248294796327100921','248303789491100921','248552750658100921','248768335787100921','248551758420100921','248765519894100921','248767759153100921','248286028827100921','248283980912100921','248283980030100921','248758223134100921','248505966518100921','248724143128100921','248245580233100921','248245484064100921','248720463134100921','248241772171100921','248239148186100921','248247405247100921','248491534819100921','248229356332100921','248490926069100921','248226124611100921','248488910050100921','248225868271100921','248703439239100921','248481038824100921','248481326657100921','248701647037100921','248235853037100921','248695375935100921','248218956405100921','248477678602100921','248231597489100921','248692431921100921','248216172478100921','248476430131100921','248472398723100921','248468238136100921','248201260720100921','248463310520100921') AND `order_status` = 2  [ RunTime:0.3596s ]
SQL: UPDATE `fxg_order` SET `order_status`='3' WHERE `id` = 1700 [ RunTime:0.1389s ]
SQL: UPDATE `fxg_order` SET `order_status`='3' WHERE `id` = 1701 [ RunTime:0.0876s ]
SQL: UPDATE `fxg_order` SET `order_status`='3' WHERE `id` = 1707 [ RunTime:1.8656s ]
SQL: UPDATE `fxg_order` SET `order_status`='3' WHERE `id` = 1709 [ RunTime:0.0645s ]
SQL: UPDATE `fxg_order` SET `order_status`='3' WHERE `id` = 1710 [ RunTime:0.0850s ]
SQL: UPDATE `fxg_order` SET `order_status`='3' WHERE `id` = 1722 [ RunTime:0.0681s ]
SQL: UPDATE `fxg_order` SET `order_status`='3' WHERE `id` = 1723 [ RunTime:0.0636s ]
SQL: UPDATE `fxg_order` SET `order_status`='3' WHERE `id` = 1724 [ RunTime:0.0657s ]
SQL: UPDATE `fxg_order` SET `order_status`='3' WHERE `id` = 1737 [ RunTime:0.1004s ]
SQL: UPDATE `fxg_order` SET `order_status`='3' WHERE `id` = 1738 [ RunTime:0.0678s ]
SQL: UPDATE `fxg_order` SET `order_status`='3' WHERE `id` = 1743 [ RunTime:0.0771s ]
SQL: UPDATE `fxg_order` SET `order_status`='3' WHERE `id` = 1744 [ RunTime:0.0700s ]
SQL: UPDATE `fxg_order` SET `order_status`='3' WHERE `id` = 1745 [ RunTime:0.0634s ]
SQL: UPDATE `fxg_order` SET `order_status`='3' WHERE `id` = 1750 [ RunTime:0.0640s ]
SQL: UPDATE `fxg_order` SET `order_status`='3' WHERE `id` = 1753 [ RunTime:0.0675s ]
SQL: UPDATE `fxg_order` SET `order_status`='3' WHERE `id` = 1760 [ RunTime:0.0663s ]
SQL: UPDATE `fxg_order` SET `order_status`='3' WHERE `id` = 1763 [ RunTime:0.0630s ]
SQL: UPDATE `fxg_order` SET `order_status`='3' WHERE `id` = 1772 [ RunTime:0.0681s ]
SQL: UPDATE `fxg_order` SET `order_status`='3' WHERE `id` = 1776 [ RunTime:0.3460s ]
SQL: UPDATE `fxg_order` SET `order_status`='3' WHERE `id` = 1777 [ RunTime:0.0639s ]
SQL: UPDATE `fxg_order` SET `order_status`='3' WHERE `id` = 1779 [ RunTime:0.0657s ]
SQL: UPDATE `fxg_order` SET `order_status`='3' WHERE `id` = 1780 [ RunTime:0.0656s ]
SQL: UPDATE `fxg_order` SET `order_status`='3' WHERE `id` = 1801 [ RunTime:0.0770s ]
SQL: UPDATE `fxg_order` SET `order_status`='3' WHERE `id` = 1803 [ RunTime:0.0629s ]
SQL: UPDATE `fxg_order` SET `order_status`='3' WHERE `id` = 1807 [ RunTime:0.0627s ]
SQL: UPDATE `fxg_order` SET `order_status`='3' WHERE `id` = 1808 [ RunTime:0.6938s ]
SQL: UPDATE `fxg_order` SET `order_status`='3' WHERE `id` = 1809 [ RunTime:0.0750s ]
SQL: UPDATE `fxg_order` SET `order_status`='3' WHERE `id` = 1810 [ RunTime:0.0708s ]
SQL: UPDATE `fxg_order` SET `order_status`='3' WHERE `id` = 1813 [ RunTime:0.1343s ]
SQL: UPDATE `fxg_order` SET `order_status`='3' WHERE `id` = 1818 [ RunTime:0.0709s ]
SQL: UPDATE `fxg_order` SET `order_status`='3' WHERE `id` = 1822 [ RunTime:0.0763s ]
SQL: UPDATE `fxg_order` SET `order_status`='3' WHERE `id` = 1832 [ RunTime:0.0641s ]
SQL: UPDATE `fxg_order` SET `order_status`='3' WHERE `id` = 1846 [ RunTime:0.0639s ]
SQL: UPDATE `fxg_order` SET `order_status`='3' WHERE `id` = 1848 [ RunTime:0.0637s ]
SQL: UPDATE `fxg_order` SET `order_status`='3' WHERE `id` = 1852 [ RunTime:0.0657s ]
SQL: UPDATE `fxg_order` SET `order_status`='3' WHERE `id` = 1857 [ RunTime:0.0641s ]
SQL: UPDATE `fxg_order` SET `order_status`='3' WHERE `id` = 1858 [ RunTime:0.0685s ]
SQL: UPDATE `fxg_order` SET `order_status`='3' WHERE `id` = 1859 [ RunTime:0.0686s ]
SQL: UPDATE `fxg_order` SET `order_status`='3' WHERE `id` = 1869 [ RunTime:0.0680s ]
SQL: UPDATE `fxg_order` SET `order_status`='3' WHERE `id` = 1871 [ RunTime:0.0651s ]
SQL: UPDATE `fxg_order` SET `order_status`='3' WHERE `id` = 1881 [ RunTime:0.0718s ]
SQL: UPDATE `fxg_order` SET `order_status`='3' WHERE `id` = 1886 [ RunTime:0.3717s ]
SQL: UPDATE `fxg_order` SET `order_status`='3' WHERE `id` = 1887 [ RunTime:0.0638s ]
SQL: UPDATE `fxg_order` SET `order_status`='3' WHERE `id` = 1896 [ RunTime:0.3594s ]
SQL: UPDATE `fxg_order` SET `order_status`='3' WHERE `id` = 1899 [ RunTime:0.0764s ]
SQL: SHOW COLUMNS FROM `fxg_order_error` [ RunTime:0.0664s ]
SQL: INSERT INTO `fxg_order_error` (`order_id`,`error_info`,`create_time`,`type`) VALUES ('20181112172005','发货成功
总发货【45】个订单，成功【45】个；失败【0】个。
【3311081444587241917】,success
【3311084872617049900】,success
【3311088987204139598】,success
【3311090048061033441】,success
【3311090741689850537】,success
【3311105237204496325】,success
【3311105862122222484】,success
【3311105805641732455】,success
【3311113320332929742】,success
【3311113835083095270】,success
【3311118267489383714】,success
【3311122788596752737】,success
【3311123561036529708】,success
【3311178369768509736】,success
【3311182417775182316】,success
【3311184800827766689】,success
【3311189679910558701】,success
【3311200244028580446】,success
【3311207502531709815】,success
【3311211786107237902】,success
【3311222120452854092】,success
【3311223149097565261】,success
【3311248529552448980】,success
【3311249248959475706】,success
【3311252082136378001】,success
【3311252140118376648】,success
【3311253442995083156】,success
【3311254592544737381】,success
【3311255386467736155】,success
【3311261161051264375】,success
【3311266538350314735】,success
【3311282912913159966】,success
【3311291045433724309】,success
【3311294260871057801】,success
【3311299283180979996】,success
【3311301792096220892】,success
【3311303847238070103】,success
【3311303881597801059】,success
【3311308633979106014】,success
【3311315127315368201】,success
【3311353026106786291】,success
【3311363516564405541】,success
【3311372931787053274】,success
【3311385348537513811】,success
【3311385352824029530】,success
','2018-11-12 17:20:05','1') [ RunTime:0.0655s ]

[ 2018-11-12T17:20:16+08:00 ] 127.0.0.1 /Order/index.html?shop_id=&order_id=&product_keyword=&order_source=&post_data=&logistics_id=&logistics_code=&pay_type=&pay_time=&order_status=0&page=1&limit=10
INFO: [ app_init ] --START--
INFO: Run Behavior\BuildLiteBehavior [ RunTime:0.000023s ]
INFO: [ app_init ] --END-- [ RunTime:0.001391s ]
INFO: [ app_begin ] --START--
INFO: Run Behavior\ReadHtmlCacheBehavior [ RunTime:0.000756s ]
INFO: [ app_begin ] --END-- [ RunTime:0.000812s ]
SQL: SHOW COLUMNS FROM `fxg_order` [ RunTime:0.4460s ]
SQL: SELECT COUNT(id) AS tp_count FROM `fxg_order` WHERE `shop_id` IN ('1','2','3','4','6') LIMIT 1   [ RunTime:0.0688s ]
SQL: SELECT * FROM `fxg_order` WHERE `shop_id` IN ('1','2','3','4','6') ORDER BY create_time desc LIMIT 0,10   [ RunTime:1.1670s ]
NOTIC: [8] Undefined index: order_source D:\www\online_team\www.sale.com\Application\Fxg\Controller\OrderController.class.php 第 186 行.
NOTIC: [8] Undefined index:  D:\www\online_team\www.sale.com\Application\Fxg\Controller\OrderController.class.php 第 186 行.
NOTIC: [8] Undefined index: order_source D:\www\online_team\www.sale.com\Application\Fxg\Controller\OrderController.class.php 第 186 行.
NOTIC: [8] Undefined index:  D:\www\online_team\www.sale.com\Application\Fxg\Controller\OrderController.class.php 第 186 行.
NOTIC: [8] Undefined index: order_source D:\www\online_team\www.sale.com\Application\Fxg\Controller\OrderController.class.php 第 186 行.
NOTIC: [8] Undefined index:  D:\www\online_team\www.sale.com\Application\Fxg\Controller\OrderController.class.php 第 186 行.
NOTIC: [8] Undefined index: order_source D:\www\online_team\www.sale.com\Application\Fxg\Controller\OrderController.class.php 第 186 行.
NOTIC: [8] Undefined index:  D:\www\online_team\www.sale.com\Application\Fxg\Controller\OrderController.class.php 第 186 行.
NOTIC: [8] Undefined index: order_source D:\www\online_team\www.sale.com\Application\Fxg\Controller\OrderController.class.php 第 186 行.
NOTIC: [8] Undefined index:  D:\www\online_team\www.sale.com\Application\Fxg\Controller\OrderController.class.php 第 186 行.
NOTIC: [8] Undefined index: order_source D:\www\online_team\www.sale.com\Application\Fxg\Controller\OrderController.class.php 第 186 行.
NOTIC: [8] Undefined index:  D:\www\online_team\www.sale.com\Application\Fxg\Controller\OrderController.class.php 第 186 行.
NOTIC: [8] Undefined index: order_source D:\www\online_team\www.sale.com\Application\Fxg\Controller\OrderController.class.php 第 186 行.
NOTIC: [8] Undefined index:  D:\www\online_team\www.sale.com\Application\Fxg\Controller\OrderController.class.php 第 186 行.
NOTIC: [8] Undefined index: order_source D:\www\online_team\www.sale.com\Application\Fxg\Controller\OrderController.class.php 第 186 行.
NOTIC: [8] Undefined index:  D:\www\online_team\www.sale.com\Application\Fxg\Controller\OrderController.class.php 第 186 行.
NOTIC: [8] Undefined index: order_source D:\www\online_team\www.sale.com\Application\Fxg\Controller\OrderController.class.php 第 186 行.
NOTIC: [8] Undefined index:  D:\www\online_team\www.sale.com\Application\Fxg\Controller\OrderController.class.php 第 186 行.
NOTIC: [8] Undefined index: order_source D:\www\online_team\www.sale.com\Application\Fxg\Controller\OrderController.class.php 第 186 行.
NOTIC: [8] Undefined index:  D:\www\online_team\www.sale.com\Application\Fxg\Controller\OrderController.class.php 第 186 行.

[ 2018-11-12T17:20:19+08:00 ] 127.0.0.1 /Logistics/index.html
INFO: [ app_init ] --START--
INFO: Run Behavior\BuildLiteBehavior [ RunTime:0.000037s ]
INFO: [ app_init ] --END-- [ RunTime:0.000868s ]
INFO: [ app_begin ] --START--
INFO: Run Behavior\ReadHtmlCacheBehavior [ RunTime:0.000827s ]
INFO: [ app_begin ] --END-- [ RunTime:0.000898s ]
INFO: [ view_parse ] --START--
INFO: [ template_filter ] --START--
INFO: Run Behavior\ContentReplaceBehavior [ RunTime:0.000086s ]
INFO: [ template_filter ] --END-- [ RunTime:0.000133s ]
INFO: Run Behavior\ParseTemplateBehavior [ RunTime:0.012380s ]
INFO: [ view_parse ] --END-- [ RunTime:0.012440s ]
INFO: [ view_filter ] --START--
INFO: Run Behavior\WriteHtmlCacheBehavior [ RunTime:0.000712s ]
INFO: [ view_filter ] --END-- [ RunTime:0.000747s ]
INFO: [ app_end ] --START--
INFO: Run Behavior\ShowPageTraceBehavior [ RunTime:0.000824s ]
INFO: [ app_end ] --END-- [ RunTime:0.000858s ]

[ 2018-11-12T17:20:20+08:00 ] 127.0.0.1 /Logistics/index.html?page=1&limit=10
INFO: [ app_init ] --START--
INFO: Run Behavior\BuildLiteBehavior [ RunTime:0.000013s ]
INFO: [ app_init ] --END-- [ RunTime:0.000635s ]
INFO: [ app_begin ] --START--
INFO: Run Behavior\ReadHtmlCacheBehavior [ RunTime:0.001042s ]
INFO: [ app_begin ] --END-- [ RunTime:0.001131s ]
SQL: SHOW COLUMNS FROM `fxg_logistics_list` [ RunTime:0.0998s ]
SQL: SELECT COUNT(id) AS tp_count FROM `fxg_logistics_list` LIMIT 1   [ RunTime:0.0636s ]
SQL: SELECT * FROM `fxg_logistics_list` LIMIT 0,10   [ RunTime:0.0692s ]

[ 2018-11-12T17:20:23+08:00 ] 127.0.0.1 /OrderError/index.html
INFO: [ app_init ] --START--
INFO: Run Behavior\BuildLiteBehavior [ RunTime:0.000013s ]
INFO: [ app_init ] --END-- [ RunTime:0.000696s ]
INFO: [ app_begin ] --START--
INFO: Run Behavior\ReadHtmlCacheBehavior [ RunTime:0.000715s ]
INFO: [ app_begin ] --END-- [ RunTime:0.000768s ]
INFO: [ view_parse ] --START--
INFO: [ template_filter ] --START--
INFO: Run Behavior\ContentReplaceBehavior [ RunTime:0.000090s ]
INFO: [ template_filter ] --END-- [ RunTime:0.000138s ]
INFO: Run Behavior\ParseTemplateBehavior [ RunTime:0.012965s ]
INFO: [ view_parse ] --END-- [ RunTime:0.013018s ]
INFO: [ view_filter ] --START--
INFO: Run Behavior\WriteHtmlCacheBehavior [ RunTime:0.000697s ]
INFO: [ view_filter ] --END-- [ RunTime:0.000729s ]
INFO: [ app_end ] --START--
INFO: Run Behavior\ShowPageTraceBehavior [ RunTime:0.000831s ]
INFO: [ app_end ] --END-- [ RunTime:0.000886s ]

[ 2018-11-12T17:20:23+08:00 ] 127.0.0.1 /OrderError/index.html?page=1&limit=10
INFO: [ app_init ] --START--
INFO: Run Behavior\BuildLiteBehavior [ RunTime:0.000024s ]
INFO: [ app_init ] --END-- [ RunTime:0.001123s ]
INFO: [ app_begin ] --START--
INFO: Run Behavior\ReadHtmlCacheBehavior [ RunTime:0.000645s ]
INFO: [ app_begin ] --END-- [ RunTime:0.000693s ]
SQL: SHOW COLUMNS FROM `fxg_order_error` [ RunTime:0.0665s ]
SQL: SELECT COUNT(id) AS tp_count FROM `fxg_order_error` LIMIT 1   [ RunTime:0.0643s ]
SQL: SELECT * FROM `fxg_order_error` ORDER BY id desc LIMIT 0,10   [ RunTime:0.0695s ]

[ 2018-11-12T17:22:18+08:00 ] 127.0.0.1 /Order/index.html
INFO: [ app_init ] --START--
INFO: Run Behavior\BuildLiteBehavior [ RunTime:0.000013s ]
INFO: [ app_init ] --END-- [ RunTime:0.000642s ]
INFO: [ app_begin ] --START--
INFO: Run Behavior\ReadHtmlCacheBehavior [ RunTime:0.000927s ]
INFO: [ app_begin ] --END-- [ RunTime:0.000984s ]
SQL: SHOW COLUMNS FROM `fxg_shop` [ RunTime:0.0651s ]
SQL: SELECT * FROM `fxg_shop` WHERE `id` IN ('1','2','3','4','6')  [ RunTime:0.0678s ]
INFO: [ view_parse ] --START--
INFO: [ template_filter ] --START--
INFO: Run Behavior\ContentReplaceBehavior [ RunTime:0.000445s ]
INFO: [ template_filter ] --END-- [ RunTime:0.000518s ]
INFO: Run Behavior\ParseTemplateBehavior [ RunTime:0.039809s ]
INFO: [ view_parse ] --END-- [ RunTime:0.039891s ]
INFO: [ view_filter ] --START--
INFO: Run Behavior\WriteHtmlCacheBehavior [ RunTime:0.001201s ]
INFO: [ view_filter ] --END-- [ RunTime:0.001266s ]
INFO: [ app_end ] --START--
INFO: Run Behavior\ShowPageTraceBehavior [ RunTime:0.001568s ]
INFO: [ app_end ] --END-- [ RunTime:0.001632s ]

[ 2018-11-12T17:22:19+08:00 ] 127.0.0.1 /Order/index.html?shop_id=&order_id=&product_keyword=&order_source=&post_data=&logistics_id=&logistics_code=&pay_type=&pay_time=&order_status=0&page=1&limit=10
INFO: [ app_init ] --START--
INFO: Run Behavior\BuildLiteBehavior [ RunTime:0.000024s ]
INFO: [ app_init ] --END-- [ RunTime:0.001151s ]
INFO: [ app_begin ] --START--
INFO: Run Behavior\ReadHtmlCacheBehavior [ RunTime:0.001244s ]
INFO: [ app_begin ] --END-- [ RunTime:0.001330s ]
SQL: SHOW COLUMNS FROM `fxg_order` [ RunTime:0.0701s ]
SQL: SELECT COUNT(id) AS tp_count FROM `fxg_order` WHERE `shop_id` IN ('1','2','3','4','6') LIMIT 1   [ RunTime:0.0751s ]
SQL: SELECT * FROM `fxg_order` WHERE `shop_id` IN ('1','2','3','4','6') ORDER BY create_time desc LIMIT 0,10   [ RunTime:0.1514s ]
NOTIC: [8] Undefined index: order_source D:\www\online_team\www.sale.com\Application\Fxg\Controller\OrderController.class.php 第 186 行.
NOTIC: [8] Undefined index:  D:\www\online_team\www.sale.com\Application\Fxg\Controller\OrderController.class.php 第 186 行.
NOTIC: [8] Undefined index: order_source D:\www\online_team\www.sale.com\Application\Fxg\Controller\OrderController.class.php 第 186 行.
NOTIC: [8] Undefined index:  D:\www\online_team\www.sale.com\Application\Fxg\Controller\OrderController.class.php 第 186 行.
NOTIC: [8] Undefined index: order_source D:\www\online_team\www.sale.com\Application\Fxg\Controller\OrderController.class.php 第 186 行.
NOTIC: [8] Undefined index:  D:\www\online_team\www.sale.com\Application\Fxg\Controller\OrderController.class.php 第 186 行.
NOTIC: [8] Undefined index: order_source D:\www\online_team\www.sale.com\Application\Fxg\Controller\OrderController.class.php 第 186 行.
NOTIC: [8] Undefined index:  D:\www\online_team\www.sale.com\Application\Fxg\Controller\OrderController.class.php 第 186 行.
NOTIC: [8] Undefined index: order_source D:\www\online_team\www.sale.com\Application\Fxg\Controller\OrderController.class.php 第 186 行.
NOTIC: [8] Undefined index:  D:\www\online_team\www.sale.com\Application\Fxg\Controller\OrderController.class.php 第 186 行.
NOTIC: [8] Undefined index: order_source D:\www\online_team\www.sale.com\Application\Fxg\Controller\OrderController.class.php 第 186 行.
NOTIC: [8] Undefined index:  D:\www\online_team\www.sale.com\Application\Fxg\Controller\OrderController.class.php 第 186 行.
NOTIC: [8] Undefined index: order_source D:\www\online_team\www.sale.com\Application\Fxg\Controller\OrderController.class.php 第 186 行.
NOTIC: [8] Undefined index:  D:\www\online_team\www.sale.com\Application\Fxg\Controller\OrderController.class.php 第 186 行.
NOTIC: [8] Undefined index: order_source D:\www\online_team\www.sale.com\Application\Fxg\Controller\OrderController.class.php 第 186 行.
NOTIC: [8] Undefined index:  D:\www\online_team\www.sale.com\Application\Fxg\Controller\OrderController.class.php 第 186 行.
NOTIC: [8] Undefined index: order_source D:\www\online_team\www.sale.com\Application\Fxg\Controller\OrderController.class.php 第 186 行.
NOTIC: [8] Undefined index:  D:\www\online_team\www.sale.com\Application\Fxg\Controller\OrderController.class.php 第 186 行.
NOTIC: [8] Undefined index: order_source D:\www\online_team\www.sale.com\Application\Fxg\Controller\OrderController.class.php 第 186 行.
NOTIC: [8] Undefined index:  D:\www\online_team\www.sale.com\Application\Fxg\Controller\OrderController.class.php 第 186 行.

