[ 2018-11-16T09:04:54+08:00 ] 127.0.0.1 /
INFO: [ app_init ] --START--
INFO: Run Behavior\BuildLiteBehavior [ RunTime:0.000028s ]
INFO: [ app_init ] --END-- [ RunTime:0.002515s ]
INFO: [ app_begin ] --START--
INFO: Run Behavior\ReadHtmlCacheBehavior [ RunTime:0.001838s ]
INFO: [ app_begin ] --END-- [ RunTime:0.001931s ]

[ 2018-11-16T09:04:54+08:00 ] 127.0.0.1 /Login/index.html
INFO: [ app_init ] --START--
INFO: Run Behavior\BuildLiteBehavior [ RunTime:0.000014s ]
INFO: [ app_init ] --END-- [ RunTime:0.000595s ]
INFO: [ app_begin ] --START--
INFO: Run Behavior\ReadHtmlCacheBehavior [ RunTime:0.000979s ]
INFO: [ app_begin ] --END-- [ RunTime:0.001064s ]
INFO: [ view_parse ] --START--
INFO: [ template_filter ] --START--
INFO: Run Behavior\ContentReplaceBehavior [ RunTime:0.001335s ]
INFO: [ template_filter ] --END-- [ RunTime:0.001426s ]
INFO: Run Behavior\ParseTemplateBehavior [ RunTime:0.025832s ]
INFO: [ view_parse ] --END-- [ RunTime:0.025932s ]
INFO: [ view_filter ] --START--
INFO: Run Behavior\WriteHtmlCacheBehavior [ RunTime:0.001148s ]
INFO: [ view_filter ] --END-- [ RunTime:0.001216s ]
INFO: [ app_end ] --START--
INFO: Run Behavior\ShowPageTraceBehavior [ RunTime:0.002374s ]
INFO: [ app_end ] --END-- [ RunTime:0.002457s ]

[ 2018-11-16T09:04:54+08:00 ] 127.0.0.1 /favicon.ico
INFO: [ app_init ] --START--
INFO: Run Behavior\BuildLiteBehavior [ RunTime:0.000021s ]
INFO: [ app_init ] --END-- [ RunTime:0.000756s ]

[ 2018-11-16T09:04:57+08:00 ] 127.0.0.1 /Login/doLogin.html
INFO: [ app_init ] --START--
INFO: Run Behavior\BuildLiteBehavior [ RunTime:0.000013s ]
INFO: [ app_init ] --END-- [ RunTime:0.000543s ]
INFO: [ app_begin ] --START--
INFO: Run Behavior\ReadHtmlCacheBehavior [ RunTime:0.000628s ]
INFO: [ app_begin ] --END-- [ RunTime:0.000670s ]
SQL: SHOW COLUMNS FROM `fxg_admin` [ RunTime:0.0991s ]
SQL: SELECT * FROM `fxg_admin` WHERE `username` = 'daipingshan' AND `password` = 'a0df1932fb37930fb0ca5d9b82e7f58b' LIMIT 1   [ RunTime:0.1220s ]

[ 2018-11-16T09:05:00+08:00 ] 127.0.0.1 /Index/index.html
INFO: [ app_init ] --START--
INFO: Run Behavior\BuildLiteBehavior [ RunTime:0.000023s ]
INFO: [ app_init ] --END-- [ RunTime:0.000954s ]
INFO: [ app_begin ] --START--
INFO: Run Behavior\ReadHtmlCacheBehavior [ RunTime:0.001062s ]
INFO: [ app_begin ] --END-- [ RunTime:0.001142s ]
INFO: [ view_parse ] --START--
INFO: [ template_filter ] --START--
INFO: Run Behavior\ContentReplaceBehavior [ RunTime:0.000096s ]
INFO: [ template_filter ] --END-- [ RunTime:0.000148s ]
INFO: Run Behavior\ParseTemplateBehavior [ RunTime:0.021894s ]
INFO: [ view_parse ] --END-- [ RunTime:0.021969s ]
INFO: [ view_filter ] --START--
INFO: Run Behavior\WriteHtmlCacheBehavior [ RunTime:0.000637s ]
INFO: [ view_filter ] --END-- [ RunTime:0.000674s ]
INFO: [ app_end ] --START--
INFO: Run Behavior\ShowPageTraceBehavior [ RunTime:0.000754s ]
INFO: [ app_end ] --END-- [ RunTime:0.000794s ]

[ 2018-11-16T09:05:10+08:00 ] 127.0.0.1 /Item/getHtml
INFO: [ app_init ] --START--
INFO: Run Behavior\BuildLiteBehavior [ RunTime:0.000020s ]
INFO: [ app_init ] --END-- [ RunTime:0.000874s ]
INFO: [ app_begin ] --START--
INFO: Run Behavior\ReadHtmlCacheBehavior [ RunTime:0.001196s ]
INFO: [ app_begin ] --END-- [ RunTime:0.001310s ]
NOTIC: [2] file_get_contents(): Unable to find the wrapper &quot;https&quot; - did you forget to enable it when you configured PHP? D:\www\online_team\www.sale.com\Application\Common\Org\simple_html_dom.class.php 第 1074 行.
NOTIC: [2] file_get_contents(https://detail.1688.com/offer/39788469446.html?spm=a360q.8274423.1130995625.21.76a14c9aenJA1O): failed to open stream: No such file or directory D:\www\online_team\www.sale.com\Application\Common\Org\simple_html_dom.class.php 第 1074 行.

[ 2018-11-16T09:06:40+08:00 ] 127.0.0.1 /Item/getHtml
INFO: [ app_init ] --START--
INFO: Run Behavior\BuildLiteBehavior [ RunTime:0.000014s ]
INFO: [ app_init ] --END-- [ RunTime:0.000553s ]
INFO: [ app_begin ] --START--
INFO: Run Behavior\ReadHtmlCacheBehavior [ RunTime:0.000777s ]
INFO: [ app_begin ] --END-- [ RunTime:0.000830s ]
NOTIC: [2] file_get_contents(): Unable to find the wrapper &quot;https&quot; - did you forget to enable it when you configured PHP? D:\www\online_team\www.sale.com\Application\Common\Org\simple_html_dom.class.php 第 1074 行.
NOTIC: [2] file_get_contents(https://detail.1688.com/offer/39788469446.html?spm=a360q.8274423.1130995625.21.76a14c9aenJA1O): failed to open stream: No such file or directory D:\www\online_team\www.sale.com\Application\Common\Org\simple_html_dom.class.php 第 1074 行.

[ 2018-11-16T09:06:41+08:00 ] 127.0.0.1 /Item/getHtml
INFO: [ app_init ] --START--
INFO: Run Behavior\BuildLiteBehavior [ RunTime:0.000024s ]
INFO: [ app_init ] --END-- [ RunTime:0.000784s ]
INFO: [ app_begin ] --START--
INFO: Run Behavior\ReadHtmlCacheBehavior [ RunTime:0.001125s ]
INFO: [ app_begin ] --END-- [ RunTime:0.001202s ]
NOTIC: [2] file_get_contents(): Unable to find the wrapper &quot;https&quot; - did you forget to enable it when you configured PHP? D:\www\online_team\www.sale.com\Application\Common\Org\simple_html_dom.class.php 第 1074 行.
NOTIC: [2] file_get_contents(https://detail.1688.com/offer/39788469446.html?spm=a360q.8274423.1130995625.21.76a14c9aenJA1O): failed to open stream: No such file or directory D:\www\online_team\www.sale.com\Application\Common\Org\simple_html_dom.class.php 第 1074 行.

[ 2018-11-16T09:06:41+08:00 ] 127.0.0.1 /Item/getHtml
INFO: [ app_init ] --START--
INFO: Run Behavior\BuildLiteBehavior [ RunTime:0.000014s ]
INFO: [ app_init ] --END-- [ RunTime:0.000674s ]
INFO: [ app_begin ] --START--
INFO: Run Behavior\ReadHtmlCacheBehavior [ RunTime:0.000745s ]
INFO: [ app_begin ] --END-- [ RunTime:0.000801s ]
NOTIC: [2] file_get_contents(): Unable to find the wrapper &quot;https&quot; - did you forget to enable it when you configured PHP? D:\www\online_team\www.sale.com\Application\Common\Org\simple_html_dom.class.php 第 1074 行.
NOTIC: [2] file_get_contents(https://detail.1688.com/offer/39788469446.html?spm=a360q.8274423.1130995625.21.76a14c9aenJA1O): failed to open stream: No such file or directory D:\www\online_team\www.sale.com\Application\Common\Org\simple_html_dom.class.php 第 1074 行.

[ 2018-11-16T09:06:52+08:00 ] 127.0.0.1 /Item/getHtml
INFO: [ app_init ] --START--
INFO: Run Behavior\BuildLiteBehavior [ RunTime:0.000013s ]
INFO: [ app_init ] --END-- [ RunTime:0.000599s ]
INFO: [ app_begin ] --START--
INFO: Run Behavior\ReadHtmlCacheBehavior [ RunTime:0.000876s ]
INFO: [ app_begin ] --END-- [ RunTime:0.000928s ]
NOTIC: [2] file_get_contents(http://detail.1688.com/offer/39788469446.html?spm=a360q.8274423.1130995625.21.76a14c9aenJA1O): failed to open stream: Unable to find the socket transport &quot;ssl&quot; - did you forget to enable it when you configured PHP? D:\www\online_team\www.sale.com\Application\Common\Org\simple_html_dom.class.php 第 1074 行.

[ 2018-11-16T09:06:53+08:00 ] 127.0.0.1 /Item/getHtml
INFO: [ app_init ] --START--
INFO: Run Behavior\BuildLiteBehavior [ RunTime:0.000013s ]
INFO: [ app_init ] --END-- [ RunTime:0.000623s ]
INFO: [ app_begin ] --START--
INFO: Run Behavior\ReadHtmlCacheBehavior [ RunTime:0.000849s ]
INFO: [ app_begin ] --END-- [ RunTime:0.000902s ]
NOTIC: [2] file_get_contents(http://detail.1688.com/offer/39788469446.html?spm=a360q.8274423.1130995625.21.76a14c9aenJA1O): failed to open stream: Unable to find the socket transport &quot;ssl&quot; - did you forget to enable it when you configured PHP? D:\www\online_team\www.sale.com\Application\Common\Org\simple_html_dom.class.php 第 1074 行.

[ 2018-11-16T09:07:35+08:00 ] 127.0.0.1 /Item/getHtml
INFO: [ app_init ] --START--
INFO: Run Behavior\BuildLiteBehavior [ RunTime:0.000015s ]
INFO: [ app_init ] --END-- [ RunTime:0.000784s ]
INFO: [ app_begin ] --START--
INFO: Run Behavior\ReadHtmlCacheBehavior [ RunTime:0.000980s ]
INFO: [ app_begin ] --END-- [ RunTime:0.001052s ]
NOTIC: [2] file_get_contents(http://www.jb51.net): failed to open stream: Unable to find the socket transport &quot;ssl&quot; - did you forget to enable it when you configured PHP? D:\www\online_team\www.sale.com\Application\Common\Org\simple_html_dom.class.php 第 1074 行.

[ 2018-11-16T09:08:03+08:00 ] 127.0.0.1 /Item/getHtml
INFO: [ app_init ] --START--
INFO: Run Behavior\BuildLiteBehavior [ RunTime:0.000014s ]
INFO: [ app_init ] --END-- [ RunTime:0.000614s ]
INFO: [ app_begin ] --START--
INFO: Run Behavior\ReadHtmlCacheBehavior [ RunTime:0.000766s ]
INFO: [ app_begin ] --END-- [ RunTime:0.000816s ]
NOTIC: [2] file_get_contents(http://www.jb51.net): failed to open stream: Unable to find the socket transport &quot;ssl&quot; - did you forget to enable it when you configured PHP? D:\www\online_team\www.sale.com\Application\Common\Org\simple_html_dom.class.php 第 1074 行.

[ 2018-11-16T09:11:30+08:00 ] 127.0.0.1 /Item/getHtml
INFO: [ app_init ] --START--
INFO: Run Behavior\BuildLiteBehavior [ RunTime:0.000022s ]
INFO: [ app_init ] --END-- [ RunTime:0.000816s ]
INFO: [ app_begin ] --START--
INFO: Run Behavior\ReadHtmlCacheBehavior [ RunTime:0.000806s ]
INFO: [ app_begin ] --END-- [ RunTime:0.000863s ]
NOTIC: [2] include(\Common\Org\simple_html_dom.php): failed to open stream: No such file or directory D:\www\online_team\www.sale.com\Application\Fxg\Controller\ItemController.class.php 第 59 行.
NOTIC: [2] include(): Failed opening '\Common\Org\simple_html_dom.php' for inclusion (include_path='.;C:\php\pear') D:\www\online_team\www.sale.com\Application\Fxg\Controller\ItemController.class.php 第 59 行.

[ 2018-11-16T09:11:31+08:00 ] 127.0.0.1 /Item/getHtml
INFO: [ app_init ] --START--
INFO: Run Behavior\BuildLiteBehavior [ RunTime:0.000013s ]
INFO: [ app_init ] --END-- [ RunTime:0.000624s ]
INFO: [ app_begin ] --START--
INFO: Run Behavior\ReadHtmlCacheBehavior [ RunTime:0.000792s ]
INFO: [ app_begin ] --END-- [ RunTime:0.000844s ]
NOTIC: [2] include(\Common\Org\simple_html_dom.php): failed to open stream: No such file or directory D:\www\online_team\www.sale.com\Application\Fxg\Controller\ItemController.class.php 第 59 行.
NOTIC: [2] include(): Failed opening '\Common\Org\simple_html_dom.php' for inclusion (include_path='.;C:\php\pear') D:\www\online_team\www.sale.com\Application\Fxg\Controller\ItemController.class.php 第 59 行.

[ 2018-11-16T09:11:32+08:00 ] 127.0.0.1 /Item/getHtml
INFO: [ app_init ] --START--
INFO: Run Behavior\BuildLiteBehavior [ RunTime:0.000015s ]
INFO: [ app_init ] --END-- [ RunTime:0.000638s ]
INFO: [ app_begin ] --START--
INFO: Run Behavior\ReadHtmlCacheBehavior [ RunTime:0.000746s ]
INFO: [ app_begin ] --END-- [ RunTime:0.000795s ]
NOTIC: [2] include(\Common\Org\simple_html_dom.php): failed to open stream: No such file or directory D:\www\online_team\www.sale.com\Application\Fxg\Controller\ItemController.class.php 第 59 行.
NOTIC: [2] include(): Failed opening '\Common\Org\simple_html_dom.php' for inclusion (include_path='.;C:\php\pear') D:\www\online_team\www.sale.com\Application\Fxg\Controller\ItemController.class.php 第 59 行.

[ 2018-11-16T09:11:33+08:00 ] 127.0.0.1 /Item/getHtml
INFO: [ app_init ] --START--
INFO: Run Behavior\BuildLiteBehavior [ RunTime:0.000013s ]
INFO: [ app_init ] --END-- [ RunTime:0.000632s ]
INFO: [ app_begin ] --START--
INFO: Run Behavior\ReadHtmlCacheBehavior [ RunTime:0.000732s ]
INFO: [ app_begin ] --END-- [ RunTime:0.000779s ]
NOTIC: [2] include(\Common\Org\simple_html_dom.php): failed to open stream: No such file or directory D:\www\online_team\www.sale.com\Application\Fxg\Controller\ItemController.class.php 第 59 行.
NOTIC: [2] include(): Failed opening '\Common\Org\simple_html_dom.php' for inclusion (include_path='.;C:\php\pear') D:\www\online_team\www.sale.com\Application\Fxg\Controller\ItemController.class.php 第 59 行.

[ 2018-11-16T09:11:33+08:00 ] 127.0.0.1 /Item/getHtml
INFO: [ app_init ] --START--
INFO: Run Behavior\BuildLiteBehavior [ RunTime:0.000013s ]
INFO: [ app_init ] --END-- [ RunTime:0.000637s ]
INFO: [ app_begin ] --START--
INFO: Run Behavior\ReadHtmlCacheBehavior [ RunTime:0.000750s ]
INFO: [ app_begin ] --END-- [ RunTime:0.000796s ]
NOTIC: [2] include(\Common\Org\simple_html_dom.php): failed to open stream: No such file or directory D:\www\online_team\www.sale.com\Application\Fxg\Controller\ItemController.class.php 第 59 行.
NOTIC: [2] include(): Failed opening '\Common\Org\simple_html_dom.php' for inclusion (include_path='.;C:\php\pear') D:\www\online_team\www.sale.com\Application\Fxg\Controller\ItemController.class.php 第 59 行.

[ 2018-11-16T09:11:35+08:00 ] 127.0.0.1 /Item/getHtml
INFO: [ app_init ] --START--
INFO: Run Behavior\BuildLiteBehavior [ RunTime:0.000012s ]
INFO: [ app_init ] --END-- [ RunTime:0.000650s ]
INFO: [ app_begin ] --START--
INFO: Run Behavior\ReadHtmlCacheBehavior [ RunTime:0.000703s ]
INFO: [ app_begin ] --END-- [ RunTime:0.000749s ]
NOTIC: [2] include(\Common\Org\simple_html_dom.php): failed to open stream: No such file or directory D:\www\online_team\www.sale.com\Application\Fxg\Controller\ItemController.class.php 第 59 行.
NOTIC: [2] include(): Failed opening '\Common\Org\simple_html_dom.php' for inclusion (include_path='.;C:\php\pear') D:\www\online_team\www.sale.com\Application\Fxg\Controller\ItemController.class.php 第 59 行.

[ 2018-11-16T09:11:36+08:00 ] 127.0.0.1 /Item/getHtml
INFO: [ app_init ] --START--
INFO: Run Behavior\BuildLiteBehavior [ RunTime:0.000014s ]
INFO: [ app_init ] --END-- [ RunTime:0.000658s ]
INFO: [ app_begin ] --START--
INFO: Run Behavior\ReadHtmlCacheBehavior [ RunTime:0.000745s ]
INFO: [ app_begin ] --END-- [ RunTime:0.000793s ]
NOTIC: [2] include(\Common\Org\simple_html_dom.php): failed to open stream: No such file or directory D:\www\online_team\www.sale.com\Application\Fxg\Controller\ItemController.class.php 第 59 行.
NOTIC: [2] include(): Failed opening '\Common\Org\simple_html_dom.php' for inclusion (include_path='.;C:\php\pear') D:\www\online_team\www.sale.com\Application\Fxg\Controller\ItemController.class.php 第 59 行.

[ 2018-11-16T09:11:38+08:00 ] 127.0.0.1 /Item/getHtml
INFO: [ app_init ] --START--
INFO: Run Behavior\BuildLiteBehavior [ RunTime:0.000013s ]
INFO: [ app_init ] --END-- [ RunTime:0.000641s ]
INFO: [ app_begin ] --START--
INFO: Run Behavior\ReadHtmlCacheBehavior [ RunTime:0.000739s ]
INFO: [ app_begin ] --END-- [ RunTime:0.000784s ]
NOTIC: [2] include(\Common\Org\simple_html_dom.php): failed to open stream: No such file or directory D:\www\online_team\www.sale.com\Application\Fxg\Controller\ItemController.class.php 第 59 行.
NOTIC: [2] include(): Failed opening '\Common\Org\simple_html_dom.php' for inclusion (include_path='.;C:\php\pear') D:\www\online_team\www.sale.com\Application\Fxg\Controller\ItemController.class.php 第 59 行.

[ 2018-11-16T09:11:39+08:00 ] 127.0.0.1 /Item/getHtml
INFO: [ app_init ] --START--
INFO: Run Behavior\BuildLiteBehavior [ RunTime:0.000014s ]
INFO: [ app_init ] --END-- [ RunTime:0.000643s ]
INFO: [ app_begin ] --START--
INFO: Run Behavior\ReadHtmlCacheBehavior [ RunTime:0.000719s ]
INFO: [ app_begin ] --END-- [ RunTime:0.000764s ]
NOTIC: [2] include(\Common\Org\simple_html_dom.php): failed to open stream: No such file or directory D:\www\online_team\www.sale.com\Application\Fxg\Controller\ItemController.class.php 第 59 行.
NOTIC: [2] include(): Failed opening '\Common\Org\simple_html_dom.php' for inclusion (include_path='.;C:\php\pear') D:\www\online_team\www.sale.com\Application\Fxg\Controller\ItemController.class.php 第 59 行.

[ 2018-11-16T09:11:57+08:00 ] 127.0.0.1 /Item/getHtml
INFO: [ app_init ] --START--
INFO: Run Behavior\BuildLiteBehavior [ RunTime:0.000021s ]
INFO: [ app_init ] --END-- [ RunTime:0.000719s ]
INFO: [ app_begin ] --START--
INFO: Run Behavior\ReadHtmlCacheBehavior [ RunTime:0.000805s ]
INFO: [ app_begin ] --END-- [ RunTime:0.000855s ]
NOTIC: [2] include(\Common\Org\simple_html_dom.php): failed to open stream: No such file or directory D:\www\online_team\www.sale.com\Application\Fxg\Controller\ItemController.class.php 第 59 行.
NOTIC: [2] include(): Failed opening '\Common\Org\simple_html_dom.php' for inclusion (include_path='.;C:\php\pear') D:\www\online_team\www.sale.com\Application\Fxg\Controller\ItemController.class.php 第 59 行.
NOTIC: [2] file_get_contents(): Unable to find the wrapper &quot;https&quot; - did you forget to enable it when you configured PHP? D:\www\online_team\www.sale.com\Application\Fxg\Controller\ItemController.class.php 第 61 行.
NOTIC: [2] file_get_contents(https://detail.1688.com/offer/39788469446.html?spm=a360q.8274423.1130995625.21.76a14c9aenJA1O): failed to open stream: No such file or directory D:\www\online_team\www.sale.com\Application\Fxg\Controller\ItemController.class.php 第 61 行.

[ 2018-11-16T09:11:59+08:00 ] 127.0.0.1 /Item/getHtml
INFO: [ app_init ] --START--
INFO: Run Behavior\BuildLiteBehavior [ RunTime:0.000015s ]
INFO: [ app_init ] --END-- [ RunTime:0.000744s ]
INFO: [ app_begin ] --START--
INFO: Run Behavior\ReadHtmlCacheBehavior [ RunTime:0.000762s ]
INFO: [ app_begin ] --END-- [ RunTime:0.000865s ]
NOTIC: [2] include(\Common\Org\simple_html_dom.php): failed to open stream: No such file or directory D:\www\online_team\www.sale.com\Application\Fxg\Controller\ItemController.class.php 第 59 行.
NOTIC: [2] include(): Failed opening '\Common\Org\simple_html_dom.php' for inclusion (include_path='.;C:\php\pear') D:\www\online_team\www.sale.com\Application\Fxg\Controller\ItemController.class.php 第 59 行.
NOTIC: [2] file_get_contents(): Unable to find the wrapper &quot;https&quot; - did you forget to enable it when you configured PHP? D:\www\online_team\www.sale.com\Application\Fxg\Controller\ItemController.class.php 第 61 行.
NOTIC: [2] file_get_contents(https://detail.1688.com/offer/39788469446.html?spm=a360q.8274423.1130995625.21.76a14c9aenJA1O): failed to open stream: No such file or directory D:\www\online_team\www.sale.com\Application\Fxg\Controller\ItemController.class.php 第 61 行.

[ 2018-11-16T09:12:11+08:00 ] 127.0.0.1 /Item/getHtml
INFO: [ app_init ] --START--
INFO: Run Behavior\BuildLiteBehavior [ RunTime:0.000015s ]
INFO: [ app_init ] --END-- [ RunTime:0.000650s ]
INFO: [ app_begin ] --START--
INFO: Run Behavior\ReadHtmlCacheBehavior [ RunTime:0.000978s ]
INFO: [ app_begin ] --END-- [ RunTime:0.001042s ]
NOTIC: [2] include(\Common\Org\simple_html_dom.php): failed to open stream: No such file or directory D:\www\online_team\www.sale.com\Application\Fxg\Controller\ItemController.class.php 第 59 行.
NOTIC: [2] include(): Failed opening '\Common\Org\simple_html_dom.php' for inclusion (include_path='.;C:\php\pear') D:\www\online_team\www.sale.com\Application\Fxg\Controller\ItemController.class.php 第 59 行.
NOTIC: [2] file_get_contents(): Unable to find the wrapper &quot;https&quot; - did you forget to enable it when you configured PHP? D:\www\online_team\www.sale.com\Application\Fxg\Controller\ItemController.class.php 第 61 行.
NOTIC: [2] file_get_contents(https://detail.1688.com/offer/39788469446.html?spm=a360q.8274423.1130995625.21.76a14c9aenJA1O): failed to open stream: No such file or directory D:\www\online_team\www.sale.com\Application\Fxg\Controller\ItemController.class.php 第 61 行.

[ 2018-11-16T09:12:21+08:00 ] 127.0.0.1 /Item/getHtml
INFO: [ app_init ] --START--
INFO: Run Behavior\BuildLiteBehavior [ RunTime:0.000016s ]
INFO: [ app_init ] --END-- [ RunTime:0.000778s ]
INFO: [ app_begin ] --START--
INFO: Run Behavior\ReadHtmlCacheBehavior [ RunTime:0.000794s ]
INFO: [ app_begin ] --END-- [ RunTime:0.000846s ]
NOTIC: [2] include(\Common\Org\simple_html_dom.php): failed to open stream: No such file or directory D:\www\online_team\www.sale.com\Application\Fxg\Controller\ItemController.class.php 第 59 行.
NOTIC: [2] include(): Failed opening '\Common\Org\simple_html_dom.php' for inclusion (include_path='.;C:\php\pear') D:\www\online_team\www.sale.com\Application\Fxg\Controller\ItemController.class.php 第 59 行.
NOTIC: [2] file_get_contents(http://detail.1688.com/offer/39788469446.html?spm=a360q.8274423.1130995625.21.76a14c9aenJA1O): failed to open stream: Unable to find the socket transport &quot;ssl&quot; - did you forget to enable it when you configured PHP? D:\www\online_team\www.sale.com\Application\Fxg\Controller\ItemController.class.php 第 61 行.

[ 2018-11-16T09:12:21+08:00 ] 127.0.0.1 /Item/getHtml
INFO: [ app_init ] --START--
INFO: Run Behavior\BuildLiteBehavior [ RunTime:0.000024s ]
INFO: [ app_init ] --END-- [ RunTime:0.001145s ]
INFO: [ app_begin ] --START--
INFO: Run Behavior\ReadHtmlCacheBehavior [ RunTime:0.001224s ]
INFO: [ app_begin ] --END-- [ RunTime:0.001411s ]
NOTIC: [2] include(\Common\Org\simple_html_dom.php): failed to open stream: No such file or directory D:\www\online_team\www.sale.com\Application\Fxg\Controller\ItemController.class.php 第 59 行.
NOTIC: [2] include(): Failed opening '\Common\Org\simple_html_dom.php' for inclusion (include_path='.;C:\php\pear') D:\www\online_team\www.sale.com\Application\Fxg\Controller\ItemController.class.php 第 59 行.
NOTIC: [2] file_get_contents(http://detail.1688.com/offer/39788469446.html?spm=a360q.8274423.1130995625.21.76a14c9aenJA1O): failed to open stream: Unable to find the socket transport &quot;ssl&quot; - did you forget to enable it when you configured PHP? D:\www\online_team\www.sale.com\Application\Fxg\Controller\ItemController.class.php 第 61 行.

[ 2018-11-16T09:22:21+08:00 ] 127.0.0.1 /Item/getHtml
INFO: [ app_init ] --START--
INFO: Run Behavior\BuildLiteBehavior [ RunTime:0.000018s ]
INFO: [ app_init ] --END-- [ RunTime:0.000858s ]
INFO: [ app_begin ] --START--
INFO: Run Behavior\ReadHtmlCacheBehavior [ RunTime:0.000939s ]
INFO: [ app_begin ] --END-- [ RunTime:0.001000s ]
NOTIC: [2] file_get_contents(): Unable to find the wrapper &quot;https&quot; - did you forget to enable it when you configured PHP? D:\www\online_team\www.sale.com\Application\Common\Org\simple_html_dom.class.php 第 1128 行.
NOTIC: [2] file_get_contents(https://detail.1688.com/offer/39788469446.html?spm=a360q.8274423.1130995625.21.76a14c9aenJA1O): failed to open stream: No such file or directory D:\www\online_team\www.sale.com\Application\Common\Org\simple_html_dom.class.php 第 1128 行.

[ 2018-11-16T09:23:22+08:00 ] 127.0.0.1 /Item/getHtml
INFO: [ app_init ] --START--
INFO: Run Behavior\BuildLiteBehavior [ RunTime:0.000014s ]
INFO: [ app_init ] --END-- [ RunTime:0.000660s ]
INFO: [ app_begin ] --START--
INFO: Run Behavior\ReadHtmlCacheBehavior [ RunTime:0.000741s ]
INFO: [ app_begin ] --END-- [ RunTime:0.000790s ]
NOTIC: [2] file_get_contents(http://www.jb51.net): failed to open stream: Unable to find the socket transport &quot;ssl&quot; - did you forget to enable it when you configured PHP? D:\www\online_team\www.sale.com\Application\Common\Org\simple_html_dom.class.php 第 1128 行.

[ 2018-11-16T09:23:23+08:00 ] 127.0.0.1 /Item/getHtml
INFO: [ app_init ] --START--
INFO: Run Behavior\BuildLiteBehavior [ RunTime:0.000016s ]
INFO: [ app_init ] --END-- [ RunTime:0.000975s ]
INFO: [ app_begin ] --START--
INFO: Run Behavior\ReadHtmlCacheBehavior [ RunTime:0.000771s ]
INFO: [ app_begin ] --END-- [ RunTime:0.000825s ]
NOTIC: [2] file_get_contents(http://www.jb51.net): failed to open stream: Unable to find the socket transport &quot;ssl&quot; - did you forget to enable it when you configured PHP? D:\www\online_team\www.sale.com\Application\Common\Org\simple_html_dom.class.php 第 1128 行.

[ 2018-11-16T09:23:29+08:00 ] 127.0.0.1 /Item/getHtml
INFO: [ app_init ] --START--
INFO: Run Behavior\BuildLiteBehavior [ RunTime:0.000020s ]
INFO: [ app_init ] --END-- [ RunTime:0.000694s ]
INFO: [ app_begin ] --START--
INFO: Run Behavior\ReadHtmlCacheBehavior [ RunTime:0.000945s ]
INFO: [ app_begin ] --END-- [ RunTime:0.001026s ]
NOTIC: [2] file_get_contents(http://www.jb51.net): failed to open stream: Unable to find the socket transport &quot;ssl&quot; - did you forget to enable it when you configured PHP? D:\www\online_team\www.sale.com\Application\Common\Org\simple_html_dom.class.php 第 1128 行.

[ 2018-11-16T09:25:24+08:00 ] 127.0.0.1 /Item/getHtml
INFO: [ app_init ] --START--
INFO: Run Behavior\BuildLiteBehavior [ RunTime:0.000014s ]
INFO: [ app_init ] --END-- [ RunTime:0.000799s ]
INFO: [ app_begin ] --START--
INFO: Run Behavior\ReadHtmlCacheBehavior [ RunTime:0.000825s ]
INFO: [ app_begin ] --END-- [ RunTime:0.000878s ]

[ 2018-11-16T09:28:45+08:00 ] 127.0.0.1 /Item/getHtml
INFO: [ app_init ] --START--
INFO: Run Behavior\BuildLiteBehavior [ RunTime:0.000014s ]
INFO: [ app_init ] --END-- [ RunTime:0.001320s ]
INFO: [ app_begin ] --START--
INFO: Run Behavior\ReadHtmlCacheBehavior [ RunTime:0.001196s ]
INFO: [ app_begin ] --END-- [ RunTime:0.001261s ]

[ 2018-11-16T09:29:09+08:00 ] 127.0.0.1 /Item/getHtml
INFO: [ app_init ] --START--
INFO: Run Behavior\BuildLiteBehavior [ RunTime:0.000021s ]
INFO: [ app_init ] --END-- [ RunTime:0.000847s ]
INFO: [ app_begin ] --START--
INFO: Run Behavior\ReadHtmlCacheBehavior [ RunTime:0.000761s ]
INFO: [ app_begin ] --END-- [ RunTime:0.000815s ]

[ 2018-11-16T09:29:27+08:00 ] 127.0.0.1 /Item/getHtml
INFO: [ app_init ] --START--
INFO: Run Behavior\BuildLiteBehavior [ RunTime:0.000014s ]
INFO: [ app_init ] --END-- [ RunTime:0.000685s ]
INFO: [ app_begin ] --START--
INFO: Run Behavior\ReadHtmlCacheBehavior [ RunTime:0.000746s ]
INFO: [ app_begin ] --END-- [ RunTime:0.000792s ]

[ 2018-11-16T09:32:32+08:00 ] 127.0.0.1 /Item/getHtml
INFO: [ app_init ] --START--
INFO: Run Behavior\BuildLiteBehavior [ RunTime:0.000014s ]
INFO: [ app_init ] --END-- [ RunTime:0.000736s ]
INFO: [ app_begin ] --START--
INFO: Run Behavior\ReadHtmlCacheBehavior [ RunTime:0.000808s ]
INFO: [ app_begin ] --END-- [ RunTime:0.000858s ]

[ 2018-11-16T09:34:05+08:00 ] 127.0.0.1 /Item/getHtml
INFO: [ app_init ] --START--
INFO: Run Behavior\BuildLiteBehavior [ RunTime:0.000019s ]
INFO: [ app_init ] --END-- [ RunTime:0.001037s ]
INFO: [ app_begin ] --START--
INFO: Run Behavior\ReadHtmlCacheBehavior [ RunTime:0.000955s ]
INFO: [ app_begin ] --END-- [ RunTime:0.001050s ]

[ 2018-11-16T09:39:47+08:00 ] 127.0.0.1 /Item/getHtml
INFO: [ app_init ] --START--
INFO: Run Behavior\BuildLiteBehavior [ RunTime:0.000013s ]
INFO: [ app_init ] --END-- [ RunTime:0.000649s ]
INFO: [ app_begin ] --START--
INFO: Run Behavior\ReadHtmlCacheBehavior [ RunTime:0.001017s ]
INFO: [ app_begin ] --END-- [ RunTime:0.001082s ]

[ 2018-11-16T09:48:33+08:00 ] 127.0.0.1 /Item/getHtml
INFO: [ app_init ] --START--
INFO: Run Behavior\BuildLiteBehavior [ RunTime:0.000013s ]
INFO: [ app_init ] --END-- [ RunTime:0.000646s ]
INFO: [ app_begin ] --START--
INFO: Run Behavior\ReadHtmlCacheBehavior [ RunTime:0.000816s ]
INFO: [ app_begin ] --END-- [ RunTime:0.000866s ]

