[ 2018-12-01T16:19:47+08:00 ] 127.0.0.1 /
INFO: [ app_init ] --START--
INFO: Run Behavior\BuildLiteBehavior [ RunTime:0.000021s ]
INFO: [ app_init ] --END-- [ RunTime:0.001903s ]
INFO: [ app_begin ] --START--
INFO: Run Behavior\ReadHtmlCacheBehavior [ RunTime:0.001836s ]
INFO: [ app_begin ] --END-- [ RunTime:0.001934s ]

[ 2018-12-01T16:19:47+08:00 ] 127.0.0.1 /Login/index.html
INFO: [ app_init ] --START--
INFO: Run Behavior\BuildLiteBehavior [ RunTime:0.000022s ]
INFO: [ app_init ] --END-- [ RunTime:0.001078s ]
INFO: [ app_begin ] --START--
INFO: Run Behavior\ReadHtmlCacheBehavior [ RunTime:0.000831s ]
INFO: [ app_begin ] --END-- [ RunTime:0.000893s ]
INFO: [ view_parse ] --START--
INFO: [ template_filter ] --START--
INFO: Run Behavior\ContentReplaceBehavior [ RunTime:0.000094s ]
INFO: [ template_filter ] --END-- [ RunTime:0.000252s ]
INFO: Run Behavior\ParseTemplateBehavior [ RunTime:0.014562s ]
INFO: [ view_parse ] --END-- [ RunTime:0.014668s ]
INFO: [ view_filter ] --START--
INFO: Run Behavior\WriteHtmlCacheBehavior [ RunTime:0.001351s ]
INFO: [ view_filter ] --END-- [ RunTime:0.001417s ]
INFO: [ app_end ] --START--
INFO: Run Behavior\ShowPageTraceBehavior [ RunTime:0.001416s ]
INFO: [ app_end ] --END-- [ RunTime:0.001473s ]

[ 2018-12-01T16:19:47+08:00 ] 127.0.0.1 /favicon.ico
INFO: [ app_init ] --START--
INFO: Run Behavior\BuildLiteBehavior [ RunTime:0.000013s ]
INFO: [ app_init ] --END-- [ RunTime:0.000829s ]

[ 2018-12-01T16:19:49+08:00 ] 127.0.0.1 /Login/doLogin.html
INFO: [ app_init ] --START--
INFO: Run Behavior\BuildLiteBehavior [ RunTime:0.000022s ]
INFO: [ app_init ] --END-- [ RunTime:0.001124s ]
INFO: [ app_begin ] --START--
INFO: Run Behavior\ReadHtmlCacheBehavior [ RunTime:0.000804s ]
INFO: [ app_begin ] --END-- [ RunTime:0.000853s ]
SQL: SHOW COLUMNS FROM `fxg_admin` [ RunTime:0.0613s ]
SQL: SELECT * FROM `fxg_admin` WHERE `username` = 'daipingshan' AND `password` = 'a0df1932fb37930fb0ca5d9b82e7f58b' LIMIT 1   [ RunTime:0.0611s ]

[ 2018-12-01T16:19:52+08:00 ] 127.0.0.1 /Index/index.html
INFO: [ app_init ] --START--
INFO: Run Behavior\BuildLiteBehavior [ RunTime:0.000014s ]
INFO: [ app_init ] --END-- [ RunTime:0.000801s ]
INFO: [ app_begin ] --START--
INFO: Run Behavior\ReadHtmlCacheBehavior [ RunTime:0.000879s ]
INFO: [ app_begin ] --END-- [ RunTime:0.000936s ]
INFO: [ view_parse ] --START--
INFO: [ template_filter ] --START--
INFO: Run Behavior\ContentReplaceBehavior [ RunTime:0.000092s ]
INFO: [ template_filter ] --END-- [ RunTime:0.000148s ]
INFO: Run Behavior\ParseTemplateBehavior [ RunTime:0.016757s ]
INFO: [ view_parse ] --END-- [ RunTime:0.016810s ]
INFO: [ view_filter ] --START--
INFO: Run Behavior\WriteHtmlCacheBehavior [ RunTime:0.000762s ]
INFO: [ view_filter ] --END-- [ RunTime:0.000798s ]
INFO: [ app_end ] --START--
INFO: Run Behavior\ShowPageTraceBehavior [ RunTime:0.001335s ]
INFO: [ app_end ] --END-- [ RunTime:0.001420s ]

[ 2018-12-01T16:19:54+08:00 ] 127.0.0.1 /Order/index.html
INFO: [ app_init ] --START--
INFO: Run Behavior\BuildLiteBehavior [ RunTime:0.000015s ]
INFO: [ app_init ] --END-- [ RunTime:0.000792s ]
INFO: [ app_begin ] --START--
INFO: Run Behavior\ReadHtmlCacheBehavior [ RunTime:0.000781s ]
INFO: [ app_begin ] --END-- [ RunTime:0.000829s ]
SQL: SHOW COLUMNS FROM `fxg_shop` [ RunTime:0.0613s ]
SQL: SELECT * FROM `fxg_shop` WHERE `id` IN ('1','2','3','4','6')  [ RunTime:0.0609s ]
INFO: [ view_parse ] --START--
INFO: [ template_filter ] --START--
INFO: Run Behavior\ContentReplaceBehavior [ RunTime:0.000320s ]
INFO: [ template_filter ] --END-- [ RunTime:0.000399s ]
INFO: Run Behavior\ParseTemplateBehavior [ RunTime:0.023190s ]
INFO: [ view_parse ] --END-- [ RunTime:0.023275s ]
INFO: [ view_filter ] --START--
INFO: Run Behavior\WriteHtmlCacheBehavior [ RunTime:0.001076s ]
INFO: [ view_filter ] --END-- [ RunTime:0.001146s ]
INFO: [ app_end ] --START--
INFO: Run Behavior\ShowPageTraceBehavior [ RunTime:0.001143s ]
INFO: [ app_end ] --END-- [ RunTime:0.001203s ]

[ 2018-12-01T16:19:55+08:00 ] 127.0.0.1 /Order/index.html?shop_id=&order_id=&product_keyword=&order_source=&post_data=&logistics_id=&logistics_code=&pay_type=&pay_time=&order_status=0&page=1&limit=10
INFO: [ app_init ] --START--
INFO: Run Behavior\BuildLiteBehavior [ RunTime:0.000019s ]
INFO: [ app_init ] --END-- [ RunTime:0.000932s ]
INFO: [ app_begin ] --START--
INFO: Run Behavior\ReadHtmlCacheBehavior [ RunTime:0.002306s ]
INFO: [ app_begin ] --END-- [ RunTime:0.002528s ]
SQL: SHOW COLUMNS FROM `fxg_order` [ RunTime:0.0630s ]
SQL: SELECT COUNT(id) AS tp_count FROM `fxg_order` WHERE `shop_id` IN ('1','2','3','4','6') LIMIT 1   [ RunTime:0.0956s ]
SQL: SELECT * FROM `fxg_order` WHERE `shop_id` IN ('1','2','3','4','6') ORDER BY create_time desc LIMIT 0,10   [ RunTime:0.0667s ]
NOTIC: [8] Undefined offset: 0 D:\www\online_team\www.sale.com\Application\Fxg\Controller\OrderController.class.php 第 189 行.
NOTIC: [8] Undefined index: order_source D:\www\online_team\www.sale.com\Application\Fxg\Controller\OrderController.class.php 第 192 行.
NOTIC: [8] Undefined index:  D:\www\online_team\www.sale.com\Application\Fxg\Controller\OrderController.class.php 第 192 行.
NOTIC: [8] Undefined offset: 0 D:\www\online_team\www.sale.com\Application\Fxg\Controller\OrderController.class.php 第 189 行.
NOTIC: [8] Undefined index: order_source D:\www\online_team\www.sale.com\Application\Fxg\Controller\OrderController.class.php 第 192 行.
NOTIC: [8] Undefined index:  D:\www\online_team\www.sale.com\Application\Fxg\Controller\OrderController.class.php 第 192 行.
NOTIC: [8] Undefined offset: 0 D:\www\online_team\www.sale.com\Application\Fxg\Controller\OrderController.class.php 第 189 行.
NOTIC: [8] Undefined index: order_source D:\www\online_team\www.sale.com\Application\Fxg\Controller\OrderController.class.php 第 192 行.
NOTIC: [8] Undefined index:  D:\www\online_team\www.sale.com\Application\Fxg\Controller\OrderController.class.php 第 192 行.
NOTIC: [8] Undefined offset: 0 D:\www\online_team\www.sale.com\Application\Fxg\Controller\OrderController.class.php 第 189 行.
NOTIC: [8] Undefined index: order_source D:\www\online_team\www.sale.com\Application\Fxg\Controller\OrderController.class.php 第 192 行.
NOTIC: [8] Undefined index:  D:\www\online_team\www.sale.com\Application\Fxg\Controller\OrderController.class.php 第 192 行.
NOTIC: [8] Undefined offset: 0 D:\www\online_team\www.sale.com\Application\Fxg\Controller\OrderController.class.php 第 189 行.
NOTIC: [8] Undefined index: order_source D:\www\online_team\www.sale.com\Application\Fxg\Controller\OrderController.class.php 第 192 行.
NOTIC: [8] Undefined index:  D:\www\online_team\www.sale.com\Application\Fxg\Controller\OrderController.class.php 第 192 行.
NOTIC: [8] Undefined offset: 0 D:\www\online_team\www.sale.com\Application\Fxg\Controller\OrderController.class.php 第 189 行.
NOTIC: [8] Undefined index: order_source D:\www\online_team\www.sale.com\Application\Fxg\Controller\OrderController.class.php 第 192 行.
NOTIC: [8] Undefined index:  D:\www\online_team\www.sale.com\Application\Fxg\Controller\OrderController.class.php 第 192 行.
NOTIC: [8] Undefined offset: 0 D:\www\online_team\www.sale.com\Application\Fxg\Controller\OrderController.class.php 第 189 行.
NOTIC: [8] Undefined index: order_source D:\www\online_team\www.sale.com\Application\Fxg\Controller\OrderController.class.php 第 192 行.
NOTIC: [8] Undefined index:  D:\www\online_team\www.sale.com\Application\Fxg\Controller\OrderController.class.php 第 192 行.
NOTIC: [8] Undefined offset: 0 D:\www\online_team\www.sale.com\Application\Fxg\Controller\OrderController.class.php 第 189 行.
NOTIC: [8] Undefined index: order_source D:\www\online_team\www.sale.com\Application\Fxg\Controller\OrderController.class.php 第 192 行.
NOTIC: [8] Undefined index:  D:\www\online_team\www.sale.com\Application\Fxg\Controller\OrderController.class.php 第 192 行.
NOTIC: [8] Undefined offset: 0 D:\www\online_team\www.sale.com\Application\Fxg\Controller\OrderController.class.php 第 189 行.
NOTIC: [8] Undefined index: order_source D:\www\online_team\www.sale.com\Application\Fxg\Controller\OrderController.class.php 第 192 行.
NOTIC: [8] Undefined index:  D:\www\online_team\www.sale.com\Application\Fxg\Controller\OrderController.class.php 第 192 行.
NOTIC: [8] Undefined offset: 0 D:\www\online_team\www.sale.com\Application\Fxg\Controller\OrderController.class.php 第 189 行.
NOTIC: [8] Undefined index: order_source D:\www\online_team\www.sale.com\Application\Fxg\Controller\OrderController.class.php 第 192 行.
NOTIC: [8] Undefined index:  D:\www\online_team\www.sale.com\Application\Fxg\Controller\OrderController.class.php 第 192 行.

[ 2018-12-01T16:19:57+08:00 ] 127.0.0.1 /Order/index.html?shop_id=&order_id=&product_keyword=&order_source=&post_data=&logistics_id=&logistics_code=&pay_type=&pay_time=&order_status=3&page=1&limit=10
INFO: [ app_init ] --START--
INFO: Run Behavior\BuildLiteBehavior [ RunTime:0.000013s ]
INFO: [ app_init ] --END-- [ RunTime:0.000627s ]
INFO: [ app_begin ] --START--
INFO: Run Behavior\ReadHtmlCacheBehavior [ RunTime:0.000786s ]
INFO: [ app_begin ] --END-- [ RunTime:0.000827s ]
SQL: SHOW COLUMNS FROM `fxg_order` [ RunTime:0.0608s ]
SQL: SELECT COUNT(id) AS tp_count FROM `fxg_order` WHERE `order_status` = 3 AND `shop_id` IN ('1','2','3','4','6') LIMIT 1   [ RunTime:0.0628s ]
SQL: SELECT * FROM `fxg_order` WHERE `order_status` = 3 AND `shop_id` IN ('1','2','3','4','6') ORDER BY create_time desc LIMIT 0,10   [ RunTime:0.1246s ]
NOTIC: [8] Undefined index: order_source D:\www\online_team\www.sale.com\Application\Fxg\Controller\OrderController.class.php 第 192 行.
NOTIC: [8] Undefined index:  D:\www\online_team\www.sale.com\Application\Fxg\Controller\OrderController.class.php 第 192 行.
NOTIC: [8] Undefined index: order_source D:\www\online_team\www.sale.com\Application\Fxg\Controller\OrderController.class.php 第 192 行.
NOTIC: [8] Undefined index:  D:\www\online_team\www.sale.com\Application\Fxg\Controller\OrderController.class.php 第 192 行.
NOTIC: [8] Undefined index: order_source D:\www\online_team\www.sale.com\Application\Fxg\Controller\OrderController.class.php 第 192 行.
NOTIC: [8] Undefined index:  D:\www\online_team\www.sale.com\Application\Fxg\Controller\OrderController.class.php 第 192 行.
NOTIC: [8] Undefined index: order_source D:\www\online_team\www.sale.com\Application\Fxg\Controller\OrderController.class.php 第 192 行.
NOTIC: [8] Undefined index:  D:\www\online_team\www.sale.com\Application\Fxg\Controller\OrderController.class.php 第 192 行.
NOTIC: [8] Undefined index: order_source D:\www\online_team\www.sale.com\Application\Fxg\Controller\OrderController.class.php 第 192 行.
NOTIC: [8] Undefined index:  D:\www\online_team\www.sale.com\Application\Fxg\Controller\OrderController.class.php 第 192 行.
NOTIC: [8] Undefined index: order_source D:\www\online_team\www.sale.com\Application\Fxg\Controller\OrderController.class.php 第 192 行.
NOTIC: [8] Undefined index:  D:\www\online_team\www.sale.com\Application\Fxg\Controller\OrderController.class.php 第 192 行.
NOTIC: [8] Undefined index: order_source D:\www\online_team\www.sale.com\Application\Fxg\Controller\OrderController.class.php 第 192 行.
NOTIC: [8] Undefined index:  D:\www\online_team\www.sale.com\Application\Fxg\Controller\OrderController.class.php 第 192 行.
NOTIC: [8] Undefined index: order_source D:\www\online_team\www.sale.com\Application\Fxg\Controller\OrderController.class.php 第 192 行.
NOTIC: [8] Undefined index:  D:\www\online_team\www.sale.com\Application\Fxg\Controller\OrderController.class.php 第 192 行.
NOTIC: [8] Undefined index: order_source D:\www\online_team\www.sale.com\Application\Fxg\Controller\OrderController.class.php 第 192 行.
NOTIC: [8] Undefined index:  D:\www\online_team\www.sale.com\Application\Fxg\Controller\OrderController.class.php 第 192 行.
NOTIC: [8] Undefined index: order_source D:\www\online_team\www.sale.com\Application\Fxg\Controller\OrderController.class.php 第 192 行.
NOTIC: [8] Undefined index:  D:\www\online_team\www.sale.com\Application\Fxg\Controller\OrderController.class.php 第 192 行.

[ 2018-12-01T16:20:02+08:00 ] 127.0.0.1 /Order/index.html?shop_id=&order_id=&product_keyword=&order_source=&post_data=&logistics_id=&logistics_code=&pay_type=&pay_time=&order_status=3&page=5&limit=10
INFO: [ app_init ] --START--
INFO: Run Behavior\BuildLiteBehavior [ RunTime:0.000013s ]
INFO: [ app_init ] --END-- [ RunTime:0.000650s ]
INFO: [ app_begin ] --START--
INFO: Run Behavior\ReadHtmlCacheBehavior [ RunTime:0.000772s ]
INFO: [ app_begin ] --END-- [ RunTime:0.000809s ]
SQL: SHOW COLUMNS FROM `fxg_order` [ RunTime:0.0646s ]
SQL: SELECT COUNT(id) AS tp_count FROM `fxg_order` WHERE `order_status` = 3 AND `shop_id` IN ('1','2','3','4','6') LIMIT 1   [ RunTime:0.0666s ]
SQL: SELECT * FROM `fxg_order` WHERE `order_status` = 3 AND `shop_id` IN ('1','2','3','4','6') ORDER BY create_time desc LIMIT 40,10   [ RunTime:0.0683s ]
NOTIC: [8] Undefined index: order_source D:\www\online_team\www.sale.com\Application\Fxg\Controller\OrderController.class.php 第 192 行.
NOTIC: [8] Undefined index:  D:\www\online_team\www.sale.com\Application\Fxg\Controller\OrderController.class.php 第 192 行.
NOTIC: [8] Undefined index: order_source D:\www\online_team\www.sale.com\Application\Fxg\Controller\OrderController.class.php 第 192 行.
NOTIC: [8] Undefined index:  D:\www\online_team\www.sale.com\Application\Fxg\Controller\OrderController.class.php 第 192 行.
NOTIC: [8] Undefined index: order_source D:\www\online_team\www.sale.com\Application\Fxg\Controller\OrderController.class.php 第 192 行.
NOTIC: [8] Undefined index:  D:\www\online_team\www.sale.com\Application\Fxg\Controller\OrderController.class.php 第 192 行.
NOTIC: [8] Undefined index: order_source D:\www\online_team\www.sale.com\Application\Fxg\Controller\OrderController.class.php 第 192 行.
NOTIC: [8] Undefined index:  D:\www\online_team\www.sale.com\Application\Fxg\Controller\OrderController.class.php 第 192 行.
NOTIC: [8] Undefined index: order_source D:\www\online_team\www.sale.com\Application\Fxg\Controller\OrderController.class.php 第 192 行.
NOTIC: [8] Undefined index:  D:\www\online_team\www.sale.com\Application\Fxg\Controller\OrderController.class.php 第 192 行.
NOTIC: [8] Undefined index: order_source D:\www\online_team\www.sale.com\Application\Fxg\Controller\OrderController.class.php 第 192 行.
NOTIC: [8] Undefined index:  D:\www\online_team\www.sale.com\Application\Fxg\Controller\OrderController.class.php 第 192 行.
NOTIC: [8] Undefined index: order_source D:\www\online_team\www.sale.com\Application\Fxg\Controller\OrderController.class.php 第 192 行.
NOTIC: [8] Undefined index:  D:\www\online_team\www.sale.com\Application\Fxg\Controller\OrderController.class.php 第 192 行.
NOTIC: [8] Undefined index: order_source D:\www\online_team\www.sale.com\Application\Fxg\Controller\OrderController.class.php 第 192 行.
NOTIC: [8] Undefined index:  D:\www\online_team\www.sale.com\Application\Fxg\Controller\OrderController.class.php 第 192 行.
NOTIC: [8] Undefined index: order_source D:\www\online_team\www.sale.com\Application\Fxg\Controller\OrderController.class.php 第 192 行.
NOTIC: [8] Undefined index:  D:\www\online_team\www.sale.com\Application\Fxg\Controller\OrderController.class.php 第 192 行.
NOTIC: [8] Undefined index: order_source D:\www\online_team\www.sale.com\Application\Fxg\Controller\OrderController.class.php 第 192 行.
NOTIC: [8] Undefined index:  D:\www\online_team\www.sale.com\Application\Fxg\Controller\OrderController.class.php 第 192 行.

[ 2018-12-01T16:21:53+08:00 ] 127.0.0.1 /Order/index.html?shop_id=&order_id=&product_keyword=&order_source=&post_data=&logistics_id=&logistics_code=&pay_type=&pay_time=&order_status=3&page=36&limit=10
INFO: [ app_init ] --START--
INFO: Run Behavior\BuildLiteBehavior [ RunTime:0.000015s ]
INFO: [ app_init ] --END-- [ RunTime:0.000781s ]
INFO: [ app_begin ] --START--
INFO: Run Behavior\ReadHtmlCacheBehavior [ RunTime:0.001140s ]
INFO: [ app_begin ] --END-- [ RunTime:0.001222s ]
SQL: SHOW COLUMNS FROM `fxg_order` [ RunTime:0.0620s ]
SQL: SELECT COUNT(id) AS tp_count FROM `fxg_order` WHERE `order_status` = 3 AND `shop_id` IN ('1','2','3','4','6') LIMIT 1   [ RunTime:0.0634s ]
SQL: SELECT * FROM `fxg_order` WHERE `order_status` = 3 AND `shop_id` IN ('1','2','3','4','6') ORDER BY create_time desc LIMIT 350,10   [ RunTime:0.1253s ]
NOTIC: [8] Undefined index: order_source D:\www\online_team\www.sale.com\Application\Fxg\Controller\OrderController.class.php 第 192 行.
NOTIC: [8] Undefined index:  D:\www\online_team\www.sale.com\Application\Fxg\Controller\OrderController.class.php 第 192 行.
NOTIC: [8] Undefined index: order_source D:\www\online_team\www.sale.com\Application\Fxg\Controller\OrderController.class.php 第 192 行.
NOTIC: [8] Undefined index:  D:\www\online_team\www.sale.com\Application\Fxg\Controller\OrderController.class.php 第 192 行.
NOTIC: [8] Undefined index: order_source D:\www\online_team\www.sale.com\Application\Fxg\Controller\OrderController.class.php 第 192 行.
NOTIC: [8] Undefined index:  D:\www\online_team\www.sale.com\Application\Fxg\Controller\OrderController.class.php 第 192 行.
NOTIC: [8] Undefined index: order_source D:\www\online_team\www.sale.com\Application\Fxg\Controller\OrderController.class.php 第 192 行.
NOTIC: [8] Undefined index:  D:\www\online_team\www.sale.com\Application\Fxg\Controller\OrderController.class.php 第 192 行.
NOTIC: [8] Undefined index: order_source D:\www\online_team\www.sale.com\Application\Fxg\Controller\OrderController.class.php 第 192 行.
NOTIC: [8] Undefined index:  D:\www\online_team\www.sale.com\Application\Fxg\Controller\OrderController.class.php 第 192 行.
NOTIC: [8] Undefined index: order_source D:\www\online_team\www.sale.com\Application\Fxg\Controller\OrderController.class.php 第 192 行.
NOTIC: [8] Undefined index:  D:\www\online_team\www.sale.com\Application\Fxg\Controller\OrderController.class.php 第 192 行.

[ 2018-12-01T16:52:47+08:00 ] 127.0.0.1 /Order/index.html?shop_id=&order_id=&product_keyword=&order_source=&post_data=&logistics_id=&logistics_code=&pay_type=&pay_time=&order_status=3&page=32&limit=10
INFO: [ app_init ] --START--
INFO: Run Behavior\BuildLiteBehavior [ RunTime:0.000014s ]
INFO: [ app_init ] --END-- [ RunTime:0.000786s ]
INFO: [ app_begin ] --START--
INFO: Run Behavior\ReadHtmlCacheBehavior [ RunTime:0.000870s ]
INFO: [ app_begin ] --END-- [ RunTime:0.000913s ]
SQL: SHOW COLUMNS FROM `fxg_order` [ RunTime:0.0624s ]
SQL: SELECT COUNT(id) AS tp_count FROM `fxg_order` WHERE `order_status` = 3 AND `shop_id` IN ('1','2','3','4','6') LIMIT 1   [ RunTime:0.0632s ]
SQL: SELECT * FROM `fxg_order` WHERE `order_status` = 3 AND `shop_id` IN ('1','2','3','4','6') ORDER BY create_time desc LIMIT 310,10   [ RunTime:0.1263s ]
NOTIC: [8] Undefined index: order_source D:\www\online_team\www.sale.com\Application\Fxg\Controller\OrderController.class.php 第 192 行.
NOTIC: [8] Undefined index:  D:\www\online_team\www.sale.com\Application\Fxg\Controller\OrderController.class.php 第 192 行.
NOTIC: [8] Undefined index: order_source D:\www\online_team\www.sale.com\Application\Fxg\Controller\OrderController.class.php 第 192 行.
NOTIC: [8] Undefined index:  D:\www\online_team\www.sale.com\Application\Fxg\Controller\OrderController.class.php 第 192 行.
NOTIC: [8] Undefined index: order_source D:\www\online_team\www.sale.com\Application\Fxg\Controller\OrderController.class.php 第 192 行.
NOTIC: [8] Undefined index:  D:\www\online_team\www.sale.com\Application\Fxg\Controller\OrderController.class.php 第 192 行.
NOTIC: [8] Undefined index: order_source D:\www\online_team\www.sale.com\Application\Fxg\Controller\OrderController.class.php 第 192 行.
NOTIC: [8] Undefined index:  D:\www\online_team\www.sale.com\Application\Fxg\Controller\OrderController.class.php 第 192 行.
NOTIC: [8] Undefined index: order_source D:\www\online_team\www.sale.com\Application\Fxg\Controller\OrderController.class.php 第 192 行.
NOTIC: [8] Undefined index:  D:\www\online_team\www.sale.com\Application\Fxg\Controller\OrderController.class.php 第 192 行.
NOTIC: [8] Undefined index: order_source D:\www\online_team\www.sale.com\Application\Fxg\Controller\OrderController.class.php 第 192 行.
NOTIC: [8] Undefined index:  D:\www\online_team\www.sale.com\Application\Fxg\Controller\OrderController.class.php 第 192 行.
NOTIC: [8] Undefined index: order_source D:\www\online_team\www.sale.com\Application\Fxg\Controller\OrderController.class.php 第 192 行.
NOTIC: [8] Undefined index:  D:\www\online_team\www.sale.com\Application\Fxg\Controller\OrderController.class.php 第 192 行.
NOTIC: [8] Undefined index: order_source D:\www\online_team\www.sale.com\Application\Fxg\Controller\OrderController.class.php 第 192 行.
NOTIC: [8] Undefined index:  D:\www\online_team\www.sale.com\Application\Fxg\Controller\OrderController.class.php 第 192 行.
NOTIC: [8] Undefined index: order_source D:\www\online_team\www.sale.com\Application\Fxg\Controller\OrderController.class.php 第 192 行.
NOTIC: [8] Undefined index:  D:\www\online_team\www.sale.com\Application\Fxg\Controller\OrderController.class.php 第 192 行.
NOTIC: [8] Undefined index: order_source D:\www\online_team\www.sale.com\Application\Fxg\Controller\OrderController.class.php 第 192 行.
NOTIC: [8] Undefined index:  D:\www\online_team\www.sale.com\Application\Fxg\Controller\OrderController.class.php 第 192 行.

[ 2018-12-01T16:52:48+08:00 ] 127.0.0.1 /Order/index.html?shop_id=&order_id=&product_keyword=&order_source=&post_data=&logistics_id=&logistics_code=&pay_type=&pay_time=&order_status=3&page=1&limit=10
INFO: [ app_init ] --START--
INFO: Run Behavior\BuildLiteBehavior [ RunTime:0.000013s ]
INFO: [ app_init ] --END-- [ RunTime:0.000701s ]
INFO: [ app_begin ] --START--
INFO: Run Behavior\ReadHtmlCacheBehavior [ RunTime:0.001403s ]
INFO: [ app_begin ] --END-- [ RunTime:0.001498s ]
SQL: SHOW COLUMNS FROM `fxg_order` [ RunTime:0.0648s ]
SQL: SELECT COUNT(id) AS tp_count FROM `fxg_order` WHERE `order_status` = 3 AND `shop_id` IN ('1','2','3','4','6') LIMIT 1   [ RunTime:0.0664s ]
SQL: SELECT * FROM `fxg_order` WHERE `order_status` = 3 AND `shop_id` IN ('1','2','3','4','6') ORDER BY create_time desc LIMIT 0,10   [ RunTime:0.1307s ]
NOTIC: [8] Undefined index: order_source D:\www\online_team\www.sale.com\Application\Fxg\Controller\OrderController.class.php 第 192 行.
NOTIC: [8] Undefined index:  D:\www\online_team\www.sale.com\Application\Fxg\Controller\OrderController.class.php 第 192 行.
NOTIC: [8] Undefined index: order_source D:\www\online_team\www.sale.com\Application\Fxg\Controller\OrderController.class.php 第 192 行.
NOTIC: [8] Undefined index:  D:\www\online_team\www.sale.com\Application\Fxg\Controller\OrderController.class.php 第 192 行.
NOTIC: [8] Undefined index: order_source D:\www\online_team\www.sale.com\Application\Fxg\Controller\OrderController.class.php 第 192 行.
NOTIC: [8] Undefined index:  D:\www\online_team\www.sale.com\Application\Fxg\Controller\OrderController.class.php 第 192 行.
NOTIC: [8] Undefined index: order_source D:\www\online_team\www.sale.com\Application\Fxg\Controller\OrderController.class.php 第 192 行.
NOTIC: [8] Undefined index:  D:\www\online_team\www.sale.com\Application\Fxg\Controller\OrderController.class.php 第 192 行.
NOTIC: [8] Undefined index: order_source D:\www\online_team\www.sale.com\Application\Fxg\Controller\OrderController.class.php 第 192 行.
NOTIC: [8] Undefined index:  D:\www\online_team\www.sale.com\Application\Fxg\Controller\OrderController.class.php 第 192 行.
NOTIC: [8] Undefined index: order_source D:\www\online_team\www.sale.com\Application\Fxg\Controller\OrderController.class.php 第 192 行.
NOTIC: [8] Undefined index:  D:\www\online_team\www.sale.com\Application\Fxg\Controller\OrderController.class.php 第 192 行.
NOTIC: [8] Undefined index: order_source D:\www\online_team\www.sale.com\Application\Fxg\Controller\OrderController.class.php 第 192 行.
NOTIC: [8] Undefined index:  D:\www\online_team\www.sale.com\Application\Fxg\Controller\OrderController.class.php 第 192 行.
NOTIC: [8] Undefined index: order_source D:\www\online_team\www.sale.com\Application\Fxg\Controller\OrderController.class.php 第 192 行.
NOTIC: [8] Undefined index:  D:\www\online_team\www.sale.com\Application\Fxg\Controller\OrderController.class.php 第 192 行.
NOTIC: [8] Undefined index: order_source D:\www\online_team\www.sale.com\Application\Fxg\Controller\OrderController.class.php 第 192 行.
NOTIC: [8] Undefined index:  D:\www\online_team\www.sale.com\Application\Fxg\Controller\OrderController.class.php 第 192 行.
NOTIC: [8] Undefined index: order_source D:\www\online_team\www.sale.com\Application\Fxg\Controller\OrderController.class.php 第 192 行.
NOTIC: [8] Undefined index:  D:\www\online_team\www.sale.com\Application\Fxg\Controller\OrderController.class.php 第 192 行.

