[ 2018-11-06T17:05:05+08:00 ] 127.0.0.1 /
INFO: [ app_init ] --START--
INFO: Run Behavior\BuildLiteBehavior [ RunTime:0.000016s ]
INFO: [ app_init ] --END-- [ RunTime:0.003357s ]
INFO: [ app_begin ] --START--
INFO: Run Behavior\ReadHtmlCacheBehavior [ RunTime:0.001118s ]
INFO: [ app_begin ] --END-- [ RunTime:0.001173s ]

[ 2018-11-06T17:05:05+08:00 ] 127.0.0.1 /Login/index.html
INFO: [ app_init ] --START--
INFO: Run Behavior\BuildLiteBehavior [ RunTime:0.000028s ]
INFO: [ app_init ] --END-- [ RunTime:0.001081s ]
INFO: [ app_begin ] --START--
INFO: Run Behavior\ReadHtmlCacheBehavior [ RunTime:0.000868s ]
INFO: [ app_begin ] --END-- [ RunTime:0.000938s ]
INFO: [ view_parse ] --START--
INFO: [ template_filter ] --START--
INFO: Run Behavior\ContentReplaceBehavior [ RunTime:0.001476s ]
INFO: [ template_filter ] --END-- [ RunTime:0.001534s ]
INFO: Run Behavior\ParseTemplateBehavior [ RunTime:0.022302s ]
INFO: [ view_parse ] --END-- [ RunTime:0.022439s ]
INFO: [ view_filter ] --START--
INFO: Run Behavior\WriteHtmlCacheBehavior [ RunTime:0.001350s ]
INFO: [ view_filter ] --END-- [ RunTime:0.001436s ]
INFO: [ app_end ] --START--
INFO: Run Behavior\ShowPageTraceBehavior [ RunTime:0.001731s ]
INFO: [ app_end ] --END-- [ RunTime:0.001814s ]

[ 2018-11-06T17:05:05+08:00 ] 127.0.0.1 /favicon.ico
INFO: [ app_init ] --START--
INFO: Run Behavior\BuildLiteBehavior [ RunTime:0.000014s ]
INFO: [ app_init ] --END-- [ RunTime:0.000512s ]

[ 2018-11-06T17:05:07+08:00 ] 127.0.0.1 /Login/doLogin.html
INFO: [ app_init ] --START--
INFO: Run Behavior\BuildLiteBehavior [ RunTime:0.000014s ]
INFO: [ app_init ] --END-- [ RunTime:0.000658s ]
INFO: [ app_begin ] --START--
INFO: Run Behavior\ReadHtmlCacheBehavior [ RunTime:0.000773s ]
INFO: [ app_begin ] --END-- [ RunTime:0.000820s ]
SQL: SHOW COLUMNS FROM `fxg_admin` [ RunTime:0.0614s ]
SQL: SELECT * FROM `fxg_admin` WHERE `username` = 'daipingshan' AND `password` = 'a0df1932fb37930fb0ca5d9b82e7f58b' LIMIT 1   [ RunTime:0.0609s ]

[ 2018-11-06T17:05:11+08:00 ] 127.0.0.1 /Index/index.html
INFO: [ app_init ] --START--
INFO: Run Behavior\BuildLiteBehavior [ RunTime:0.000024s ]
INFO: [ app_init ] --END-- [ RunTime:0.001267s ]
INFO: [ app_begin ] --START--
INFO: Run Behavior\ReadHtmlCacheBehavior [ RunTime:0.001022s ]
INFO: [ app_begin ] --END-- [ RunTime:0.001097s ]
INFO: [ view_parse ] --START--
INFO: [ template_filter ] --START--
INFO: Run Behavior\ContentReplaceBehavior [ RunTime:0.000072s ]
INFO: [ template_filter ] --END-- [ RunTime:0.000120s ]
INFO: Run Behavior\ParseTemplateBehavior [ RunTime:0.021541s ]
INFO: [ view_parse ] --END-- [ RunTime:0.021588s ]
INFO: [ view_filter ] --START--
INFO: Run Behavior\WriteHtmlCacheBehavior [ RunTime:0.000460s ]
INFO: [ view_filter ] --END-- [ RunTime:0.000494s ]
INFO: [ app_end ] --START--
INFO: Run Behavior\ShowPageTraceBehavior [ RunTime:0.000603s ]
INFO: [ app_end ] --END-- [ RunTime:0.000638s ]

[ 2018-11-06T17:05:13+08:00 ] 127.0.0.1 /Order/index.html
INFO: [ app_init ] --START--
INFO: Run Behavior\BuildLiteBehavior [ RunTime:0.000014s ]
INFO: [ app_init ] --END-- [ RunTime:0.000616s ]
INFO: [ app_begin ] --START--
INFO: Run Behavior\ReadHtmlCacheBehavior [ RunTime:0.000702s ]
INFO: [ app_begin ] --END-- [ RunTime:0.000744s ]
INFO: [ view_parse ] --START--
INFO: [ template_filter ] --START--
INFO: Run Behavior\ContentReplaceBehavior [ RunTime:0.000130s ]
INFO: [ template_filter ] --END-- [ RunTime:0.000175s ]
INFO: Run Behavior\ParseTemplateBehavior [ RunTime:0.027119s ]
INFO: [ view_parse ] --END-- [ RunTime:0.027182s ]
INFO: [ view_filter ] --START--
INFO: Run Behavior\WriteHtmlCacheBehavior [ RunTime:0.000499s ]
INFO: [ view_filter ] --END-- [ RunTime:0.000541s ]
INFO: [ app_end ] --START--
INFO: Run Behavior\ShowPageTraceBehavior [ RunTime:0.000715s ]
INFO: [ app_end ] --END-- [ RunTime:0.000755s ]

[ 2018-11-06T17:05:14+08:00 ] 127.0.0.1 /Order/index.html?shop_id=&order_id=&product_keyword=&order_source=&post_receiver=&post_tel=&logistics_id=&logistics_code=&pay_time=&order_status=0&page=1&limit=10
INFO: [ app_init ] --START--
INFO: Run Behavior\BuildLiteBehavior [ RunTime:0.000024s ]
INFO: [ app_init ] --END-- [ RunTime:0.001040s ]
INFO: [ app_begin ] --START--
INFO: Run Behavior\ReadHtmlCacheBehavior [ RunTime:0.001077s ]
INFO: [ app_begin ] --END-- [ RunTime:0.001224s ]
SQL: SHOW COLUMNS FROM `fxg_order` [ RunTime:0.0625s ]
SQL: SELECT COUNT(id) AS tp_count FROM `fxg_order` LIMIT 1   [ RunTime:0.0652s ]
SQL: SELECT * FROM `fxg_order` ORDER BY pay_time desc LIMIT 0,10   [ RunTime:0.1442s ]
NOTIC: [8] Undefined index: order_source D:\www\online_team\www.sale.com\Application\Fxg\Controller\OrderController.class.php 第 169 行.
NOTIC: [8] Undefined index:  D:\www\online_team\www.sale.com\Application\Fxg\Controller\OrderController.class.php 第 169 行.
NOTIC: [8] Undefined index: order_source D:\www\online_team\www.sale.com\Application\Fxg\Controller\OrderController.class.php 第 169 行.
NOTIC: [8] Undefined index:  D:\www\online_team\www.sale.com\Application\Fxg\Controller\OrderController.class.php 第 169 行.
NOTIC: [8] Undefined index: order_source D:\www\online_team\www.sale.com\Application\Fxg\Controller\OrderController.class.php 第 169 行.
NOTIC: [8] Undefined index:  D:\www\online_team\www.sale.com\Application\Fxg\Controller\OrderController.class.php 第 169 行.
NOTIC: [8] Undefined index: order_source D:\www\online_team\www.sale.com\Application\Fxg\Controller\OrderController.class.php 第 169 行.
NOTIC: [8] Undefined index:  D:\www\online_team\www.sale.com\Application\Fxg\Controller\OrderController.class.php 第 169 行.
NOTIC: [8] Undefined index: order_source D:\www\online_team\www.sale.com\Application\Fxg\Controller\OrderController.class.php 第 169 行.
NOTIC: [8] Undefined index:  D:\www\online_team\www.sale.com\Application\Fxg\Controller\OrderController.class.php 第 169 行.
NOTIC: [8] Undefined index: order_source D:\www\online_team\www.sale.com\Application\Fxg\Controller\OrderController.class.php 第 169 行.
NOTIC: [8] Undefined index:  D:\www\online_team\www.sale.com\Application\Fxg\Controller\OrderController.class.php 第 169 行.
NOTIC: [8] Undefined index: order_source D:\www\online_team\www.sale.com\Application\Fxg\Controller\OrderController.class.php 第 169 行.
NOTIC: [8] Undefined index:  D:\www\online_team\www.sale.com\Application\Fxg\Controller\OrderController.class.php 第 169 行.
NOTIC: [8] Undefined index: order_source D:\www\online_team\www.sale.com\Application\Fxg\Controller\OrderController.class.php 第 169 行.
NOTIC: [8] Undefined index:  D:\www\online_team\www.sale.com\Application\Fxg\Controller\OrderController.class.php 第 169 行.
NOTIC: [8] Undefined index: order_source D:\www\online_team\www.sale.com\Application\Fxg\Controller\OrderController.class.php 第 169 行.
NOTIC: [8] Undefined index:  D:\www\online_team\www.sale.com\Application\Fxg\Controller\OrderController.class.php 第 169 行.
NOTIC: [8] Undefined index: order_source D:\www\online_team\www.sale.com\Application\Fxg\Controller\OrderController.class.php 第 169 行.
NOTIC: [8] Undefined index:  D:\www\online_team\www.sale.com\Application\Fxg\Controller\OrderController.class.php 第 169 行.

[ 2018-11-06T17:05:14+08:00 ] 127.0.0.1 /Logistics/index.html
INFO: [ app_init ] --START--
INFO: Run Behavior\BuildLiteBehavior [ RunTime:0.000013s ]
INFO: [ app_init ] --END-- [ RunTime:0.000980s ]
INFO: [ app_begin ] --START--
INFO: Run Behavior\ReadHtmlCacheBehavior [ RunTime:0.001031s ]
INFO: [ app_begin ] --END-- [ RunTime:0.001101s ]
INFO: [ view_parse ] --START--
INFO: [ template_filter ] --START--
INFO: Run Behavior\ContentReplaceBehavior [ RunTime:0.000071s ]
INFO: [ template_filter ] --END-- [ RunTime:0.000118s ]
INFO: Run Behavior\ParseTemplateBehavior [ RunTime:0.009577s ]
INFO: [ view_parse ] --END-- [ RunTime:0.009634s ]
INFO: [ view_filter ] --START--
INFO: Run Behavior\WriteHtmlCacheBehavior [ RunTime:0.000478s ]
INFO: [ view_filter ] --END-- [ RunTime:0.000511s ]
INFO: [ app_end ] --START--
INFO: Run Behavior\ShowPageTraceBehavior [ RunTime:0.000644s ]
INFO: [ app_end ] --END-- [ RunTime:0.000681s ]

[ 2018-11-06T17:05:15+08:00 ] 127.0.0.1 /Logistics/index.html?page=1&limit=10
INFO: [ app_init ] --START--
INFO: Run Behavior\BuildLiteBehavior [ RunTime:0.000015s ]
INFO: [ app_init ] --END-- [ RunTime:0.000703s ]
INFO: [ app_begin ] --START--
INFO: Run Behavior\ReadHtmlCacheBehavior [ RunTime:0.000987s ]
INFO: [ app_begin ] --END-- [ RunTime:0.001062s ]
SQL: SHOW COLUMNS FROM `fxg_logistics` [ RunTime:0.0613s ]
SQL: SELECT COUNT(id) AS tp_count FROM `fxg_logistics` LIMIT 1   [ RunTime:0.0691s ]
SQL: SELECT * FROM `fxg_logistics` LIMIT 0,10   [ RunTime:0.0610s ]

[ 2018-11-06T17:05:16+08:00 ] 127.0.0.1 /Logistics/index.html
INFO: [ app_init ] --START--
INFO: Run Behavior\BuildLiteBehavior [ RunTime:0.000015s ]
INFO: [ app_init ] --END-- [ RunTime:0.000629s ]
INFO: [ app_begin ] --START--
INFO: Run Behavior\ReadHtmlCacheBehavior [ RunTime:0.000824s ]
INFO: [ app_begin ] --END-- [ RunTime:0.000868s ]
INFO: [ view_parse ] --START--
INFO: [ template_filter ] --START--
INFO: Run Behavior\ContentReplaceBehavior [ RunTime:0.000079s ]
INFO: [ template_filter ] --END-- [ RunTime:0.000129s ]
INFO: Run Behavior\ParseTemplateBehavior [ RunTime:0.009203s ]
INFO: [ view_parse ] --END-- [ RunTime:0.009271s ]
INFO: [ view_filter ] --START--
INFO: Run Behavior\WriteHtmlCacheBehavior [ RunTime:0.000579s ]
INFO: [ view_filter ] --END-- [ RunTime:0.000629s ]
INFO: [ app_end ] --START--
INFO: Run Behavior\ShowPageTraceBehavior [ RunTime:0.000893s ]
INFO: [ app_end ] --END-- [ RunTime:0.000955s ]

[ 2018-11-06T17:05:16+08:00 ] 127.0.0.1 /Logistics/index.html?page=1&limit=10
INFO: [ app_init ] --START--
INFO: Run Behavior\BuildLiteBehavior [ RunTime:0.000029s ]
INFO: [ app_init ] --END-- [ RunTime:0.001047s ]
INFO: [ app_begin ] --START--
INFO: Run Behavior\ReadHtmlCacheBehavior [ RunTime:0.000658s ]
INFO: [ app_begin ] --END-- [ RunTime:0.000707s ]
SQL: SHOW COLUMNS FROM `fxg_logistics` [ RunTime:0.0601s ]
SQL: SELECT COUNT(id) AS tp_count FROM `fxg_logistics` LIMIT 1   [ RunTime:0.0599s ]
SQL: SELECT * FROM `fxg_logistics` LIMIT 0,10   [ RunTime:0.0600s ]

[ 2018-11-06T17:05:17+08:00 ] 127.0.0.1 /Order/index.html
INFO: [ app_init ] --START--
INFO: Run Behavior\BuildLiteBehavior [ RunTime:0.000015s ]
INFO: [ app_init ] --END-- [ RunTime:0.000726s ]
INFO: [ app_begin ] --START--
INFO: Run Behavior\ReadHtmlCacheBehavior [ RunTime:0.001164s ]
INFO: [ app_begin ] --END-- [ RunTime:0.001240s ]
INFO: [ view_parse ] --START--
INFO: [ template_filter ] --START--
INFO: Run Behavior\ContentReplaceBehavior [ RunTime:0.000281s ]
INFO: [ template_filter ] --END-- [ RunTime:0.000376s ]
INFO: Run Behavior\ParseTemplateBehavior [ RunTime:0.041320s ]
INFO: [ view_parse ] --END-- [ RunTime:0.041485s ]
INFO: [ view_filter ] --START--
INFO: Run Behavior\WriteHtmlCacheBehavior [ RunTime:0.001284s ]
INFO: [ view_filter ] --END-- [ RunTime:0.001368s ]
INFO: [ app_end ] --START--
INFO: Run Behavior\ShowPageTraceBehavior [ RunTime:0.001637s ]
INFO: [ app_end ] --END-- [ RunTime:0.001732s ]

[ 2018-11-06T17:05:18+08:00 ] 127.0.0.1 /Order/index.html?shop_id=&order_id=&product_keyword=&order_source=&post_receiver=&post_tel=&logistics_id=&logistics_code=&pay_time=&order_status=0&page=1&limit=10
INFO: [ app_init ] --START--
INFO: Run Behavior\BuildLiteBehavior [ RunTime:0.000023s ]
INFO: [ app_init ] --END-- [ RunTime:0.001089s ]
INFO: [ app_begin ] --START--
INFO: Run Behavior\ReadHtmlCacheBehavior [ RunTime:0.001306s ]
INFO: [ app_begin ] --END-- [ RunTime:0.001398s ]
SQL: SHOW COLUMNS FROM `fxg_order` [ RunTime:0.0995s ]
SQL: SELECT COUNT(id) AS tp_count FROM `fxg_order` LIMIT 1   [ RunTime:0.0608s ]
SQL: SELECT * FROM `fxg_order` ORDER BY pay_time desc LIMIT 0,10   [ RunTime:0.1234s ]
NOTIC: [8] Undefined index: order_source D:\www\online_team\www.sale.com\Application\Fxg\Controller\OrderController.class.php 第 169 行.
NOTIC: [8] Undefined index:  D:\www\online_team\www.sale.com\Application\Fxg\Controller\OrderController.class.php 第 169 行.
NOTIC: [8] Undefined index: order_source D:\www\online_team\www.sale.com\Application\Fxg\Controller\OrderController.class.php 第 169 行.
NOTIC: [8] Undefined index:  D:\www\online_team\www.sale.com\Application\Fxg\Controller\OrderController.class.php 第 169 行.
NOTIC: [8] Undefined index: order_source D:\www\online_team\www.sale.com\Application\Fxg\Controller\OrderController.class.php 第 169 行.
NOTIC: [8] Undefined index:  D:\www\online_team\www.sale.com\Application\Fxg\Controller\OrderController.class.php 第 169 行.
NOTIC: [8] Undefined index: order_source D:\www\online_team\www.sale.com\Application\Fxg\Controller\OrderController.class.php 第 169 行.
NOTIC: [8] Undefined index:  D:\www\online_team\www.sale.com\Application\Fxg\Controller\OrderController.class.php 第 169 行.
NOTIC: [8] Undefined index: order_source D:\www\online_team\www.sale.com\Application\Fxg\Controller\OrderController.class.php 第 169 行.
NOTIC: [8] Undefined index:  D:\www\online_team\www.sale.com\Application\Fxg\Controller\OrderController.class.php 第 169 行.
NOTIC: [8] Undefined index: order_source D:\www\online_team\www.sale.com\Application\Fxg\Controller\OrderController.class.php 第 169 行.
NOTIC: [8] Undefined index:  D:\www\online_team\www.sale.com\Application\Fxg\Controller\OrderController.class.php 第 169 行.
NOTIC: [8] Undefined index: order_source D:\www\online_team\www.sale.com\Application\Fxg\Controller\OrderController.class.php 第 169 行.
NOTIC: [8] Undefined index:  D:\www\online_team\www.sale.com\Application\Fxg\Controller\OrderController.class.php 第 169 行.
NOTIC: [8] Undefined index: order_source D:\www\online_team\www.sale.com\Application\Fxg\Controller\OrderController.class.php 第 169 行.
NOTIC: [8] Undefined index:  D:\www\online_team\www.sale.com\Application\Fxg\Controller\OrderController.class.php 第 169 行.
NOTIC: [8] Undefined index: order_source D:\www\online_team\www.sale.com\Application\Fxg\Controller\OrderController.class.php 第 169 行.
NOTIC: [8] Undefined index:  D:\www\online_team\www.sale.com\Application\Fxg\Controller\OrderController.class.php 第 169 行.
NOTIC: [8] Undefined index: order_source D:\www\online_team\www.sale.com\Application\Fxg\Controller\OrderController.class.php 第 169 行.
NOTIC: [8] Undefined index:  D:\www\online_team\www.sale.com\Application\Fxg\Controller\OrderController.class.php 第 169 行.

[ 2018-11-06T17:05:21+08:00 ] 127.0.0.1 /Order/index.html?shop_id=&order_id=&product_keyword=&order_source=&post_receiver=&post_tel=&logistics_id=&logistics_code=&pay_time=&order_status=1&page=1&limit=10
INFO: [ app_init ] --START--
INFO: Run Behavior\BuildLiteBehavior [ RunTime:0.000016s ]
INFO: [ app_init ] --END-- [ RunTime:0.000670s ]
INFO: [ app_begin ] --START--
INFO: Run Behavior\ReadHtmlCacheBehavior [ RunTime:0.000844s ]
INFO: [ app_begin ] --END-- [ RunTime:0.000895s ]
SQL: SHOW COLUMNS FROM `fxg_order` [ RunTime:0.0616s ]
SQL: SELECT COUNT(id) AS tp_count FROM `fxg_order` WHERE `order_status` = 1 LIMIT 1   [ RunTime:0.0624s ]
SQL: SELECT * FROM `fxg_order` WHERE `order_status` = 1 ORDER BY pay_time desc LIMIT 0,10   [ RunTime:0.0644s ]
NOTIC: [8] Undefined index: order_source D:\www\online_team\www.sale.com\Application\Fxg\Controller\OrderController.class.php 第 169 行.
NOTIC: [8] Undefined index:  D:\www\online_team\www.sale.com\Application\Fxg\Controller\OrderController.class.php 第 169 行.
NOTIC: [8] Undefined index: order_source D:\www\online_team\www.sale.com\Application\Fxg\Controller\OrderController.class.php 第 169 行.
NOTIC: [8] Undefined index:  D:\www\online_team\www.sale.com\Application\Fxg\Controller\OrderController.class.php 第 169 行.
NOTIC: [8] Undefined index: order_source D:\www\online_team\www.sale.com\Application\Fxg\Controller\OrderController.class.php 第 169 行.
NOTIC: [8] Undefined index:  D:\www\online_team\www.sale.com\Application\Fxg\Controller\OrderController.class.php 第 169 行.
NOTIC: [8] Undefined index: order_source D:\www\online_team\www.sale.com\Application\Fxg\Controller\OrderController.class.php 第 169 行.
NOTIC: [8] Undefined index:  D:\www\online_team\www.sale.com\Application\Fxg\Controller\OrderController.class.php 第 169 行.
NOTIC: [8] Undefined index: order_source D:\www\online_team\www.sale.com\Application\Fxg\Controller\OrderController.class.php 第 169 行.
NOTIC: [8] Undefined index:  D:\www\online_team\www.sale.com\Application\Fxg\Controller\OrderController.class.php 第 169 行.
NOTIC: [8] Undefined index: order_source D:\www\online_team\www.sale.com\Application\Fxg\Controller\OrderController.class.php 第 169 行.
NOTIC: [8] Undefined index:  D:\www\online_team\www.sale.com\Application\Fxg\Controller\OrderController.class.php 第 169 行.
NOTIC: [8] Undefined index: order_source D:\www\online_team\www.sale.com\Application\Fxg\Controller\OrderController.class.php 第 169 行.
NOTIC: [8] Undefined index:  D:\www\online_team\www.sale.com\Application\Fxg\Controller\OrderController.class.php 第 169 行.
NOTIC: [8] Undefined index: order_source D:\www\online_team\www.sale.com\Application\Fxg\Controller\OrderController.class.php 第 169 行.
NOTIC: [8] Undefined index:  D:\www\online_team\www.sale.com\Application\Fxg\Controller\OrderController.class.php 第 169 行.
NOTIC: [8] Undefined index: order_source D:\www\online_team\www.sale.com\Application\Fxg\Controller\OrderController.class.php 第 169 行.
NOTIC: [8] Undefined index:  D:\www\online_team\www.sale.com\Application\Fxg\Controller\OrderController.class.php 第 169 行.
NOTIC: [8] Undefined index: order_source D:\www\online_team\www.sale.com\Application\Fxg\Controller\OrderController.class.php 第 169 行.
NOTIC: [8] Undefined index:  D:\www\online_team\www.sale.com\Application\Fxg\Controller\OrderController.class.php 第 169 行.

[ 2018-11-06T17:05:23+08:00 ] 127.0.0.1 /Order/index.html?shop_id=&order_id=&product_keyword=&order_source=&post_receiver=&post_tel=&logistics_id=&logistics_code=&pay_time=&order_status=2&page=1&limit=10
INFO: [ app_init ] --START--
INFO: Run Behavior\BuildLiteBehavior [ RunTime:0.000013s ]
INFO: [ app_init ] --END-- [ RunTime:0.000682s ]
INFO: [ app_begin ] --START--
INFO: Run Behavior\ReadHtmlCacheBehavior [ RunTime:0.000753s ]
INFO: [ app_begin ] --END-- [ RunTime:0.000810s ]
SQL: SHOW COLUMNS FROM `fxg_order` [ RunTime:0.0624s ]
SQL: SELECT COUNT(id) AS tp_count FROM `fxg_order` WHERE `order_status` = 2 LIMIT 1   [ RunTime:0.0639s ]
SQL: SELECT * FROM `fxg_order` WHERE `order_status` = 2 ORDER BY pay_time desc LIMIT 0,10   [ RunTime:0.0642s ]
NOTIC: [8] Undefined index: order_source D:\www\online_team\www.sale.com\Application\Fxg\Controller\OrderController.class.php 第 169 行.
NOTIC: [8] Undefined index:  D:\www\online_team\www.sale.com\Application\Fxg\Controller\OrderController.class.php 第 169 行.
NOTIC: [8] Undefined index: order_source D:\www\online_team\www.sale.com\Application\Fxg\Controller\OrderController.class.php 第 169 行.
NOTIC: [8] Undefined index:  D:\www\online_team\www.sale.com\Application\Fxg\Controller\OrderController.class.php 第 169 行.
NOTIC: [8] Undefined index: order_source D:\www\online_team\www.sale.com\Application\Fxg\Controller\OrderController.class.php 第 169 行.
NOTIC: [8] Undefined index:  D:\www\online_team\www.sale.com\Application\Fxg\Controller\OrderController.class.php 第 169 行.
NOTIC: [8] Undefined index: order_source D:\www\online_team\www.sale.com\Application\Fxg\Controller\OrderController.class.php 第 169 行.
NOTIC: [8] Undefined index:  D:\www\online_team\www.sale.com\Application\Fxg\Controller\OrderController.class.php 第 169 行.
NOTIC: [8] Undefined index: order_source D:\www\online_team\www.sale.com\Application\Fxg\Controller\OrderController.class.php 第 169 行.
NOTIC: [8] Undefined index:  D:\www\online_team\www.sale.com\Application\Fxg\Controller\OrderController.class.php 第 169 行.
NOTIC: [8] Undefined index: order_source D:\www\online_team\www.sale.com\Application\Fxg\Controller\OrderController.class.php 第 169 行.
NOTIC: [8] Undefined index:  D:\www\online_team\www.sale.com\Application\Fxg\Controller\OrderController.class.php 第 169 行.
NOTIC: [8] Undefined index: order_source D:\www\online_team\www.sale.com\Application\Fxg\Controller\OrderController.class.php 第 169 行.
NOTIC: [8] Undefined index:  D:\www\online_team\www.sale.com\Application\Fxg\Controller\OrderController.class.php 第 169 行.
NOTIC: [8] Undefined index: order_source D:\www\online_team\www.sale.com\Application\Fxg\Controller\OrderController.class.php 第 169 行.
NOTIC: [8] Undefined index:  D:\www\online_team\www.sale.com\Application\Fxg\Controller\OrderController.class.php 第 169 行.
NOTIC: [8] Undefined index: order_source D:\www\online_team\www.sale.com\Application\Fxg\Controller\OrderController.class.php 第 169 行.
NOTIC: [8] Undefined index:  D:\www\online_team\www.sale.com\Application\Fxg\Controller\OrderController.class.php 第 169 行.
NOTIC: [8] Undefined index: order_source D:\www\online_team\www.sale.com\Application\Fxg\Controller\OrderController.class.php 第 169 行.
NOTIC: [8] Undefined index:  D:\www\online_team\www.sale.com\Application\Fxg\Controller\OrderController.class.php 第 169 行.

[ 2018-11-06T17:05:38+08:00 ] 127.0.0.1 /Order/index.html?shop_id=&order_id=&product_keyword=&order_source=&post_receiver=&post_tel=&logistics_id=&logistics_code=&pay_time=&order_status=7&page=1&limit=10
INFO: [ app_init ] --START--
INFO: Run Behavior\BuildLiteBehavior [ RunTime:0.000015s ]
INFO: [ app_init ] --END-- [ RunTime:0.000785s ]
INFO: [ app_begin ] --START--
INFO: Run Behavior\ReadHtmlCacheBehavior [ RunTime:0.000866s ]
INFO: [ app_begin ] --END-- [ RunTime:0.000925s ]
SQL: SHOW COLUMNS FROM `fxg_order` [ RunTime:0.0620s ]
SQL: SELECT COUNT(id) AS tp_count FROM `fxg_order` WHERE `order_status` IN ('16','17','18','19','20','21','22') LIMIT 1   [ RunTime:0.0626s ]
SQL: SELECT * FROM `fxg_order` WHERE `order_status` IN ('16','17','18','19','20','21','22') ORDER BY pay_time desc LIMIT 0,10   [ RunTime:0.0676s ]
NOTIC: [8] Undefined index: order_source D:\www\online_team\www.sale.com\Application\Fxg\Controller\OrderController.class.php 第 169 行.
NOTIC: [8] Undefined index:  D:\www\online_team\www.sale.com\Application\Fxg\Controller\OrderController.class.php 第 169 行.
NOTIC: [8] Undefined index: order_source D:\www\online_team\www.sale.com\Application\Fxg\Controller\OrderController.class.php 第 169 行.
NOTIC: [8] Undefined index:  D:\www\online_team\www.sale.com\Application\Fxg\Controller\OrderController.class.php 第 169 行.
NOTIC: [8] Undefined index: order_source D:\www\online_team\www.sale.com\Application\Fxg\Controller\OrderController.class.php 第 169 行.
NOTIC: [8] Undefined index:  D:\www\online_team\www.sale.com\Application\Fxg\Controller\OrderController.class.php 第 169 行.
NOTIC: [8] Undefined index: order_source D:\www\online_team\www.sale.com\Application\Fxg\Controller\OrderController.class.php 第 169 行.
NOTIC: [8] Undefined index:  D:\www\online_team\www.sale.com\Application\Fxg\Controller\OrderController.class.php 第 169 行.
NOTIC: [8] Undefined index: order_source D:\www\online_team\www.sale.com\Application\Fxg\Controller\OrderController.class.php 第 169 行.
NOTIC: [8] Undefined index:  D:\www\online_team\www.sale.com\Application\Fxg\Controller\OrderController.class.php 第 169 行.
NOTIC: [8] Undefined index: order_source D:\www\online_team\www.sale.com\Application\Fxg\Controller\OrderController.class.php 第 169 行.
NOTIC: [8] Undefined index:  D:\www\online_team\www.sale.com\Application\Fxg\Controller\OrderController.class.php 第 169 行.
NOTIC: [8] Undefined index: order_source D:\www\online_team\www.sale.com\Application\Fxg\Controller\OrderController.class.php 第 169 行.
NOTIC: [8] Undefined index:  D:\www\online_team\www.sale.com\Application\Fxg\Controller\OrderController.class.php 第 169 行.
NOTIC: [8] Undefined index: order_source D:\www\online_team\www.sale.com\Application\Fxg\Controller\OrderController.class.php 第 169 行.
NOTIC: [8] Undefined index:  D:\www\online_team\www.sale.com\Application\Fxg\Controller\OrderController.class.php 第 169 行.
NOTIC: [8] Undefined index: order_source D:\www\online_team\www.sale.com\Application\Fxg\Controller\OrderController.class.php 第 169 行.
NOTIC: [8] Undefined index:  D:\www\online_team\www.sale.com\Application\Fxg\Controller\OrderController.class.php 第 169 行.
NOTIC: [8] Undefined index: order_source D:\www\online_team\www.sale.com\Application\Fxg\Controller\OrderController.class.php 第 169 行.
NOTIC: [8] Undefined index:  D:\www\online_team\www.sale.com\Application\Fxg\Controller\OrderController.class.php 第 169 行.

[ 2018-11-06T17:05:39+08:00 ] 127.0.0.1 /Order/index.html?shop_id=&order_id=&product_keyword=&order_source=&post_receiver=&post_tel=&logistics_id=&logistics_code=&pay_time=&order_status=6&page=1&limit=10
INFO: [ app_init ] --START--
INFO: Run Behavior\BuildLiteBehavior [ RunTime:0.000013s ]
INFO: [ app_init ] --END-- [ RunTime:0.000568s ]
INFO: [ app_begin ] --START--
INFO: Run Behavior\ReadHtmlCacheBehavior [ RunTime:0.000630s ]
INFO: [ app_begin ] --END-- [ RunTime:0.000667s ]
SQL: SHOW COLUMNS FROM `fxg_order` [ RunTime:0.0613s ]
SQL: SELECT COUNT(id) AS tp_count FROM `fxg_order` WHERE `order_status` IN ('6','7','8','9','10','11','12','13','14','15','23','24') LIMIT 1   [ RunTime:0.0630s ]
SQL: SELECT * FROM `fxg_order` WHERE `order_status` IN ('6','7','8','9','10','11','12','13','14','15','23','24') ORDER BY pay_time desc LIMIT 0,10   [ RunTime:0.0642s ]
NOTIC: [8] Undefined index: order_source D:\www\online_team\www.sale.com\Application\Fxg\Controller\OrderController.class.php 第 169 行.
NOTIC: [8] Undefined index:  D:\www\online_team\www.sale.com\Application\Fxg\Controller\OrderController.class.php 第 169 行.
NOTIC: [8] Undefined index: order_source D:\www\online_team\www.sale.com\Application\Fxg\Controller\OrderController.class.php 第 169 行.
NOTIC: [8] Undefined index:  D:\www\online_team\www.sale.com\Application\Fxg\Controller\OrderController.class.php 第 169 行.
NOTIC: [8] Undefined index: order_source D:\www\online_team\www.sale.com\Application\Fxg\Controller\OrderController.class.php 第 169 行.
NOTIC: [8] Undefined index:  D:\www\online_team\www.sale.com\Application\Fxg\Controller\OrderController.class.php 第 169 行.
NOTIC: [8] Undefined index: order_source D:\www\online_team\www.sale.com\Application\Fxg\Controller\OrderController.class.php 第 169 行.
NOTIC: [8] Undefined index:  D:\www\online_team\www.sale.com\Application\Fxg\Controller\OrderController.class.php 第 169 行.
NOTIC: [8] Undefined index: order_source D:\www\online_team\www.sale.com\Application\Fxg\Controller\OrderController.class.php 第 169 行.
NOTIC: [8] Undefined index:  D:\www\online_team\www.sale.com\Application\Fxg\Controller\OrderController.class.php 第 169 行.
NOTIC: [8] Undefined index: order_source D:\www\online_team\www.sale.com\Application\Fxg\Controller\OrderController.class.php 第 169 行.
NOTIC: [8] Undefined index:  D:\www\online_team\www.sale.com\Application\Fxg\Controller\OrderController.class.php 第 169 行.
NOTIC: [8] Undefined index: order_source D:\www\online_team\www.sale.com\Application\Fxg\Controller\OrderController.class.php 第 169 行.
NOTIC: [8] Undefined index:  D:\www\online_team\www.sale.com\Application\Fxg\Controller\OrderController.class.php 第 169 行.
NOTIC: [8] Undefined index: order_source D:\www\online_team\www.sale.com\Application\Fxg\Controller\OrderController.class.php 第 169 行.
NOTIC: [8] Undefined index:  D:\www\online_team\www.sale.com\Application\Fxg\Controller\OrderController.class.php 第 169 行.
NOTIC: [8] Undefined index: order_source D:\www\online_team\www.sale.com\Application\Fxg\Controller\OrderController.class.php 第 169 行.
NOTIC: [8] Undefined index:  D:\www\online_team\www.sale.com\Application\Fxg\Controller\OrderController.class.php 第 169 行.
NOTIC: [8] Undefined index: order_source D:\www\online_team\www.sale.com\Application\Fxg\Controller\OrderController.class.php 第 169 行.
NOTIC: [8] Undefined index:  D:\www\online_team\www.sale.com\Application\Fxg\Controller\OrderController.class.php 第 169 行.

