[ 2018-11-22T09:29:43+08:00 ] 127.0.0.1 /
INFO: [ app_init ] --START--
INFO: Run Behavior\BuildLiteBehavior [ RunTime:0.000024s ]
INFO: [ app_init ] --END-- [ RunTime:0.001133s ]
INFO: [ app_begin ] --START--
INFO: Run Behavior\ReadHtmlCacheBehavior [ RunTime:0.000969s ]
INFO: [ app_begin ] --END-- [ RunTime:0.001060s ]

[ 2018-11-22T09:29:43+08:00 ] 127.0.0.1 /Login/index.html
INFO: [ app_init ] --START--
INFO: Run Behavior\BuildLiteBehavior [ RunTime:0.000019s ]
INFO: [ app_init ] --END-- [ RunTime:0.000794s ]
INFO: [ app_begin ] --START--
INFO: Run Behavior\ReadHtmlCacheBehavior [ RunTime:0.001268s ]
INFO: [ app_begin ] --END-- [ RunTime:0.001367s ]
INFO: [ view_parse ] --START--
INFO: [ template_filter ] --START--
INFO: Run Behavior\ContentReplaceBehavior [ RunTime:0.000061s ]
INFO: [ template_filter ] --END-- [ RunTime:0.000117s ]
INFO: Run Behavior\ParseTemplateBehavior [ RunTime:0.008618s ]
INFO: [ view_parse ] --END-- [ RunTime:0.008712s ]
INFO: [ view_filter ] --START--
INFO: Run Behavior\WriteHtmlCacheBehavior [ RunTime:0.000632s ]
INFO: [ view_filter ] --END-- [ RunTime:0.000680s ]
INFO: [ app_end ] --START--
INFO: Run Behavior\ShowPageTraceBehavior [ RunTime:0.000978s ]
INFO: [ app_end ] --END-- [ RunTime:0.001043s ]

[ 2018-11-22T09:29:43+08:00 ] 127.0.0.1 /favicon.ico
INFO: [ app_init ] --START--
INFO: Run Behavior\BuildLiteBehavior [ RunTime:0.000014s ]
INFO: [ app_init ] --END-- [ RunTime:0.000571s ]

[ 2018-11-22T09:29:45+08:00 ] 127.0.0.1 /Login/doLogin.html
INFO: [ app_init ] --START--
INFO: Run Behavior\BuildLiteBehavior [ RunTime:0.000012s ]
INFO: [ app_init ] --END-- [ RunTime:0.000668s ]
INFO: [ app_begin ] --START--
INFO: Run Behavior\ReadHtmlCacheBehavior [ RunTime:0.000687s ]
INFO: [ app_begin ] --END-- [ RunTime:0.000745s ]
SQL: SHOW COLUMNS FROM `fxg_admin` [ RunTime:0.0616s ]
SQL: SELECT * FROM `fxg_admin` WHERE `username` = 'daipingshan' AND `password` = 'a0df1932fb37930fb0ca5d9b82e7f58b' LIMIT 1   [ RunTime:0.0609s ]

[ 2018-11-22T09:29:48+08:00 ] 127.0.0.1 /Index/index.html
INFO: [ app_init ] --START--
INFO: Run Behavior\BuildLiteBehavior [ RunTime:0.000022s ]
INFO: [ app_init ] --END-- [ RunTime:0.000766s ]
INFO: [ app_begin ] --START--
INFO: Run Behavior\ReadHtmlCacheBehavior [ RunTime:0.000793s ]
INFO: [ app_begin ] --END-- [ RunTime:0.000860s ]
INFO: [ view_parse ] --START--
INFO: [ template_filter ] --START--
INFO: Run Behavior\ContentReplaceBehavior [ RunTime:0.000145s ]
INFO: [ template_filter ] --END-- [ RunTime:0.000220s ]
INFO: Run Behavior\ParseTemplateBehavior [ RunTime:0.018060s ]
INFO: [ view_parse ] --END-- [ RunTime:0.018136s ]
INFO: [ view_filter ] --START--
INFO: Run Behavior\WriteHtmlCacheBehavior [ RunTime:0.000634s ]
INFO: [ view_filter ] --END-- [ RunTime:0.000674s ]
INFO: [ app_end ] --START--
INFO: Run Behavior\ShowPageTraceBehavior [ RunTime:0.000739s ]
INFO: [ app_end ] --END-- [ RunTime:0.000776s ]

[ 2018-11-22T09:29:50+08:00 ] 127.0.0.1 /Order/index.html
INFO: [ app_init ] --START--
INFO: Run Behavior\BuildLiteBehavior [ RunTime:0.000015s ]
INFO: [ app_init ] --END-- [ RunTime:0.000878s ]
INFO: [ app_begin ] --START--
INFO: Run Behavior\ReadHtmlCacheBehavior [ RunTime:0.000817s ]
INFO: [ app_begin ] --END-- [ RunTime:0.000868s ]
SQL: SHOW COLUMNS FROM `fxg_shop` [ RunTime:0.0611s ]
SQL: SELECT * FROM `fxg_shop` WHERE `id` IN ('1','2','3','4','6')  [ RunTime:0.0616s ]
INFO: [ view_parse ] --START--
INFO: [ template_filter ] --START--
INFO: Run Behavior\ContentReplaceBehavior [ RunTime:0.000443s ]
INFO: [ template_filter ] --END-- [ RunTime:0.000532s ]
INFO: Run Behavior\ParseTemplateBehavior [ RunTime:0.053418s ]
INFO: [ view_parse ] --END-- [ RunTime:0.053558s ]
INFO: [ view_filter ] --START--
INFO: Run Behavior\WriteHtmlCacheBehavior [ RunTime:0.001231s ]
INFO: [ view_filter ] --END-- [ RunTime:0.001322s ]
INFO: [ app_end ] --START--
INFO: Run Behavior\ShowPageTraceBehavior [ RunTime:0.001415s ]
INFO: [ app_end ] --END-- [ RunTime:0.001513s ]

[ 2018-11-22T09:29:51+08:00 ] 127.0.0.1 /Order/index.html?shop_id=&order_id=&product_keyword=&order_source=&post_data=&logistics_id=&logistics_code=&pay_type=&pay_time=&order_status=0&page=1&limit=10
INFO: [ app_init ] --START--
INFO: Run Behavior\BuildLiteBehavior [ RunTime:0.000138s ]
INFO: [ app_init ] --END-- [ RunTime:0.001106s ]
INFO: [ app_begin ] --START--
INFO: Run Behavior\ReadHtmlCacheBehavior [ RunTime:0.000653s ]
INFO: [ app_begin ] --END-- [ RunTime:0.000702s ]
SQL: SHOW COLUMNS FROM `fxg_order` [ RunTime:0.0627s ]
SQL: SELECT COUNT(id) AS tp_count FROM `fxg_order` WHERE `shop_id` IN ('1','2','3','4','6') LIMIT 1   [ RunTime:0.0622s ]
SQL: SELECT * FROM `fxg_order` WHERE `shop_id` IN ('1','2','3','4','6') ORDER BY create_time desc LIMIT 0,10   [ RunTime:0.1234s ]
NOTIC: [8] Undefined offset: 0 D:\www\online_team\www.sale.com\Application\Fxg\Controller\OrderController.class.php 第 189 行.
NOTIC: [8] Undefined index: order_source D:\www\online_team\www.sale.com\Application\Fxg\Controller\OrderController.class.php 第 192 行.
NOTIC: [8] Undefined index:  D:\www\online_team\www.sale.com\Application\Fxg\Controller\OrderController.class.php 第 192 行.
NOTIC: [8] Undefined offset: 0 D:\www\online_team\www.sale.com\Application\Fxg\Controller\OrderController.class.php 第 189 行.
NOTIC: [8] Undefined index: order_source D:\www\online_team\www.sale.com\Application\Fxg\Controller\OrderController.class.php 第 192 行.
NOTIC: [8] Undefined index:  D:\www\online_team\www.sale.com\Application\Fxg\Controller\OrderController.class.php 第 192 行.
NOTIC: [8] Undefined offset: 0 D:\www\online_team\www.sale.com\Application\Fxg\Controller\OrderController.class.php 第 189 行.
NOTIC: [8] Undefined index: order_source D:\www\online_team\www.sale.com\Application\Fxg\Controller\OrderController.class.php 第 192 行.
NOTIC: [8] Undefined index:  D:\www\online_team\www.sale.com\Application\Fxg\Controller\OrderController.class.php 第 192 行.
NOTIC: [8] Undefined offset: 0 D:\www\online_team\www.sale.com\Application\Fxg\Controller\OrderController.class.php 第 189 行.
NOTIC: [8] Undefined index: order_source D:\www\online_team\www.sale.com\Application\Fxg\Controller\OrderController.class.php 第 192 行.
NOTIC: [8] Undefined index:  D:\www\online_team\www.sale.com\Application\Fxg\Controller\OrderController.class.php 第 192 行.
NOTIC: [8] Undefined offset: 0 D:\www\online_team\www.sale.com\Application\Fxg\Controller\OrderController.class.php 第 189 行.
NOTIC: [8] Undefined index: order_source D:\www\online_team\www.sale.com\Application\Fxg\Controller\OrderController.class.php 第 192 行.
NOTIC: [8] Undefined index:  D:\www\online_team\www.sale.com\Application\Fxg\Controller\OrderController.class.php 第 192 行.
NOTIC: [8] Undefined offset: 0 D:\www\online_team\www.sale.com\Application\Fxg\Controller\OrderController.class.php 第 189 行.
NOTIC: [8] Undefined index: order_source D:\www\online_team\www.sale.com\Application\Fxg\Controller\OrderController.class.php 第 192 行.
NOTIC: [8] Undefined index:  D:\www\online_team\www.sale.com\Application\Fxg\Controller\OrderController.class.php 第 192 行.
NOTIC: [8] Undefined offset: 0 D:\www\online_team\www.sale.com\Application\Fxg\Controller\OrderController.class.php 第 189 行.
NOTIC: [8] Undefined index: order_source D:\www\online_team\www.sale.com\Application\Fxg\Controller\OrderController.class.php 第 192 行.
NOTIC: [8] Undefined index:  D:\www\online_team\www.sale.com\Application\Fxg\Controller\OrderController.class.php 第 192 行.
NOTIC: [8] Undefined offset: 0 D:\www\online_team\www.sale.com\Application\Fxg\Controller\OrderController.class.php 第 189 行.
NOTIC: [8] Undefined index: order_source D:\www\online_team\www.sale.com\Application\Fxg\Controller\OrderController.class.php 第 192 行.
NOTIC: [8] Undefined index:  D:\www\online_team\www.sale.com\Application\Fxg\Controller\OrderController.class.php 第 192 行.
NOTIC: [8] Undefined offset: 0 D:\www\online_team\www.sale.com\Application\Fxg\Controller\OrderController.class.php 第 189 行.
NOTIC: [8] Undefined index: order_source D:\www\online_team\www.sale.com\Application\Fxg\Controller\OrderController.class.php 第 192 行.
NOTIC: [8] Undefined index:  D:\www\online_team\www.sale.com\Application\Fxg\Controller\OrderController.class.php 第 192 行.
NOTIC: [8] Undefined offset: 0 D:\www\online_team\www.sale.com\Application\Fxg\Controller\OrderController.class.php 第 189 行.
NOTIC: [8] Undefined index: order_source D:\www\online_team\www.sale.com\Application\Fxg\Controller\OrderController.class.php 第 192 行.
NOTIC: [8] Undefined index:  D:\www\online_team\www.sale.com\Application\Fxg\Controller\OrderController.class.php 第 192 行.

[ 2018-11-22T09:29:54+08:00 ] 127.0.0.1 /Order/index.html?shop_id=&order_id=&product_keyword=&order_source=&post_data=&logistics_id=&logistics_code=&pay_type=&pay_time=&order_status=2&page=1&limit=10
INFO: [ app_init ] --START--
INFO: Run Behavior\BuildLiteBehavior [ RunTime:0.000026s ]
INFO: [ app_init ] --END-- [ RunTime:0.001001s ]
INFO: [ app_begin ] --START--
INFO: Run Behavior\ReadHtmlCacheBehavior [ RunTime:0.001035s ]
INFO: [ app_begin ] --END-- [ RunTime:0.001108s ]
SQL: SHOW COLUMNS FROM `fxg_order` [ RunTime:0.0625s ]
SQL: SELECT COUNT(id) AS tp_count FROM `fxg_order` WHERE `order_status` = 2 AND `shop_id` IN ('1','2','3','4','6') LIMIT 1   [ RunTime:0.0624s ]
SQL: SELECT * FROM `fxg_order` WHERE `order_status` = 2 AND `shop_id` IN ('1','2','3','4','6') ORDER BY create_time desc LIMIT 0,10   [ RunTime:0.0651s ]
NOTIC: [8] Undefined offset: 0 D:\www\online_team\www.sale.com\Application\Fxg\Controller\OrderController.class.php 第 189 行.
NOTIC: [8] Undefined index: order_source D:\www\online_team\www.sale.com\Application\Fxg\Controller\OrderController.class.php 第 192 行.
NOTIC: [8] Undefined index:  D:\www\online_team\www.sale.com\Application\Fxg\Controller\OrderController.class.php 第 192 行.
NOTIC: [8] Undefined offset: 0 D:\www\online_team\www.sale.com\Application\Fxg\Controller\OrderController.class.php 第 189 行.
NOTIC: [8] Undefined index: order_source D:\www\online_team\www.sale.com\Application\Fxg\Controller\OrderController.class.php 第 192 行.
NOTIC: [8] Undefined index:  D:\www\online_team\www.sale.com\Application\Fxg\Controller\OrderController.class.php 第 192 行.
NOTIC: [8] Undefined offset: 0 D:\www\online_team\www.sale.com\Application\Fxg\Controller\OrderController.class.php 第 189 行.
NOTIC: [8] Undefined index: order_source D:\www\online_team\www.sale.com\Application\Fxg\Controller\OrderController.class.php 第 192 行.
NOTIC: [8] Undefined index:  D:\www\online_team\www.sale.com\Application\Fxg\Controller\OrderController.class.php 第 192 行.
NOTIC: [8] Undefined offset: 0 D:\www\online_team\www.sale.com\Application\Fxg\Controller\OrderController.class.php 第 189 行.
NOTIC: [8] Undefined index: order_source D:\www\online_team\www.sale.com\Application\Fxg\Controller\OrderController.class.php 第 192 行.
NOTIC: [8] Undefined index:  D:\www\online_team\www.sale.com\Application\Fxg\Controller\OrderController.class.php 第 192 行.
NOTIC: [8] Undefined offset: 0 D:\www\online_team\www.sale.com\Application\Fxg\Controller\OrderController.class.php 第 189 行.
NOTIC: [8] Undefined index: order_source D:\www\online_team\www.sale.com\Application\Fxg\Controller\OrderController.class.php 第 192 行.
NOTIC: [8] Undefined index:  D:\www\online_team\www.sale.com\Application\Fxg\Controller\OrderController.class.php 第 192 行.
NOTIC: [8] Undefined offset: 0 D:\www\online_team\www.sale.com\Application\Fxg\Controller\OrderController.class.php 第 189 行.
NOTIC: [8] Undefined index: order_source D:\www\online_team\www.sale.com\Application\Fxg\Controller\OrderController.class.php 第 192 行.
NOTIC: [8] Undefined index:  D:\www\online_team\www.sale.com\Application\Fxg\Controller\OrderController.class.php 第 192 行.
NOTIC: [8] Undefined offset: 0 D:\www\online_team\www.sale.com\Application\Fxg\Controller\OrderController.class.php 第 189 行.
NOTIC: [8] Undefined index: order_source D:\www\online_team\www.sale.com\Application\Fxg\Controller\OrderController.class.php 第 192 行.
NOTIC: [8] Undefined index:  D:\www\online_team\www.sale.com\Application\Fxg\Controller\OrderController.class.php 第 192 行.
NOTIC: [8] Undefined offset: 0 D:\www\online_team\www.sale.com\Application\Fxg\Controller\OrderController.class.php 第 189 行.
NOTIC: [8] Undefined index: order_source D:\www\online_team\www.sale.com\Application\Fxg\Controller\OrderController.class.php 第 192 行.
NOTIC: [8] Undefined index:  D:\www\online_team\www.sale.com\Application\Fxg\Controller\OrderController.class.php 第 192 行.
NOTIC: [8] Undefined offset: 0 D:\www\online_team\www.sale.com\Application\Fxg\Controller\OrderController.class.php 第 189 行.
NOTIC: [8] Undefined index: order_source D:\www\online_team\www.sale.com\Application\Fxg\Controller\OrderController.class.php 第 192 行.
NOTIC: [8] Undefined index:  D:\www\online_team\www.sale.com\Application\Fxg\Controller\OrderController.class.php 第 192 行.
NOTIC: [8] Undefined offset: 0 D:\www\online_team\www.sale.com\Application\Fxg\Controller\OrderController.class.php 第 189 行.
NOTIC: [8] Undefined index: order_source D:\www\online_team\www.sale.com\Application\Fxg\Controller\OrderController.class.php 第 192 行.
NOTIC: [8] Undefined index:  D:\www\online_team\www.sale.com\Application\Fxg\Controller\OrderController.class.php 第 192 行.

[ 2018-11-22T09:29:59+08:00 ] 127.0.0.1 /Order/index.html?shop_id=&order_id=&product_keyword=&order_source=&post_data=&logistics_id=&logistics_code=&pay_type=&pay_time=&order_status=2&page=3&limit=10
INFO: [ app_init ] --START--
INFO: Run Behavior\BuildLiteBehavior [ RunTime:0.000013s ]
INFO: [ app_init ] --END-- [ RunTime:0.000620s ]
INFO: [ app_begin ] --START--
INFO: Run Behavior\ReadHtmlCacheBehavior [ RunTime:0.000698s ]
INFO: [ app_begin ] --END-- [ RunTime:0.000740s ]
SQL: SHOW COLUMNS FROM `fxg_order` [ RunTime:0.0660s ]
SQL: SELECT COUNT(id) AS tp_count FROM `fxg_order` WHERE `order_status` = 2 AND `shop_id` IN ('1','2','3','4','6') LIMIT 1   [ RunTime:0.0659s ]
SQL: SELECT * FROM `fxg_order` WHERE `order_status` = 2 AND `shop_id` IN ('1','2','3','4','6') ORDER BY create_time desc LIMIT 20,10   [ RunTime:0.1308s ]
NOTIC: [8] Undefined offset: 0 D:\www\online_team\www.sale.com\Application\Fxg\Controller\OrderController.class.php 第 189 行.
NOTIC: [8] Undefined index: order_source D:\www\online_team\www.sale.com\Application\Fxg\Controller\OrderController.class.php 第 192 行.
NOTIC: [8] Undefined index:  D:\www\online_team\www.sale.com\Application\Fxg\Controller\OrderController.class.php 第 192 行.
NOTIC: [8] Undefined offset: 0 D:\www\online_team\www.sale.com\Application\Fxg\Controller\OrderController.class.php 第 189 行.
NOTIC: [8] Undefined index: order_source D:\www\online_team\www.sale.com\Application\Fxg\Controller\OrderController.class.php 第 192 行.
NOTIC: [8] Undefined index:  D:\www\online_team\www.sale.com\Application\Fxg\Controller\OrderController.class.php 第 192 行.
NOTIC: [8] Undefined offset: 0 D:\www\online_team\www.sale.com\Application\Fxg\Controller\OrderController.class.php 第 189 行.
NOTIC: [8] Undefined index: order_source D:\www\online_team\www.sale.com\Application\Fxg\Controller\OrderController.class.php 第 192 行.
NOTIC: [8] Undefined index:  D:\www\online_team\www.sale.com\Application\Fxg\Controller\OrderController.class.php 第 192 行.
NOTIC: [8] Undefined offset: 0 D:\www\online_team\www.sale.com\Application\Fxg\Controller\OrderController.class.php 第 189 行.
NOTIC: [8] Undefined index: order_source D:\www\online_team\www.sale.com\Application\Fxg\Controller\OrderController.class.php 第 192 行.
NOTIC: [8] Undefined index:  D:\www\online_team\www.sale.com\Application\Fxg\Controller\OrderController.class.php 第 192 行.
NOTIC: [8] Undefined offset: 0 D:\www\online_team\www.sale.com\Application\Fxg\Controller\OrderController.class.php 第 189 行.
NOTIC: [8] Undefined index: order_source D:\www\online_team\www.sale.com\Application\Fxg\Controller\OrderController.class.php 第 192 行.
NOTIC: [8] Undefined index:  D:\www\online_team\www.sale.com\Application\Fxg\Controller\OrderController.class.php 第 192 行.
NOTIC: [8] Undefined offset: 0 D:\www\online_team\www.sale.com\Application\Fxg\Controller\OrderController.class.php 第 189 行.
NOTIC: [8] Undefined index: order_source D:\www\online_team\www.sale.com\Application\Fxg\Controller\OrderController.class.php 第 192 行.
NOTIC: [8] Undefined index:  D:\www\online_team\www.sale.com\Application\Fxg\Controller\OrderController.class.php 第 192 行.
NOTIC: [8] Undefined offset: 0 D:\www\online_team\www.sale.com\Application\Fxg\Controller\OrderController.class.php 第 189 行.
NOTIC: [8] Undefined index: order_source D:\www\online_team\www.sale.com\Application\Fxg\Controller\OrderController.class.php 第 192 行.
NOTIC: [8] Undefined index:  D:\www\online_team\www.sale.com\Application\Fxg\Controller\OrderController.class.php 第 192 行.
NOTIC: [8] Undefined offset: 0 D:\www\online_team\www.sale.com\Application\Fxg\Controller\OrderController.class.php 第 189 行.
NOTIC: [8] Undefined index: order_source D:\www\online_team\www.sale.com\Application\Fxg\Controller\OrderController.class.php 第 192 行.
NOTIC: [8] Undefined index:  D:\www\online_team\www.sale.com\Application\Fxg\Controller\OrderController.class.php 第 192 行.
NOTIC: [8] Undefined offset: 0 D:\www\online_team\www.sale.com\Application\Fxg\Controller\OrderController.class.php 第 189 行.
NOTIC: [8] Undefined index: order_source D:\www\online_team\www.sale.com\Application\Fxg\Controller\OrderController.class.php 第 192 行.
NOTIC: [8] Undefined index:  D:\www\online_team\www.sale.com\Application\Fxg\Controller\OrderController.class.php 第 192 行.
NOTIC: [8] Undefined offset: 0 D:\www\online_team\www.sale.com\Application\Fxg\Controller\OrderController.class.php 第 189 行.
NOTIC: [8] Undefined index: order_source D:\www\online_team\www.sale.com\Application\Fxg\Controller\OrderController.class.php 第 192 行.
NOTIC: [8] Undefined index:  D:\www\online_team\www.sale.com\Application\Fxg\Controller\OrderController.class.php 第 192 行.

[ 2018-11-22T09:30:02+08:00 ] 127.0.0.1 /Order/index.html?shop_id=&order_id=&product_keyword=&order_source=&post_data=&logistics_id=&logistics_code=&pay_type=&pay_time=&order_status=2&page=5&limit=10
INFO: [ app_init ] --START--
INFO: Run Behavior\BuildLiteBehavior [ RunTime:0.000022s ]
INFO: [ app_init ] --END-- [ RunTime:0.000743s ]
INFO: [ app_begin ] --START--
INFO: Run Behavior\ReadHtmlCacheBehavior [ RunTime:0.000957s ]
INFO: [ app_begin ] --END-- [ RunTime:0.001028s ]
SQL: SHOW COLUMNS FROM `fxg_order` [ RunTime:0.0625s ]
SQL: SELECT COUNT(id) AS tp_count FROM `fxg_order` WHERE `order_status` = 2 AND `shop_id` IN ('1','2','3','4','6') LIMIT 1   [ RunTime:0.0628s ]
SQL: SELECT * FROM `fxg_order` WHERE `order_status` = 2 AND `shop_id` IN ('1','2','3','4','6') ORDER BY create_time desc LIMIT 40,10   [ RunTime:0.0653s ]
NOTIC: [8] Undefined offset: 0 D:\www\online_team\www.sale.com\Application\Fxg\Controller\OrderController.class.php 第 189 行.
NOTIC: [8] Undefined index: order_source D:\www\online_team\www.sale.com\Application\Fxg\Controller\OrderController.class.php 第 192 行.
NOTIC: [8] Undefined index:  D:\www\online_team\www.sale.com\Application\Fxg\Controller\OrderController.class.php 第 192 行.
NOTIC: [8] Undefined offset: 0 D:\www\online_team\www.sale.com\Application\Fxg\Controller\OrderController.class.php 第 189 行.
NOTIC: [8] Undefined index: order_source D:\www\online_team\www.sale.com\Application\Fxg\Controller\OrderController.class.php 第 192 行.
NOTIC: [8] Undefined index:  D:\www\online_team\www.sale.com\Application\Fxg\Controller\OrderController.class.php 第 192 行.
NOTIC: [8] Undefined offset: 0 D:\www\online_team\www.sale.com\Application\Fxg\Controller\OrderController.class.php 第 189 行.
NOTIC: [8] Undefined index: order_source D:\www\online_team\www.sale.com\Application\Fxg\Controller\OrderController.class.php 第 192 行.
NOTIC: [8] Undefined index:  D:\www\online_team\www.sale.com\Application\Fxg\Controller\OrderController.class.php 第 192 行.
NOTIC: [8] Undefined offset: 0 D:\www\online_team\www.sale.com\Application\Fxg\Controller\OrderController.class.php 第 189 行.
NOTIC: [8] Undefined index: order_source D:\www\online_team\www.sale.com\Application\Fxg\Controller\OrderController.class.php 第 192 行.
NOTIC: [8] Undefined index:  D:\www\online_team\www.sale.com\Application\Fxg\Controller\OrderController.class.php 第 192 行.
NOTIC: [8] Undefined offset: 0 D:\www\online_team\www.sale.com\Application\Fxg\Controller\OrderController.class.php 第 189 行.
NOTIC: [8] Undefined index: order_source D:\www\online_team\www.sale.com\Application\Fxg\Controller\OrderController.class.php 第 192 行.
NOTIC: [8] Undefined index:  D:\www\online_team\www.sale.com\Application\Fxg\Controller\OrderController.class.php 第 192 行.

[ 2018-11-22T09:30:05+08:00 ] 127.0.0.1 /Order/index.html?shop_id=&order_id=&product_keyword=&order_source=&post_data=&logistics_id=&logistics_code=&pay_type=&pay_time=&order_status=2&page=1&limit=10
INFO: [ app_init ] --START--
INFO: Run Behavior\BuildLiteBehavior [ RunTime:0.000014s ]
INFO: [ app_init ] --END-- [ RunTime:0.000641s ]
INFO: [ app_begin ] --START--
INFO: Run Behavior\ReadHtmlCacheBehavior [ RunTime:0.000733s ]
INFO: [ app_begin ] --END-- [ RunTime:0.000775s ]
SQL: SHOW COLUMNS FROM `fxg_order` [ RunTime:0.0618s ]
SQL: SELECT COUNT(id) AS tp_count FROM `fxg_order` WHERE `order_status` = 2 AND `shop_id` IN ('1','2','3','4','6') LIMIT 1   [ RunTime:0.0621s ]
SQL: SELECT * FROM `fxg_order` WHERE `order_status` = 2 AND `shop_id` IN ('1','2','3','4','6') ORDER BY create_time desc LIMIT 0,10   [ RunTime:0.1227s ]
NOTIC: [8] Undefined offset: 0 D:\www\online_team\www.sale.com\Application\Fxg\Controller\OrderController.class.php 第 189 行.
NOTIC: [8] Undefined index: order_source D:\www\online_team\www.sale.com\Application\Fxg\Controller\OrderController.class.php 第 192 行.
NOTIC: [8] Undefined index:  D:\www\online_team\www.sale.com\Application\Fxg\Controller\OrderController.class.php 第 192 行.
NOTIC: [8] Undefined offset: 0 D:\www\online_team\www.sale.com\Application\Fxg\Controller\OrderController.class.php 第 189 行.
NOTIC: [8] Undefined index: order_source D:\www\online_team\www.sale.com\Application\Fxg\Controller\OrderController.class.php 第 192 行.
NOTIC: [8] Undefined index:  D:\www\online_team\www.sale.com\Application\Fxg\Controller\OrderController.class.php 第 192 行.
NOTIC: [8] Undefined offset: 0 D:\www\online_team\www.sale.com\Application\Fxg\Controller\OrderController.class.php 第 189 行.
NOTIC: [8] Undefined index: order_source D:\www\online_team\www.sale.com\Application\Fxg\Controller\OrderController.class.php 第 192 行.
NOTIC: [8] Undefined index:  D:\www\online_team\www.sale.com\Application\Fxg\Controller\OrderController.class.php 第 192 行.
NOTIC: [8] Undefined offset: 0 D:\www\online_team\www.sale.com\Application\Fxg\Controller\OrderController.class.php 第 189 行.
NOTIC: [8] Undefined index: order_source D:\www\online_team\www.sale.com\Application\Fxg\Controller\OrderController.class.php 第 192 行.
NOTIC: [8] Undefined index:  D:\www\online_team\www.sale.com\Application\Fxg\Controller\OrderController.class.php 第 192 行.
NOTIC: [8] Undefined offset: 0 D:\www\online_team\www.sale.com\Application\Fxg\Controller\OrderController.class.php 第 189 行.
NOTIC: [8] Undefined index: order_source D:\www\online_team\www.sale.com\Application\Fxg\Controller\OrderController.class.php 第 192 行.
NOTIC: [8] Undefined index:  D:\www\online_team\www.sale.com\Application\Fxg\Controller\OrderController.class.php 第 192 行.
NOTIC: [8] Undefined offset: 0 D:\www\online_team\www.sale.com\Application\Fxg\Controller\OrderController.class.php 第 189 行.
NOTIC: [8] Undefined index: order_source D:\www\online_team\www.sale.com\Application\Fxg\Controller\OrderController.class.php 第 192 行.
NOTIC: [8] Undefined index:  D:\www\online_team\www.sale.com\Application\Fxg\Controller\OrderController.class.php 第 192 行.
NOTIC: [8] Undefined offset: 0 D:\www\online_team\www.sale.com\Application\Fxg\Controller\OrderController.class.php 第 189 行.
NOTIC: [8] Undefined index: order_source D:\www\online_team\www.sale.com\Application\Fxg\Controller\OrderController.class.php 第 192 行.
NOTIC: [8] Undefined index:  D:\www\online_team\www.sale.com\Application\Fxg\Controller\OrderController.class.php 第 192 行.
NOTIC: [8] Undefined offset: 0 D:\www\online_team\www.sale.com\Application\Fxg\Controller\OrderController.class.php 第 189 行.
NOTIC: [8] Undefined index: order_source D:\www\online_team\www.sale.com\Application\Fxg\Controller\OrderController.class.php 第 192 行.
NOTIC: [8] Undefined index:  D:\www\online_team\www.sale.com\Application\Fxg\Controller\OrderController.class.php 第 192 行.
NOTIC: [8] Undefined offset: 0 D:\www\online_team\www.sale.com\Application\Fxg\Controller\OrderController.class.php 第 189 行.
NOTIC: [8] Undefined index: order_source D:\www\online_team\www.sale.com\Application\Fxg\Controller\OrderController.class.php 第 192 行.
NOTIC: [8] Undefined index:  D:\www\online_team\www.sale.com\Application\Fxg\Controller\OrderController.class.php 第 192 行.
NOTIC: [8] Undefined offset: 0 D:\www\online_team\www.sale.com\Application\Fxg\Controller\OrderController.class.php 第 189 行.
NOTIC: [8] Undefined index: order_source D:\www\online_team\www.sale.com\Application\Fxg\Controller\OrderController.class.php 第 192 行.
NOTIC: [8] Undefined index:  D:\www\online_team\www.sale.com\Application\Fxg\Controller\OrderController.class.php 第 192 行.

[ 2018-11-22T09:30:07+08:00 ] 127.0.0.1 /Order/index.html?shop_id=&order_id=&product_keyword=&order_source=&post_data=&logistics_id=&logistics_code=&pay_type=&pay_time=&order_status=5&page=1&limit=10
INFO: [ app_init ] --START--
INFO: Run Behavior\BuildLiteBehavior [ RunTime:0.000023s ]
INFO: [ app_init ] --END-- [ RunTime:0.000855s ]
INFO: [ app_begin ] --START--
INFO: Run Behavior\ReadHtmlCacheBehavior [ RunTime:0.000932s ]
INFO: [ app_begin ] --END-- [ RunTime:0.001000s ]
SQL: SHOW COLUMNS FROM `fxg_order` [ RunTime:0.0624s ]
SQL: SELECT COUNT(id) AS tp_count FROM `fxg_order` WHERE `order_status` = 5 AND `shop_id` IN ('1','2','3','4','6') LIMIT 1   [ RunTime:0.0629s ]
SQL: SELECT * FROM `fxg_order` WHERE `order_status` = 5 AND `shop_id` IN ('1','2','3','4','6') ORDER BY create_time desc LIMIT 0,10   [ RunTime:0.1240s ]
NOTIC: [8] Undefined index: order_source D:\www\online_team\www.sale.com\Application\Fxg\Controller\OrderController.class.php 第 192 行.
NOTIC: [8] Undefined index:  D:\www\online_team\www.sale.com\Application\Fxg\Controller\OrderController.class.php 第 192 行.
NOTIC: [8] Undefined index: order_source D:\www\online_team\www.sale.com\Application\Fxg\Controller\OrderController.class.php 第 192 行.
NOTIC: [8] Undefined index:  D:\www\online_team\www.sale.com\Application\Fxg\Controller\OrderController.class.php 第 192 行.
NOTIC: [8] Undefined index: order_source D:\www\online_team\www.sale.com\Application\Fxg\Controller\OrderController.class.php 第 192 行.
NOTIC: [8] Undefined index:  D:\www\online_team\www.sale.com\Application\Fxg\Controller\OrderController.class.php 第 192 行.
NOTIC: [8] Undefined index: order_source D:\www\online_team\www.sale.com\Application\Fxg\Controller\OrderController.class.php 第 192 行.
NOTIC: [8] Undefined index:  D:\www\online_team\www.sale.com\Application\Fxg\Controller\OrderController.class.php 第 192 行.
NOTIC: [8] Undefined index: order_source D:\www\online_team\www.sale.com\Application\Fxg\Controller\OrderController.class.php 第 192 行.
NOTIC: [8] Undefined index:  D:\www\online_team\www.sale.com\Application\Fxg\Controller\OrderController.class.php 第 192 行.
NOTIC: [8] Undefined index: order_source D:\www\online_team\www.sale.com\Application\Fxg\Controller\OrderController.class.php 第 192 行.
NOTIC: [8] Undefined index:  D:\www\online_team\www.sale.com\Application\Fxg\Controller\OrderController.class.php 第 192 行.
NOTIC: [8] Undefined index: order_source D:\www\online_team\www.sale.com\Application\Fxg\Controller\OrderController.class.php 第 192 行.
NOTIC: [8] Undefined index:  D:\www\online_team\www.sale.com\Application\Fxg\Controller\OrderController.class.php 第 192 行.
NOTIC: [8] Undefined index: order_source D:\www\online_team\www.sale.com\Application\Fxg\Controller\OrderController.class.php 第 192 行.
NOTIC: [8] Undefined index:  D:\www\online_team\www.sale.com\Application\Fxg\Controller\OrderController.class.php 第 192 行.
NOTIC: [8] Undefined index: order_source D:\www\online_team\www.sale.com\Application\Fxg\Controller\OrderController.class.php 第 192 行.
NOTIC: [8] Undefined index:  D:\www\online_team\www.sale.com\Application\Fxg\Controller\OrderController.class.php 第 192 行.
NOTIC: [8] Undefined index: order_source D:\www\online_team\www.sale.com\Application\Fxg\Controller\OrderController.class.php 第 192 行.
NOTIC: [8] Undefined index:  D:\www\online_team\www.sale.com\Application\Fxg\Controller\OrderController.class.php 第 192 行.

[ 2018-11-22T09:30:12+08:00 ] 127.0.0.1 /Order/index.html?shop_id=&order_id=&product_keyword=&order_source=&post_data=&logistics_id=&logistics_code=&pay_type=&pay_time=&order_status=5&page=3&limit=10
INFO: [ app_init ] --START--
INFO: Run Behavior\BuildLiteBehavior [ RunTime:0.000014s ]
INFO: [ app_init ] --END-- [ RunTime:0.000714s ]
INFO: [ app_begin ] --START--
INFO: Run Behavior\ReadHtmlCacheBehavior [ RunTime:0.000847s ]
INFO: [ app_begin ] --END-- [ RunTime:0.000900s ]
SQL: SHOW COLUMNS FROM `fxg_order` [ RunTime:0.0628s ]
SQL: SELECT COUNT(id) AS tp_count FROM `fxg_order` WHERE `order_status` = 5 AND `shop_id` IN ('1','2','3','4','6') LIMIT 1   [ RunTime:0.0626s ]
SQL: SELECT * FROM `fxg_order` WHERE `order_status` = 5 AND `shop_id` IN ('1','2','3','4','6') ORDER BY create_time desc LIMIT 20,10   [ RunTime:0.1262s ]
NOTIC: [8] Undefined index: order_source D:\www\online_team\www.sale.com\Application\Fxg\Controller\OrderController.class.php 第 192 行.
NOTIC: [8] Undefined index:  D:\www\online_team\www.sale.com\Application\Fxg\Controller\OrderController.class.php 第 192 行.
NOTIC: [8] Undefined index: order_source D:\www\online_team\www.sale.com\Application\Fxg\Controller\OrderController.class.php 第 192 行.
NOTIC: [8] Undefined index:  D:\www\online_team\www.sale.com\Application\Fxg\Controller\OrderController.class.php 第 192 行.
NOTIC: [8] Undefined index: order_source D:\www\online_team\www.sale.com\Application\Fxg\Controller\OrderController.class.php 第 192 行.
NOTIC: [8] Undefined index:  D:\www\online_team\www.sale.com\Application\Fxg\Controller\OrderController.class.php 第 192 行.
NOTIC: [8] Undefined index: order_source D:\www\online_team\www.sale.com\Application\Fxg\Controller\OrderController.class.php 第 192 行.
NOTIC: [8] Undefined index:  D:\www\online_team\www.sale.com\Application\Fxg\Controller\OrderController.class.php 第 192 行.
NOTIC: [8] Undefined index: order_source D:\www\online_team\www.sale.com\Application\Fxg\Controller\OrderController.class.php 第 192 行.
NOTIC: [8] Undefined index:  D:\www\online_team\www.sale.com\Application\Fxg\Controller\OrderController.class.php 第 192 行.
NOTIC: [8] Undefined index: order_source D:\www\online_team\www.sale.com\Application\Fxg\Controller\OrderController.class.php 第 192 行.
NOTIC: [8] Undefined index:  D:\www\online_team\www.sale.com\Application\Fxg\Controller\OrderController.class.php 第 192 行.
NOTIC: [8] Undefined index: order_source D:\www\online_team\www.sale.com\Application\Fxg\Controller\OrderController.class.php 第 192 行.
NOTIC: [8] Undefined index:  D:\www\online_team\www.sale.com\Application\Fxg\Controller\OrderController.class.php 第 192 行.
NOTIC: [8] Undefined index: order_source D:\www\online_team\www.sale.com\Application\Fxg\Controller\OrderController.class.php 第 192 行.
NOTIC: [8] Undefined index:  D:\www\online_team\www.sale.com\Application\Fxg\Controller\OrderController.class.php 第 192 行.
NOTIC: [8] Undefined index: order_source D:\www\online_team\www.sale.com\Application\Fxg\Controller\OrderController.class.php 第 192 行.
NOTIC: [8] Undefined index:  D:\www\online_team\www.sale.com\Application\Fxg\Controller\OrderController.class.php 第 192 行.
NOTIC: [8] Undefined index: order_source D:\www\online_team\www.sale.com\Application\Fxg\Controller\OrderController.class.php 第 192 行.
NOTIC: [8] Undefined index:  D:\www\online_team\www.sale.com\Application\Fxg\Controller\OrderController.class.php 第 192 行.

[ 2018-11-22T09:30:15+08:00 ] 127.0.0.1 /Order/index.html?shop_id=&order_id=&product_keyword=&order_source=&post_data=&logistics_id=&logistics_code=&pay_type=&pay_time=&order_status=5&page=5&limit=10
INFO: [ app_init ] --START--
INFO: Run Behavior\BuildLiteBehavior [ RunTime:0.000015s ]
INFO: [ app_init ] --END-- [ RunTime:0.000650s ]
INFO: [ app_begin ] --START--
INFO: Run Behavior\ReadHtmlCacheBehavior [ RunTime:0.000756s ]
INFO: [ app_begin ] --END-- [ RunTime:0.000802s ]
SQL: SHOW COLUMNS FROM `fxg_order` [ RunTime:0.0624s ]
SQL: SELECT COUNT(id) AS tp_count FROM `fxg_order` WHERE `order_status` = 5 AND `shop_id` IN ('1','2','3','4','6') LIMIT 1   [ RunTime:0.0641s ]
SQL: SELECT * FROM `fxg_order` WHERE `order_status` = 5 AND `shop_id` IN ('1','2','3','4','6') ORDER BY create_time desc LIMIT 40,10   [ RunTime:0.1256s ]
NOTIC: [8] Undefined index: order_source D:\www\online_team\www.sale.com\Application\Fxg\Controller\OrderController.class.php 第 192 行.
NOTIC: [8] Undefined index:  D:\www\online_team\www.sale.com\Application\Fxg\Controller\OrderController.class.php 第 192 行.
NOTIC: [8] Undefined index: order_source D:\www\online_team\www.sale.com\Application\Fxg\Controller\OrderController.class.php 第 192 行.
NOTIC: [8] Undefined index:  D:\www\online_team\www.sale.com\Application\Fxg\Controller\OrderController.class.php 第 192 行.
NOTIC: [8] Undefined index: order_source D:\www\online_team\www.sale.com\Application\Fxg\Controller\OrderController.class.php 第 192 行.
NOTIC: [8] Undefined index:  D:\www\online_team\www.sale.com\Application\Fxg\Controller\OrderController.class.php 第 192 行.
NOTIC: [8] Undefined index: order_source D:\www\online_team\www.sale.com\Application\Fxg\Controller\OrderController.class.php 第 192 行.
NOTIC: [8] Undefined index:  D:\www\online_team\www.sale.com\Application\Fxg\Controller\OrderController.class.php 第 192 行.
NOTIC: [8] Undefined index: order_source D:\www\online_team\www.sale.com\Application\Fxg\Controller\OrderController.class.php 第 192 行.
NOTIC: [8] Undefined index:  D:\www\online_team\www.sale.com\Application\Fxg\Controller\OrderController.class.php 第 192 行.
NOTIC: [8] Undefined index: order_source D:\www\online_team\www.sale.com\Application\Fxg\Controller\OrderController.class.php 第 192 行.
NOTIC: [8] Undefined index:  D:\www\online_team\www.sale.com\Application\Fxg\Controller\OrderController.class.php 第 192 行.
NOTIC: [8] Undefined index: order_source D:\www\online_team\www.sale.com\Application\Fxg\Controller\OrderController.class.php 第 192 行.
NOTIC: [8] Undefined index:  D:\www\online_team\www.sale.com\Application\Fxg\Controller\OrderController.class.php 第 192 行.
NOTIC: [8] Undefined index: order_source D:\www\online_team\www.sale.com\Application\Fxg\Controller\OrderController.class.php 第 192 行.
NOTIC: [8] Undefined index:  D:\www\online_team\www.sale.com\Application\Fxg\Controller\OrderController.class.php 第 192 行.
NOTIC: [8] Undefined index: order_source D:\www\online_team\www.sale.com\Application\Fxg\Controller\OrderController.class.php 第 192 行.
NOTIC: [8] Undefined index:  D:\www\online_team\www.sale.com\Application\Fxg\Controller\OrderController.class.php 第 192 行.
NOTIC: [8] Undefined index: order_source D:\www\online_team\www.sale.com\Application\Fxg\Controller\OrderController.class.php 第 192 行.
NOTIC: [8] Undefined index:  D:\www\online_team\www.sale.com\Application\Fxg\Controller\OrderController.class.php 第 192 行.

[ 2018-11-22T09:30:17+08:00 ] 127.0.0.1 /Order/index.html?shop_id=&order_id=&product_keyword=&order_source=&post_data=&logistics_id=&logistics_code=&pay_type=&pay_time=&order_status=5&page=1&limit=10
INFO: [ app_init ] --START--
INFO: Run Behavior\BuildLiteBehavior [ RunTime:0.000015s ]
INFO: [ app_init ] --END-- [ RunTime:0.000689s ]
INFO: [ app_begin ] --START--
INFO: Run Behavior\ReadHtmlCacheBehavior [ RunTime:0.000749s ]
INFO: [ app_begin ] --END-- [ RunTime:0.000792s ]
SQL: SHOW COLUMNS FROM `fxg_order` [ RunTime:0.0661s ]
SQL: SELECT COUNT(id) AS tp_count FROM `fxg_order` WHERE `order_status` = 5 AND `shop_id` IN ('1','2','3','4','6') LIMIT 1   [ RunTime:0.0661s ]
SQL: SELECT * FROM `fxg_order` WHERE `order_status` = 5 AND `shop_id` IN ('1','2','3','4','6') ORDER BY create_time desc LIMIT 0,10   [ RunTime:0.0682s ]
NOTIC: [8] Undefined index: order_source D:\www\online_team\www.sale.com\Application\Fxg\Controller\OrderController.class.php 第 192 行.
NOTIC: [8] Undefined index:  D:\www\online_team\www.sale.com\Application\Fxg\Controller\OrderController.class.php 第 192 行.
NOTIC: [8] Undefined index: order_source D:\www\online_team\www.sale.com\Application\Fxg\Controller\OrderController.class.php 第 192 行.
NOTIC: [8] Undefined index:  D:\www\online_team\www.sale.com\Application\Fxg\Controller\OrderController.class.php 第 192 行.
NOTIC: [8] Undefined index: order_source D:\www\online_team\www.sale.com\Application\Fxg\Controller\OrderController.class.php 第 192 行.
NOTIC: [8] Undefined index:  D:\www\online_team\www.sale.com\Application\Fxg\Controller\OrderController.class.php 第 192 行.
NOTIC: [8] Undefined index: order_source D:\www\online_team\www.sale.com\Application\Fxg\Controller\OrderController.class.php 第 192 行.
NOTIC: [8] Undefined index:  D:\www\online_team\www.sale.com\Application\Fxg\Controller\OrderController.class.php 第 192 行.
NOTIC: [8] Undefined index: order_source D:\www\online_team\www.sale.com\Application\Fxg\Controller\OrderController.class.php 第 192 行.
NOTIC: [8] Undefined index:  D:\www\online_team\www.sale.com\Application\Fxg\Controller\OrderController.class.php 第 192 行.
NOTIC: [8] Undefined index: order_source D:\www\online_team\www.sale.com\Application\Fxg\Controller\OrderController.class.php 第 192 行.
NOTIC: [8] Undefined index:  D:\www\online_team\www.sale.com\Application\Fxg\Controller\OrderController.class.php 第 192 行.
NOTIC: [8] Undefined index: order_source D:\www\online_team\www.sale.com\Application\Fxg\Controller\OrderController.class.php 第 192 行.
NOTIC: [8] Undefined index:  D:\www\online_team\www.sale.com\Application\Fxg\Controller\OrderController.class.php 第 192 行.
NOTIC: [8] Undefined index: order_source D:\www\online_team\www.sale.com\Application\Fxg\Controller\OrderController.class.php 第 192 行.
NOTIC: [8] Undefined index:  D:\www\online_team\www.sale.com\Application\Fxg\Controller\OrderController.class.php 第 192 行.
NOTIC: [8] Undefined index: order_source D:\www\online_team\www.sale.com\Application\Fxg\Controller\OrderController.class.php 第 192 行.
NOTIC: [8] Undefined index:  D:\www\online_team\www.sale.com\Application\Fxg\Controller\OrderController.class.php 第 192 行.
NOTIC: [8] Undefined index: order_source D:\www\online_team\www.sale.com\Application\Fxg\Controller\OrderController.class.php 第 192 行.
NOTIC: [8] Undefined index:  D:\www\online_team\www.sale.com\Application\Fxg\Controller\OrderController.class.php 第 192 行.

[ 2018-11-22T09:30:19+08:00 ] 127.0.0.1 /Order/index.html?shop_id=&order_id=&product_keyword=&order_source=&post_data=&logistics_id=&logistics_code=&pay_type=&pay_time=&order_status=5&page=3&limit=10
INFO: [ app_init ] --START--
INFO: Run Behavior\BuildLiteBehavior [ RunTime:0.000015s ]
INFO: [ app_init ] --END-- [ RunTime:0.000752s ]
INFO: [ app_begin ] --START--
INFO: Run Behavior\ReadHtmlCacheBehavior [ RunTime:0.000903s ]
INFO: [ app_begin ] --END-- [ RunTime:0.000968s ]
SQL: SHOW COLUMNS FROM `fxg_order` [ RunTime:0.0622s ]
SQL: SELECT COUNT(id) AS tp_count FROM `fxg_order` WHERE `order_status` = 5 AND `shop_id` IN ('1','2','3','4','6') LIMIT 1   [ RunTime:0.0633s ]
SQL: SELECT * FROM `fxg_order` WHERE `order_status` = 5 AND `shop_id` IN ('1','2','3','4','6') ORDER BY create_time desc LIMIT 20,10   [ RunTime:0.1240s ]
NOTIC: [8] Undefined index: order_source D:\www\online_team\www.sale.com\Application\Fxg\Controller\OrderController.class.php 第 192 行.
NOTIC: [8] Undefined index:  D:\www\online_team\www.sale.com\Application\Fxg\Controller\OrderController.class.php 第 192 行.
NOTIC: [8] Undefined index: order_source D:\www\online_team\www.sale.com\Application\Fxg\Controller\OrderController.class.php 第 192 行.
NOTIC: [8] Undefined index:  D:\www\online_team\www.sale.com\Application\Fxg\Controller\OrderController.class.php 第 192 行.
NOTIC: [8] Undefined index: order_source D:\www\online_team\www.sale.com\Application\Fxg\Controller\OrderController.class.php 第 192 行.
NOTIC: [8] Undefined index:  D:\www\online_team\www.sale.com\Application\Fxg\Controller\OrderController.class.php 第 192 行.
NOTIC: [8] Undefined index: order_source D:\www\online_team\www.sale.com\Application\Fxg\Controller\OrderController.class.php 第 192 行.
NOTIC: [8] Undefined index:  D:\www\online_team\www.sale.com\Application\Fxg\Controller\OrderController.class.php 第 192 行.
NOTIC: [8] Undefined index: order_source D:\www\online_team\www.sale.com\Application\Fxg\Controller\OrderController.class.php 第 192 行.
NOTIC: [8] Undefined index:  D:\www\online_team\www.sale.com\Application\Fxg\Controller\OrderController.class.php 第 192 行.
NOTIC: [8] Undefined index: order_source D:\www\online_team\www.sale.com\Application\Fxg\Controller\OrderController.class.php 第 192 行.
NOTIC: [8] Undefined index:  D:\www\online_team\www.sale.com\Application\Fxg\Controller\OrderController.class.php 第 192 行.
NOTIC: [8] Undefined index: order_source D:\www\online_team\www.sale.com\Application\Fxg\Controller\OrderController.class.php 第 192 行.
NOTIC: [8] Undefined index:  D:\www\online_team\www.sale.com\Application\Fxg\Controller\OrderController.class.php 第 192 行.
NOTIC: [8] Undefined index: order_source D:\www\online_team\www.sale.com\Application\Fxg\Controller\OrderController.class.php 第 192 行.
NOTIC: [8] Undefined index:  D:\www\online_team\www.sale.com\Application\Fxg\Controller\OrderController.class.php 第 192 行.
NOTIC: [8] Undefined index: order_source D:\www\online_team\www.sale.com\Application\Fxg\Controller\OrderController.class.php 第 192 行.
NOTIC: [8] Undefined index:  D:\www\online_team\www.sale.com\Application\Fxg\Controller\OrderController.class.php 第 192 行.
NOTIC: [8] Undefined index: order_source D:\www\online_team\www.sale.com\Application\Fxg\Controller\OrderController.class.php 第 192 行.
NOTIC: [8] Undefined index:  D:\www\online_team\www.sale.com\Application\Fxg\Controller\OrderController.class.php 第 192 行.

[ 2018-11-22T09:30:21+08:00 ] 127.0.0.1 /Order/index.html?shop_id=&order_id=&product_keyword=&order_source=&post_data=&logistics_id=&logistics_code=&pay_type=&pay_time=&order_status=5&page=4&limit=10
INFO: [ app_init ] --START--
INFO: Run Behavior\BuildLiteBehavior [ RunTime:0.000015s ]
INFO: [ app_init ] --END-- [ RunTime:0.000733s ]
INFO: [ app_begin ] --START--
INFO: Run Behavior\ReadHtmlCacheBehavior [ RunTime:0.000888s ]
INFO: [ app_begin ] --END-- [ RunTime:0.000944s ]
SQL: SHOW COLUMNS FROM `fxg_order` [ RunTime:0.0626s ]
SQL: SELECT COUNT(id) AS tp_count FROM `fxg_order` WHERE `order_status` = 5 AND `shop_id` IN ('1','2','3','4','6') LIMIT 1   [ RunTime:0.0638s ]
SQL: SELECT * FROM `fxg_order` WHERE `order_status` = 5 AND `shop_id` IN ('1','2','3','4','6') ORDER BY create_time desc LIMIT 30,10   [ RunTime:0.1249s ]
NOTIC: [8] Undefined index: order_source D:\www\online_team\www.sale.com\Application\Fxg\Controller\OrderController.class.php 第 192 行.
NOTIC: [8] Undefined index:  D:\www\online_team\www.sale.com\Application\Fxg\Controller\OrderController.class.php 第 192 行.
NOTIC: [8] Undefined index: order_source D:\www\online_team\www.sale.com\Application\Fxg\Controller\OrderController.class.php 第 192 行.
NOTIC: [8] Undefined index:  D:\www\online_team\www.sale.com\Application\Fxg\Controller\OrderController.class.php 第 192 行.
NOTIC: [8] Undefined index: order_source D:\www\online_team\www.sale.com\Application\Fxg\Controller\OrderController.class.php 第 192 行.
NOTIC: [8] Undefined index:  D:\www\online_team\www.sale.com\Application\Fxg\Controller\OrderController.class.php 第 192 行.
NOTIC: [8] Undefined index: order_source D:\www\online_team\www.sale.com\Application\Fxg\Controller\OrderController.class.php 第 192 行.
NOTIC: [8] Undefined index:  D:\www\online_team\www.sale.com\Application\Fxg\Controller\OrderController.class.php 第 192 行.
NOTIC: [8] Undefined index: order_source D:\www\online_team\www.sale.com\Application\Fxg\Controller\OrderController.class.php 第 192 行.
NOTIC: [8] Undefined index:  D:\www\online_team\www.sale.com\Application\Fxg\Controller\OrderController.class.php 第 192 行.
NOTIC: [8] Undefined index: order_source D:\www\online_team\www.sale.com\Application\Fxg\Controller\OrderController.class.php 第 192 行.
NOTIC: [8] Undefined index:  D:\www\online_team\www.sale.com\Application\Fxg\Controller\OrderController.class.php 第 192 行.
NOTIC: [8] Undefined index: order_source D:\www\online_team\www.sale.com\Application\Fxg\Controller\OrderController.class.php 第 192 行.
NOTIC: [8] Undefined index:  D:\www\online_team\www.sale.com\Application\Fxg\Controller\OrderController.class.php 第 192 行.
NOTIC: [8] Undefined index: order_source D:\www\online_team\www.sale.com\Application\Fxg\Controller\OrderController.class.php 第 192 行.
NOTIC: [8] Undefined index:  D:\www\online_team\www.sale.com\Application\Fxg\Controller\OrderController.class.php 第 192 行.
NOTIC: [8] Undefined index: order_source D:\www\online_team\www.sale.com\Application\Fxg\Controller\OrderController.class.php 第 192 行.
NOTIC: [8] Undefined index:  D:\www\online_team\www.sale.com\Application\Fxg\Controller\OrderController.class.php 第 192 行.
NOTIC: [8] Undefined index: order_source D:\www\online_team\www.sale.com\Application\Fxg\Controller\OrderController.class.php 第 192 行.
NOTIC: [8] Undefined index:  D:\www\online_team\www.sale.com\Application\Fxg\Controller\OrderController.class.php 第 192 行.

[ 2018-11-22T09:30:22+08:00 ] 127.0.0.1 /Order/index.html?shop_id=&order_id=&product_keyword=&order_source=&post_data=&logistics_id=&logistics_code=&pay_type=&pay_time=&order_status=5&page=77&limit=10
INFO: [ app_init ] --START--
INFO: Run Behavior\BuildLiteBehavior [ RunTime:0.000012s ]
INFO: [ app_init ] --END-- [ RunTime:0.000587s ]
INFO: [ app_begin ] --START--
INFO: Run Behavior\ReadHtmlCacheBehavior [ RunTime:0.000653s ]
INFO: [ app_begin ] --END-- [ RunTime:0.000690s ]
SQL: SHOW COLUMNS FROM `fxg_order` [ RunTime:0.0632s ]
SQL: SELECT COUNT(id) AS tp_count FROM `fxg_order` WHERE `order_status` = 5 AND `shop_id` IN ('1','2','3','4','6') LIMIT 1   [ RunTime:0.0643s ]
SQL: SELECT * FROM `fxg_order` WHERE `order_status` = 5 AND `shop_id` IN ('1','2','3','4','6') ORDER BY create_time desc LIMIT 760,10   [ RunTime:0.0679s ]
NOTIC: [8] Undefined index: order_source D:\www\online_team\www.sale.com\Application\Fxg\Controller\OrderController.class.php 第 192 行.
NOTIC: [8] Undefined index:  D:\www\online_team\www.sale.com\Application\Fxg\Controller\OrderController.class.php 第 192 行.
NOTIC: [8] Undefined index: order_source D:\www\online_team\www.sale.com\Application\Fxg\Controller\OrderController.class.php 第 192 行.
NOTIC: [8] Undefined index:  D:\www\online_team\www.sale.com\Application\Fxg\Controller\OrderController.class.php 第 192 行.
NOTIC: [8] Undefined index: order_source D:\www\online_team\www.sale.com\Application\Fxg\Controller\OrderController.class.php 第 192 行.
NOTIC: [8] Undefined index:  D:\www\online_team\www.sale.com\Application\Fxg\Controller\OrderController.class.php 第 192 行.
NOTIC: [8] Undefined index: order_source D:\www\online_team\www.sale.com\Application\Fxg\Controller\OrderController.class.php 第 192 行.
NOTIC: [8] Undefined index:  D:\www\online_team\www.sale.com\Application\Fxg\Controller\OrderController.class.php 第 192 行.
NOTIC: [8] Undefined index: order_source D:\www\online_team\www.sale.com\Application\Fxg\Controller\OrderController.class.php 第 192 行.
NOTIC: [8] Undefined index:  D:\www\online_team\www.sale.com\Application\Fxg\Controller\OrderController.class.php 第 192 行.
NOTIC: [8] Undefined index: order_source D:\www\online_team\www.sale.com\Application\Fxg\Controller\OrderController.class.php 第 192 行.
NOTIC: [8] Undefined index:  D:\www\online_team\www.sale.com\Application\Fxg\Controller\OrderController.class.php 第 192 行.
NOTIC: [8] Undefined index: order_source D:\www\online_team\www.sale.com\Application\Fxg\Controller\OrderController.class.php 第 192 行.
NOTIC: [8] Undefined index:  D:\www\online_team\www.sale.com\Application\Fxg\Controller\OrderController.class.php 第 192 行.
NOTIC: [8] Undefined index: order_source D:\www\online_team\www.sale.com\Application\Fxg\Controller\OrderController.class.php 第 192 行.
NOTIC: [8] Undefined index:  D:\www\online_team\www.sale.com\Application\Fxg\Controller\OrderController.class.php 第 192 行.
NOTIC: [8] Undefined index: order_source D:\www\online_team\www.sale.com\Application\Fxg\Controller\OrderController.class.php 第 192 行.
NOTIC: [8] Undefined index:  D:\www\online_team\www.sale.com\Application\Fxg\Controller\OrderController.class.php 第 192 行.
NOTIC: [8] Undefined index: order_source D:\www\online_team\www.sale.com\Application\Fxg\Controller\OrderController.class.php 第 192 行.
NOTIC: [8] Undefined index:  D:\www\online_team\www.sale.com\Application\Fxg\Controller\OrderController.class.php 第 192 行.

[ 2018-11-22T11:34:54+08:00 ] 127.0.0.1 /Order/index.html
INFO: [ app_init ] --START--
INFO: Run Behavior\BuildLiteBehavior [ RunTime:0.000012s ]
INFO: [ app_init ] --END-- [ RunTime:0.000632s ]
INFO: [ app_begin ] --START--
INFO: Run Behavior\ReadHtmlCacheBehavior [ RunTime:0.000714s ]
INFO: [ app_begin ] --END-- [ RunTime:0.000758s ]
SQL: SHOW COLUMNS FROM `fxg_shop` [ RunTime:0.0623s ]
SQL: SELECT * FROM `fxg_shop` WHERE `id` IN ('1','2','3','4','6')  [ RunTime:0.0619s ]
INFO: [ view_parse ] --START--
INFO: [ template_filter ] --START--
INFO: Run Behavior\ContentReplaceBehavior [ RunTime:0.000437s ]
INFO: [ template_filter ] --END-- [ RunTime:0.000520s ]
INFO: Run Behavior\ParseTemplateBehavior [ RunTime:0.032820s ]
INFO: [ view_parse ] --END-- [ RunTime:0.032914s ]
INFO: [ view_filter ] --START--
INFO: Run Behavior\WriteHtmlCacheBehavior [ RunTime:0.000983s ]
INFO: [ view_filter ] --END-- [ RunTime:0.001031s ]
INFO: [ app_end ] --START--
INFO: Run Behavior\ShowPageTraceBehavior [ RunTime:0.000783s ]
INFO: [ app_end ] --END-- [ RunTime:0.000831s ]

[ 2018-11-22T11:34:55+08:00 ] 127.0.0.1 /Order/index.html?shop_id=&order_id=&product_keyword=&order_source=&post_data=&logistics_id=&logistics_code=&pay_type=&pay_time=&order_status=0&page=1&limit=10
INFO: [ app_init ] --START--
INFO: Run Behavior\BuildLiteBehavior [ RunTime:0.000023s ]
INFO: [ app_init ] --END-- [ RunTime:0.000757s ]
INFO: [ app_begin ] --START--
INFO: Run Behavior\ReadHtmlCacheBehavior [ RunTime:0.001255s ]
INFO: [ app_begin ] --END-- [ RunTime:0.001341s ]
SQL: SHOW COLUMNS FROM `fxg_order` [ RunTime:0.0617s ]
SQL: SELECT COUNT(id) AS tp_count FROM `fxg_order` WHERE `shop_id` IN ('1','2','3','4','6') LIMIT 1   [ RunTime:0.0624s ]
SQL: SELECT * FROM `fxg_order` WHERE `shop_id` IN ('1','2','3','4','6') ORDER BY create_time desc LIMIT 0,10   [ RunTime:0.0637s ]
NOTIC: [8] Undefined offset: 0 D:\www\online_team\www.sale.com\Application\Fxg\Controller\OrderController.class.php 第 189 行.
NOTIC: [8] Undefined index: order_source D:\www\online_team\www.sale.com\Application\Fxg\Controller\OrderController.class.php 第 192 行.
NOTIC: [8] Undefined index:  D:\www\online_team\www.sale.com\Application\Fxg\Controller\OrderController.class.php 第 192 行.
NOTIC: [8] Undefined offset: 0 D:\www\online_team\www.sale.com\Application\Fxg\Controller\OrderController.class.php 第 189 行.
NOTIC: [8] Undefined index: order_source D:\www\online_team\www.sale.com\Application\Fxg\Controller\OrderController.class.php 第 192 行.
NOTIC: [8] Undefined index:  D:\www\online_team\www.sale.com\Application\Fxg\Controller\OrderController.class.php 第 192 行.
NOTIC: [8] Undefined offset: 0 D:\www\online_team\www.sale.com\Application\Fxg\Controller\OrderController.class.php 第 189 行.
NOTIC: [8] Undefined index: order_source D:\www\online_team\www.sale.com\Application\Fxg\Controller\OrderController.class.php 第 192 行.
NOTIC: [8] Undefined index:  D:\www\online_team\www.sale.com\Application\Fxg\Controller\OrderController.class.php 第 192 行.
NOTIC: [8] Undefined offset: 0 D:\www\online_team\www.sale.com\Application\Fxg\Controller\OrderController.class.php 第 189 行.
NOTIC: [8] Undefined index: order_source D:\www\online_team\www.sale.com\Application\Fxg\Controller\OrderController.class.php 第 192 行.
NOTIC: [8] Undefined index:  D:\www\online_team\www.sale.com\Application\Fxg\Controller\OrderController.class.php 第 192 行.
NOTIC: [8] Undefined offset: 0 D:\www\online_team\www.sale.com\Application\Fxg\Controller\OrderController.class.php 第 189 行.
NOTIC: [8] Undefined index: order_source D:\www\online_team\www.sale.com\Application\Fxg\Controller\OrderController.class.php 第 192 行.
NOTIC: [8] Undefined index:  D:\www\online_team\www.sale.com\Application\Fxg\Controller\OrderController.class.php 第 192 行.
NOTIC: [8] Undefined offset: 0 D:\www\online_team\www.sale.com\Application\Fxg\Controller\OrderController.class.php 第 189 行.
NOTIC: [8] Undefined index: order_source D:\www\online_team\www.sale.com\Application\Fxg\Controller\OrderController.class.php 第 192 行.
NOTIC: [8] Undefined index:  D:\www\online_team\www.sale.com\Application\Fxg\Controller\OrderController.class.php 第 192 行.
NOTIC: [8] Undefined offset: 0 D:\www\online_team\www.sale.com\Application\Fxg\Controller\OrderController.class.php 第 189 行.
NOTIC: [8] Undefined index: order_source D:\www\online_team\www.sale.com\Application\Fxg\Controller\OrderController.class.php 第 192 行.
NOTIC: [8] Undefined index:  D:\www\online_team\www.sale.com\Application\Fxg\Controller\OrderController.class.php 第 192 行.
NOTIC: [8] Undefined offset: 0 D:\www\online_team\www.sale.com\Application\Fxg\Controller\OrderController.class.php 第 189 行.
NOTIC: [8] Undefined index: order_source D:\www\online_team\www.sale.com\Application\Fxg\Controller\OrderController.class.php 第 192 行.
NOTIC: [8] Undefined index:  D:\www\online_team\www.sale.com\Application\Fxg\Controller\OrderController.class.php 第 192 行.
NOTIC: [8] Undefined offset: 0 D:\www\online_team\www.sale.com\Application\Fxg\Controller\OrderController.class.php 第 189 行.
NOTIC: [8] Undefined index: order_source D:\www\online_team\www.sale.com\Application\Fxg\Controller\OrderController.class.php 第 192 行.
NOTIC: [8] Undefined index:  D:\www\online_team\www.sale.com\Application\Fxg\Controller\OrderController.class.php 第 192 行.
NOTIC: [8] Undefined offset: 0 D:\www\online_team\www.sale.com\Application\Fxg\Controller\OrderController.class.php 第 189 行.
NOTIC: [8] Undefined index: order_source D:\www\online_team\www.sale.com\Application\Fxg\Controller\OrderController.class.php 第 192 行.
NOTIC: [8] Undefined index:  D:\www\online_team\www.sale.com\Application\Fxg\Controller\OrderController.class.php 第 192 行.

[ 2018-11-22T11:34:55+08:00 ] 127.0.0.1 /favicon.ico
INFO: [ app_init ] --START--
INFO: Run Behavior\BuildLiteBehavior [ RunTime:0.000022s ]
INFO: [ app_init ] --END-- [ RunTime:0.000909s ]

