[ 2018-11-13T14:41:57+08:00 ] 127.0.0.1 /Order/index.html
INFO: [ app_init ] --START--
INFO: Run Behavior\BuildLiteBehavior [ RunTime:0.000023s ]
INFO: [ app_init ] --END-- [ RunTime:0.000982s ]
INFO: [ app_begin ] --START--
INFO: Run Behavior\ReadHtmlCacheBehavior [ RunTime:0.001693s ]
INFO: [ app_begin ] --END-- [ RunTime:0.001804s ]

[ 2018-11-13T14:41:57+08:00 ] 127.0.0.1 /Login/index.html
INFO: [ app_init ] --START--
INFO: Run Behavior\BuildLiteBehavior [ RunTime:0.000025s ]
INFO: [ app_init ] --END-- [ RunTime:0.001665s ]
INFO: [ app_begin ] --START--
INFO: Run Behavior\ReadHtmlCacheBehavior [ RunTime:0.001498s ]
INFO: [ app_begin ] --END-- [ RunTime:0.001587s ]
INFO: [ view_parse ] --START--
INFO: [ template_filter ] --START--
INFO: Run Behavior\ContentReplaceBehavior [ RunTime:0.000086s ]
INFO: [ template_filter ] --END-- [ RunTime:0.000169s ]
INFO: Run Behavior\ParseTemplateBehavior [ RunTime:0.012064s ]
INFO: [ view_parse ] --END-- [ RunTime:0.012149s ]
INFO: [ view_filter ] --START--
INFO: Run Behavior\WriteHtmlCacheBehavior [ RunTime:0.001116s ]
INFO: [ view_filter ] --END-- [ RunTime:0.001164s ]
INFO: [ app_end ] --START--
INFO: Run Behavior\ShowPageTraceBehavior [ RunTime:0.001471s ]
INFO: [ app_end ] --END-- [ RunTime:0.001538s ]

[ 2018-11-13T14:41:58+08:00 ] 127.0.0.1 /favicon.ico
INFO: [ app_init ] --START--
INFO: Run Behavior\BuildLiteBehavior [ RunTime:0.000020s ]
INFO: [ app_init ] --END-- [ RunTime:0.001022s ]

[ 2018-11-13T14:42:00+08:00 ] 127.0.0.1 /Login/doLogin.html
INFO: [ app_init ] --START--
INFO: Run Behavior\BuildLiteBehavior [ RunTime:0.000015s ]
INFO: [ app_init ] --END-- [ RunTime:0.000789s ]
INFO: [ app_begin ] --START--
INFO: Run Behavior\ReadHtmlCacheBehavior [ RunTime:0.001086s ]
INFO: [ app_begin ] --END-- [ RunTime:0.001140s ]
SQL: SHOW COLUMNS FROM `fxg_admin` [ RunTime:0.0612s ]
SQL: SELECT * FROM `fxg_admin` WHERE `username` = 'daipingshan' AND `password` = 'a0df1932fb37930fb0ca5d9b82e7f58b' LIMIT 1   [ RunTime:0.0603s ]

[ 2018-11-13T14:42:03+08:00 ] 127.0.0.1 /Index/index.html
INFO: [ app_init ] --START--
INFO: Run Behavior\BuildLiteBehavior [ RunTime:0.000013s ]
INFO: [ app_init ] --END-- [ RunTime:0.000583s ]
INFO: [ app_begin ] --START--
INFO: Run Behavior\ReadHtmlCacheBehavior [ RunTime:0.000982s ]
INFO: [ app_begin ] --END-- [ RunTime:0.001045s ]
INFO: [ view_parse ] --START--
INFO: [ template_filter ] --START--
INFO: Run Behavior\ContentReplaceBehavior [ RunTime:0.000087s ]
INFO: [ template_filter ] --END-- [ RunTime:0.000135s ]
INFO: Run Behavior\ParseTemplateBehavior [ RunTime:0.012042s ]
INFO: [ view_parse ] --END-- [ RunTime:0.012092s ]
INFO: [ view_filter ] --START--
INFO: Run Behavior\WriteHtmlCacheBehavior [ RunTime:0.000789s ]
INFO: [ view_filter ] --END-- [ RunTime:0.000822s ]
INFO: [ app_end ] --START--
INFO: Run Behavior\ShowPageTraceBehavior [ RunTime:0.000896s ]
INFO: [ app_end ] --END-- [ RunTime:0.000933s ]

[ 2018-11-13T14:42:05+08:00 ] 127.0.0.1 /Order/index.html
INFO: [ app_init ] --START--
INFO: Run Behavior\BuildLiteBehavior [ RunTime:0.000037s ]
INFO: [ app_init ] --END-- [ RunTime:0.001253s ]
INFO: [ app_begin ] --START--
INFO: Run Behavior\ReadHtmlCacheBehavior [ RunTime:0.000969s ]
INFO: [ app_begin ] --END-- [ RunTime:0.001024s ]
SQL: SHOW COLUMNS FROM `fxg_logistics_list` [ RunTime:0.0599s ]
SQL: SELECT * FROM `fxg_logistics_list`  [ RunTime:0.0599s ]
SQL: SHOW COLUMNS FROM `fxg_shop` [ RunTime:0.0601s ]
SQL: SELECT * FROM `fxg_shop` WHERE `id` IN ('1','2','3','4','6')  [ RunTime:0.0599s ]
INFO: [ view_parse ] --START--
INFO: [ template_filter ] --START--
INFO: Run Behavior\ContentReplaceBehavior [ RunTime:0.000359s ]
INFO: [ template_filter ] --END-- [ RunTime:0.000441s ]
INFO: Run Behavior\ParseTemplateBehavior [ RunTime:0.038084s ]
INFO: [ view_parse ] --END-- [ RunTime:0.038208s ]
INFO: [ view_filter ] --START--
INFO: Run Behavior\WriteHtmlCacheBehavior [ RunTime:0.001744s ]
INFO: [ view_filter ] --END-- [ RunTime:0.001828s ]
INFO: [ app_end ] --START--
INFO: Run Behavior\ShowPageTraceBehavior [ RunTime:0.001866s ]
INFO: [ app_end ] --END-- [ RunTime:0.001940s ]

[ 2018-11-13T14:42:06+08:00 ] 127.0.0.1 /Order/index.html?shop_id=&order_id=&product_keyword=&order_source=&post_data=&logistics_id=&logistics_code=&pay_type=&pay_time=&order_status=0&page=1&limit=10
INFO: [ app_init ] --START--
INFO: Run Behavior\BuildLiteBehavior [ RunTime:0.000013s ]
INFO: [ app_init ] --END-- [ RunTime:0.000623s ]
INFO: [ app_begin ] --START--
INFO: Run Behavior\ReadHtmlCacheBehavior [ RunTime:0.001624s ]
INFO: [ app_begin ] --END-- [ RunTime:0.001724s ]
SQL: SHOW COLUMNS FROM `fxg_order` [ RunTime:0.0628s ]
SQL: SELECT COUNT(id) AS tp_count FROM `fxg_order` WHERE `shop_id` IN ('1','2','3','4','6') LIMIT 1   [ RunTime:0.0620s ]
SQL: SELECT * FROM `fxg_order` WHERE `shop_id` IN ('1','2','3','4','6') ORDER BY create_time desc LIMIT 0,10   [ RunTime:0.0643s ]
NOTIC: [8] Undefined offset: 0 D:\www\online_team\www.sale.com\Application\Fxg\Controller\OrderController.class.php 第 185 行.
NOTIC: [8] Undefined index: order_source D:\www\online_team\www.sale.com\Application\Fxg\Controller\OrderController.class.php 第 188 行.
NOTIC: [8] Undefined index:  D:\www\online_team\www.sale.com\Application\Fxg\Controller\OrderController.class.php 第 188 行.
NOTIC: [8] Undefined offset: 0 D:\www\online_team\www.sale.com\Application\Fxg\Controller\OrderController.class.php 第 185 行.
NOTIC: [8] Undefined index: order_source D:\www\online_team\www.sale.com\Application\Fxg\Controller\OrderController.class.php 第 188 行.
NOTIC: [8] Undefined index:  D:\www\online_team\www.sale.com\Application\Fxg\Controller\OrderController.class.php 第 188 行.
NOTIC: [8] Undefined offset: 0 D:\www\online_team\www.sale.com\Application\Fxg\Controller\OrderController.class.php 第 185 行.
NOTIC: [8] Undefined index: order_source D:\www\online_team\www.sale.com\Application\Fxg\Controller\OrderController.class.php 第 188 行.
NOTIC: [8] Undefined index:  D:\www\online_team\www.sale.com\Application\Fxg\Controller\OrderController.class.php 第 188 行.
NOTIC: [8] Undefined offset: 0 D:\www\online_team\www.sale.com\Application\Fxg\Controller\OrderController.class.php 第 185 行.
NOTIC: [8] Undefined index: order_source D:\www\online_team\www.sale.com\Application\Fxg\Controller\OrderController.class.php 第 188 行.
NOTIC: [8] Undefined index:  D:\www\online_team\www.sale.com\Application\Fxg\Controller\OrderController.class.php 第 188 行.
NOTIC: [8] Undefined offset: 0 D:\www\online_team\www.sale.com\Application\Fxg\Controller\OrderController.class.php 第 185 行.
NOTIC: [8] Undefined index: order_source D:\www\online_team\www.sale.com\Application\Fxg\Controller\OrderController.class.php 第 188 行.
NOTIC: [8] Undefined index:  D:\www\online_team\www.sale.com\Application\Fxg\Controller\OrderController.class.php 第 188 行.
NOTIC: [8] Undefined offset: 0 D:\www\online_team\www.sale.com\Application\Fxg\Controller\OrderController.class.php 第 185 行.
NOTIC: [8] Undefined index: order_source D:\www\online_team\www.sale.com\Application\Fxg\Controller\OrderController.class.php 第 188 行.
NOTIC: [8] Undefined index:  D:\www\online_team\www.sale.com\Application\Fxg\Controller\OrderController.class.php 第 188 行.
NOTIC: [8] Undefined offset: 0 D:\www\online_team\www.sale.com\Application\Fxg\Controller\OrderController.class.php 第 185 行.
NOTIC: [8] Undefined index: order_source D:\www\online_team\www.sale.com\Application\Fxg\Controller\OrderController.class.php 第 188 行.
NOTIC: [8] Undefined index:  D:\www\online_team\www.sale.com\Application\Fxg\Controller\OrderController.class.php 第 188 行.
NOTIC: [8] Undefined offset: 0 D:\www\online_team\www.sale.com\Application\Fxg\Controller\OrderController.class.php 第 185 行.
NOTIC: [8] Undefined index: order_source D:\www\online_team\www.sale.com\Application\Fxg\Controller\OrderController.class.php 第 188 行.
NOTIC: [8] Undefined index:  D:\www\online_team\www.sale.com\Application\Fxg\Controller\OrderController.class.php 第 188 行.
NOTIC: [8] Undefined offset: 0 D:\www\online_team\www.sale.com\Application\Fxg\Controller\OrderController.class.php 第 185 行.
NOTIC: [8] Undefined index: order_source D:\www\online_team\www.sale.com\Application\Fxg\Controller\OrderController.class.php 第 188 行.
NOTIC: [8] Undefined index:  D:\www\online_team\www.sale.com\Application\Fxg\Controller\OrderController.class.php 第 188 行.
NOTIC: [8] Undefined offset: 0 D:\www\online_team\www.sale.com\Application\Fxg\Controller\OrderController.class.php 第 185 行.
NOTIC: [8] Undefined index: order_source D:\www\online_team\www.sale.com\Application\Fxg\Controller\OrderController.class.php 第 188 行.
NOTIC: [8] Undefined index:  D:\www\online_team\www.sale.com\Application\Fxg\Controller\OrderController.class.php 第 188 行.

[ 2018-11-13T14:42:53+08:00 ] 127.0.0.1 /Order/index.html?shop_id=&order_id=&product_keyword=&order_source=&post_data=&logistics_id=&logistics_code=&pay_type=&pay_time=&order_status=3&page=1&limit=10
INFO: [ app_init ] --START--
INFO: Run Behavior\BuildLiteBehavior [ RunTime:0.000016s ]
INFO: [ app_init ] --END-- [ RunTime:0.000770s ]
INFO: [ app_begin ] --START--
INFO: Run Behavior\ReadHtmlCacheBehavior [ RunTime:0.001112s ]
INFO: [ app_begin ] --END-- [ RunTime:0.001169s ]
SQL: SHOW COLUMNS FROM `fxg_order` [ RunTime:0.0633s ]
SQL: SELECT COUNT(id) AS tp_count FROM `fxg_order` WHERE `order_status` = 3 AND `shop_id` IN ('1','2','3','4','6') LIMIT 1   [ RunTime:0.0621s ]
SQL: SELECT * FROM `fxg_order` WHERE `order_status` = 3 AND `shop_id` IN ('1','2','3','4','6') ORDER BY create_time desc LIMIT 0,10   [ RunTime:0.1238s ]
NOTIC: [8] Undefined index: order_source D:\www\online_team\www.sale.com\Application\Fxg\Controller\OrderController.class.php 第 188 行.
NOTIC: [8] Undefined index:  D:\www\online_team\www.sale.com\Application\Fxg\Controller\OrderController.class.php 第 188 行.
NOTIC: [8] Undefined index: order_source D:\www\online_team\www.sale.com\Application\Fxg\Controller\OrderController.class.php 第 188 行.
NOTIC: [8] Undefined index:  D:\www\online_team\www.sale.com\Application\Fxg\Controller\OrderController.class.php 第 188 行.
NOTIC: [8] Undefined index: order_source D:\www\online_team\www.sale.com\Application\Fxg\Controller\OrderController.class.php 第 188 行.
NOTIC: [8] Undefined index:  D:\www\online_team\www.sale.com\Application\Fxg\Controller\OrderController.class.php 第 188 行.
NOTIC: [8] Undefined index: order_source D:\www\online_team\www.sale.com\Application\Fxg\Controller\OrderController.class.php 第 188 行.
NOTIC: [8] Undefined index:  D:\www\online_team\www.sale.com\Application\Fxg\Controller\OrderController.class.php 第 188 行.
NOTIC: [8] Undefined index: order_source D:\www\online_team\www.sale.com\Application\Fxg\Controller\OrderController.class.php 第 188 行.
NOTIC: [8] Undefined index:  D:\www\online_team\www.sale.com\Application\Fxg\Controller\OrderController.class.php 第 188 行.
NOTIC: [8] Undefined index: order_source D:\www\online_team\www.sale.com\Application\Fxg\Controller\OrderController.class.php 第 188 行.
NOTIC: [8] Undefined index:  D:\www\online_team\www.sale.com\Application\Fxg\Controller\OrderController.class.php 第 188 行.
NOTIC: [8] Undefined index: order_source D:\www\online_team\www.sale.com\Application\Fxg\Controller\OrderController.class.php 第 188 行.
NOTIC: [8] Undefined index:  D:\www\online_team\www.sale.com\Application\Fxg\Controller\OrderController.class.php 第 188 行.
NOTIC: [8] Undefined index: order_source D:\www\online_team\www.sale.com\Application\Fxg\Controller\OrderController.class.php 第 188 行.
NOTIC: [8] Undefined index:  D:\www\online_team\www.sale.com\Application\Fxg\Controller\OrderController.class.php 第 188 行.
NOTIC: [8] Undefined index: order_source D:\www\online_team\www.sale.com\Application\Fxg\Controller\OrderController.class.php 第 188 行.
NOTIC: [8] Undefined index:  D:\www\online_team\www.sale.com\Application\Fxg\Controller\OrderController.class.php 第 188 行.
NOTIC: [8] Undefined index: order_source D:\www\online_team\www.sale.com\Application\Fxg\Controller\OrderController.class.php 第 188 行.
NOTIC: [8] Undefined index:  D:\www\online_team\www.sale.com\Application\Fxg\Controller\OrderController.class.php 第 188 行.

[ 2018-11-13T15:20:34+08:00 ] 127.0.0.1 /Order/setProductAmount.html
INFO: [ app_init ] --START--
INFO: Run Behavior\BuildLiteBehavior [ RunTime:0.000013s ]
INFO: [ app_init ] --END-- [ RunTime:0.000607s ]
INFO: [ app_begin ] --START--
INFO: Run Behavior\ReadHtmlCacheBehavior [ RunTime:0.000873s ]
INFO: [ app_begin ] --END-- [ RunTime:0.000914s ]
NOTIC: [8] Undefined variable: options D:\www\online_team\www.sale.com\Application\Common\Org\PHPExcel\Settings.php 第 343 行.
NOTIC: [8] Undefined variable: options D:\www\online_team\www.sale.com\Application\Common\Org\PHPExcel\Settings.php 第 343 行.
NOTIC: [8] Undefined variable: options D:\www\online_team\www.sale.com\Application\Common\Org\PHPExcel\Settings.php 第 343 行.
NOTIC: [8] Undefined variable: options D:\www\online_team\www.sale.com\Application\Common\Org\PHPExcel\Settings.php 第 343 行.
NOTIC: [8] Undefined variable: options D:\www\online_team\www.sale.com\Application\Common\Org\PHPExcel\Settings.php 第 343 行.
NOTIC: [8] Undefined variable: options D:\www\online_team\www.sale.com\Application\Common\Org\PHPExcel\Settings.php 第 343 行.
NOTIC: [8] Undefined variable: options D:\www\online_team\www.sale.com\Application\Common\Org\PHPExcel\Settings.php 第 343 行.
NOTIC: [8] Undefined variable: options D:\www\online_team\www.sale.com\Application\Common\Org\PHPExcel\Settings.php 第 343 行.
NOTIC: [8] Undefined variable: options D:\www\online_team\www.sale.com\Application\Common\Org\PHPExcel\Settings.php 第 343 行.
NOTIC: [8] Undefined variable: options D:\www\online_team\www.sale.com\Application\Common\Org\PHPExcel\Settings.php 第 343 行.
NOTIC: [8] Undefined variable: options D:\www\online_team\www.sale.com\Application\Common\Org\PHPExcel\Settings.php 第 343 行.
NOTIC: [8] Undefined variable: options D:\www\online_team\www.sale.com\Application\Common\Org\PHPExcel\Settings.php 第 343 行.

[ 2018-11-13T15:22:09+08:00 ] 127.0.0.1 /Order/setProductAmount.html
INFO: [ app_init ] --START--
INFO: Run Behavior\BuildLiteBehavior [ RunTime:0.000014s ]
INFO: [ app_init ] --END-- [ RunTime:0.000719s ]
INFO: [ app_begin ] --START--
INFO: Run Behavior\ReadHtmlCacheBehavior [ RunTime:0.003225s ]
INFO: [ app_begin ] --END-- [ RunTime:0.003436s ]
NOTIC: [8] Undefined variable: options D:\www\online_team\www.sale.com\Application\Common\Org\PHPExcel\Settings.php 第 343 行.
NOTIC: [8] Undefined variable: options D:\www\online_team\www.sale.com\Application\Common\Org\PHPExcel\Settings.php 第 343 行.
NOTIC: [8] Undefined variable: options D:\www\online_team\www.sale.com\Application\Common\Org\PHPExcel\Settings.php 第 343 行.
NOTIC: [8] Undefined variable: options D:\www\online_team\www.sale.com\Application\Common\Org\PHPExcel\Settings.php 第 343 行.
NOTIC: [8] Undefined variable: options D:\www\online_team\www.sale.com\Application\Common\Org\PHPExcel\Settings.php 第 343 行.
NOTIC: [8] Undefined variable: options D:\www\online_team\www.sale.com\Application\Common\Org\PHPExcel\Settings.php 第 343 行.
NOTIC: [8] Undefined variable: options D:\www\online_team\www.sale.com\Application\Common\Org\PHPExcel\Settings.php 第 343 行.
NOTIC: [8] Undefined variable: options D:\www\online_team\www.sale.com\Application\Common\Org\PHPExcel\Settings.php 第 343 行.
NOTIC: [8] Undefined variable: options D:\www\online_team\www.sale.com\Application\Common\Org\PHPExcel\Settings.php 第 343 行.
NOTIC: [8] Undefined variable: options D:\www\online_team\www.sale.com\Application\Common\Org\PHPExcel\Settings.php 第 343 行.
NOTIC: [8] Undefined variable: options D:\www\online_team\www.sale.com\Application\Common\Org\PHPExcel\Settings.php 第 343 行.
NOTIC: [8] Undefined variable: options D:\www\online_team\www.sale.com\Application\Common\Org\PHPExcel\Settings.php 第 343 行.

[ 2018-11-13T15:24:57+08:00 ] 127.0.0.1 /Order/setProductAmount.html
INFO: [ app_init ] --START--
INFO: Run Behavior\BuildLiteBehavior [ RunTime:0.000015s ]
INFO: [ app_init ] --END-- [ RunTime:0.000776s ]
INFO: [ app_begin ] --START--
INFO: Run Behavior\ReadHtmlCacheBehavior [ RunTime:0.001162s ]
INFO: [ app_begin ] --END-- [ RunTime:0.001221s ]
NOTIC: [8] Undefined variable: options D:\www\online_team\www.sale.com\Application\Common\Org\PHPExcel\Settings.php 第 343 行.
NOTIC: [8] Undefined variable: options D:\www\online_team\www.sale.com\Application\Common\Org\PHPExcel\Settings.php 第 343 行.
NOTIC: [8] Undefined variable: options D:\www\online_team\www.sale.com\Application\Common\Org\PHPExcel\Settings.php 第 343 行.
NOTIC: [8] Undefined variable: options D:\www\online_team\www.sale.com\Application\Common\Org\PHPExcel\Settings.php 第 343 行.
NOTIC: [8] Undefined variable: options D:\www\online_team\www.sale.com\Application\Common\Org\PHPExcel\Settings.php 第 343 行.
NOTIC: [8] Undefined variable: options D:\www\online_team\www.sale.com\Application\Common\Org\PHPExcel\Settings.php 第 343 行.
NOTIC: [8] Undefined variable: options D:\www\online_team\www.sale.com\Application\Common\Org\PHPExcel\Settings.php 第 343 行.
NOTIC: [8] Undefined variable: options D:\www\online_team\www.sale.com\Application\Common\Org\PHPExcel\Settings.php 第 343 行.
NOTIC: [8] Undefined variable: options D:\www\online_team\www.sale.com\Application\Common\Org\PHPExcel\Settings.php 第 343 行.
NOTIC: [8] Undefined variable: options D:\www\online_team\www.sale.com\Application\Common\Org\PHPExcel\Settings.php 第 343 行.
NOTIC: [8] Undefined variable: options D:\www\online_team\www.sale.com\Application\Common\Org\PHPExcel\Settings.php 第 343 行.
NOTIC: [8] Undefined variable: options D:\www\online_team\www.sale.com\Application\Common\Org\PHPExcel\Settings.php 第 343 行.

[ 2018-11-13T15:31:18+08:00 ] 127.0.0.1 /Order/index.html?shop_id=&order_id=3311419856452217194&product_keyword=&order_source=&post_data=&logistics_id=&logistics_code=&pay_type=&pay_time=&order_status=3&page=1&limit=10
INFO: [ app_init ] --START--
INFO: Run Behavior\BuildLiteBehavior [ RunTime:0.000022s ]
INFO: [ app_init ] --END-- [ RunTime:0.001214s ]
INFO: [ app_begin ] --START--
INFO: Run Behavior\ReadHtmlCacheBehavior [ RunTime:0.001051s ]
INFO: [ app_begin ] --END-- [ RunTime:0.001121s ]
SQL: SHOW COLUMNS FROM `fxg_order` [ RunTime:0.0625s ]
SQL: SELECT COUNT(id) AS tp_count FROM `fxg_order` WHERE `order_status` = 3 AND ( `order_id` = '3311419856452217194' OR `ali_order_id` = '3311419856452217194' ) AND `shop_id` IN ('1','2','3','4','6') LIMIT 1   [ RunTime:0.0609s ]
SQL: SELECT * FROM `fxg_order` WHERE `order_status` = 3 AND ( `order_id` = '3311419856452217194' OR `ali_order_id` = '3311419856452217194' ) AND `shop_id` IN ('1','2','3','4','6') ORDER BY create_time desc LIMIT 0,10   [ RunTime:0.0622s ]

[ 2018-11-13T15:31:22+08:00 ] 127.0.0.1 /Order/index.html?shop_id=&order_id=3311419856452217194&product_keyword=&order_source=&post_data=&logistics_id=&logistics_code=&pay_type=&pay_time=&order_status=0&page=1&limit=10
INFO: [ app_init ] --START--
INFO: Run Behavior\BuildLiteBehavior [ RunTime:0.000024s ]
INFO: [ app_init ] --END-- [ RunTime:0.000878s ]
INFO: [ app_begin ] --START--
INFO: Run Behavior\ReadHtmlCacheBehavior [ RunTime:0.001437s ]
INFO: [ app_begin ] --END-- [ RunTime:0.001509s ]
SQL: SHOW COLUMNS FROM `fxg_order` [ RunTime:0.0646s ]
SQL: SELECT COUNT(id) AS tp_count FROM `fxg_order` WHERE ( `order_id` = '3311419856452217194' OR `ali_order_id` = '3311419856452217194' ) AND `shop_id` IN ('1','2','3','4','6') LIMIT 1   [ RunTime:0.0639s ]
SQL: SELECT * FROM `fxg_order` WHERE ( `order_id` = '3311419856452217194' OR `ali_order_id` = '3311419856452217194' ) AND `shop_id` IN ('1','2','3','4','6') ORDER BY create_time desc LIMIT 0,10   [ RunTime:0.0651s ]
NOTIC: [8] Undefined offset: 0 D:\www\online_team\www.sale.com\Application\Fxg\Controller\OrderController.class.php 第 185 行.
NOTIC: [8] Undefined index: order_source D:\www\online_team\www.sale.com\Application\Fxg\Controller\OrderController.class.php 第 188 行.
NOTIC: [8] Undefined index:  D:\www\online_team\www.sale.com\Application\Fxg\Controller\OrderController.class.php 第 188 行.

[ 2018-11-13T15:32:43+08:00 ] 127.0.0.1 /Order/index.html?shop_id=&order_id=3311419856452217194&product_keyword=&order_source=&post_data=&logistics_id=&logistics_code=&pay_type=&pay_time=&order_status=0&page=1&limit=10
INFO: [ app_init ] --START--
INFO: Run Behavior\BuildLiteBehavior [ RunTime:0.000013s ]
INFO: [ app_init ] --END-- [ RunTime:0.000586s ]
INFO: [ app_begin ] --START--
INFO: Run Behavior\ReadHtmlCacheBehavior [ RunTime:0.000916s ]
INFO: [ app_begin ] --END-- [ RunTime:0.000959s ]
SQL: SHOW COLUMNS FROM `fxg_order` [ RunTime:0.0651s ]
SQL: SELECT COUNT(id) AS tp_count FROM `fxg_order` WHERE ( `order_id` = '3311419856452217194' OR `ali_order_id` = '3311419856452217194' ) AND `shop_id` IN ('1','2','3','4','6') LIMIT 1   [ RunTime:0.0650s ]
SQL: SELECT * FROM `fxg_order` WHERE ( `order_id` = '3311419856452217194' OR `ali_order_id` = '3311419856452217194' ) AND `shop_id` IN ('1','2','3','4','6') ORDER BY create_time desc LIMIT 0,10   [ RunTime:0.0652s ]
NOTIC: [8] Undefined offset: 0 D:\www\online_team\www.sale.com\Application\Fxg\Controller\OrderController.class.php 第 185 行.
NOTIC: [8] Undefined index: order_source D:\www\online_team\www.sale.com\Application\Fxg\Controller\OrderController.class.php 第 188 行.
NOTIC: [8] Undefined index:  D:\www\online_team\www.sale.com\Application\Fxg\Controller\OrderController.class.php 第 188 行.

[ 2018-11-13T15:34:44+08:00 ] 127.0.0.1 /Order/index.html?shop_id=&order_id=3311419856452217194&product_keyword=&order_source=&post_data=&logistics_id=&logistics_code=&pay_type=&pay_time=&order_status=0&page=1&limit=10
INFO: [ app_init ] --START--
INFO: Run Behavior\BuildLiteBehavior [ RunTime:0.000013s ]
INFO: [ app_init ] --END-- [ RunTime:0.000697s ]
INFO: [ app_begin ] --START--
INFO: Run Behavior\ReadHtmlCacheBehavior [ RunTime:0.001634s ]
INFO: [ app_begin ] --END-- [ RunTime:0.001740s ]
SQL: SHOW COLUMNS FROM `fxg_order` [ RunTime:0.0683s ]
SQL: SELECT COUNT(id) AS tp_count FROM `fxg_order` WHERE ( `order_id` = '3311419856452217194' OR `ali_order_id` = '3311419856452217194' ) AND `shop_id` IN ('1','2','3','4','6') LIMIT 1   [ RunTime:0.0678s ]
SQL: SELECT * FROM `fxg_order` WHERE ( `order_id` = '3311419856452217194' OR `ali_order_id` = '3311419856452217194' ) AND `shop_id` IN ('1','2','3','4','6') ORDER BY create_time desc LIMIT 0,10   [ RunTime:0.0694s ]
NOTIC: [8] Undefined offset: 0 D:\www\online_team\www.sale.com\Application\Fxg\Controller\OrderController.class.php 第 189 行.
NOTIC: [8] Undefined index: order_source D:\www\online_team\www.sale.com\Application\Fxg\Controller\OrderController.class.php 第 192 行.
NOTIC: [8] Undefined index:  D:\www\online_team\www.sale.com\Application\Fxg\Controller\OrderController.class.php 第 192 行.

[ 2018-11-13T15:36:03+08:00 ] 127.0.0.1 /Order/index.html
INFO: [ app_init ] --START--
INFO: Run Behavior\BuildLiteBehavior [ RunTime:0.000013s ]
INFO: [ app_init ] --END-- [ RunTime:0.000611s ]
INFO: [ app_begin ] --START--
INFO: Run Behavior\ReadHtmlCacheBehavior [ RunTime:0.000906s ]
INFO: [ app_begin ] --END-- [ RunTime:0.000949s ]
SQL: SHOW COLUMNS FROM `fxg_shop` [ RunTime:0.0678s ]
SQL: SELECT * FROM `fxg_shop` WHERE `id` IN ('1','2','3','4','6')  [ RunTime:0.1044s ]
INFO: [ view_parse ] --START--
INFO: [ template_filter ] --START--
INFO: Run Behavior\ContentReplaceBehavior [ RunTime:0.000401s ]
INFO: [ template_filter ] --END-- [ RunTime:0.000485s ]
INFO: Run Behavior\ParseTemplateBehavior [ RunTime:0.052443s ]
INFO: [ view_parse ] --END-- [ RunTime:0.052576s ]
INFO: [ view_filter ] --START--
INFO: Run Behavior\WriteHtmlCacheBehavior [ RunTime:0.001753s ]
INFO: [ view_filter ] --END-- [ RunTime:0.001826s ]
INFO: [ app_end ] --START--
INFO: Run Behavior\ShowPageTraceBehavior [ RunTime:0.002125s ]
INFO: [ app_end ] --END-- [ RunTime:0.002208s ]

[ 2018-11-13T15:36:04+08:00 ] 127.0.0.1 /Order/index.html?shop_id=&order_id=&product_keyword=&order_source=&post_data=&logistics_id=&logistics_code=&pay_type=&pay_time=&order_status=0&page=1&limit=10
INFO: [ app_init ] --START--
INFO: Run Behavior\BuildLiteBehavior [ RunTime:0.000024s ]
INFO: [ app_init ] --END-- [ RunTime:0.001191s ]
INFO: [ app_begin ] --START--
INFO: Run Behavior\ReadHtmlCacheBehavior [ RunTime:0.003388s ]
INFO: [ app_begin ] --END-- [ RunTime:0.003496s ]
SQL: SHOW COLUMNS FROM `fxg_order` [ RunTime:0.0612s ]
SQL: SELECT COUNT(id) AS tp_count FROM `fxg_order` WHERE `shop_id` IN ('1','2','3','4','6') LIMIT 1   [ RunTime:0.0604s ]
SQL: SELECT * FROM `fxg_order` WHERE `shop_id` IN ('1','2','3','4','6') ORDER BY create_time desc LIMIT 0,10   [ RunTime:0.1225s ]
NOTIC: [8] Undefined offset: 0 D:\www\online_team\www.sale.com\Application\Fxg\Controller\OrderController.class.php 第 189 行.
NOTIC: [8] Undefined index: order_source D:\www\online_team\www.sale.com\Application\Fxg\Controller\OrderController.class.php 第 192 行.
NOTIC: [8] Undefined index:  D:\www\online_team\www.sale.com\Application\Fxg\Controller\OrderController.class.php 第 192 行.
NOTIC: [8] Undefined offset: 0 D:\www\online_team\www.sale.com\Application\Fxg\Controller\OrderController.class.php 第 189 行.
NOTIC: [8] Undefined index: order_source D:\www\online_team\www.sale.com\Application\Fxg\Controller\OrderController.class.php 第 192 行.
NOTIC: [8] Undefined index:  D:\www\online_team\www.sale.com\Application\Fxg\Controller\OrderController.class.php 第 192 行.
NOTIC: [8] Undefined offset: 0 D:\www\online_team\www.sale.com\Application\Fxg\Controller\OrderController.class.php 第 189 行.
NOTIC: [8] Undefined index: order_source D:\www\online_team\www.sale.com\Application\Fxg\Controller\OrderController.class.php 第 192 行.
NOTIC: [8] Undefined index:  D:\www\online_team\www.sale.com\Application\Fxg\Controller\OrderController.class.php 第 192 行.
NOTIC: [8] Undefined offset: 0 D:\www\online_team\www.sale.com\Application\Fxg\Controller\OrderController.class.php 第 189 行.
NOTIC: [8] Undefined index: order_source D:\www\online_team\www.sale.com\Application\Fxg\Controller\OrderController.class.php 第 192 行.
NOTIC: [8] Undefined index:  D:\www\online_team\www.sale.com\Application\Fxg\Controller\OrderController.class.php 第 192 行.
NOTIC: [8] Undefined offset: 0 D:\www\online_team\www.sale.com\Application\Fxg\Controller\OrderController.class.php 第 189 行.
NOTIC: [8] Undefined index: order_source D:\www\online_team\www.sale.com\Application\Fxg\Controller\OrderController.class.php 第 192 行.
NOTIC: [8] Undefined index:  D:\www\online_team\www.sale.com\Application\Fxg\Controller\OrderController.class.php 第 192 行.
NOTIC: [8] Undefined offset: 0 D:\www\online_team\www.sale.com\Application\Fxg\Controller\OrderController.class.php 第 189 行.
NOTIC: [8] Undefined index: order_source D:\www\online_team\www.sale.com\Application\Fxg\Controller\OrderController.class.php 第 192 行.
NOTIC: [8] Undefined index:  D:\www\online_team\www.sale.com\Application\Fxg\Controller\OrderController.class.php 第 192 行.
NOTIC: [8] Undefined offset: 0 D:\www\online_team\www.sale.com\Application\Fxg\Controller\OrderController.class.php 第 189 行.
NOTIC: [8] Undefined index: order_source D:\www\online_team\www.sale.com\Application\Fxg\Controller\OrderController.class.php 第 192 行.
NOTIC: [8] Undefined index:  D:\www\online_team\www.sale.com\Application\Fxg\Controller\OrderController.class.php 第 192 行.
NOTIC: [8] Undefined offset: 0 D:\www\online_team\www.sale.com\Application\Fxg\Controller\OrderController.class.php 第 189 行.
NOTIC: [8] Undefined index: order_source D:\www\online_team\www.sale.com\Application\Fxg\Controller\OrderController.class.php 第 192 行.
NOTIC: [8] Undefined index:  D:\www\online_team\www.sale.com\Application\Fxg\Controller\OrderController.class.php 第 192 行.
NOTIC: [8] Undefined offset: 0 D:\www\online_team\www.sale.com\Application\Fxg\Controller\OrderController.class.php 第 189 行.
NOTIC: [8] Undefined index: order_source D:\www\online_team\www.sale.com\Application\Fxg\Controller\OrderController.class.php 第 192 行.
NOTIC: [8] Undefined index:  D:\www\online_team\www.sale.com\Application\Fxg\Controller\OrderController.class.php 第 192 行.
NOTIC: [8] Undefined offset: 0 D:\www\online_team\www.sale.com\Application\Fxg\Controller\OrderController.class.php 第 189 行.
NOTIC: [8] Undefined index: order_source D:\www\online_team\www.sale.com\Application\Fxg\Controller\OrderController.class.php 第 192 行.
NOTIC: [8] Undefined index:  D:\www\online_team\www.sale.com\Application\Fxg\Controller\OrderController.class.php 第 192 行.

