[ 2018-10-10T10:05:43+08:00 ] 127.0.0.1 /User/index.html
INFO: [ app_init ] --START--
INFO: Run Behavior\BuildLiteBehavior [ RunTime:0.000019s ]
INFO: [ app_init ] --END-- [ RunTime:0.002774s ]
INFO: [ app_begin ] --START--
INFO: Run Behavior\ReadHtmlCacheBehavior [ RunTime:0.001229s ]
INFO: [ app_begin ] --END-- [ RunTime:0.001287s ]

[ 2018-10-10T10:05:43+08:00 ] 127.0.0.1 /Login/index.html
INFO: [ app_init ] --START--
INFO: Run Behavior\BuildLiteBehavior [ RunTime:0.000038s ]
INFO: [ app_init ] --END-- [ RunTime:0.001176s ]
INFO: [ app_begin ] --START--
INFO: Run Behavior\ReadHtmlCacheBehavior [ RunTime:0.000681s ]
INFO: [ app_begin ] --END-- [ RunTime:0.000732s ]
INFO: [ view_parse ] --START--
INFO: [ template_filter ] --START--
INFO: Run Behavior\ContentReplaceBehavior [ RunTime:0.001197s ]
INFO: [ template_filter ] --END-- [ RunTime:0.001257s ]
INFO: Run Behavior\ParseTemplateBehavior [ RunTime:0.019459s ]
INFO: [ view_parse ] --END-- [ RunTime:0.019516s ]
INFO: [ view_filter ] --START--
INFO: Run Behavior\WriteHtmlCacheBehavior [ RunTime:0.000923s ]
INFO: [ view_filter ] --END-- [ RunTime:0.000958s ]
INFO: [ app_end ] --START--
INFO: Run Behavior\ShowPageTraceBehavior [ RunTime:0.001498s ]
INFO: [ app_end ] --END-- [ RunTime:0.001562s ]

[ 2018-10-10T10:05:43+08:00 ] 127.0.0.1 /favicon.ico
INFO: [ app_init ] --START--
INFO: Run Behavior\BuildLiteBehavior [ RunTime:0.000013s ]
INFO: [ app_init ] --END-- [ RunTime:0.000542s ]

[ 2018-10-10T10:05:45+08:00 ] 127.0.0.1 /Login/doLogin.html
INFO: [ app_init ] --START--
INFO: Run Behavior\BuildLiteBehavior [ RunTime:0.000013s ]
INFO: [ app_init ] --END-- [ RunTime:0.000528s ]
INFO: [ app_begin ] --START--
INFO: Run Behavior\ReadHtmlCacheBehavior [ RunTime:0.000720s ]
INFO: [ app_begin ] --END-- [ RunTime:0.000769s ]
SQL: SHOW COLUMNS FROM `ytt_tmuser` [ RunTime:0.0613s ]
SQL: SELECT * FROM `ytt_tmuser` WHERE `name` = 'daipingshan' AND `password` = 'a0df1932fb37930fb0ca5d9b82e7f58b' LIMIT 1   [ RunTime:0.0618s ]

[ 2018-10-10T10:05:49+08:00 ] 127.0.0.1 /Index/index.html
INFO: [ app_init ] --START--
INFO: Run Behavior\BuildLiteBehavior [ RunTime:0.000018s ]
INFO: [ app_init ] --END-- [ RunTime:0.000768s ]
INFO: [ app_begin ] --START--
INFO: Run Behavior\ReadHtmlCacheBehavior [ RunTime:0.001562s ]
INFO: [ app_begin ] --END-- [ RunTime:0.001669s ]
SQL: SHOW COLUMNS FROM `ytt_illegal_article` [ RunTime:0.0674s ]
SQL: SELECT COUNT(*) AS tp_count FROM `ytt_illegal_article` LIMIT 1   [ RunTime:0.0670s ]
SQL: SELECT * FROM `ytt_illegal_article` ORDER BY id desc LIMIT 0,50   [ RunTime:0.0682s ]
INFO: [ view_parse ] --START--
INFO: [ template_filter ] --START--
INFO: Run Behavior\ContentReplaceBehavior [ RunTime:0.000205s ]
INFO: [ template_filter ] --END-- [ RunTime:0.000275s ]
NOTIC: [8] Undefined index: son_menu D:\www\online_team\www.sale.com\Application\Runtime\Cache\Admin\f61872648bf90e754b75e1a98e6cbf1b.php 第 49 行.
NOTIC: [8] Undefined index: son_menu D:\www\online_team\www.sale.com\Application\Runtime\Cache\Admin\f61872648bf90e754b75e1a98e6cbf1b.php 第 49 行.
INFO: Run Behavior\ParseTemplateBehavior [ RunTime:0.043078s ]
INFO: [ view_parse ] --END-- [ RunTime:0.043225s ]
INFO: [ view_filter ] --START--
INFO: Run Behavior\WriteHtmlCacheBehavior [ RunTime:0.001065s ]
INFO: [ view_filter ] --END-- [ RunTime:0.001148s ]
INFO: [ app_end ] --START--
INFO: Run Behavior\ShowPageTraceBehavior [ RunTime:0.001262s ]
INFO: [ app_end ] --END-- [ RunTime:0.001330s ]

[ 2018-10-10T10:06:03+08:00 ] 127.0.0.1 /TopLine/itemsList.html
INFO: [ app_init ] --START--
INFO: Run Behavior\BuildLiteBehavior [ RunTime:0.000015s ]
INFO: [ app_init ] --END-- [ RunTime:0.000680s ]
INFO: [ app_begin ] --START--
INFO: Run Behavior\ReadHtmlCacheBehavior [ RunTime:0.001340s ]
INFO: [ app_begin ] --END-- [ RunTime:0.001485s ]
INFO: [ view_parse ] --START--
INFO: [ template_filter ] --START--
INFO: Run Behavior\ContentReplaceBehavior [ RunTime:0.000185s ]
INFO: [ template_filter ] --END-- [ RunTime:0.000232s ]
NOTIC: [8] Undefined index: son_menu D:\www\online_team\www.sale.com\Application\Runtime\Cache\Admin\6cb73ff4e88fcdc2fa9623f330bc0e43.php 第 51 行.
NOTIC: [8] Undefined index: son_menu D:\www\online_team\www.sale.com\Application\Runtime\Cache\Admin\6cb73ff4e88fcdc2fa9623f330bc0e43.php 第 51 行.
NOTIC: [8] Undefined variable: type D:\www\online_team\www.sale.com\Application\Runtime\Cache\Admin\6cb73ff4e88fcdc2fa9623f330bc0e43.php 第 156 行.
NOTIC: [8] Undefined variable: type D:\www\online_team\www.sale.com\Application\Runtime\Cache\Admin\6cb73ff4e88fcdc2fa9623f330bc0e43.php 第 156 行.
NOTIC: [8] Undefined variable: type D:\www\online_team\www.sale.com\Application\Runtime\Cache\Admin\6cb73ff4e88fcdc2fa9623f330bc0e43.php 第 156 行.
NOTIC: [8] Undefined variable: type D:\www\online_team\www.sale.com\Application\Runtime\Cache\Admin\6cb73ff4e88fcdc2fa9623f330bc0e43.php 第 156 行.
NOTIC: [8] Undefined variable: type D:\www\online_team\www.sale.com\Application\Runtime\Cache\Admin\6cb73ff4e88fcdc2fa9623f330bc0e43.php 第 156 行.
NOTIC: [8] Undefined variable: type D:\www\online_team\www.sale.com\Application\Runtime\Cache\Admin\6cb73ff4e88fcdc2fa9623f330bc0e43.php 第 156 行.
NOTIC: [8] Undefined variable: type D:\www\online_team\www.sale.com\Application\Runtime\Cache\Admin\6cb73ff4e88fcdc2fa9623f330bc0e43.php 第 156 行.
NOTIC: [8] Undefined variable: type D:\www\online_team\www.sale.com\Application\Runtime\Cache\Admin\6cb73ff4e88fcdc2fa9623f330bc0e43.php 第 156 行.
NOTIC: [8] Undefined variable: type D:\www\online_team\www.sale.com\Application\Runtime\Cache\Admin\6cb73ff4e88fcdc2fa9623f330bc0e43.php 第 156 行.
NOTIC: [8] Undefined variable: type D:\www\online_team\www.sale.com\Application\Runtime\Cache\Admin\6cb73ff4e88fcdc2fa9623f330bc0e43.php 第 156 行.
NOTIC: [8] Undefined variable: type D:\www\online_team\www.sale.com\Application\Runtime\Cache\Admin\6cb73ff4e88fcdc2fa9623f330bc0e43.php 第 156 行.
NOTIC: [8] Undefined variable: type D:\www\online_team\www.sale.com\Application\Runtime\Cache\Admin\6cb73ff4e88fcdc2fa9623f330bc0e43.php 第 156 行.
NOTIC: [8] Undefined variable: type D:\www\online_team\www.sale.com\Application\Runtime\Cache\Admin\6cb73ff4e88fcdc2fa9623f330bc0e43.php 第 156 行.
NOTIC: [8] Undefined variable: type D:\www\online_team\www.sale.com\Application\Runtime\Cache\Admin\6cb73ff4e88fcdc2fa9623f330bc0e43.php 第 156 行.
NOTIC: [8] Undefined variable: type D:\www\online_team\www.sale.com\Application\Runtime\Cache\Admin\6cb73ff4e88fcdc2fa9623f330bc0e43.php 第 156 行.
NOTIC: [8] Undefined variable: type D:\www\online_team\www.sale.com\Application\Runtime\Cache\Admin\6cb73ff4e88fcdc2fa9623f330bc0e43.php 第 156 行.
NOTIC: [8] Undefined variable: type D:\www\online_team\www.sale.com\Application\Runtime\Cache\Admin\6cb73ff4e88fcdc2fa9623f330bc0e43.php 第 156 行.
NOTIC: [8] Undefined variable: type D:\www\online_team\www.sale.com\Application\Runtime\Cache\Admin\6cb73ff4e88fcdc2fa9623f330bc0e43.php 第 156 行.
NOTIC: [8] Undefined variable: type D:\www\online_team\www.sale.com\Application\Runtime\Cache\Admin\6cb73ff4e88fcdc2fa9623f330bc0e43.php 第 156 行.
NOTIC: [8] Undefined variable: type D:\www\online_team\www.sale.com\Application\Runtime\Cache\Admin\6cb73ff4e88fcdc2fa9623f330bc0e43.php 第 156 行.
NOTIC: [8] Undefined variable: type D:\www\online_team\www.sale.com\Application\Runtime\Cache\Admin\6cb73ff4e88fcdc2fa9623f330bc0e43.php 第 156 行.
NOTIC: [8] Undefined variable: type D:\www\online_team\www.sale.com\Application\Runtime\Cache\Admin\6cb73ff4e88fcdc2fa9623f330bc0e43.php 第 156 行.
NOTIC: [8] Undefined variable: type D:\www\online_team\www.sale.com\Application\Runtime\Cache\Admin\6cb73ff4e88fcdc2fa9623f330bc0e43.php 第 156 行.
NOTIC: [8] Undefined variable: type D:\www\online_team\www.sale.com\Application\Runtime\Cache\Admin\6cb73ff4e88fcdc2fa9623f330bc0e43.php 第 156 行.
NOTIC: [8] Undefined variable: type D:\www\online_team\www.sale.com\Application\Runtime\Cache\Admin\6cb73ff4e88fcdc2fa9623f330bc0e43.php 第 156 行.
NOTIC: [8] Undefined variable: type D:\www\online_team\www.sale.com\Application\Runtime\Cache\Admin\6cb73ff4e88fcdc2fa9623f330bc0e43.php 第 156 行.
NOTIC: [8] Undefined variable: type D:\www\online_team\www.sale.com\Application\Runtime\Cache\Admin\6cb73ff4e88fcdc2fa9623f330bc0e43.php 第 156 行.
NOTIC: [8] Undefined variable: type D:\www\online_team\www.sale.com\Application\Runtime\Cache\Admin\6cb73ff4e88fcdc2fa9623f330bc0e43.php 第 156 行.
NOTIC: [8] Undefined variable: type D:\www\online_team\www.sale.com\Application\Runtime\Cache\Admin\6cb73ff4e88fcdc2fa9623f330bc0e43.php 第 156 行.
NOTIC: [8] Undefined variable: type D:\www\online_team\www.sale.com\Application\Runtime\Cache\Admin\6cb73ff4e88fcdc2fa9623f330bc0e43.php 第 156 行.
NOTIC: [8] Undefined variable: type D:\www\online_team\www.sale.com\Application\Runtime\Cache\Admin\6cb73ff4e88fcdc2fa9623f330bc0e43.php 第 156 行.
NOTIC: [8] Undefined variable: type D:\www\online_team\www.sale.com\Application\Runtime\Cache\Admin\6cb73ff4e88fcdc2fa9623f330bc0e43.php 第 156 行.
NOTIC: [8] Undefined variable: type D:\www\online_team\www.sale.com\Application\Runtime\Cache\Admin\6cb73ff4e88fcdc2fa9623f330bc0e43.php 第 156 行.
NOTIC: [8] Undefined variable: type D:\www\online_team\www.sale.com\Application\Runtime\Cache\Admin\6cb73ff4e88fcdc2fa9623f330bc0e43.php 第 156 行.
NOTIC: [8] Undefined variable: type D:\www\online_team\www.sale.com\Application\Runtime\Cache\Admin\6cb73ff4e88fcdc2fa9623f330bc0e43.php 第 156 行.
NOTIC: [8] Undefined variable: type D:\www\online_team\www.sale.com\Application\Runtime\Cache\Admin\6cb73ff4e88fcdc2fa9623f330bc0e43.php 第 156 行.
NOTIC: [8] Undefined variable: type D:\www\online_team\www.sale.com\Application\Runtime\Cache\Admin\6cb73ff4e88fcdc2fa9623f330bc0e43.php 第 156 行.
NOTIC: [8] Undefined variable: type D:\www\online_team\www.sale.com\Application\Runtime\Cache\Admin\6cb73ff4e88fcdc2fa9623f330bc0e43.php 第 156 行.
NOTIC: [8] Undefined variable: type D:\www\online_team\www.sale.com\Application\Runtime\Cache\Admin\6cb73ff4e88fcdc2fa9623f330bc0e43.php 第 156 行.
NOTIC: [8] Undefined variable: type D:\www\online_team\www.sale.com\Application\Runtime\Cache\Admin\6cb73ff4e88fcdc2fa9623f330bc0e43.php 第 156 行.
INFO: Run Behavior\ParseTemplateBehavior [ RunTime:0.035193s ]
INFO: [ view_parse ] --END-- [ RunTime:0.035261s ]
INFO: [ view_filter ] --START--
INFO: Run Behavior\WriteHtmlCacheBehavior [ RunTime:0.000751s ]
INFO: [ view_filter ] --END-- [ RunTime:0.000788s ]
INFO: [ app_end ] --START--
INFO: Run Behavior\ShowPageTraceBehavior [ RunTime:0.001385s ]
INFO: [ app_end ] --END-- [ RunTime:0.001460s ]

[ 2018-10-10T10:06:05+08:00 ] 127.0.0.1 /TopLine/saveCart.html
INFO: [ app_init ] --START--
INFO: Run Behavior\BuildLiteBehavior [ RunTime:0.000020s ]
INFO: [ app_init ] --END-- [ RunTime:0.000848s ]
INFO: [ app_begin ] --START--
INFO: Run Behavior\ReadHtmlCacheBehavior [ RunTime:0.001178s ]
INFO: [ app_begin ] --END-- [ RunTime:0.001271s ]

[ 2018-10-10T10:06:24+08:00 ] 127.0.0.1 /TopLine/saveCart.html
INFO: [ app_init ] --START--
INFO: Run Behavior\BuildLiteBehavior [ RunTime:0.000018s ]
INFO: [ app_init ] --END-- [ RunTime:0.001273s ]
INFO: [ app_begin ] --START--
INFO: Run Behavior\ReadHtmlCacheBehavior [ RunTime:0.001654s ]
INFO: [ app_begin ] --END-- [ RunTime:0.001753s ]
INFO: [ view_parse ] --START--
INFO: [ template_filter ] --START--
INFO: Run Behavior\ContentReplaceBehavior [ RunTime:0.000219s ]
INFO: [ template_filter ] --END-- [ RunTime:0.000294s ]
INFO: Run Behavior\ParseTemplateBehavior [ RunTime:0.030530s ]
INFO: [ view_parse ] --END-- [ RunTime:0.030620s ]
INFO: [ view_filter ] --START--
INFO: Run Behavior\WriteHtmlCacheBehavior [ RunTime:0.000571s ]
INFO: [ view_filter ] --END-- [ RunTime:0.000601s ]
INFO: [ app_end ] --START--
INFO: Run Behavior\ShowPageTraceBehavior [ RunTime:0.000786s ]
INFO: [ app_end ] --END-- [ RunTime:0.000835s ]

[ 2018-10-10T16:49:38+08:00 ] 127.0.0.1 /TopLine/cartList.html
INFO: [ app_init ] --START--
INFO: Run Behavior\BuildLiteBehavior [ RunTime:0.000013s ]
INFO: [ app_init ] --END-- [ RunTime:0.000671s ]
INFO: [ app_begin ] --START--
INFO: Run Behavior\ReadHtmlCacheBehavior [ RunTime:0.000895s ]
INFO: [ app_begin ] --END-- [ RunTime:0.000961s ]

[ 2018-10-10T16:49:41+08:00 ] 127.0.0.1 /TopLine/itemsList.html
INFO: [ app_init ] --START--
INFO: Run Behavior\BuildLiteBehavior [ RunTime:0.000011s ]
INFO: [ app_init ] --END-- [ RunTime:0.000504s ]
INFO: [ app_begin ] --START--
INFO: Run Behavior\ReadHtmlCacheBehavior [ RunTime:0.000920s ]
INFO: [ app_begin ] --END-- [ RunTime:0.000996s ]

[ 2018-10-10T16:49:41+08:00 ] 127.0.0.1 /favicon.ico
INFO: [ app_init ] --START--
INFO: Run Behavior\BuildLiteBehavior [ RunTime:0.000019s ]
INFO: [ app_init ] --END-- [ RunTime:0.000739s ]

[ 2018-10-10T16:49:42+08:00 ] 127.0.0.1 /TopLine/itemsList.html
INFO: [ app_init ] --START--
INFO: Run Behavior\BuildLiteBehavior [ RunTime:0.000032s ]
INFO: [ app_init ] --END-- [ RunTime:0.001326s ]
INFO: [ app_begin ] --START--
INFO: Run Behavior\ReadHtmlCacheBehavior [ RunTime:0.000642s ]
INFO: [ app_begin ] --END-- [ RunTime:0.000693s ]

[ 2018-10-10T16:49:43+08:00 ] 127.0.0.1 /TopLine/itemsList.html
INFO: [ app_init ] --START--
INFO: Run Behavior\BuildLiteBehavior [ RunTime:0.000035s ]
INFO: [ app_init ] --END-- [ RunTime:0.001405s ]
INFO: [ app_begin ] --START--
INFO: Run Behavior\ReadHtmlCacheBehavior [ RunTime:0.001281s ]
INFO: [ app_begin ] --END-- [ RunTime:0.001372s ]

[ 2018-10-10T16:49:45+08:00 ] 127.0.0.1 /TopLine/itemsList.html
INFO: [ app_init ] --START--
INFO: Run Behavior\BuildLiteBehavior [ RunTime:0.000012s ]
INFO: [ app_init ] --END-- [ RunTime:0.000541s ]
INFO: [ app_begin ] --START--
INFO: Run Behavior\ReadHtmlCacheBehavior [ RunTime:0.000643s ]
INFO: [ app_begin ] --END-- [ RunTime:0.000690s ]

[ 2018-10-10T16:49:46+08:00 ] 127.0.0.1 /TopLine/itemsList.html
INFO: [ app_init ] --START--
INFO: Run Behavior\BuildLiteBehavior [ RunTime:0.000018s ]
INFO: [ app_init ] --END-- [ RunTime:0.000851s ]
INFO: [ app_begin ] --START--
INFO: Run Behavior\ReadHtmlCacheBehavior [ RunTime:0.000730s ]
INFO: [ app_begin ] --END-- [ RunTime:0.000779s ]

[ 2018-10-10T16:49:46+08:00 ] 127.0.0.1 /TopLine/itemsList.html
INFO: [ app_init ] --START--
INFO: Run Behavior\BuildLiteBehavior [ RunTime:0.000018s ]
INFO: [ app_init ] --END-- [ RunTime:0.000865s ]
INFO: [ app_begin ] --START--
INFO: Run Behavior\ReadHtmlCacheBehavior [ RunTime:0.000680s ]
INFO: [ app_begin ] --END-- [ RunTime:0.000728s ]

[ 2018-10-10T16:49:46+08:00 ] 127.0.0.1 /TopLine/itemsList.html
INFO: [ app_init ] --START--
INFO: Run Behavior\BuildLiteBehavior [ RunTime:0.000021s ]
INFO: [ app_init ] --END-- [ RunTime:0.000995s ]
INFO: [ app_begin ] --START--
INFO: Run Behavior\ReadHtmlCacheBehavior [ RunTime:0.001130s ]
INFO: [ app_begin ] --END-- [ RunTime:0.001247s ]

[ 2018-10-10T16:49:47+08:00 ] 127.0.0.1 /TopLine/itemsList.html
INFO: [ app_init ] --START--
INFO: Run Behavior\BuildLiteBehavior [ RunTime:0.000020s ]
INFO: [ app_init ] --END-- [ RunTime:0.000969s ]
INFO: [ app_begin ] --START--
INFO: Run Behavior\ReadHtmlCacheBehavior [ RunTime:0.000696s ]
INFO: [ app_begin ] --END-- [ RunTime:0.000737s ]

[ 2018-10-10T16:49:47+08:00 ] 127.0.0.1 /TopLine/itemsList.html
INFO: [ app_init ] --START--
INFO: Run Behavior\BuildLiteBehavior [ RunTime:0.000025s ]
INFO: [ app_init ] --END-- [ RunTime:0.001275s ]
INFO: [ app_begin ] --START--
INFO: Run Behavior\ReadHtmlCacheBehavior [ RunTime:0.000675s ]
INFO: [ app_begin ] --END-- [ RunTime:0.000723s ]

[ 2018-10-10T16:49:47+08:00 ] 127.0.0.1 /TopLine/itemsList.html
INFO: [ app_init ] --START--
INFO: Run Behavior\BuildLiteBehavior [ RunTime:0.000021s ]
INFO: [ app_init ] --END-- [ RunTime:0.000970s ]
INFO: [ app_begin ] --START--
INFO: Run Behavior\ReadHtmlCacheBehavior [ RunTime:0.000653s ]
INFO: [ app_begin ] --END-- [ RunTime:0.000694s ]

[ 2018-10-10T16:49:48+08:00 ] 127.0.0.1 /TopLine/itemsList.html
INFO: [ app_init ] --START--
INFO: Run Behavior\BuildLiteBehavior [ RunTime:0.000020s ]
INFO: [ app_init ] --END-- [ RunTime:0.000985s ]
INFO: [ app_begin ] --START--
INFO: Run Behavior\ReadHtmlCacheBehavior [ RunTime:0.001547s ]
INFO: [ app_begin ] --END-- [ RunTime:0.001640s ]

[ 2018-10-10T16:49:48+08:00 ] 127.0.0.1 /TopLine/itemsList.html
INFO: [ app_init ] --START--
INFO: Run Behavior\BuildLiteBehavior [ RunTime:0.000014s ]
INFO: [ app_init ] --END-- [ RunTime:0.000634s ]
INFO: [ app_begin ] --START--
INFO: Run Behavior\ReadHtmlCacheBehavior [ RunTime:0.000770s ]
INFO: [ app_begin ] --END-- [ RunTime:0.000816s ]

[ 2018-10-10T16:49:48+08:00 ] 127.0.0.1 /TopLine/itemsList.html
INFO: [ app_init ] --START--
INFO: Run Behavior\BuildLiteBehavior [ RunTime:0.000029s ]
INFO: [ app_init ] --END-- [ RunTime:0.000658s ]
INFO: [ app_begin ] --START--
INFO: Run Behavior\ReadHtmlCacheBehavior [ RunTime:0.000823s ]
INFO: [ app_begin ] --END-- [ RunTime:0.000879s ]

[ 2018-10-10T16:49:48+08:00 ] 127.0.0.1 /TopLine/itemsList.html
INFO: [ app_init ] --START--
INFO: Run Behavior\BuildLiteBehavior [ RunTime:0.000012s ]
INFO: [ app_init ] --END-- [ RunTime:0.000578s ]
INFO: [ app_begin ] --START--
INFO: Run Behavior\ReadHtmlCacheBehavior [ RunTime:0.000628s ]
INFO: [ app_begin ] --END-- [ RunTime:0.000668s ]

[ 2018-10-10T16:49:48+08:00 ] 127.0.0.1 /TopLine/itemsList.html
INFO: [ app_init ] --START--
INFO: Run Behavior\BuildLiteBehavior [ RunTime:0.000013s ]
INFO: [ app_init ] --END-- [ RunTime:0.000673s ]
INFO: [ app_begin ] --START--
INFO: Run Behavior\ReadHtmlCacheBehavior [ RunTime:0.000793s ]
INFO: [ app_begin ] --END-- [ RunTime:0.000849s ]

[ 2018-10-10T16:49:49+08:00 ] 127.0.0.1 /TopLine/itemsList.html
INFO: [ app_init ] --START--
INFO: Run Behavior\BuildLiteBehavior [ RunTime:0.000022s ]
INFO: [ app_init ] --END-- [ RunTime:0.001380s ]
INFO: [ app_begin ] --START--
INFO: Run Behavior\ReadHtmlCacheBehavior [ RunTime:0.001044s ]
INFO: [ app_begin ] --END-- [ RunTime:0.001118s ]

[ 2018-10-10T16:49:49+08:00 ] 127.0.0.1 /TopLine/itemsList.html
INFO: [ app_init ] --START--
INFO: Run Behavior\BuildLiteBehavior [ RunTime:0.000019s ]
INFO: [ app_init ] --END-- [ RunTime:0.000899s ]
INFO: [ app_begin ] --START--
INFO: Run Behavior\ReadHtmlCacheBehavior [ RunTime:0.001014s ]
INFO: [ app_begin ] --END-- [ RunTime:0.001066s ]

[ 2018-10-10T16:49:49+08:00 ] 127.0.0.1 /TopLine/itemsList.html
INFO: [ app_init ] --START--
INFO: Run Behavior\BuildLiteBehavior [ RunTime:0.000014s ]
INFO: [ app_init ] --END-- [ RunTime:0.000784s ]
INFO: [ app_begin ] --START--
INFO: Run Behavior\ReadHtmlCacheBehavior [ RunTime:0.000884s ]
INFO: [ app_begin ] --END-- [ RunTime:0.000947s ]

[ 2018-10-10T16:49:49+08:00 ] 127.0.0.1 /TopLine/itemsList.html
INFO: [ app_init ] --START--
INFO: Run Behavior\BuildLiteBehavior [ RunTime:0.000013s ]
INFO: [ app_init ] --END-- [ RunTime:0.000534s ]
INFO: [ app_begin ] --START--
INFO: Run Behavior\ReadHtmlCacheBehavior [ RunTime:0.000690s ]
INFO: [ app_begin ] --END-- [ RunTime:0.000743s ]

[ 2018-10-10T16:49:49+08:00 ] 127.0.0.1 /TopLine/itemsList.html
INFO: [ app_init ] --START--
INFO: Run Behavior\BuildLiteBehavior [ RunTime:0.000019s ]
INFO: [ app_init ] --END-- [ RunTime:0.000920s ]
INFO: [ app_begin ] --START--
INFO: Run Behavior\ReadHtmlCacheBehavior [ RunTime:0.000975s ]
INFO: [ app_begin ] --END-- [ RunTime:0.001039s ]

[ 2018-10-10T16:49:51+08:00 ] 127.0.0.1 /TopLine/itemsList.html
INFO: [ app_init ] --START--
INFO: Run Behavior\BuildLiteBehavior [ RunTime:0.000014s ]
INFO: [ app_init ] --END-- [ RunTime:0.000585s ]
INFO: [ app_begin ] --START--
INFO: Run Behavior\ReadHtmlCacheBehavior [ RunTime:0.000655s ]
INFO: [ app_begin ] --END-- [ RunTime:0.000699s ]

[ 2018-10-10T16:49:51+08:00 ] 127.0.0.1 /TopLine/itemsList.html
INFO: [ app_init ] --START--
INFO: Run Behavior\BuildLiteBehavior [ RunTime:0.000013s ]
INFO: [ app_init ] --END-- [ RunTime:0.000556s ]
INFO: [ app_begin ] --START--
INFO: Run Behavior\ReadHtmlCacheBehavior [ RunTime:0.000668s ]
INFO: [ app_begin ] --END-- [ RunTime:0.000713s ]

[ 2018-10-10T16:49:51+08:00 ] 127.0.0.1 /TopLine/itemsList.html
INFO: [ app_init ] --START--
INFO: Run Behavior\BuildLiteBehavior [ RunTime:0.000013s ]
INFO: [ app_init ] --END-- [ RunTime:0.000552s ]
INFO: [ app_begin ] --START--
INFO: Run Behavior\ReadHtmlCacheBehavior [ RunTime:0.000996s ]
INFO: [ app_begin ] --END-- [ RunTime:0.001067s ]

[ 2018-10-10T16:49:51+08:00 ] 127.0.0.1 /TopLine/itemsList.html
INFO: [ app_init ] --START--
INFO: Run Behavior\BuildLiteBehavior [ RunTime:0.000018s ]
INFO: [ app_init ] --END-- [ RunTime:0.000708s ]
INFO: [ app_begin ] --START--
INFO: Run Behavior\ReadHtmlCacheBehavior [ RunTime:0.000753s ]
INFO: [ app_begin ] --END-- [ RunTime:0.000808s ]

[ 2018-10-10T16:49:52+08:00 ] 127.0.0.1 /TopLine/itemsList.html
INFO: [ app_init ] --START--
INFO: Run Behavior\BuildLiteBehavior [ RunTime:0.000013s ]
INFO: [ app_init ] --END-- [ RunTime:0.000630s ]
INFO: [ app_begin ] --START--
INFO: Run Behavior\ReadHtmlCacheBehavior [ RunTime:0.000764s ]
INFO: [ app_begin ] --END-- [ RunTime:0.000813s ]

[ 2018-10-10T16:49:52+08:00 ] 127.0.0.1 /TopLine/itemsList.html
INFO: [ app_init ] --START--
INFO: Run Behavior\BuildLiteBehavior [ RunTime:0.000019s ]
INFO: [ app_init ] --END-- [ RunTime:0.000881s ]
INFO: [ app_begin ] --START--
INFO: Run Behavior\ReadHtmlCacheBehavior [ RunTime:0.000632s ]
INFO: [ app_begin ] --END-- [ RunTime:0.000673s ]

[ 2018-10-10T16:49:52+08:00 ] 127.0.0.1 /TopLine/itemsList.html
INFO: [ app_init ] --START--
INFO: Run Behavior\BuildLiteBehavior [ RunTime:0.000017s ]
INFO: [ app_init ] --END-- [ RunTime:0.000805s ]
INFO: [ app_begin ] --START--
INFO: Run Behavior\ReadHtmlCacheBehavior [ RunTime:0.000646s ]
INFO: [ app_begin ] --END-- [ RunTime:0.000697s ]

[ 2018-10-10T16:49:53+08:00 ] 127.0.0.1 /TopLine/itemsList.html
INFO: [ app_init ] --START--
INFO: Run Behavior\BuildLiteBehavior [ RunTime:0.000012s ]
INFO: [ app_init ] --END-- [ RunTime:0.000532s ]
INFO: [ app_begin ] --START--
INFO: Run Behavior\ReadHtmlCacheBehavior [ RunTime:0.000846s ]
INFO: [ app_begin ] --END-- [ RunTime:0.000898s ]

[ 2018-10-10T16:49:53+08:00 ] 127.0.0.1 /TopLine/itemsList.html
INFO: [ app_init ] --START--
INFO: Run Behavior\BuildLiteBehavior [ RunTime:0.000017s ]
INFO: [ app_init ] --END-- [ RunTime:0.000804s ]
INFO: [ app_begin ] --START--
INFO: Run Behavior\ReadHtmlCacheBehavior [ RunTime:0.002866s ]
INFO: [ app_begin ] --END-- [ RunTime:0.002983s ]

[ 2018-10-10T16:49:53+08:00 ] 127.0.0.1 /TopLine/itemsList.html
INFO: [ app_init ] --START--
INFO: Run Behavior\BuildLiteBehavior [ RunTime:0.000012s ]
INFO: [ app_init ] --END-- [ RunTime:0.000557s ]
INFO: [ app_begin ] --START--
INFO: Run Behavior\ReadHtmlCacheBehavior [ RunTime:0.000637s ]
INFO: [ app_begin ] --END-- [ RunTime:0.000674s ]

[ 2018-10-10T16:49:53+08:00 ] 127.0.0.1 /TopLine/itemsList.html
INFO: [ app_init ] --START--
INFO: Run Behavior\BuildLiteBehavior [ RunTime:0.000013s ]
INFO: [ app_init ] --END-- [ RunTime:0.000626s ]
INFO: [ app_begin ] --START--
INFO: Run Behavior\ReadHtmlCacheBehavior [ RunTime:0.000759s ]
INFO: [ app_begin ] --END-- [ RunTime:0.000820s ]

[ 2018-10-10T16:49:58+08:00 ] 127.0.0.1 /TopLine/itemsList.html
INFO: [ app_init ] --START--
INFO: Run Behavior\BuildLiteBehavior [ RunTime:0.000013s ]
INFO: [ app_init ] --END-- [ RunTime:0.000525s ]
INFO: [ app_begin ] --START--
INFO: Run Behavior\ReadHtmlCacheBehavior [ RunTime:0.000828s ]
INFO: [ app_begin ] --END-- [ RunTime:0.000898s ]

[ 2018-10-10T16:51:35+08:00 ] 127.0.0.1 /TopLine/itemsList.html
INFO: [ app_init ] --START--
INFO: Run Behavior\BuildLiteBehavior [ RunTime:0.000035s ]
INFO: [ app_init ] --END-- [ RunTime:0.001651s ]
INFO: [ app_begin ] --START--
INFO: Run Behavior\ReadHtmlCacheBehavior [ RunTime:0.000642s ]
INFO: [ app_begin ] --END-- [ RunTime:0.000689s ]

[ 2018-10-10T16:51:36+08:00 ] 127.0.0.1 /TopLine/itemsList.html
INFO: [ app_init ] --START--
INFO: Run Behavior\BuildLiteBehavior [ RunTime:0.000020s ]
INFO: [ app_init ] --END-- [ RunTime:0.000971s ]
INFO: [ app_begin ] --START--
INFO: Run Behavior\ReadHtmlCacheBehavior [ RunTime:0.000674s ]
INFO: [ app_begin ] --END-- [ RunTime:0.000725s ]

[ 2018-10-10T16:51:37+08:00 ] 127.0.0.1 /TopLine/itemsList.html
INFO: [ app_init ] --START--
INFO: Run Behavior\BuildLiteBehavior [ RunTime:0.000062s ]
INFO: [ app_init ] --END-- [ RunTime:0.001168s ]
INFO: [ app_begin ] --START--
INFO: Run Behavior\ReadHtmlCacheBehavior [ RunTime:0.000633s ]
INFO: [ app_begin ] --END-- [ RunTime:0.000678s ]

[ 2018-10-10T16:52:18+08:00 ] 127.0.0.1 /TopLine/itemsList.html
INFO: [ app_init ] --START--
INFO: Run Behavior\BuildLiteBehavior [ RunTime:0.000017s ]
INFO: [ app_init ] --END-- [ RunTime:0.000804s ]
INFO: [ app_begin ] --START--
INFO: Run Behavior\ReadHtmlCacheBehavior [ RunTime:0.001477s ]
INFO: [ app_begin ] --END-- [ RunTime:0.001572s ]

[ 2018-10-10T16:52:18+08:00 ] 127.0.0.1 /TopLine/itemsList.html
INFO: [ app_init ] --START--
INFO: Run Behavior\BuildLiteBehavior [ RunTime:0.000022s ]
INFO: [ app_init ] --END-- [ RunTime:0.001270s ]
INFO: [ app_begin ] --START--
INFO: Run Behavior\ReadHtmlCacheBehavior [ RunTime:0.000788s ]
INFO: [ app_begin ] --END-- [ RunTime:0.000841s ]

[ 2018-10-10T16:52:19+08:00 ] 127.0.0.1 /TopLine/itemsList.html
INFO: [ app_init ] --START--
INFO: Run Behavior\BuildLiteBehavior [ RunTime:0.000020s ]
INFO: [ app_init ] --END-- [ RunTime:0.000909s ]
INFO: [ app_begin ] --START--
INFO: Run Behavior\ReadHtmlCacheBehavior [ RunTime:0.001142s ]
INFO: [ app_begin ] --END-- [ RunTime:0.001213s ]

[ 2018-10-10T16:52:19+08:00 ] 127.0.0.1 /TopLine/itemsList.html
INFO: [ app_init ] --START--
INFO: Run Behavior\BuildLiteBehavior [ RunTime:0.000022s ]
INFO: [ app_init ] --END-- [ RunTime:0.001113s ]
INFO: [ app_begin ] --START--
INFO: Run Behavior\ReadHtmlCacheBehavior [ RunTime:0.000743s ]
INFO: [ app_begin ] --END-- [ RunTime:0.000795s ]

[ 2018-10-10T16:52:19+08:00 ] 127.0.0.1 /TopLine/itemsList.html
INFO: [ app_init ] --START--
INFO: Run Behavior\BuildLiteBehavior [ RunTime:0.000020s ]
INFO: [ app_init ] --END-- [ RunTime:0.000984s ]
INFO: [ app_begin ] --START--
INFO: Run Behavior\ReadHtmlCacheBehavior [ RunTime:0.001594s ]
INFO: [ app_begin ] --END-- [ RunTime:0.001754s ]

[ 2018-10-10T16:52:19+08:00 ] 127.0.0.1 /TopLine/itemsList.html
INFO: [ app_init ] --START--
INFO: Run Behavior\BuildLiteBehavior [ RunTime:0.000012s ]
INFO: [ app_init ] --END-- [ RunTime:0.000635s ]
INFO: [ app_begin ] --START--
INFO: Run Behavior\ReadHtmlCacheBehavior [ RunTime:0.000771s ]
INFO: [ app_begin ] --END-- [ RunTime:0.000828s ]

[ 2018-10-10T16:52:20+08:00 ] 127.0.0.1 /TopLine/itemsList.html
INFO: [ app_init ] --START--
INFO: Run Behavior\BuildLiteBehavior [ RunTime:0.000017s ]
INFO: [ app_init ] --END-- [ RunTime:0.000790s ]
INFO: [ app_begin ] --START--
INFO: Run Behavior\ReadHtmlCacheBehavior [ RunTime:0.000905s ]
INFO: [ app_begin ] --END-- [ RunTime:0.000972s ]

[ 2018-10-10T16:52:20+08:00 ] 127.0.0.1 /TopLine/itemsList.html
INFO: [ app_init ] --START--
INFO: Run Behavior\BuildLiteBehavior [ RunTime:0.000012s ]
INFO: [ app_init ] --END-- [ RunTime:0.000524s ]
INFO: [ app_begin ] --START--
INFO: Run Behavior\ReadHtmlCacheBehavior [ RunTime:0.000620s ]
INFO: [ app_begin ] --END-- [ RunTime:0.000662s ]

[ 2018-10-10T16:52:20+08:00 ] 127.0.0.1 /TopLine/itemsList.html
INFO: [ app_init ] --START--
INFO: Run Behavior\BuildLiteBehavior [ RunTime:0.000024s ]
INFO: [ app_init ] --END-- [ RunTime:0.001308s ]
INFO: [ app_begin ] --START--
INFO: Run Behavior\ReadHtmlCacheBehavior [ RunTime:0.001393s ]
INFO: [ app_begin ] --END-- [ RunTime:0.001541s ]

[ 2018-10-10T16:52:20+08:00 ] 127.0.0.1 /TopLine/itemsList.html
INFO: [ app_init ] --START--
INFO: Run Behavior\BuildLiteBehavior [ RunTime:0.000014s ]
INFO: [ app_init ] --END-- [ RunTime:0.000784s ]
INFO: [ app_begin ] --START--
INFO: Run Behavior\ReadHtmlCacheBehavior [ RunTime:0.000630s ]
INFO: [ app_begin ] --END-- [ RunTime:0.000675s ]

[ 2018-10-10T16:52:20+08:00 ] 127.0.0.1 /TopLine/itemsList.html
INFO: [ app_init ] --START--
INFO: Run Behavior\BuildLiteBehavior [ RunTime:0.000013s ]
INFO: [ app_init ] --END-- [ RunTime:0.000597s ]
INFO: [ app_begin ] --START--
INFO: Run Behavior\ReadHtmlCacheBehavior [ RunTime:0.000795s ]
INFO: [ app_begin ] --END-- [ RunTime:0.000860s ]

[ 2018-10-10T16:52:21+08:00 ] 127.0.0.1 /TopLine/itemsList.html
INFO: [ app_init ] --START--
INFO: Run Behavior\BuildLiteBehavior [ RunTime:0.000015s ]
INFO: [ app_init ] --END-- [ RunTime:0.000765s ]
INFO: [ app_begin ] --START--
INFO: Run Behavior\ReadHtmlCacheBehavior [ RunTime:0.000842s ]
INFO: [ app_begin ] --END-- [ RunTime:0.000951s ]

[ 2018-10-10T16:52:21+08:00 ] 127.0.0.1 /TopLine/itemsList.html
INFO: [ app_init ] --START--
INFO: Run Behavior\BuildLiteBehavior [ RunTime:0.000017s ]
INFO: [ app_init ] --END-- [ RunTime:0.000765s ]
INFO: [ app_begin ] --START--
INFO: Run Behavior\ReadHtmlCacheBehavior [ RunTime:0.000949s ]
INFO: [ app_begin ] --END-- [ RunTime:0.001014s ]

[ 2018-10-10T16:52:21+08:00 ] 127.0.0.1 /TopLine/itemsList.html
INFO: [ app_init ] --START--
INFO: Run Behavior\BuildLiteBehavior [ RunTime:0.000015s ]
INFO: [ app_init ] --END-- [ RunTime:0.001197s ]
INFO: [ app_begin ] --START--
INFO: Run Behavior\ReadHtmlCacheBehavior [ RunTime:0.000755s ]
INFO: [ app_begin ] --END-- [ RunTime:0.000807s ]

[ 2018-10-10T16:52:21+08:00 ] 127.0.0.1 /TopLine/itemsList.html
INFO: [ app_init ] --START--
INFO: Run Behavior\BuildLiteBehavior [ RunTime:0.000013s ]
INFO: [ app_init ] --END-- [ RunTime:0.000574s ]
INFO: [ app_begin ] --START--
INFO: Run Behavior\ReadHtmlCacheBehavior [ RunTime:0.000682s ]
INFO: [ app_begin ] --END-- [ RunTime:0.000729s ]

[ 2018-10-10T16:52:21+08:00 ] 127.0.0.1 /TopLine/itemsList.html
INFO: [ app_init ] --START--
INFO: Run Behavior\BuildLiteBehavior [ RunTime:0.000015s ]
INFO: [ app_init ] --END-- [ RunTime:0.000693s ]
INFO: [ app_begin ] --START--
INFO: Run Behavior\ReadHtmlCacheBehavior [ RunTime:0.000748s ]
INFO: [ app_begin ] --END-- [ RunTime:0.000799s ]

[ 2018-10-10T16:52:22+08:00 ] 127.0.0.1 /TopLine/itemsList.html
INFO: [ app_init ] --START--
INFO: Run Behavior\BuildLiteBehavior [ RunTime:0.000018s ]
INFO: [ app_init ] --END-- [ RunTime:0.000712s ]
INFO: [ app_begin ] --START--
INFO: Run Behavior\ReadHtmlCacheBehavior [ RunTime:0.000978s ]
INFO: [ app_begin ] --END-- [ RunTime:0.001041s ]

[ 2018-10-10T16:52:22+08:00 ] 127.0.0.1 /TopLine/itemsList.html
INFO: [ app_init ] --START--
INFO: Run Behavior\BuildLiteBehavior [ RunTime:0.000017s ]
INFO: [ app_init ] --END-- [ RunTime:0.000826s ]
INFO: [ app_begin ] --START--
INFO: Run Behavior\ReadHtmlCacheBehavior [ RunTime:0.000776s ]
INFO: [ app_begin ] --END-- [ RunTime:0.000833s ]

[ 2018-10-10T16:53:03+08:00 ] 127.0.0.1 /TopLine/itemsList.html
INFO: [ app_init ] --START--
INFO: Run Behavior\BuildLiteBehavior [ RunTime:0.000031s ]
INFO: [ app_init ] --END-- [ RunTime:0.000777s ]
INFO: [ app_begin ] --START--
INFO: Run Behavior\ReadHtmlCacheBehavior [ RunTime:0.002100s ]
INFO: [ app_begin ] --END-- [ RunTime:0.002202s ]

[ 2018-10-10T16:53:04+08:00 ] 127.0.0.1 /TopLine/itemsList.html
INFO: [ app_init ] --START--
INFO: Run Behavior\BuildLiteBehavior [ RunTime:0.000013s ]
INFO: [ app_init ] --END-- [ RunTime:0.000590s ]
INFO: [ app_begin ] --START--
INFO: Run Behavior\ReadHtmlCacheBehavior [ RunTime:0.000667s ]
INFO: [ app_begin ] --END-- [ RunTime:0.000714s ]

[ 2018-10-10T16:53:47+08:00 ] 127.0.0.1 /TopLine/itemsList.html
INFO: [ app_init ] --START--
INFO: Run Behavior\BuildLiteBehavior [ RunTime:0.000014s ]
INFO: [ app_init ] --END-- [ RunTime:0.000603s ]
INFO: [ app_begin ] --START--
INFO: Run Behavior\ReadHtmlCacheBehavior [ RunTime:0.001019s ]
INFO: [ app_begin ] --END-- [ RunTime:0.001095s ]
INFO: [ view_parse ] --START--
INFO: [ template_filter ] --START--
INFO: Run Behavior\ContentReplaceBehavior [ RunTime:0.000314s ]
INFO: [ template_filter ] --END-- [ RunTime:0.000403s ]
NOTIC: [8] Undefined index: son_menu D:\www\online_team\www.sale.com\Application\Runtime\Cache\Admin\6cb73ff4e88fcdc2fa9623f330bc0e43.php 第 51 行.
NOTIC: [8] Undefined index: son_menu D:\www\online_team\www.sale.com\Application\Runtime\Cache\Admin\6cb73ff4e88fcdc2fa9623f330bc0e43.php 第 51 行.
NOTIC: [8] Undefined variable: type D:\www\online_team\www.sale.com\Application\Runtime\Cache\Admin\6cb73ff4e88fcdc2fa9623f330bc0e43.php 第 156 行.
NOTIC: [8] Undefined variable: type D:\www\online_team\www.sale.com\Application\Runtime\Cache\Admin\6cb73ff4e88fcdc2fa9623f330bc0e43.php 第 156 行.
NOTIC: [8] Undefined variable: type D:\www\online_team\www.sale.com\Application\Runtime\Cache\Admin\6cb73ff4e88fcdc2fa9623f330bc0e43.php 第 156 行.
NOTIC: [8] Undefined variable: type D:\www\online_team\www.sale.com\Application\Runtime\Cache\Admin\6cb73ff4e88fcdc2fa9623f330bc0e43.php 第 156 行.
NOTIC: [8] Undefined variable: type D:\www\online_team\www.sale.com\Application\Runtime\Cache\Admin\6cb73ff4e88fcdc2fa9623f330bc0e43.php 第 156 行.
NOTIC: [8] Undefined variable: type D:\www\online_team\www.sale.com\Application\Runtime\Cache\Admin\6cb73ff4e88fcdc2fa9623f330bc0e43.php 第 156 行.
NOTIC: [8] Undefined variable: type D:\www\online_team\www.sale.com\Application\Runtime\Cache\Admin\6cb73ff4e88fcdc2fa9623f330bc0e43.php 第 156 行.
NOTIC: [8] Undefined variable: type D:\www\online_team\www.sale.com\Application\Runtime\Cache\Admin\6cb73ff4e88fcdc2fa9623f330bc0e43.php 第 156 行.
NOTIC: [8] Undefined variable: type D:\www\online_team\www.sale.com\Application\Runtime\Cache\Admin\6cb73ff4e88fcdc2fa9623f330bc0e43.php 第 156 行.
NOTIC: [8] Undefined variable: type D:\www\online_team\www.sale.com\Application\Runtime\Cache\Admin\6cb73ff4e88fcdc2fa9623f330bc0e43.php 第 156 行.
NOTIC: [8] Undefined variable: type D:\www\online_team\www.sale.com\Application\Runtime\Cache\Admin\6cb73ff4e88fcdc2fa9623f330bc0e43.php 第 156 行.
NOTIC: [8] Undefined variable: type D:\www\online_team\www.sale.com\Application\Runtime\Cache\Admin\6cb73ff4e88fcdc2fa9623f330bc0e43.php 第 156 行.
NOTIC: [8] Undefined variable: type D:\www\online_team\www.sale.com\Application\Runtime\Cache\Admin\6cb73ff4e88fcdc2fa9623f330bc0e43.php 第 156 行.
NOTIC: [8] Undefined variable: type D:\www\online_team\www.sale.com\Application\Runtime\Cache\Admin\6cb73ff4e88fcdc2fa9623f330bc0e43.php 第 156 行.
NOTIC: [8] Undefined variable: type D:\www\online_team\www.sale.com\Application\Runtime\Cache\Admin\6cb73ff4e88fcdc2fa9623f330bc0e43.php 第 156 行.
NOTIC: [8] Undefined variable: type D:\www\online_team\www.sale.com\Application\Runtime\Cache\Admin\6cb73ff4e88fcdc2fa9623f330bc0e43.php 第 156 行.
NOTIC: [8] Undefined variable: type D:\www\online_team\www.sale.com\Application\Runtime\Cache\Admin\6cb73ff4e88fcdc2fa9623f330bc0e43.php 第 156 行.
NOTIC: [8] Undefined variable: type D:\www\online_team\www.sale.com\Application\Runtime\Cache\Admin\6cb73ff4e88fcdc2fa9623f330bc0e43.php 第 156 行.
NOTIC: [8] Undefined variable: type D:\www\online_team\www.sale.com\Application\Runtime\Cache\Admin\6cb73ff4e88fcdc2fa9623f330bc0e43.php 第 156 行.
NOTIC: [8] Undefined variable: type D:\www\online_team\www.sale.com\Application\Runtime\Cache\Admin\6cb73ff4e88fcdc2fa9623f330bc0e43.php 第 156 行.
NOTIC: [8] Undefined variable: type D:\www\online_team\www.sale.com\Application\Runtime\Cache\Admin\6cb73ff4e88fcdc2fa9623f330bc0e43.php 第 156 行.
NOTIC: [8] Undefined variable: type D:\www\online_team\www.sale.com\Application\Runtime\Cache\Admin\6cb73ff4e88fcdc2fa9623f330bc0e43.php 第 156 行.
NOTIC: [8] Undefined variable: type D:\www\online_team\www.sale.com\Application\Runtime\Cache\Admin\6cb73ff4e88fcdc2fa9623f330bc0e43.php 第 156 行.
NOTIC: [8] Undefined variable: type D:\www\online_team\www.sale.com\Application\Runtime\Cache\Admin\6cb73ff4e88fcdc2fa9623f330bc0e43.php 第 156 行.
NOTIC: [8] Undefined variable: type D:\www\online_team\www.sale.com\Application\Runtime\Cache\Admin\6cb73ff4e88fcdc2fa9623f330bc0e43.php 第 156 行.
NOTIC: [8] Undefined variable: type D:\www\online_team\www.sale.com\Application\Runtime\Cache\Admin\6cb73ff4e88fcdc2fa9623f330bc0e43.php 第 156 行.
NOTIC: [8] Undefined variable: type D:\www\online_team\www.sale.com\Application\Runtime\Cache\Admin\6cb73ff4e88fcdc2fa9623f330bc0e43.php 第 156 行.
NOTIC: [8] Undefined variable: type D:\www\online_team\www.sale.com\Application\Runtime\Cache\Admin\6cb73ff4e88fcdc2fa9623f330bc0e43.php 第 156 行.
NOTIC: [8] Undefined variable: type D:\www\online_team\www.sale.com\Application\Runtime\Cache\Admin\6cb73ff4e88fcdc2fa9623f330bc0e43.php 第 156 行.
NOTIC: [8] Undefined variable: type D:\www\online_team\www.sale.com\Application\Runtime\Cache\Admin\6cb73ff4e88fcdc2fa9623f330bc0e43.php 第 156 行.
NOTIC: [8] Undefined variable: type D:\www\online_team\www.sale.com\Application\Runtime\Cache\Admin\6cb73ff4e88fcdc2fa9623f330bc0e43.php 第 156 行.
NOTIC: [8] Undefined variable: type D:\www\online_team\www.sale.com\Application\Runtime\Cache\Admin\6cb73ff4e88fcdc2fa9623f330bc0e43.php 第 156 行.
NOTIC: [8] Undefined variable: type D:\www\online_team\www.sale.com\Application\Runtime\Cache\Admin\6cb73ff4e88fcdc2fa9623f330bc0e43.php 第 156 行.
NOTIC: [8] Undefined variable: type D:\www\online_team\www.sale.com\Application\Runtime\Cache\Admin\6cb73ff4e88fcdc2fa9623f330bc0e43.php 第 156 行.
NOTIC: [8] Undefined variable: type D:\www\online_team\www.sale.com\Application\Runtime\Cache\Admin\6cb73ff4e88fcdc2fa9623f330bc0e43.php 第 156 行.
NOTIC: [8] Undefined variable: type D:\www\online_team\www.sale.com\Application\Runtime\Cache\Admin\6cb73ff4e88fcdc2fa9623f330bc0e43.php 第 156 行.
NOTIC: [8] Undefined variable: type D:\www\online_team\www.sale.com\Application\Runtime\Cache\Admin\6cb73ff4e88fcdc2fa9623f330bc0e43.php 第 156 行.
NOTIC: [8] Undefined variable: type D:\www\online_team\www.sale.com\Application\Runtime\Cache\Admin\6cb73ff4e88fcdc2fa9623f330bc0e43.php 第 156 行.
NOTIC: [8] Undefined variable: type D:\www\online_team\www.sale.com\Application\Runtime\Cache\Admin\6cb73ff4e88fcdc2fa9623f330bc0e43.php 第 156 行.
NOTIC: [8] Undefined variable: type D:\www\online_team\www.sale.com\Application\Runtime\Cache\Admin\6cb73ff4e88fcdc2fa9623f330bc0e43.php 第 156 行.
INFO: Run Behavior\ParseTemplateBehavior [ RunTime:0.056500s ]
INFO: [ view_parse ] --END-- [ RunTime:0.056644s ]
INFO: [ view_filter ] --START--
INFO: Run Behavior\WriteHtmlCacheBehavior [ RunTime:0.000831s ]
INFO: [ view_filter ] --END-- [ RunTime:0.000878s ]
INFO: [ app_end ] --START--
INFO: Run Behavior\ShowPageTraceBehavior [ RunTime:0.000934s ]
INFO: [ app_end ] --END-- [ RunTime:0.000986s ]

[ 2018-10-10T16:53:49+08:00 ] 127.0.0.1 /TopLine/itemsList.html
INFO: [ app_init ] --START--
INFO: Run Behavior\BuildLiteBehavior [ RunTime:0.000028s ]
INFO: [ app_init ] --END-- [ RunTime:0.001253s ]
INFO: [ app_begin ] --START--
INFO: Run Behavior\ReadHtmlCacheBehavior [ RunTime:0.001270s ]
INFO: [ app_begin ] --END-- [ RunTime:0.001397s ]
INFO: [ view_parse ] --START--
INFO: [ template_filter ] --START--
INFO: Run Behavior\ContentReplaceBehavior [ RunTime:0.000312s ]
INFO: [ template_filter ] --END-- [ RunTime:0.000393s ]
NOTIC: [8] Undefined index: son_menu D:\www\online_team\www.sale.com\Application\Runtime\Cache\Admin\6cb73ff4e88fcdc2fa9623f330bc0e43.php 第 51 行.
NOTIC: [8] Undefined index: son_menu D:\www\online_team\www.sale.com\Application\Runtime\Cache\Admin\6cb73ff4e88fcdc2fa9623f330bc0e43.php 第 51 行.
NOTIC: [8] Undefined variable: type D:\www\online_team\www.sale.com\Application\Runtime\Cache\Admin\6cb73ff4e88fcdc2fa9623f330bc0e43.php 第 156 行.
NOTIC: [8] Undefined variable: type D:\www\online_team\www.sale.com\Application\Runtime\Cache\Admin\6cb73ff4e88fcdc2fa9623f330bc0e43.php 第 156 行.
NOTIC: [8] Undefined variable: type D:\www\online_team\www.sale.com\Application\Runtime\Cache\Admin\6cb73ff4e88fcdc2fa9623f330bc0e43.php 第 156 行.
NOTIC: [8] Undefined variable: type D:\www\online_team\www.sale.com\Application\Runtime\Cache\Admin\6cb73ff4e88fcdc2fa9623f330bc0e43.php 第 156 行.
NOTIC: [8] Undefined variable: type D:\www\online_team\www.sale.com\Application\Runtime\Cache\Admin\6cb73ff4e88fcdc2fa9623f330bc0e43.php 第 156 行.
NOTIC: [8] Undefined variable: type D:\www\online_team\www.sale.com\Application\Runtime\Cache\Admin\6cb73ff4e88fcdc2fa9623f330bc0e43.php 第 156 行.
NOTIC: [8] Undefined variable: type D:\www\online_team\www.sale.com\Application\Runtime\Cache\Admin\6cb73ff4e88fcdc2fa9623f330bc0e43.php 第 156 行.
NOTIC: [8] Undefined variable: type D:\www\online_team\www.sale.com\Application\Runtime\Cache\Admin\6cb73ff4e88fcdc2fa9623f330bc0e43.php 第 156 行.
NOTIC: [8] Undefined variable: type D:\www\online_team\www.sale.com\Application\Runtime\Cache\Admin\6cb73ff4e88fcdc2fa9623f330bc0e43.php 第 156 行.
NOTIC: [8] Undefined variable: type D:\www\online_team\www.sale.com\Application\Runtime\Cache\Admin\6cb73ff4e88fcdc2fa9623f330bc0e43.php 第 156 行.
NOTIC: [8] Undefined variable: type D:\www\online_team\www.sale.com\Application\Runtime\Cache\Admin\6cb73ff4e88fcdc2fa9623f330bc0e43.php 第 156 行.
NOTIC: [8] Undefined variable: type D:\www\online_team\www.sale.com\Application\Runtime\Cache\Admin\6cb73ff4e88fcdc2fa9623f330bc0e43.php 第 156 行.
NOTIC: [8] Undefined variable: type D:\www\online_team\www.sale.com\Application\Runtime\Cache\Admin\6cb73ff4e88fcdc2fa9623f330bc0e43.php 第 156 行.
NOTIC: [8] Undefined variable: type D:\www\online_team\www.sale.com\Application\Runtime\Cache\Admin\6cb73ff4e88fcdc2fa9623f330bc0e43.php 第 156 行.
NOTIC: [8] Undefined variable: type D:\www\online_team\www.sale.com\Application\Runtime\Cache\Admin\6cb73ff4e88fcdc2fa9623f330bc0e43.php 第 156 行.
NOTIC: [8] Undefined variable: type D:\www\online_team\www.sale.com\Application\Runtime\Cache\Admin\6cb73ff4e88fcdc2fa9623f330bc0e43.php 第 156 行.
NOTIC: [8] Undefined variable: type D:\www\online_team\www.sale.com\Application\Runtime\Cache\Admin\6cb73ff4e88fcdc2fa9623f330bc0e43.php 第 156 行.
NOTIC: [8] Undefined variable: type D:\www\online_team\www.sale.com\Application\Runtime\Cache\Admin\6cb73ff4e88fcdc2fa9623f330bc0e43.php 第 156 行.
NOTIC: [8] Undefined variable: type D:\www\online_team\www.sale.com\Application\Runtime\Cache\Admin\6cb73ff4e88fcdc2fa9623f330bc0e43.php 第 156 行.
NOTIC: [8] Undefined variable: type D:\www\online_team\www.sale.com\Application\Runtime\Cache\Admin\6cb73ff4e88fcdc2fa9623f330bc0e43.php 第 156 行.
NOTIC: [8] Undefined variable: type D:\www\online_team\www.sale.com\Application\Runtime\Cache\Admin\6cb73ff4e88fcdc2fa9623f330bc0e43.php 第 156 行.
NOTIC: [8] Undefined variable: type D:\www\online_team\www.sale.com\Application\Runtime\Cache\Admin\6cb73ff4e88fcdc2fa9623f330bc0e43.php 第 156 行.
NOTIC: [8] Undefined variable: type D:\www\online_team\www.sale.com\Application\Runtime\Cache\Admin\6cb73ff4e88fcdc2fa9623f330bc0e43.php 第 156 行.
NOTIC: [8] Undefined variable: type D:\www\online_team\www.sale.com\Application\Runtime\Cache\Admin\6cb73ff4e88fcdc2fa9623f330bc0e43.php 第 156 行.
NOTIC: [8] Undefined variable: type D:\www\online_team\www.sale.com\Application\Runtime\Cache\Admin\6cb73ff4e88fcdc2fa9623f330bc0e43.php 第 156 行.
NOTIC: [8] Undefined variable: type D:\www\online_team\www.sale.com\Application\Runtime\Cache\Admin\6cb73ff4e88fcdc2fa9623f330bc0e43.php 第 156 行.
NOTIC: [8] Undefined variable: type D:\www\online_team\www.sale.com\Application\Runtime\Cache\Admin\6cb73ff4e88fcdc2fa9623f330bc0e43.php 第 156 行.
NOTIC: [8] Undefined variable: type D:\www\online_team\www.sale.com\Application\Runtime\Cache\Admin\6cb73ff4e88fcdc2fa9623f330bc0e43.php 第 156 行.
NOTIC: [8] Undefined variable: type D:\www\online_team\www.sale.com\Application\Runtime\Cache\Admin\6cb73ff4e88fcdc2fa9623f330bc0e43.php 第 156 行.
NOTIC: [8] Undefined variable: type D:\www\online_team\www.sale.com\Application\Runtime\Cache\Admin\6cb73ff4e88fcdc2fa9623f330bc0e43.php 第 156 行.
NOTIC: [8] Undefined variable: type D:\www\online_team\www.sale.com\Application\Runtime\Cache\Admin\6cb73ff4e88fcdc2fa9623f330bc0e43.php 第 156 行.
NOTIC: [8] Undefined variable: type D:\www\online_team\www.sale.com\Application\Runtime\Cache\Admin\6cb73ff4e88fcdc2fa9623f330bc0e43.php 第 156 行.
NOTIC: [8] Undefined variable: type D:\www\online_team\www.sale.com\Application\Runtime\Cache\Admin\6cb73ff4e88fcdc2fa9623f330bc0e43.php 第 156 行.
NOTIC: [8] Undefined variable: type D:\www\online_team\www.sale.com\Application\Runtime\Cache\Admin\6cb73ff4e88fcdc2fa9623f330bc0e43.php 第 156 行.
NOTIC: [8] Undefined variable: type D:\www\online_team\www.sale.com\Application\Runtime\Cache\Admin\6cb73ff4e88fcdc2fa9623f330bc0e43.php 第 156 行.
NOTIC: [8] Undefined variable: type D:\www\online_team\www.sale.com\Application\Runtime\Cache\Admin\6cb73ff4e88fcdc2fa9623f330bc0e43.php 第 156 行.
NOTIC: [8] Undefined variable: type D:\www\online_team\www.sale.com\Application\Runtime\Cache\Admin\6cb73ff4e88fcdc2fa9623f330bc0e43.php 第 156 行.
NOTIC: [8] Undefined variable: type D:\www\online_team\www.sale.com\Application\Runtime\Cache\Admin\6cb73ff4e88fcdc2fa9623f330bc0e43.php 第 156 行.
NOTIC: [8] Undefined variable: type D:\www\online_team\www.sale.com\Application\Runtime\Cache\Admin\6cb73ff4e88fcdc2fa9623f330bc0e43.php 第 156 行.
NOTIC: [8] Undefined variable: type D:\www\online_team\www.sale.com\Application\Runtime\Cache\Admin\6cb73ff4e88fcdc2fa9623f330bc0e43.php 第 156 行.
INFO: Run Behavior\ParseTemplateBehavior [ RunTime:0.037879s ]
INFO: [ view_parse ] --END-- [ RunTime:0.037951s ]
INFO: [ view_filter ] --START--
INFO: Run Behavior\WriteHtmlCacheBehavior [ RunTime:0.000877s ]
INFO: [ view_filter ] --END-- [ RunTime:0.000915s ]
INFO: [ app_end ] --START--
INFO: Run Behavior\ShowPageTraceBehavior [ RunTime:0.000990s ]
INFO: [ app_end ] --END-- [ RunTime:0.001060s ]

[ 2018-10-10T16:53:59+08:00 ] 127.0.0.1 /TopLine/cartList.html
INFO: [ app_init ] --START--
INFO: Run Behavior\BuildLiteBehavior [ RunTime:0.000022s ]
INFO: [ app_init ] --END-- [ RunTime:0.000735s ]
INFO: [ app_begin ] --START--
INFO: Run Behavior\ReadHtmlCacheBehavior [ RunTime:0.001118s ]
INFO: [ app_begin ] --END-- [ RunTime:0.001208s ]
INFO: [ view_parse ] --START--
INFO: [ template_filter ] --START--
INFO: Run Behavior\ContentReplaceBehavior [ RunTime:0.000128s ]
INFO: [ template_filter ] --END-- [ RunTime:0.000177s ]
INFO: Run Behavior\ParseTemplateBehavior [ RunTime:0.020461s ]
INFO: [ view_parse ] --END-- [ RunTime:0.020536s ]
INFO: [ view_filter ] --START--
INFO: Run Behavior\WriteHtmlCacheBehavior [ RunTime:0.000722s ]
INFO: [ view_filter ] --END-- [ RunTime:0.000756s ]
INFO: [ app_end ] --START--
INFO: Run Behavior\ShowPageTraceBehavior [ RunTime:0.000716s ]
INFO: [ app_end ] --END-- [ RunTime:0.000758s ]

[ 2018-10-10T16:54:06+08:00 ] 127.0.0.1 /TopLine/cartList.html
INFO: [ app_init ] --START--
INFO: Run Behavior\BuildLiteBehavior [ RunTime:0.000022s ]
INFO: [ app_init ] --END-- [ RunTime:0.001016s ]
INFO: [ app_begin ] --START--
INFO: Run Behavior\ReadHtmlCacheBehavior [ RunTime:0.000969s ]
INFO: [ app_begin ] --END-- [ RunTime:0.001032s ]
INFO: [ view_parse ] --START--
INFO: [ template_filter ] --START--
INFO: Run Behavior\ContentReplaceBehavior [ RunTime:0.000253s ]
INFO: [ template_filter ] --END-- [ RunTime:0.000335s ]
INFO: Run Behavior\ParseTemplateBehavior [ RunTime:0.017498s ]
INFO: [ view_parse ] --END-- [ RunTime:0.017598s ]
INFO: [ view_filter ] --START--
INFO: Run Behavior\WriteHtmlCacheBehavior [ RunTime:0.001410s ]
INFO: [ view_filter ] --END-- [ RunTime:0.001501s ]
INFO: [ app_end ] --START--
INFO: Run Behavior\ShowPageTraceBehavior [ RunTime:0.001343s ]
INFO: [ app_end ] --END-- [ RunTime:0.001435s ]

