[ 2018-11-26T10:29:12+08:00 ] 127.0.0.1 /
INFO: [ app_init ] --START--
INFO: Run Behavior\BuildLiteBehavior [ RunTime:0.000013s ]
INFO: [ app_init ] --END-- [ RunTime:0.001625s ]
INFO: [ app_begin ] --START--
INFO: Run Behavior\ReadHtmlCacheBehavior [ RunTime:0.001272s ]
INFO: [ app_begin ] --END-- [ RunTime:0.001325s ]

[ 2018-11-26T10:29:12+08:00 ] 127.0.0.1 /Login/index.html
INFO: [ app_init ] --START--
INFO: Run Behavior\BuildLiteBehavior [ RunTime:0.000018s ]
INFO: [ app_init ] --END-- [ RunTime:0.000741s ]
INFO: [ app_begin ] --START--
INFO: Run Behavior\ReadHtmlCacheBehavior [ RunTime:0.000660s ]
INFO: [ app_begin ] --END-- [ RunTime:0.000708s ]
INFO: [ view_parse ] --START--
INFO: [ template_filter ] --START--
INFO: Run Behavior\ContentReplaceBehavior [ RunTime:0.001217s ]
INFO: [ template_filter ] --END-- [ RunTime:0.001281s ]
INFO: Run Behavior\ParseTemplateBehavior [ RunTime:0.020089s ]
INFO: [ view_parse ] --END-- [ RunTime:0.020160s ]
INFO: [ view_filter ] --START--
INFO: Run Behavior\WriteHtmlCacheBehavior [ RunTime:0.001461s ]
INFO: [ view_filter ] --END-- [ RunTime:0.001544s ]
INFO: [ app_end ] --START--
INFO: Run Behavior\ShowPageTraceBehavior [ RunTime:0.001630s ]
INFO: [ app_end ] --END-- [ RunTime:0.001693s ]

[ 2018-11-26T10:29:13+08:00 ] 127.0.0.1 /
INFO: [ app_init ] --START--
INFO: Run Behavior\BuildLiteBehavior [ RunTime:0.000014s ]
INFO: [ app_init ] --END-- [ RunTime:0.000573s ]
INFO: [ app_begin ] --START--
INFO: Run Behavior\ReadHtmlCacheBehavior [ RunTime:0.001231s ]
INFO: [ app_begin ] --END-- [ RunTime:0.001338s ]

[ 2018-11-26T10:29:13+08:00 ] 127.0.0.1 /favicon.ico
INFO: [ app_init ] --START--
INFO: Run Behavior\BuildLiteBehavior [ RunTime:0.000015s ]
INFO: [ app_init ] --END-- [ RunTime:0.000754s ]

[ 2018-11-26T10:29:15+08:00 ] 127.0.0.1 /Login/doLogin.html
INFO: [ app_init ] --START--
INFO: Run Behavior\BuildLiteBehavior [ RunTime:0.000015s ]
INFO: [ app_init ] --END-- [ RunTime:0.000687s ]
INFO: [ app_begin ] --START--
INFO: Run Behavior\ReadHtmlCacheBehavior [ RunTime:0.000758s ]
INFO: [ app_begin ] --END-- [ RunTime:0.000802s ]
SQL: SHOW COLUMNS FROM `ytt_tmuser` [ RunTime:0.0655s ]
SQL: SELECT * FROM `ytt_tmuser` WHERE `name` = 'daipingshan' AND `password` = 'a0df1932fb37930fb0ca5d9b82e7f58b' LIMIT 1   [ RunTime:0.0747s ]

[ 2018-11-26T10:29:19+08:00 ] 127.0.0.1 /Index/index.html
INFO: [ app_init ] --START--
INFO: Run Behavior\BuildLiteBehavior [ RunTime:0.000024s ]
INFO: [ app_init ] --END-- [ RunTime:0.000969s ]
INFO: [ app_begin ] --START--
INFO: Run Behavior\ReadHtmlCacheBehavior [ RunTime:0.001448s ]
INFO: [ app_begin ] --END-- [ RunTime:0.001549s ]
SQL: SHOW COLUMNS FROM `ytt_illegal_article` [ RunTime:0.0624s ]
SQL: SELECT COUNT(*) AS tp_count FROM `ytt_illegal_article` LIMIT 1   [ RunTime:0.0620s ]
SQL: SELECT * FROM `ytt_illegal_article` ORDER BY id desc LIMIT 0,50   [ RunTime:0.0620s ]
INFO: [ view_parse ] --START--
INFO: [ template_filter ] --START--
INFO: Run Behavior\ContentReplaceBehavior [ RunTime:0.000340s ]
INFO: [ template_filter ] --END-- [ RunTime:0.000454s ]
NOTIC: [8] Undefined index: son_menu D:\www\online_team\www.sale.com\Application\Runtime\Cache\Admin\f61872648bf90e754b75e1a98e6cbf1b.php 第 49 行.
NOTIC: [8] Undefined index: son_menu D:\www\online_team\www.sale.com\Application\Runtime\Cache\Admin\f61872648bf90e754b75e1a98e6cbf1b.php 第 49 行.
INFO: Run Behavior\ParseTemplateBehavior [ RunTime:0.029400s ]
INFO: [ view_parse ] --END-- [ RunTime:0.029464s ]
INFO: [ view_filter ] --START--
INFO: Run Behavior\WriteHtmlCacheBehavior [ RunTime:0.000572s ]
INFO: [ view_filter ] --END-- [ RunTime:0.000606s ]
INFO: [ app_end ] --START--
INFO: Run Behavior\ShowPageTraceBehavior [ RunTime:0.000760s ]
INFO: [ app_end ] --END-- [ RunTime:0.000805s ]

[ 2018-11-26T10:29:24+08:00 ] 127.0.0.1 /TopLine/newsList.html
INFO: [ app_init ] --START--
INFO: Run Behavior\BuildLiteBehavior [ RunTime:0.000019s ]
INFO: [ app_init ] --END-- [ RunTime:0.000711s ]
INFO: [ app_begin ] --START--
INFO: Run Behavior\ReadHtmlCacheBehavior [ RunTime:0.000878s ]
INFO: [ app_begin ] --END-- [ RunTime:0.000949s ]
SQL: SHOW COLUMNS FROM `ytt_top_line_news` [ RunTime:0.0684s ]
SQL: SELECT COUNT(*) AS tp_count FROM `ytt_top_line_news` LIMIT 1   [ RunTime:0.0650s ]
SQL: SELECT * FROM `ytt_top_line_news` ORDER BY id desc LIMIT 0,20   [ RunTime:0.5845s ]
INFO: [ view_parse ] --START--
INFO: [ template_filter ] --START--
INFO: Run Behavior\ContentReplaceBehavior [ RunTime:0.000243s ]
INFO: [ template_filter ] --END-- [ RunTime:0.000291s ]
NOTIC: [8] Undefined index: son_menu D:\www\online_team\www.sale.com\Application\Runtime\Cache\Admin\e05057456dd710e26a15bc53604086a1.php 第 49 行.
NOTIC: [8] Undefined index: son_menu D:\www\online_team\www.sale.com\Application\Runtime\Cache\Admin\e05057456dd710e26a15bc53604086a1.php 第 49 行.
INFO: Run Behavior\ParseTemplateBehavior [ RunTime:0.022964s ]
INFO: [ view_parse ] --END-- [ RunTime:0.023016s ]
INFO: [ view_filter ] --START--
INFO: Run Behavior\WriteHtmlCacheBehavior [ RunTime:0.000698s ]
INFO: [ view_filter ] --END-- [ RunTime:0.000742s ]
INFO: [ app_end ] --START--
INFO: Run Behavior\ShowPageTraceBehavior [ RunTime:0.000807s ]
INFO: [ app_end ] --END-- [ RunTime:0.000861s ]

[ 2018-11-26T10:30:08+08:00 ] 127.0.0.1 /TopLine/newsList.html
INFO: [ app_init ] --START--
INFO: Run Behavior\BuildLiteBehavior [ RunTime:0.000013s ]
INFO: [ app_init ] --END-- [ RunTime:0.000529s ]
INFO: [ app_begin ] --START--
INFO: Run Behavior\ReadHtmlCacheBehavior [ RunTime:0.000617s ]
INFO: [ app_begin ] --END-- [ RunTime:0.000656s ]
SQL: SHOW COLUMNS FROM `ytt_top_line_news` [ RunTime:0.0658s ]
SQL: SELECT COUNT(*) AS tp_count FROM `ytt_top_line_news` LIMIT 1   [ RunTime:0.0659s ]
SQL: SELECT * FROM `ytt_top_line_news` ORDER BY id desc LIMIT 0,20   [ RunTime:0.5818s ]
INFO: [ view_parse ] --START--
INFO: [ template_filter ] --START--
INFO: Run Behavior\ContentReplaceBehavior [ RunTime:0.000199s ]
INFO: [ template_filter ] --END-- [ RunTime:0.000242s ]
NOTIC: [8] Undefined index: son_menu D:\www\online_team\www.sale.com\Application\Runtime\Cache\Admin\e05057456dd710e26a15bc53604086a1.php 第 49 行.
NOTIC: [8] Undefined index: son_menu D:\www\online_team\www.sale.com\Application\Runtime\Cache\Admin\e05057456dd710e26a15bc53604086a1.php 第 49 行.
INFO: Run Behavior\ParseTemplateBehavior [ RunTime:0.024858s ]
INFO: [ view_parse ] --END-- [ RunTime:0.024923s ]
INFO: [ view_filter ] --START--
INFO: Run Behavior\WriteHtmlCacheBehavior [ RunTime:0.000736s ]
INFO: [ view_filter ] --END-- [ RunTime:0.000772s ]
INFO: [ app_end ] --START--
INFO: Run Behavior\ShowPageTraceBehavior [ RunTime:0.000788s ]
INFO: [ app_end ] --END-- [ RunTime:0.000846s ]

[ 2018-11-26T10:31:31+08:00 ] 127.0.0.1 /TopLine/newsList.html
INFO: [ app_init ] --START--
INFO: Run Behavior\BuildLiteBehavior [ RunTime:0.000013s ]
INFO: [ app_init ] --END-- [ RunTime:0.000635s ]
INFO: [ app_begin ] --START--
INFO: Run Behavior\ReadHtmlCacheBehavior [ RunTime:0.000904s ]
INFO: [ app_begin ] --END-- [ RunTime:0.000961s ]
SQL: SHOW COLUMNS FROM `ytt_top_line_news` [ RunTime:0.0863s ]
SQL: SELECT COUNT(*) AS tp_count FROM `ytt_top_line_news` LIMIT 1   [ RunTime:0.0866s ]
SQL: SELECT * FROM `ytt_top_line_news` ORDER BY id desc LIMIT 0,20   [ RunTime:0.6481s ]
INFO: [ view_parse ] --START--
INFO: [ template_filter ] --START--
INFO: Run Behavior\ContentReplaceBehavior [ RunTime:0.000254s ]
INFO: [ template_filter ] --END-- [ RunTime:0.000310s ]
NOTIC: [8] Undefined index: son_menu D:\www\online_team\www.sale.com\Application\Runtime\Cache\Admin\e05057456dd710e26a15bc53604086a1.php 第 49 行.
NOTIC: [8] Undefined index: son_menu D:\www\online_team\www.sale.com\Application\Runtime\Cache\Admin\e05057456dd710e26a15bc53604086a1.php 第 49 行.
INFO: Run Behavior\ParseTemplateBehavior [ RunTime:0.023573s ]
INFO: [ view_parse ] --END-- [ RunTime:0.023637s ]
INFO: [ view_filter ] --START--
INFO: Run Behavior\WriteHtmlCacheBehavior [ RunTime:0.000768s ]
INFO: [ view_filter ] --END-- [ RunTime:0.000802s ]
INFO: [ app_end ] --START--
INFO: Run Behavior\ShowPageTraceBehavior [ RunTime:0.000936s ]
INFO: [ app_end ] --END-- [ RunTime:0.000978s ]

[ 2018-11-26T10:39:30+08:00 ] 127.0.0.1 /TopLine/newsList.html
INFO: [ app_init ] --START--
INFO: Run Behavior\BuildLiteBehavior [ RunTime:0.000014s ]
INFO: [ app_init ] --END-- [ RunTime:0.000712s ]
INFO: [ app_begin ] --START--
INFO: Run Behavior\ReadHtmlCacheBehavior [ RunTime:0.001097s ]
INFO: [ app_begin ] --END-- [ RunTime:0.001176s ]
SQL: SHOW COLUMNS FROM `ytt_top_line_news` [ RunTime:0.0607s ]
SQL: SELECT COUNT(*) AS tp_count FROM `ytt_top_line_news` LIMIT 1   [ RunTime:0.0613s ]
SQL: SELECT * FROM `ytt_top_line_news` ORDER BY id desc LIMIT 0,20   [ RunTime:1.7450s ]
INFO: [ view_parse ] --START--
INFO: [ template_filter ] --START--
INFO: Run Behavior\ContentReplaceBehavior [ RunTime:0.000456s ]
INFO: [ template_filter ] --END-- [ RunTime:0.000558s ]
NOTIC: [8] Undefined index: son_menu D:\www\online_team\www.sale.com\Application\Runtime\Cache\Admin\e05057456dd710e26a15bc53604086a1.php 第 49 行.
NOTIC: [8] Undefined index: son_menu D:\www\online_team\www.sale.com\Application\Runtime\Cache\Admin\e05057456dd710e26a15bc53604086a1.php 第 49 行.
INFO: Run Behavior\ParseTemplateBehavior [ RunTime:0.077892s ]
INFO: [ view_parse ] --END-- [ RunTime:0.078010s ]
INFO: [ view_filter ] --START--
INFO: Run Behavior\WriteHtmlCacheBehavior [ RunTime:0.000928s ]
INFO: [ view_filter ] --END-- [ RunTime:0.000972s ]
INFO: [ app_end ] --START--
INFO: Run Behavior\ShowPageTraceBehavior [ RunTime:0.000930s ]
INFO: [ app_end ] --END-- [ RunTime:0.000979s ]

[ 2018-11-26T10:39:31+08:00 ] 127.0.0.1 /TopLine/newsInfo/id/1024.html
INFO: [ app_init ] --START--
INFO: Run Behavior\BuildLiteBehavior [ RunTime:0.000025s ]
INFO: [ app_init ] --END-- [ RunTime:0.001186s ]
INFO: [ app_begin ] --START--
INFO: Run Behavior\ReadHtmlCacheBehavior [ RunTime:0.001318s ]
INFO: [ app_begin ] --END-- [ RunTime:0.001410s ]
SQL: SHOW COLUMNS FROM `ytt_top_line_news` [ RunTime:0.0614s ]
SQL: SELECT * FROM `ytt_top_line_news` WHERE `id` = 1024 LIMIT 1   [ RunTime:0.1825s ]
INFO: [ view_parse ] --START--
INFO: [ template_filter ] --START--
INFO: Run Behavior\ContentReplaceBehavior [ RunTime:0.000084s ]
INFO: [ template_filter ] --END-- [ RunTime:0.000151s ]
INFO: Run Behavior\ParseTemplateBehavior [ RunTime:0.012148s ]
INFO: [ view_parse ] --END-- [ RunTime:0.012221s ]
INFO: [ view_filter ] --START--
INFO: Run Behavior\WriteHtmlCacheBehavior [ RunTime:0.000452s ]
INFO: [ view_filter ] --END-- [ RunTime:0.000485s ]
INFO: [ app_end ] --START--
INFO: Run Behavior\ShowPageTraceBehavior [ RunTime:0.000632s ]
INFO: [ app_end ] --END-- [ RunTime:0.000670s ]

[ 2018-11-26T10:39:35+08:00 ] 127.0.0.1 /TopLine/checkTitle/title/%E8%80%81%E5%85%AC%E6%96%B0%E6%8F%90%E7%9A%84%E8%BD%A6%EF%BC%8C%E8%BF%AB%E4%B8%8D%E5%8F%8A%E5%BE%85%E8%A3%85%E4%B8%8A%E8%BF%99%E2%80%9C%E9%AB%98%E7%BA%A7%E7%89%A9%E2%80%9D%EF%BC%8C%E7%BB%99%E5%8A%9B%E9%9D%A0%E8%B0%B1%EF%BC%8C%E4%BA%BA%E4%BA%BA%E4%B9%B0%E5%BE%97%E8%B5%B7.html
INFO: [ app_init ] --START--
INFO: Run Behavior\BuildLiteBehavior [ RunTime:0.000012s ]
INFO: [ app_init ] --END-- [ RunTime:0.000591s ]
INFO: [ app_begin ] --START--
INFO: Run Behavior\ReadHtmlCacheBehavior [ RunTime:0.000714s ]
INFO: [ app_begin ] --END-- [ RunTime:0.000759s ]

[ 2018-11-26T10:39:38+08:00 ] 127.0.0.1 /Public/Admin/js/maps/swiper.jquery.min.js.map
INFO: [ app_init ] --START--
INFO: Run Behavior\BuildLiteBehavior [ RunTime:0.000014s ]
INFO: [ app_init ] --END-- [ RunTime:0.000733s ]
INFO: [ app_begin ] --START--
INFO: Run Behavior\ReadHtmlCacheBehavior [ RunTime:0.001217s ]
INFO: [ app_begin ] --END-- [ RunTime:0.001286s ]
NOTIC: [8] Undefined offset: 0 D:\www\online_team\www.sale.com\Application\Admin\Controller\CommonController.class.php 第 85 行.
ERR: 非法操作:Admin

[ 2018-11-26T10:39:42+08:00 ] 127.0.0.1 /TopLine/checkTitle/title/%E8%80%81%E5%85%AC%E6%96%B0%E6%8F%90%E7%9A%84%E8%BD%A6%EF%BC%8C%E8%BF%AB%E4%B8%8D%E5%8F%8A%E5%BE%85%E8%A3%85%E4%B8%8A%E8%BF%99%E2%80%9C%E9%AB%98%E7%BA%A7%E7%89%A9%E2%80%9D%EF%BC%8C%E7%BB%99%E5%8A%9B%E9%9D%A0%E8%B0%B1%EF%BC%8C%E4%BA%BA%E4%BA%BA%E4%B9%B0%E5%BE%97%E8%B5%B7.html
INFO: [ app_init ] --START--
INFO: Run Behavior\BuildLiteBehavior [ RunTime:0.000015s ]
INFO: [ app_init ] --END-- [ RunTime:0.000689s ]
INFO: [ app_begin ] --START--
INFO: Run Behavior\ReadHtmlCacheBehavior [ RunTime:0.000739s ]
INFO: [ app_begin ] --END-- [ RunTime:0.000798s ]

[ 2018-11-26T10:40:10+08:00 ] 127.0.0.1 /TopLine/checkTitle/title/%E8%80%81%E5%85%AC%E6%96%B0%E6%8F%90%E7%9A%84%E8%BD%A6%EF%BC%8C%E8%BF%AB%E4%B8%8D%E5%8F%8A%E5%BE%85%E8%A3%85%E4%B8%8A%E8%BF%99%E2%80%9C%E9%AB%98%E7%BA%A7%E7%89%A9%E2%80%9D%EF%BC%8C%E7%BB%99%E5%8A%9B%E9%9D%A0%E8%B0%B1%EF%BC%8C%E4%BA%BA%E4%BA%BA%E4%B9%B0%E5%BE%97%E8%B5%B7.html
INFO: [ app_init ] --START--
INFO: Run Behavior\BuildLiteBehavior [ RunTime:0.000016s ]
INFO: [ app_init ] --END-- [ RunTime:0.000822s ]
INFO: [ app_begin ] --START--
INFO: Run Behavior\ReadHtmlCacheBehavior [ RunTime:0.000902s ]
INFO: [ app_begin ] --END-- [ RunTime:0.000953s ]

[ 2018-11-26T10:40:29+08:00 ] 127.0.0.1 /TopLine/newsList.html
INFO: [ app_init ] --START--
INFO: Run Behavior\BuildLiteBehavior [ RunTime:0.000023s ]
INFO: [ app_init ] --END-- [ RunTime:0.000963s ]
INFO: [ app_begin ] --START--
INFO: Run Behavior\ReadHtmlCacheBehavior [ RunTime:0.000715s ]
INFO: [ app_begin ] --END-- [ RunTime:0.000768s ]
SQL: SHOW COLUMNS FROM `ytt_tmuser` [ RunTime:0.0666s ]
SQL: SELECT * FROM `ytt_tmuser`  [ RunTime:0.0678s ]
SQL: SHOW COLUMNS FROM `ytt_top_line_news` [ RunTime:0.0707s ]
SQL: SELECT COUNT(*) AS tp_count FROM `ytt_top_line_news` LIMIT 1   [ RunTime:0.0620s ]
SQL: SELECT * FROM `ytt_top_line_news` ORDER BY id desc LIMIT 0,20   [ RunTime:0.5560s ]
INFO: [ view_parse ] --START--
INFO: [ template_filter ] --START--
INFO: Run Behavior\ContentReplaceBehavior [ RunTime:0.000187s ]
INFO: [ template_filter ] --END-- [ RunTime:0.000232s ]
NOTIC: [8] Undefined index: son_menu D:\www\online_team\www.sale.com\Application\Runtime\Cache\Admin\e05057456dd710e26a15bc53604086a1.php 第 49 行.
NOTIC: [8] Undefined index: son_menu D:\www\online_team\www.sale.com\Application\Runtime\Cache\Admin\e05057456dd710e26a15bc53604086a1.php 第 49 行.
INFO: Run Behavior\ParseTemplateBehavior [ RunTime:0.022047s ]
INFO: [ view_parse ] --END-- [ RunTime:0.022100s ]
INFO: [ view_filter ] --START--
INFO: Run Behavior\WriteHtmlCacheBehavior [ RunTime:0.000762s ]
INFO: [ view_filter ] --END-- [ RunTime:0.000797s ]
INFO: [ app_end ] --START--
INFO: Run Behavior\ShowPageTraceBehavior [ RunTime:0.001157s ]
INFO: [ app_end ] --END-- [ RunTime:0.001273s ]

[ 2018-11-26T10:40:29+08:00 ] 127.0.0.1 /Public/Admin/js/maps/swiper.jquery.min.js.map
INFO: [ app_init ] --START--
INFO: Run Behavior\BuildLiteBehavior [ RunTime:0.000025s ]
INFO: [ app_init ] --END-- [ RunTime:0.001096s ]
INFO: [ app_begin ] --START--
INFO: Run Behavior\ReadHtmlCacheBehavior [ RunTime:0.001530s ]
INFO: [ app_begin ] --END-- [ RunTime:0.001644s ]
NOTIC: [8] Undefined offset: 0 D:\www\online_team\www.sale.com\Application\Admin\Controller\CommonController.class.php 第 85 行.
ERR: 非法操作:Admin

[ 2018-11-26T10:40:30+08:00 ] 127.0.0.1 /TopLine/checkTitle/title/%E8%80%81%E5%85%AC%E6%96%B0%E6%8F%90%E7%9A%84%E8%BD%A6%EF%BC%8C%E8%BF%AB%E4%B8%8D%E5%8F%8A%E5%BE%85%E8%A3%85%E4%B8%8A%E8%BF%99%E2%80%9C%E9%AB%98%E7%BA%A7%E7%89%A9%E2%80%9D%EF%BC%8C%E7%BB%99%E5%8A%9B%E9%9D%A0%E8%B0%B1%EF%BC%8C%E4%BA%BA%E4%BA%BA%E4%B9%B0%E5%BE%97%E8%B5%B7.html
INFO: [ app_init ] --START--
INFO: Run Behavior\BuildLiteBehavior [ RunTime:0.000025s ]
INFO: [ app_init ] --END-- [ RunTime:0.001023s ]
INFO: [ app_begin ] --START--
INFO: Run Behavior\ReadHtmlCacheBehavior [ RunTime:0.001683s ]
INFO: [ app_begin ] --END-- [ RunTime:0.001783s ]

[ 2018-11-26T10:40:36+08:00 ] 127.0.0.1 /TopLine/checkTitle/title/6618827088042394125.html
INFO: [ app_init ] --START--
INFO: Run Behavior\BuildLiteBehavior [ RunTime:0.000016s ]
INFO: [ app_init ] --END-- [ RunTime:0.000720s ]
INFO: [ app_begin ] --START--
INFO: Run Behavior\ReadHtmlCacheBehavior [ RunTime:0.000911s ]
INFO: [ app_begin ] --END-- [ RunTime:0.000963s ]

[ 2018-11-26T10:40:40+08:00 ] 127.0.0.1 /TopLine/checkTitle/title/444444444444444444444444.html
INFO: [ app_init ] --START--
INFO: Run Behavior\BuildLiteBehavior [ RunTime:0.000016s ]
INFO: [ app_init ] --END-- [ RunTime:0.000671s ]
INFO: [ app_begin ] --START--
INFO: Run Behavior\ReadHtmlCacheBehavior [ RunTime:0.000714s ]
INFO: [ app_begin ] --END-- [ RunTime:0.000757s ]

[ 2018-11-26T10:40:58+08:00 ] 127.0.0.1 /TopLine/checkTitle/title/10%E4%B8%87%E5%85%83%E7%9A%84%E8%87%AA%E7%84%B6%E5%90%B8%E6%B0%94%E8%BD%A6%E5%9E%8B%EF%BC%8C%E6%B2%B9%E9%97%A8%E5%8A%A0%E6%9C%80%E5%A4%A7%EF%BC%8C%E8%83%BD%E5%90%A6%E8%B7%91%E5%88%B0220km%2Fh%EF%BC%9F.html
INFO: [ app_init ] --START--
INFO: Run Behavior\BuildLiteBehavior [ RunTime:0.000022s ]
INFO: [ app_init ] --END-- [ RunTime:0.000821s ]
INFO: [ app_begin ] --START--
INFO: Run Behavior\ReadHtmlCacheBehavior [ RunTime:0.000707s ]
INFO: [ app_begin ] --END-- [ RunTime:0.000752s ]
NOTIC: [8] Undefined index: check_title_msg D:\www\online_team\www.sale.com\Application\Admin\Controller\TopLineController.class.php 第 887 行.

[ 2018-11-26T10:41:01+08:00 ] 127.0.0.1 /TopLine/checkTitle/title/10%E4%B8%87%E5%85%83%E7%9A%84%E8%87%AA%E7%84%B6%E5%90%B8%E6%B0%94%E8%BD%A6%E5%9E%8B%EF%BC%8C%E6%B2%B9%E9%97%A8%E5%8A%A0%E6%9C%80%E5%A4%A7%EF%BC%8C%E8%83%BD%E5%90%A6%E8%B7%91%E5%88%B0220km%2Fh%EF%BC%9F.html
INFO: [ app_init ] --START--
INFO: Run Behavior\BuildLiteBehavior [ RunTime:0.000022s ]
INFO: [ app_init ] --END-- [ RunTime:0.000817s ]
INFO: [ app_begin ] --START--
INFO: Run Behavior\ReadHtmlCacheBehavior [ RunTime:0.000784s ]
INFO: [ app_begin ] --END-- [ RunTime:0.000833s ]
NOTIC: [8] Undefined index: check_title_msg D:\www\online_team\www.sale.com\Application\Admin\Controller\TopLineController.class.php 第 887 行.

[ 2018-11-26T10:41:15+08:00 ] 127.0.0.1 /Public/Admin/js/maps/swiper.jquery.min.js.map
INFO: [ app_init ] --START--
INFO: Run Behavior\BuildLiteBehavior [ RunTime:0.000020s ]
INFO: [ app_init ] --END-- [ RunTime:0.000901s ]
INFO: [ app_begin ] --START--
INFO: Run Behavior\ReadHtmlCacheBehavior [ RunTime:0.000937s ]
INFO: [ app_begin ] --END-- [ RunTime:0.001006s ]
NOTIC: [8] Undefined offset: 0 D:\www\online_team\www.sale.com\Application\Admin\Controller\CommonController.class.php 第 85 行.
ERR: 非法操作:Admin

[ 2018-11-26T10:41:16+08:00 ] 127.0.0.1 /TopLine/checkTitle/title/%E8%80%81%E5%85%AC%E6%96%B0%E6%8F%90%E7%9A%84%E8%BD%A6%EF%BC%8C%E8%BF%AB%E4%B8%8D%E5%8F%8A%E5%BE%85%E8%A3%85%E4%B8%8A%E8%BF%99%E2%80%9C%E9%AB%98%E7%BA%A7%E7%89%A9%E2%80%9D%EF%BC%8C%E7%BB%99%E5%8A%9B%E9%9D%A0%E8%B0%B1%EF%BC%8C%E4%BA%BA%E4%BA%BA%E4%B9%B0%E5%BE%97%E8%B5%B7.html
INFO: [ app_init ] --START--
INFO: Run Behavior\BuildLiteBehavior [ RunTime:0.000014s ]
INFO: [ app_init ] --END-- [ RunTime:0.000575s ]
INFO: [ app_begin ] --START--
INFO: Run Behavior\ReadHtmlCacheBehavior [ RunTime:0.000985s ]
INFO: [ app_begin ] --END-- [ RunTime:0.001047s ]

[ 2018-11-26T10:41:47+08:00 ] 127.0.0.1 /TopLine/checkTitle/title/%E8%80%81%E5%85%AC%E6%96%B0%E6%8F%90%E7%9A%84%E8%BD%A6%EF%BC%8C%E8%BF%AB%E4%B8%8D%E5%8F%8A%E5%BE%85%E8%A3%85%E4%B8%8A%E8%BF%99%E2%80%9C%E9%AB%98%E7%BA%A7%E7%89%A9%E2%80%9D%EF%BC%8C%E7%BB%99%E5%8A%9B%E9%9D%A0%E8%B0%B1%EF%BC%8C%E4%BA%BA%E4%BA%BA%E4%B9%B0%E5%BE%97%E8%B5%B7.html
INFO: [ app_init ] --START--
INFO: Run Behavior\BuildLiteBehavior [ RunTime:0.000013s ]
INFO: [ app_init ] --END-- [ RunTime:0.000669s ]
INFO: [ app_begin ] --START--
INFO: Run Behavior\ReadHtmlCacheBehavior [ RunTime:0.000813s ]
INFO: [ app_begin ] --END-- [ RunTime:0.000857s ]

[ 2018-11-26T10:42:07+08:00 ] 127.0.0.1 /TopLine/checkTitle/title/6618827088042394125.html
INFO: [ app_init ] --START--
INFO: Run Behavior\BuildLiteBehavior [ RunTime:0.000013s ]
INFO: [ app_init ] --END-- [ RunTime:0.000645s ]
INFO: [ app_begin ] --START--
INFO: Run Behavior\ReadHtmlCacheBehavior [ RunTime:0.001216s ]
INFO: [ app_begin ] --END-- [ RunTime:0.001281s ]

[ 2018-11-26T10:44:11+08:00 ] 127.0.0.1 /TopLine/newsList.html
INFO: [ app_init ] --START--
INFO: Run Behavior\BuildLiteBehavior [ RunTime:0.000025s ]
INFO: [ app_init ] --END-- [ RunTime:0.001217s ]
INFO: [ app_begin ] --START--
INFO: Run Behavior\ReadHtmlCacheBehavior [ RunTime:0.000915s ]
INFO: [ app_begin ] --END-- [ RunTime:0.001004s ]
SQL: SHOW COLUMNS FROM `ytt_top_line_news` [ RunTime:0.0936s ]
SQL: SELECT COUNT(*) AS tp_count FROM `ytt_top_line_news` LIMIT 1   [ RunTime:0.0686s ]
SQL: SELECT * FROM `ytt_top_line_news` ORDER BY id desc LIMIT 0,20   [ RunTime:0.6609s ]
INFO: [ view_parse ] --START--
INFO: [ template_filter ] --START--
INFO: Run Behavior\ContentReplaceBehavior [ RunTime:0.000721s ]
INFO: [ template_filter ] --END-- [ RunTime:0.000850s ]
NOTIC: [8] Undefined index: son_menu D:\www\online_team\www.sale.com\Application\Runtime\Cache\Admin\e05057456dd710e26a15bc53604086a1.php 第 49 行.
NOTIC: [8] Undefined index: son_menu D:\www\online_team\www.sale.com\Application\Runtime\Cache\Admin\e05057456dd710e26a15bc53604086a1.php 第 49 行.
INFO: Run Behavior\ParseTemplateBehavior [ RunTime:0.059905s ]
INFO: [ view_parse ] --END-- [ RunTime:0.060004s ]
INFO: [ view_filter ] --START--
INFO: Run Behavior\WriteHtmlCacheBehavior [ RunTime:0.001156s ]
INFO: [ view_filter ] --END-- [ RunTime:0.001209s ]
INFO: [ app_end ] --START--
INFO: Run Behavior\ShowPageTraceBehavior [ RunTime:0.001194s ]
INFO: [ app_end ] --END-- [ RunTime:0.001256s ]

[ 2018-11-26T10:44:12+08:00 ] 127.0.0.1 /Public/Admin/js/maps/swiper.jquery.min.js.map
INFO: [ app_init ] --START--
INFO: Run Behavior\BuildLiteBehavior [ RunTime:0.000013s ]
INFO: [ app_init ] --END-- [ RunTime:0.000537s ]
INFO: [ app_begin ] --START--
INFO: Run Behavior\ReadHtmlCacheBehavior [ RunTime:0.001255s ]
INFO: [ app_begin ] --END-- [ RunTime:0.001359s ]
NOTIC: [8] Undefined offset: 0 D:\www\online_team\www.sale.com\Application\Admin\Controller\CommonController.class.php 第 85 行.
ERR: 非法操作:Admin

[ 2018-11-26T10:44:13+08:00 ] 127.0.0.1 /TopLine/checkTitle/title/%E8%80%81%E5%85%AC%E6%96%B0%E6%8F%90%E7%9A%84%E8%BD%A6%EF%BC%8C%E8%BF%AB%E4%B8%8D%E5%8F%8A%E5%BE%85%E8%A3%85%E4%B8%8A%E8%BF%99%E2%80%9C%E9%AB%98%E7%BA%A7%E7%89%A9%E2%80%9D%EF%BC%8C%E7%BB%99%E5%8A%9B%E9%9D%A0%E8%B0%B1%EF%BC%8C%E4%BA%BA%E4%BA%BA%E4%B9%B0%E5%BE%97%E8%B5%B7.html
INFO: [ app_init ] --START--
INFO: Run Behavior\BuildLiteBehavior [ RunTime:0.000024s ]
INFO: [ app_init ] --END-- [ RunTime:0.001122s ]
INFO: [ app_begin ] --START--
INFO: Run Behavior\ReadHtmlCacheBehavior [ RunTime:0.000768s ]
INFO: [ app_begin ] --END-- [ RunTime:0.000813s ]

[ 2018-11-26T10:44:18+08:00 ] 127.0.0.1 /TopLine/checkTitle/title/6618827088042394125.html
INFO: [ app_init ] --START--
INFO: Run Behavior\BuildLiteBehavior [ RunTime:0.000018s ]
INFO: [ app_init ] --END-- [ RunTime:0.000901s ]
INFO: [ app_begin ] --START--
INFO: Run Behavior\ReadHtmlCacheBehavior [ RunTime:0.001073s ]
INFO: [ app_begin ] --END-- [ RunTime:0.001155s ]

[ 2018-11-26T10:44:44+08:00 ] 127.0.0.1 /TopLine/checkTitle/title/6618827088042394125.html
INFO: [ app_init ] --START--
INFO: Run Behavior\BuildLiteBehavior [ RunTime:0.000024s ]
INFO: [ app_init ] --END-- [ RunTime:0.001042s ]
INFO: [ app_begin ] --START--
INFO: Run Behavior\ReadHtmlCacheBehavior [ RunTime:0.001192s ]
INFO: [ app_begin ] --END-- [ RunTime:0.001293s ]

[ 2018-11-26T10:44:51+08:00 ] 127.0.0.1 /TopLine/newsList.html
INFO: [ app_init ] --START--
INFO: Run Behavior\BuildLiteBehavior [ RunTime:0.000015s ]
INFO: [ app_init ] --END-- [ RunTime:0.000594s ]
INFO: [ app_begin ] --START--
INFO: Run Behavior\ReadHtmlCacheBehavior [ RunTime:0.000697s ]
INFO: [ app_begin ] --END-- [ RunTime:0.000747s ]
SQL: SHOW COLUMNS FROM `ytt_top_line_news` [ RunTime:0.0631s ]
SQL: SELECT COUNT(*) AS tp_count FROM `ytt_top_line_news` LIMIT 1   [ RunTime:0.0620s ]
SQL: SELECT * FROM `ytt_top_line_news` ORDER BY id desc LIMIT 0,20   [ RunTime:0.6259s ]
INFO: [ view_parse ] --START--
INFO: [ template_filter ] --START--
INFO: Run Behavior\ContentReplaceBehavior [ RunTime:0.000391s ]
INFO: [ template_filter ] --END-- [ RunTime:0.000473s ]
NOTIC: [8] Undefined index: son_menu D:\www\online_team\www.sale.com\Application\Runtime\Cache\Admin\e05057456dd710e26a15bc53604086a1.php 第 49 行.
NOTIC: [8] Undefined index: son_menu D:\www\online_team\www.sale.com\Application\Runtime\Cache\Admin\e05057456dd710e26a15bc53604086a1.php 第 49 行.
INFO: Run Behavior\ParseTemplateBehavior [ RunTime:0.031193s ]
INFO: [ view_parse ] --END-- [ RunTime:0.031256s ]
INFO: [ view_filter ] --START--
INFO: Run Behavior\WriteHtmlCacheBehavior [ RunTime:0.001052s ]
INFO: [ view_filter ] --END-- [ RunTime:0.001108s ]
INFO: [ app_end ] --START--
INFO: Run Behavior\ShowPageTraceBehavior [ RunTime:0.001042s ]
INFO: [ app_end ] --END-- [ RunTime:0.001112s ]

[ 2018-11-26T10:44:52+08:00 ] 127.0.0.1 /Public/Admin/js/maps/swiper.jquery.min.js.map
INFO: [ app_init ] --START--
INFO: Run Behavior\BuildLiteBehavior [ RunTime:0.000015s ]
INFO: [ app_init ] --END-- [ RunTime:0.000575s ]
INFO: [ app_begin ] --START--
INFO: Run Behavior\ReadHtmlCacheBehavior [ RunTime:0.001184s ]
INFO: [ app_begin ] --END-- [ RunTime:0.001272s ]
NOTIC: [8] Undefined offset: 0 D:\www\online_team\www.sale.com\Application\Admin\Controller\CommonController.class.php 第 85 行.
ERR: 非法操作:Admin

[ 2018-11-26T10:44:55+08:00 ] 127.0.0.1 /TopLine/checkTitle/title/6618827088042394125.html
INFO: [ app_init ] --START--
INFO: Run Behavior\BuildLiteBehavior [ RunTime:0.000023s ]
INFO: [ app_init ] --END-- [ RunTime:0.001063s ]
INFO: [ app_begin ] --START--
INFO: Run Behavior\ReadHtmlCacheBehavior [ RunTime:0.001125s ]
INFO: [ app_begin ] --END-- [ RunTime:0.001206s ]

[ 2018-11-26T10:45:06+08:00 ] 127.0.0.1 /TopLine/checkTitle/title/10%E4%B8%87%E5%85%83%E7%9A%84%E8%87%AA%E7%84%B6%E5%90%B8%E6%B0%94%E8%BD%A6%E5%9E%8B%EF%BC%8C%E6%B2%B9%E9%97%A8%E5%8A%A0%E6%9C%80%E5%A4%A7%EF%BC%8C%E8%83%BD%E5%90%A6%E8%B7%91%E5%88%B0220km%2Fh%EF%BC%9F.html
INFO: [ app_init ] --START--
INFO: Run Behavior\BuildLiteBehavior [ RunTime:0.000027s ]
INFO: [ app_init ] --END-- [ RunTime:0.001082s ]
INFO: [ app_begin ] --START--
INFO: Run Behavior\ReadHtmlCacheBehavior [ RunTime:0.001215s ]
INFO: [ app_begin ] --END-- [ RunTime:0.001299s ]

[ 2018-11-26T10:45:41+08:00 ] 127.0.0.1 /TopLine/newsList.html
INFO: [ app_init ] --START--
INFO: Run Behavior\BuildLiteBehavior [ RunTime:0.000014s ]
INFO: [ app_init ] --END-- [ RunTime:0.000566s ]
INFO: [ app_begin ] --START--
INFO: Run Behavior\ReadHtmlCacheBehavior [ RunTime:0.000907s ]
INFO: [ app_begin ] --END-- [ RunTime:0.000970s ]
SQL: SHOW COLUMNS FROM `ytt_top_line_news` [ RunTime:0.0615s ]
SQL: SELECT COUNT(*) AS tp_count FROM `ytt_top_line_news` LIMIT 1   [ RunTime:0.0610s ]
SQL: SELECT * FROM `ytt_top_line_news` ORDER BY id desc LIMIT 0,20   [ RunTime:0.5522s ]
INFO: [ view_parse ] --START--
INFO: [ template_filter ] --START--
INFO: Run Behavior\ContentReplaceBehavior [ RunTime:0.000217s ]
INFO: [ template_filter ] --END-- [ RunTime:0.000262s ]
NOTIC: [8] Undefined index: son_menu D:\www\online_team\www.sale.com\Application\Runtime\Cache\Admin\e05057456dd710e26a15bc53604086a1.php 第 49 行.
NOTIC: [8] Undefined index: son_menu D:\www\online_team\www.sale.com\Application\Runtime\Cache\Admin\e05057456dd710e26a15bc53604086a1.php 第 49 行.
INFO: Run Behavior\ParseTemplateBehavior [ RunTime:0.022894s ]
INFO: [ view_parse ] --END-- [ RunTime:0.022950s ]
INFO: [ view_filter ] --START--
INFO: Run Behavior\WriteHtmlCacheBehavior [ RunTime:0.000740s ]
INFO: [ view_filter ] --END-- [ RunTime:0.000776s ]
INFO: [ app_end ] --START--
INFO: Run Behavior\ShowPageTraceBehavior [ RunTime:0.000735s ]
INFO: [ app_end ] --END-- [ RunTime:0.000775s ]

[ 2018-11-26T10:45:41+08:00 ] 127.0.0.1 /Public/Admin/js/maps/swiper.jquery.min.js.map
INFO: [ app_init ] --START--
INFO: Run Behavior\BuildLiteBehavior [ RunTime:0.000015s ]
INFO: [ app_init ] --END-- [ RunTime:0.000553s ]
INFO: [ app_begin ] --START--
INFO: Run Behavior\ReadHtmlCacheBehavior [ RunTime:0.001250s ]
INFO: [ app_begin ] --END-- [ RunTime:0.001355s ]
NOTIC: [8] Undefined offset: 0 D:\www\online_team\www.sale.com\Application\Admin\Controller\CommonController.class.php 第 85 行.
ERR: 非法操作:Admin

[ 2018-11-26T10:45:43+08:00 ] 127.0.0.1 /TopLine/checkTitle/title/6618827088042394125.html
INFO: [ app_init ] --START--
INFO: Run Behavior\BuildLiteBehavior [ RunTime:0.000015s ]
INFO: [ app_init ] --END-- [ RunTime:0.000613s ]
INFO: [ app_begin ] --START--
INFO: Run Behavior\ReadHtmlCacheBehavior [ RunTime:0.001187s ]
INFO: [ app_begin ] --END-- [ RunTime:0.001269s ]

[ 2018-11-26T10:45:51+08:00 ] 127.0.0.1 /TopLine/checkTitle/title/hcvbcvhdfh.html
INFO: [ app_init ] --START--
INFO: Run Behavior\BuildLiteBehavior [ RunTime:0.000024s ]
INFO: [ app_init ] --END-- [ RunTime:0.000929s ]
INFO: [ app_begin ] --START--
INFO: Run Behavior\ReadHtmlCacheBehavior [ RunTime:0.000746s ]
INFO: [ app_begin ] --END-- [ RunTime:0.000791s ]

[ 2018-11-26T10:48:40+08:00 ] 127.0.0.1 /TopLine/newsList.html
INFO: [ app_init ] --START--
INFO: Run Behavior\BuildLiteBehavior [ RunTime:0.000012s ]
INFO: [ app_init ] --END-- [ RunTime:0.000677s ]
INFO: [ app_begin ] --START--
INFO: Run Behavior\ReadHtmlCacheBehavior [ RunTime:0.000728s ]
INFO: [ app_begin ] --END-- [ RunTime:0.000775s ]
SQL: SHOW COLUMNS FROM `ytt_top_line_news` [ RunTime:0.0657s ]
SQL: SELECT COUNT(*) AS tp_count FROM `ytt_top_line_news` LIMIT 1   [ RunTime:0.0651s ]
SQL: SELECT * FROM `ytt_top_line_news` ORDER BY id desc LIMIT 0,20   [ RunTime:0.6541s ]
INFO: [ view_parse ] --START--
INFO: [ template_filter ] --START--
INFO: Run Behavior\ContentReplaceBehavior [ RunTime:0.000363s ]
INFO: [ template_filter ] --END-- [ RunTime:0.000456s ]
NOTIC: [8] Undefined index: son_menu D:\www\online_team\www.sale.com\Application\Runtime\Cache\Admin\e05057456dd710e26a15bc53604086a1.php 第 49 行.
NOTIC: [8] Undefined index: son_menu D:\www\online_team\www.sale.com\Application\Runtime\Cache\Admin\e05057456dd710e26a15bc53604086a1.php 第 49 行.
INFO: Run Behavior\ParseTemplateBehavior [ RunTime:0.041718s ]
INFO: [ view_parse ] --END-- [ RunTime:0.041828s ]
INFO: [ view_filter ] --START--
INFO: Run Behavior\WriteHtmlCacheBehavior [ RunTime:0.001069s ]
INFO: [ view_filter ] --END-- [ RunTime:0.001138s ]
INFO: [ app_end ] --START--
INFO: Run Behavior\ShowPageTraceBehavior [ RunTime:0.001006s ]
INFO: [ app_end ] --END-- [ RunTime:0.001052s ]

[ 2018-11-26T10:49:13+08:00 ] 127.0.0.1 /TopLine/newsList.html
INFO: [ app_init ] --START--
INFO: Run Behavior\BuildLiteBehavior [ RunTime:0.000018s ]
INFO: [ app_init ] --END-- [ RunTime:0.000694s ]
INFO: [ app_begin ] --START--
INFO: Run Behavior\ReadHtmlCacheBehavior [ RunTime:0.001092s ]
INFO: [ app_begin ] --END-- [ RunTime:0.001192s ]
SQL: SHOW COLUMNS FROM `ytt_top_line_news` [ RunTime:0.0769s ]
SQL: SELECT COUNT(*) AS tp_count FROM `ytt_top_line_news` LIMIT 1   [ RunTime:0.0662s ]
SQL: SELECT * FROM `ytt_top_line_news` ORDER BY id desc LIMIT 0,20   [ RunTime:0.6018s ]
INFO: [ view_parse ] --START--
INFO: [ template_filter ] --START--
INFO: Run Behavior\ContentReplaceBehavior [ RunTime:0.000417s ]
INFO: [ template_filter ] --END-- [ RunTime:0.000506s ]
NOTIC: [8] Undefined index: son_menu D:\www\online_team\www.sale.com\Application\Runtime\Cache\Admin\e05057456dd710e26a15bc53604086a1.php 第 49 行.
NOTIC: [8] Undefined index: son_menu D:\www\online_team\www.sale.com\Application\Runtime\Cache\Admin\e05057456dd710e26a15bc53604086a1.php 第 49 行.
INFO: Run Behavior\ParseTemplateBehavior [ RunTime:0.052997s ]
INFO: [ view_parse ] --END-- [ RunTime:0.053098s ]
INFO: [ view_filter ] --START--
INFO: Run Behavior\WriteHtmlCacheBehavior [ RunTime:0.000793s ]
INFO: [ view_filter ] --END-- [ RunTime:0.000841s ]
INFO: [ app_end ] --START--
INFO: Run Behavior\ShowPageTraceBehavior [ RunTime:0.000944s ]
INFO: [ app_end ] --END-- [ RunTime:0.000995s ]

[ 2018-11-26T10:49:26+08:00 ] 127.0.0.1 /TopLine/newsList.html
INFO: [ app_init ] --START--
INFO: Run Behavior\BuildLiteBehavior [ RunTime:0.000013s ]
INFO: [ app_init ] --END-- [ RunTime:0.000620s ]
INFO: [ app_begin ] --START--
INFO: Run Behavior\ReadHtmlCacheBehavior [ RunTime:0.000831s ]
INFO: [ app_begin ] --END-- [ RunTime:0.000895s ]
SQL: SHOW COLUMNS FROM `ytt_top_line_news` [ RunTime:0.0724s ]
SQL: SELECT COUNT(*) AS tp_count FROM `ytt_top_line_news` LIMIT 1   [ RunTime:0.0727s ]
SQL: SELECT * FROM `ytt_top_line_news` ORDER BY id desc LIMIT 0,20   [ RunTime:0.8461s ]
INFO: [ view_parse ] --START--
INFO: [ template_filter ] --START--
INFO: Run Behavior\ContentReplaceBehavior [ RunTime:0.000484s ]
INFO: [ template_filter ] --END-- [ RunTime:0.000578s ]
NOTIC: [8] Undefined index: son_menu D:\www\online_team\www.sale.com\Application\Runtime\Cache\Admin\e05057456dd710e26a15bc53604086a1.php 第 49 行.
NOTIC: [8] Undefined index: son_menu D:\www\online_team\www.sale.com\Application\Runtime\Cache\Admin\e05057456dd710e26a15bc53604086a1.php 第 49 行.
INFO: Run Behavior\ParseTemplateBehavior [ RunTime:0.056923s ]
INFO: [ view_parse ] --END-- [ RunTime:0.057034s ]
INFO: [ view_filter ] --START--
INFO: Run Behavior\WriteHtmlCacheBehavior [ RunTime:0.001421s ]
INFO: [ view_filter ] --END-- [ RunTime:0.001504s ]
INFO: [ app_end ] --START--
INFO: Run Behavior\ShowPageTraceBehavior [ RunTime:0.001664s ]
INFO: [ app_end ] --END-- [ RunTime:0.001760s ]

[ 2018-11-26T10:49:44+08:00 ] 127.0.0.1 /TopLine/newsList.html
INFO: [ app_init ] --START--
INFO: Run Behavior\BuildLiteBehavior [ RunTime:0.000014s ]
INFO: [ app_init ] --END-- [ RunTime:0.000588s ]
INFO: [ app_begin ] --START--
INFO: Run Behavior\ReadHtmlCacheBehavior [ RunTime:0.000742s ]
INFO: [ app_begin ] --END-- [ RunTime:0.000787s ]
SQL: SHOW COLUMNS FROM `ytt_top_line_news` [ RunTime:0.0613s ]
SQL: SELECT COUNT(*) AS tp_count FROM `ytt_top_line_news` LIMIT 1   [ RunTime:0.0620s ]
SQL: SELECT * FROM `ytt_top_line_news` ORDER BY id desc LIMIT 0,20   [ RunTime:0.6061s ]
INFO: [ view_parse ] --START--
INFO: [ template_filter ] --START--
INFO: Run Behavior\ContentReplaceBehavior [ RunTime:0.000507s ]
INFO: [ template_filter ] --END-- [ RunTime:0.000611s ]
NOTIC: [8] Undefined index: son_menu D:\www\online_team\www.sale.com\Application\Runtime\Cache\Admin\e05057456dd710e26a15bc53604086a1.php 第 49 行.
NOTIC: [8] Undefined index: son_menu D:\www\online_team\www.sale.com\Application\Runtime\Cache\Admin\e05057456dd710e26a15bc53604086a1.php 第 49 行.
INFO: Run Behavior\ParseTemplateBehavior [ RunTime:0.064639s ]
INFO: [ view_parse ] --END-- [ RunTime:0.064762s ]
INFO: [ view_filter ] --START--
INFO: Run Behavior\WriteHtmlCacheBehavior [ RunTime:0.000730s ]
INFO: [ view_filter ] --END-- [ RunTime:0.000768s ]
INFO: [ app_end ] --START--
INFO: Run Behavior\ShowPageTraceBehavior [ RunTime:0.000714s ]
INFO: [ app_end ] --END-- [ RunTime:0.000759s ]

[ 2018-11-26T10:49:54+08:00 ] 127.0.0.1 /TopLine/newsList.html
INFO: [ app_init ] --START--
INFO: Run Behavior\BuildLiteBehavior [ RunTime:0.000018s ]
INFO: [ app_init ] --END-- [ RunTime:0.000587s ]
INFO: [ app_begin ] --START--
INFO: Run Behavior\ReadHtmlCacheBehavior [ RunTime:0.000616s ]
INFO: [ app_begin ] --END-- [ RunTime:0.000662s ]
SQL: SHOW COLUMNS FROM `ytt_top_line_news` [ RunTime:0.0722s ]
SQL: SELECT COUNT(*) AS tp_count FROM `ytt_top_line_news` LIMIT 1   [ RunTime:0.0710s ]
SQL: SELECT * FROM `ytt_top_line_news` ORDER BY id desc LIMIT 0,20   [ RunTime:0.8089s ]
INFO: [ view_parse ] --START--
INFO: [ template_filter ] --START--
INFO: Run Behavior\ContentReplaceBehavior [ RunTime:0.000422s ]
INFO: [ template_filter ] --END-- [ RunTime:0.000536s ]
NOTIC: [8] Undefined index: son_menu D:\www\online_team\www.sale.com\Application\Runtime\Cache\Admin\e05057456dd710e26a15bc53604086a1.php 第 49 行.
NOTIC: [8] Undefined index: son_menu D:\www\online_team\www.sale.com\Application\Runtime\Cache\Admin\e05057456dd710e26a15bc53604086a1.php 第 49 行.
INFO: Run Behavior\ParseTemplateBehavior [ RunTime:0.044921s ]
INFO: [ view_parse ] --END-- [ RunTime:0.045017s ]
INFO: [ view_filter ] --START--
INFO: Run Behavior\WriteHtmlCacheBehavior [ RunTime:0.000759s ]
INFO: [ view_filter ] --END-- [ RunTime:0.000801s ]
INFO: [ app_end ] --START--
INFO: Run Behavior\ShowPageTraceBehavior [ RunTime:0.001003s ]
INFO: [ app_end ] --END-- [ RunTime:0.001054s ]

[ 2018-11-26T10:53:28+08:00 ] 127.0.0.1 /TopLine/newsList.html
INFO: [ app_init ] --START--
INFO: Run Behavior\BuildLiteBehavior [ RunTime:0.000014s ]
INFO: [ app_init ] --END-- [ RunTime:0.000689s ]
INFO: [ app_begin ] --START--
INFO: Run Behavior\ReadHtmlCacheBehavior [ RunTime:0.001135s ]
INFO: [ app_begin ] --END-- [ RunTime:0.001254s ]
SQL: SHOW COLUMNS FROM `ytt_top_line_news` [ RunTime:0.0754s ]
SQL: SELECT COUNT(*) AS tp_count FROM `ytt_top_line_news` LIMIT 1   [ RunTime:0.0614s ]
SQL: SELECT * FROM `ytt_top_line_news` ORDER BY id desc LIMIT 0,20   [ RunTime:0.6525s ]
INFO: [ view_parse ] --START--
INFO: [ template_filter ] --START--
INFO: Run Behavior\ContentReplaceBehavior [ RunTime:0.000207s ]
INFO: [ template_filter ] --END-- [ RunTime:0.000250s ]
NOTIC: [8] Undefined index: son_menu D:\www\online_team\www.sale.com\Application\Runtime\Cache\Admin\e05057456dd710e26a15bc53604086a1.php 第 49 行.
NOTIC: [8] Undefined index: son_menu D:\www\online_team\www.sale.com\Application\Runtime\Cache\Admin\e05057456dd710e26a15bc53604086a1.php 第 49 行.
INFO: Run Behavior\ParseTemplateBehavior [ RunTime:0.024122s ]
INFO: [ view_parse ] --END-- [ RunTime:0.024178s ]
INFO: [ view_filter ] --START--
INFO: Run Behavior\WriteHtmlCacheBehavior [ RunTime:0.000898s ]
INFO: [ view_filter ] --END-- [ RunTime:0.000937s ]
INFO: [ app_end ] --START--
INFO: Run Behavior\ShowPageTraceBehavior [ RunTime:0.000856s ]
INFO: [ app_end ] --END-- [ RunTime:0.000898s ]

[ 2018-11-26T10:53:34+08:00 ] 127.0.0.1 /Public/Admin/js/maps/swiper.jquery.min.js.map
INFO: [ app_init ] --START--
INFO: Run Behavior\BuildLiteBehavior [ RunTime:0.000023s ]
INFO: [ app_init ] --END-- [ RunTime:0.000945s ]
INFO: [ app_begin ] --START--
INFO: Run Behavior\ReadHtmlCacheBehavior [ RunTime:0.001206s ]
INFO: [ app_begin ] --END-- [ RunTime:0.001304s ]
NOTIC: [8] Undefined offset: 0 D:\www\online_team\www.sale.com\Application\Admin\Controller\CommonController.class.php 第 85 行.
ERR: 非法操作:Admin

[ 2018-11-26T10:53:36+08:00 ] 127.0.0.1 /Public/Admin/js/maps/swiper.jquery.min.js.map
INFO: [ app_init ] --START--
INFO: Run Behavior\BuildLiteBehavior [ RunTime:0.000019s ]
INFO: [ app_init ] --END-- [ RunTime:0.000574s ]
INFO: [ app_begin ] --START--
INFO: Run Behavior\ReadHtmlCacheBehavior [ RunTime:0.000706s ]
INFO: [ app_begin ] --END-- [ RunTime:0.000755s ]
NOTIC: [8] Undefined offset: 0 D:\www\online_team\www.sale.com\Application\Admin\Controller\CommonController.class.php 第 85 行.
ERR: 非法操作:Admin

[ 2018-11-26T10:54:08+08:00 ] 127.0.0.1 /TopLine/newsList.html
INFO: [ app_init ] --START--
INFO: Run Behavior\BuildLiteBehavior [ RunTime:0.000012s ]
INFO: [ app_init ] --END-- [ RunTime:0.000496s ]
INFO: [ app_begin ] --START--
INFO: Run Behavior\ReadHtmlCacheBehavior [ RunTime:0.001055s ]
INFO: [ app_begin ] --END-- [ RunTime:0.001133s ]
SQL: SHOW COLUMNS FROM `ytt_top_line_news` [ RunTime:0.0905s ]
SQL: SELECT COUNT(*) AS tp_count FROM `ytt_top_line_news` LIMIT 1   [ RunTime:0.0656s ]
SQL: SELECT * FROM `ytt_top_line_news` ORDER BY id desc LIMIT 0,20   [ RunTime:0.5842s ]
INFO: [ view_parse ] --START--
INFO: [ template_filter ] --START--
INFO: Run Behavior\ContentReplaceBehavior [ RunTime:0.000453s ]
INFO: [ template_filter ] --END-- [ RunTime:0.000570s ]
NOTIC: [8] Undefined index: son_menu D:\www\online_team\www.sale.com\Application\Runtime\Cache\Admin\e05057456dd710e26a15bc53604086a1.php 第 49 行.
NOTIC: [8] Undefined index: son_menu D:\www\online_team\www.sale.com\Application\Runtime\Cache\Admin\e05057456dd710e26a15bc53604086a1.php 第 49 行.
INFO: Run Behavior\ParseTemplateBehavior [ RunTime:0.064896s ]
INFO: [ view_parse ] --END-- [ RunTime:0.065024s ]
INFO: [ view_filter ] --START--
INFO: Run Behavior\WriteHtmlCacheBehavior [ RunTime:0.000758s ]
INFO: [ view_filter ] --END-- [ RunTime:0.000800s ]
INFO: [ app_end ] --START--
INFO: Run Behavior\ShowPageTraceBehavior [ RunTime:0.000819s ]
INFO: [ app_end ] --END-- [ RunTime:0.000864s ]

[ 2018-11-26T10:54:08+08:00 ] 127.0.0.1 /Public/Admin/js/maps/swiper.jquery.min.js.map
INFO: [ app_init ] --START--
INFO: Run Behavior\BuildLiteBehavior [ RunTime:0.000026s ]
INFO: [ app_init ] --END-- [ RunTime:0.000958s ]
INFO: [ app_begin ] --START--
INFO: Run Behavior\ReadHtmlCacheBehavior [ RunTime:0.001105s ]
INFO: [ app_begin ] --END-- [ RunTime:0.001189s ]
NOTIC: [8] Undefined offset: 0 D:\www\online_team\www.sale.com\Application\Admin\Controller\CommonController.class.php 第 85 行.
ERR: 非法操作:Admin

[ 2018-11-26T10:54:10+08:00 ] 127.0.0.1 /TopLine/checkTitle.html?title=
INFO: [ app_init ] --START--
INFO: Run Behavior\BuildLiteBehavior [ RunTime:0.000014s ]
INFO: [ app_init ] --END-- [ RunTime:0.000630s ]
INFO: [ app_begin ] --START--
INFO: Run Behavior\ReadHtmlCacheBehavior [ RunTime:0.000718s ]
INFO: [ app_begin ] --END-- [ RunTime:0.000761s ]

[ 2018-11-26T10:54:21+08:00 ] 127.0.0.1 /TopLine/checkTitle.html?title=1111111111111
INFO: [ app_init ] --START--
INFO: Run Behavior\BuildLiteBehavior [ RunTime:0.000021s ]
INFO: [ app_init ] --END-- [ RunTime:0.000748s ]
INFO: [ app_begin ] --START--
INFO: Run Behavior\ReadHtmlCacheBehavior [ RunTime:0.000732s ]
INFO: [ app_begin ] --END-- [ RunTime:0.000777s ]

[ 2018-11-26T11:05:36+08:00 ] 127.0.0.1 /TopLine/checkTitle.html?title=%E8%80%81%E5%85%AC%E6%96%B0%E6%8F%90%E7%9A%84%E8%BD%A6%EF%BC%8C%E8%BF%AB%E4%B8%8D%E5%8F%8A%E5%BE%85%E8%A3%85%E4%B8%8A%E8%BF%99%E2%80%9C%E9%AB%98%E7%BA%A7%E7%89%A9%E2%80%9D%EF%BC%8C%E7%BB%99%E5%8A%9B%E9%9D%A0%E8%B0%B1%EF%BC%8C%E4%BA%BA%E4%BA%BA%E4%B9%B0%E5%BE%97%E8%B5%B7
INFO: [ app_init ] --START--
INFO: Run Behavior\BuildLiteBehavior [ RunTime:0.000015s ]
INFO: [ app_init ] --END-- [ RunTime:0.000799s ]
INFO: [ app_begin ] --START--
INFO: Run Behavior\ReadHtmlCacheBehavior [ RunTime:0.001182s ]
INFO: [ app_begin ] --END-- [ RunTime:0.001262s ]

[ 2018-11-26T11:05:38+08:00 ] 127.0.0.1 /TopLine/checkTitle.html?title=1111111111111
INFO: [ app_init ] --START--
INFO: Run Behavior\BuildLiteBehavior [ RunTime:0.000014s ]
INFO: [ app_init ] --END-- [ RunTime:0.000634s ]
INFO: [ app_begin ] --START--
INFO: Run Behavior\ReadHtmlCacheBehavior [ RunTime:0.000765s ]
INFO: [ app_begin ] --END-- [ RunTime:0.000813s ]

[ 2018-11-26T11:46:24+08:00 ] 127.0.0.1 /TopLine/checkTitle.html?title=10%E4%B8%87%E5%85%83%E7%9A%84%E8%87%AA%E7%84%B6%E5%90%B8%E6%B0%94%E8%BD%A6%E5%9E%8B%EF%BC%8C%E6%B2%B9%E9%97%A8%E5%8A%A0%E6%9C%80%E5%A4%A7%EF%BC%8C%E8%83%BD%E5%90%A6%E8%B7%91%E5%88%B0220km%2Fh%EF%BC%9F
INFO: [ app_init ] --START--
INFO: Run Behavior\BuildLiteBehavior [ RunTime:0.000014s ]
INFO: [ app_init ] --END-- [ RunTime:0.000710s ]
INFO: [ app_begin ] --START--
INFO: Run Behavior\ReadHtmlCacheBehavior [ RunTime:0.000731s ]
INFO: [ app_begin ] --END-- [ RunTime:0.000771s ]

[ 2018-11-26T11:58:02+08:00 ] 127.0.0.1 /TopLine/checkTitle.html?title=10%E4%B8%87%E5%85%83%E7%9A%84%E8%87%AA%E7%84%B6%E5%90%B8%E6%B0%94%E8%BD%A6%E5%9E%8B%EF%BC%8C%E6%B2%B9%E9%97%A8%E5%8A%A0%E6%9C%80%E5%A4%A7%EF%BC%8C%E8%83%BD%E5%90%A6%E8%B7%91%E5%88%B0220km%2Fh%EF%BC%9F
INFO: [ app_init ] --START--
INFO: Run Behavior\BuildLiteBehavior [ RunTime:0.000021s ]
INFO: [ app_init ] --END-- [ RunTime:0.000990s ]
INFO: [ app_begin ] --START--
INFO: Run Behavior\ReadHtmlCacheBehavior [ RunTime:0.000976s ]
INFO: [ app_begin ] --END-- [ RunTime:0.001037s ]

[ 2018-11-26T11:58:07+08:00 ] 127.0.0.1 /TopLine/newsInfo/id/1022.html
INFO: [ app_init ] --START--
INFO: Run Behavior\BuildLiteBehavior [ RunTime:0.000020s ]
INFO: [ app_init ] --END-- [ RunTime:0.000844s ]
INFO: [ app_begin ] --START--
INFO: Run Behavior\ReadHtmlCacheBehavior [ RunTime:0.001205s ]
INFO: [ app_begin ] --END-- [ RunTime:0.001290s ]
SQL: SHOW COLUMNS FROM `ytt_top_line_news` [ RunTime:0.0686s ]
SQL: SELECT * FROM `ytt_top_line_news` WHERE `id` = 1022 LIMIT 1   [ RunTime:0.0694s ]
INFO: [ view_parse ] --START--
INFO: [ template_filter ] --START--
INFO: Run Behavior\ContentReplaceBehavior [ RunTime:0.000073s ]
INFO: [ template_filter ] --END-- [ RunTime:0.000117s ]
INFO: Run Behavior\ParseTemplateBehavior [ RunTime:0.017302s ]
INFO: [ view_parse ] --END-- [ RunTime:0.017385s ]
INFO: [ view_filter ] --START--
INFO: Run Behavior\WriteHtmlCacheBehavior [ RunTime:0.001103s ]
INFO: [ view_filter ] --END-- [ RunTime:0.001148s ]
INFO: [ app_end ] --START--
INFO: Run Behavior\ShowPageTraceBehavior [ RunTime:0.000866s ]
INFO: [ app_end ] --END-- [ RunTime:0.000906s ]

[ 2018-11-26T13:40:06+08:00 ] 127.0.0.1 /TopLine/newsList.html
INFO: [ app_init ] --START--
INFO: Run Behavior\BuildLiteBehavior [ RunTime:0.000013s ]
INFO: [ app_init ] --END-- [ RunTime:0.000694s ]
INFO: [ app_begin ] --START--
INFO: Run Behavior\ReadHtmlCacheBehavior [ RunTime:0.000797s ]
INFO: [ app_begin ] --END-- [ RunTime:0.000841s ]
SQL: SHOW COLUMNS FROM `ytt_top_line_news` [ RunTime:0.0644s ]
SQL: SELECT COUNT(*) AS tp_count FROM `ytt_top_line_news` LIMIT 1   [ RunTime:0.0637s ]
SQL: SELECT * FROM `ytt_top_line_news` ORDER BY id desc LIMIT 0,20   [ RunTime:0.5757s ]
INFO: [ view_parse ] --START--
INFO: [ template_filter ] --START--
INFO: Run Behavior\ContentReplaceBehavior [ RunTime:0.000326s ]
INFO: [ template_filter ] --END-- [ RunTime:0.000406s ]
NOTIC: [8] Undefined index: son_menu D:\www\online_team\www.sale.com\Application\Runtime\Cache\Admin\e05057456dd710e26a15bc53604086a1.php 第 49 行.
NOTIC: [8] Undefined index: son_menu D:\www\online_team\www.sale.com\Application\Runtime\Cache\Admin\e05057456dd710e26a15bc53604086a1.php 第 49 行.
INFO: Run Behavior\ParseTemplateBehavior [ RunTime:0.035614s ]
INFO: [ view_parse ] --END-- [ RunTime:0.035701s ]
INFO: [ view_filter ] --START--
INFO: Run Behavior\WriteHtmlCacheBehavior [ RunTime:0.000832s ]
INFO: [ view_filter ] --END-- [ RunTime:0.000878s ]
INFO: [ app_end ] --START--
INFO: Run Behavior\ShowPageTraceBehavior [ RunTime:0.001092s ]
INFO: [ app_end ] --END-- [ RunTime:0.001166s ]

[ 2018-11-26T13:40:09+08:00 ] 127.0.0.1 /TopLine/checkTitle.html?title=%E5%8D%AB%E7%94%9F%E9%97%B4%E5%9D%9A%E5%86%B3%E6%94%B9%E8%A3%85%E8%B9%B2%E5%9D%91%EF%BC%8C%E8%BF%9E%E7%BA%B8%E7%AF%93%E9%83%BD%E4%B8%8D%E7%94%A8%EF%BC%8C%E6%9C%89%E9%92%B1%E4%BA%BA%E7%BA%B7%E7%BA%B7%E8%BF%99%E4%B9%88%E5%BC%84%EF%BC%8C%E5%A4%AA%E9%AB%98%E7%BA%A7%E4%BA%86
INFO: [ app_init ] --START--
INFO: Run Behavior\BuildLiteBehavior [ RunTime:0.000013s ]
INFO: [ app_init ] --END-- [ RunTime:0.000615s ]
INFO: [ app_begin ] --START--
INFO: Run Behavior\ReadHtmlCacheBehavior [ RunTime:0.000646s ]
INFO: [ app_begin ] --END-- [ RunTime:0.000684s ]

[ 2018-11-26T13:40:11+08:00 ] 127.0.0.1 /TopLine/checkTitle.html?title=%E5%9B%BE%E5%9B%9B%E8%BA%AB%E7%A9%BF%E7%A0%B4%E6%B4%9E%E9%BB%91%E8%A1%A3%E6%90%AD%E7%9F%AD%E8%A3%A4%EF%BC%8C%E8%85%BF%E4%B8%8A%E7%BA%BF%E6%9D%A1%E7%B4%A7%E7%BB%B7%EF%BC%8C%E8%AF%A0%E9%87%8A%E4%BA%86%E5%88%AB%E6%A0%B7%E9%AD%85%E5%8A%9B%EF%BC%81
INFO: [ app_init ] --START--
INFO: Run Behavior\BuildLiteBehavior [ RunTime:0.000013s ]
INFO: [ app_init ] --END-- [ RunTime:0.000662s ]
INFO: [ app_begin ] --START--
INFO: Run Behavior\ReadHtmlCacheBehavior [ RunTime:0.000745s ]
INFO: [ app_begin ] --END-- [ RunTime:0.000785s ]

[ 2018-11-26T13:40:13+08:00 ] 127.0.0.1 /TopLine/checkTitle.html?title=%E5%9B%BE%E4%BA%8C%E7%A9%BF%E7%9A%AE%E8%A1%A3%E9%85%8D%E5%96%87%E5%8F%AD%E8%A3%A4%EF%BC%8C%E8%87%80%E5%9B%B4%E8%85%BF%E5%9E%8B%E9%83%BD%E6%98%BE%E8%83%96%EF%BC%8C%E7%A9%BF%E8%BF%99%E6%A0%B7%E4%B8%8A%E8%A1%97%E6%9C%89%E5%8B%87%E6%B0%94%EF%BC%81
INFO: [ app_init ] --START--
INFO: Run Behavior\BuildLiteBehavior [ RunTime:0.000016s ]
INFO: [ app_init ] --END-- [ RunTime:0.000784s ]
INFO: [ app_begin ] --START--
INFO: Run Behavior\ReadHtmlCacheBehavior [ RunTime:0.000676s ]
INFO: [ app_begin ] --END-- [ RunTime:0.000715s ]

[ 2018-11-26T13:40:14+08:00 ] 127.0.0.1 /TopLine/checkTitle.html?title=%E5%A6%82%E4%BB%8A%E8%A3%85%E4%BF%AE%E8%B0%81%E8%BF%98%E5%81%9A%E2%80%9C%E8%B8%A2%E8%84%9A%E7%BA%BF%E2%80%9D%EF%BC%9F18%E5%B9%B4%E7%89%B9%E5%85%B4%E6%97%B6%E8%BF%99%E7%A7%8D%E2%80%9C%E7%A9%B7%E5%A5%A2%E2%80%9D%E6%B3%95%EF%BC%8C%E5%80%8D%E7%9C%81%E9%92%B1
INFO: [ app_init ] --START--
INFO: Run Behavior\BuildLiteBehavior [ RunTime:0.000011s ]
INFO: [ app_init ] --END-- [ RunTime:0.000596s ]
INFO: [ app_begin ] --START--
INFO: Run Behavior\ReadHtmlCacheBehavior [ RunTime:0.000777s ]
INFO: [ app_begin ] --END-- [ RunTime:0.000827s ]

[ 2018-11-26T13:43:55+08:00 ] 127.0.0.1 /Article/articleInfo.html
INFO: [ app_init ] --START--
INFO: Run Behavior\BuildLiteBehavior [ RunTime:0.000024s ]
INFO: [ app_init ] --END-- [ RunTime:0.001569s ]
INFO: [ app_begin ] --START--
INFO: Run Behavior\ReadHtmlCacheBehavior [ RunTime:0.001131s ]
INFO: [ app_begin ] --END-- [ RunTime:0.001214s ]
SQL: SHOW COLUMNS FROM `ytt_temai_article` [ RunTime:0.0603s ]
SQL: SELECT `id`,`article_id`,`go_detail_count`,FROM_UNIXTIME(behot_time,"%H") as time FROM `ytt_temai_article` WHERE `behot_time` BETWEEN 1543075200 AND 1543161600 GROUP BY article_id ORDER BY go_detail_count desc  [ RunTime:0.7311s ]
INFO: [ view_parse ] --START--
INFO: [ template_filter ] --START--
INFO: Run Behavior\ContentReplaceBehavior [ RunTime:0.000089s ]
INFO: [ template_filter ] --END-- [ RunTime:0.000137s ]
NOTIC: [8] Undefined variable: title D:\www\online_team\www.sale.com\Application\Runtime\Cache\Admin\0acf4af5fb6237276f833cdc070a3356.php 第 142 行.
NOTIC: [8] Undefined variable: title D:\www\online_team\www.sale.com\Application\Runtime\Cache\Admin\0acf4af5fb6237276f833cdc070a3356.php 第 194 行.
INFO: Run Behavior\ParseTemplateBehavior [ RunTime:0.013300s ]
INFO: [ view_parse ] --END-- [ RunTime:0.013356s ]
INFO: [ view_filter ] --START--
INFO: Run Behavior\WriteHtmlCacheBehavior [ RunTime:0.000845s ]
INFO: [ view_filter ] --END-- [ RunTime:0.000885s ]
INFO: [ app_end ] --START--
INFO: Run Behavior\ShowPageTraceBehavior [ RunTime:0.001062s ]
INFO: [ app_end ] --END-- [ RunTime:0.001133s ]

[ 2018-11-26T13:44:03+08:00 ] 127.0.0.1 /Article/index.html
INFO: [ app_init ] --START--
INFO: Run Behavior\BuildLiteBehavior [ RunTime:0.000015s ]
INFO: [ app_init ] --END-- [ RunTime:0.000695s ]
INFO: [ app_begin ] --START--
INFO: Run Behavior\ReadHtmlCacheBehavior [ RunTime:0.000668s ]
INFO: [ app_begin ] --END-- [ RunTime:0.000720s ]
SQL: SHOW COLUMNS FROM `ytt_temai_article_read` [ RunTime:0.0616s ]
SQL: SELECT `article_id`,max(go_detail_count) as count FROM `ytt_temai_article_read` WHERE `behot_time` > 1543161600 GROUP BY article_id ORDER BY count desc  [ RunTime:0.4887s ]
SQL: SELECT * FROM `ytt_temai_article_read` WHERE `article_id` IN ('6627965394944524813','6627973545274114564','6627938737273700871','6627974533754126861','6627965584472539651','6627981106236883470','6627972010909630990','6627963236354359821','6627966932341490190','6627987719643464205','6628002042256294414','6627844805965644292','6627972347225702915','6627923639331193358','6627924713991569923','6627994999826940430','6627923930420085261','6627923827273761293','6627924468708672004','6627984781483180551','6627922427689042445','6627922168585912845','6627922583608099341','6627924375817421320','6627924179196838413','6627922781944152584','6627970492718383629','6627957736938144270','6627985002405560840','6627988297912156679','6627957871571108360','6627924634329154055','6627997355851383303','6627923097313870349','6627922896247325192','6627943158938337796','6627875904397771267','6627924002859909640','6627979441567957511','6627997600744210951','6627924757784297998','6627874953406448131','6627923234140471821','6627924511121474056','6627969117297050120','6627975758411203080','6627988094547149315','6627955947283153421','6627982733362610702','6627923711188025863') AND `create_time` BETWEEN 1543201199 AND 1543208401 ORDER BY go_detail_count desc  [ RunTime:0.0677s ]
NOTIC: [8] Undefined offset: 11 D:\www\online_team\www.sale.com\Application\Admin\Controller\ArticleController.class.php 第 60 行.
NOTIC: [8] Undefined offset: 11 D:\www\online_team\www.sale.com\Application\Admin\Controller\ArticleController.class.php 第 60 行.
INFO: [ view_parse ] --START--
INFO: [ template_filter ] --START--
INFO: Run Behavior\ContentReplaceBehavior [ RunTime:0.000204s ]
INFO: [ template_filter ] --END-- [ RunTime:0.000286s ]
INFO: Run Behavior\ParseTemplateBehavior [ RunTime:0.042284s ]
INFO: [ view_parse ] --END-- [ RunTime:0.042404s ]
INFO: [ view_filter ] --START--
INFO: Run Behavior\WriteHtmlCacheBehavior [ RunTime:0.001370s ]
INFO: [ view_filter ] --END-- [ RunTime:0.001441s ]
INFO: [ app_end ] --START--
INFO: Run Behavior\ShowPageTraceBehavior [ RunTime:0.001109s ]
INFO: [ app_end ] --END-- [ RunTime:0.001180s ]

[ 2018-11-26T13:44:07+08:00 ] 127.0.0.1 /Article/articleList.html
INFO: [ app_init ] --START--
INFO: Run Behavior\BuildLiteBehavior [ RunTime:0.000014s ]
INFO: [ app_init ] --END-- [ RunTime:0.000732s ]
INFO: [ app_begin ] --START--
INFO: Run Behavior\ReadHtmlCacheBehavior [ RunTime:0.000838s ]
INFO: [ app_begin ] --END-- [ RunTime:0.000897s ]
SQL: SHOW COLUMNS FROM `ytt_temai_article_read` [ RunTime:0.0642s ]
SQL: SELECT `article_id`,max(go_detail_count) as count FROM `ytt_temai_article_read` WHERE `behot_time` > 1543161600 AND `create_time` BETWEEN 1543201199 AND 1543208401 GROUP BY article_id ORDER BY count desc  [ RunTime:0.5401s ]
SQL: SELECT * FROM `ytt_temai_article_read` WHERE `article_id` IN ('6627965394944524813','6627973545274114564','6627938737273700871','6627974533754126861','6627965584472539651','6627981106236883470','6627972010909630990','6627963236354359821','6627966932341490190','6627987719643464205','6628002042256294414','6627844805965644292','6627972347225702915','6627923639331193358','6627924713991569923','6627994999826940430','6627923930420085261','6627923827273761293','6627924468708672004','6627984781483180551','6627922427689042445','6627922168585912845','6627922583608099341','6627924375817421320','6627924179196838413','6627922781944152584','6627970492718383629','6627957736938144270','6627985002405560840','6627988297912156679','6627957871571108360','6627924634329154055','6627997355851383303','6627923097313870349','6627922896247325192','6627943158938337796','6627875904397771267','6627924002859909640','6627979441567957511','6627997600744210951','6627924757784297998','6627874953406448131','6627923234140471821','6627924511121474056','6627969117297050120','6627975758411203080','6627988094547149315','6627955947283153421','6627982733362610702','6627923711188025863') ORDER BY go_detail_count desc  [ RunTime:0.1332s ]
NOTIC: [8] Undefined offset: 11 D:\www\online_team\www.sale.com\Application\Admin\Controller\ArticleController.class.php 第 156 行.
NOTIC: [8] Undefined offset: 11 D:\www\online_team\www.sale.com\Application\Admin\Controller\ArticleController.class.php 第 156 行.
INFO: [ view_parse ] --START--
INFO: [ template_filter ] --START--
INFO: Run Behavior\ContentReplaceBehavior [ RunTime:0.000237s ]
INFO: [ template_filter ] --END-- [ RunTime:0.000332s ]
INFO: Run Behavior\ParseTemplateBehavior [ RunTime:0.028428s ]
INFO: [ view_parse ] --END-- [ RunTime:0.028507s ]
INFO: [ view_filter ] --START--
INFO: Run Behavior\WriteHtmlCacheBehavior [ RunTime:0.000718s ]
INFO: [ view_filter ] --END-- [ RunTime:0.000766s ]
INFO: [ app_end ] --START--
INFO: Run Behavior\ShowPageTraceBehavior [ RunTime:0.001193s ]
INFO: [ app_end ] --END-- [ RunTime:0.001273s ]

[ 2018-11-26T13:44:45+08:00 ] 127.0.0.1 /Article/numList.html
INFO: [ app_init ] --START--
INFO: Run Behavior\BuildLiteBehavior [ RunTime:0.000013s ]
INFO: [ app_init ] --END-- [ RunTime:0.000521s ]
INFO: [ app_begin ] --START--
INFO: Run Behavior\ReadHtmlCacheBehavior [ RunTime:0.000892s ]
INFO: [ app_begin ] --END-- [ RunTime:0.000956s ]
SQL: SHOW COLUMNS FROM `ytt_temai_article_read` [ RunTime:0.0617s ]
SQL: SELECT `article_id`,max(num) as num FROM `ytt_temai_article_read` WHERE `behot_time` > 1543161600 AND `create_time` BETWEEN 1543201199 AND 1543208401 GROUP BY article_id ORDER BY num desc  [ RunTime:0.5445s ]
SQL: SELECT * FROM `ytt_temai_article_read` WHERE `article_id` IN ('6627965394944524813','6627973545274114564','6627974533754126861','6627972010909630990','6627981106236883470','6627965584472539651','6627966932341490190','6627963236354359821','6627938737273700871','6628002042256294414','6627987719643464205','6627994999826940430','6627984781483180551','6627985002405560840','6627972347225702915','6627988297912156679','6627997600744210951','6627979441567957511','6627997355851383303','6627982733362610702','6627955947283153421','6627970492718383629','6627957736938144270','6627988094547149315','6627957871571108360','6627975758411203080','6627974665077785101','6627959583895716365','6627923234140471821','6627971464073052680','6627922781944152584','6627943158938337796','6627924002859909640','6627980532103791112','6627984455527039501','6627922282222191112','6627844805965644292','6628006527452054030','6627969117297050120','6627966770181308935','6627986674364187140','6627924260478255629','6627988415004541453','6627923711188025863','6627942879065014792','6627994603255497223','6627954190268236296','6627971525955813901','6627980781803274766','6627976486500434446') ORDER BY num desc  [ RunTime:0.1251s ]
NOTIC: [8] Undefined offset: 11 D:\www\online_team\www.sale.com\Application\Admin\Controller\ArticleController.class.php 第 254 行.
NOTIC: [8] Undefined offset: 11 D:\www\online_team\www.sale.com\Application\Admin\Controller\ArticleController.class.php 第 254 行.
NOTIC: [8] Undefined offset: 11 D:\www\online_team\www.sale.com\Application\Admin\Controller\ArticleController.class.php 第 254 行.
INFO: [ view_parse ] --START--
INFO: [ template_filter ] --START--
INFO: Run Behavior\ContentReplaceBehavior [ RunTime:0.000234s ]
INFO: [ template_filter ] --END-- [ RunTime:0.000331s ]
INFO: Run Behavior\ParseTemplateBehavior [ RunTime:0.044063s ]
INFO: [ view_parse ] --END-- [ RunTime:0.044192s ]
INFO: [ view_filter ] --START--
INFO: Run Behavior\WriteHtmlCacheBehavior [ RunTime:0.001246s ]
INFO: [ view_filter ] --END-- [ RunTime:0.001329s ]
INFO: [ app_end ] --START--
INFO: Run Behavior\ShowPageTraceBehavior [ RunTime:0.001858s ]
INFO: [ app_end ] --END-- [ RunTime:0.001979s ]

