[ 2018-10-18T13:42:48+08:00 ] 127.0.0.1 /Login/index.html
INFO: [ app_init ] --START--
INFO: Run Behavior\BuildLiteBehavior [ RunTime:0.000014s ]
INFO: [ app_init ] --END-- [ RunTime:0.002476s ]
INFO: [ app_begin ] --START--
INFO: Run Behavior\ReadHtmlCacheBehavior [ RunTime:0.001695s ]
INFO: [ app_begin ] --END-- [ RunTime:0.001762s ]
INFO: [ view_parse ] --START--
INFO: [ template_filter ] --START--
INFO: Run Behavior\ContentReplaceBehavior [ RunTime:0.001695s ]
INFO: [ template_filter ] --END-- [ RunTime:0.001770s ]
INFO: Run Behavior\ParseTemplateBehavior [ RunTime:0.024433s ]
INFO: [ view_parse ] --END-- [ RunTime:0.024495s ]
INFO: [ view_filter ] --START--
INFO: Run Behavior\WriteHtmlCacheBehavior [ RunTime:0.000912s ]
INFO: [ view_filter ] --END-- [ RunTime:0.000946s ]
INFO: [ app_end ] --START--
INFO: Run Behavior\ShowPageTraceBehavior [ RunTime:0.001070s ]
INFO: [ app_end ] --END-- [ RunTime:0.001106s ]

[ 2018-10-18T13:42:49+08:00 ] 127.0.0.1 /favicon.ico
INFO: [ app_init ] --START--
INFO: Run Behavior\BuildLiteBehavior [ RunTime:0.000013s ]
INFO: [ app_init ] --END-- [ RunTime:0.000537s ]

[ 2018-10-18T13:42:52+08:00 ] 127.0.0.1 /Login/doLogin.html
INFO: [ app_init ] --START--
INFO: Run Behavior\BuildLiteBehavior [ RunTime:0.000015s ]
INFO: [ app_init ] --END-- [ RunTime:0.000718s ]
INFO: [ app_begin ] --START--
INFO: Run Behavior\ReadHtmlCacheBehavior [ RunTime:0.000791s ]
INFO: [ app_begin ] --END-- [ RunTime:0.000845s ]
SQL: SHOW COLUMNS FROM `ytt_tmuser` [ RunTime:0.0650s ]
SQL: SELECT * FROM `ytt_tmuser` WHERE `name` = 'daipingshan' AND `password` = 'a0df1932fb37930fb0ca5d9b82e7f58b' LIMIT 1   [ RunTime:0.0651s ]

[ 2018-10-18T13:42:56+08:00 ] 127.0.0.1 /Index/index.html
INFO: [ app_init ] --START--
INFO: Run Behavior\BuildLiteBehavior [ RunTime:0.000020s ]
INFO: [ app_init ] --END-- [ RunTime:0.000810s ]
INFO: [ app_begin ] --START--
INFO: Run Behavior\ReadHtmlCacheBehavior [ RunTime:0.001095s ]
INFO: [ app_begin ] --END-- [ RunTime:0.001173s ]
SQL: SHOW COLUMNS FROM `ytt_illegal_article` [ RunTime:0.0651s ]
SQL: SELECT COUNT(*) AS tp_count FROM `ytt_illegal_article` LIMIT 1   [ RunTime:0.0646s ]
SQL: SELECT * FROM `ytt_illegal_article` ORDER BY id desc LIMIT 0,50   [ RunTime:0.0651s ]
INFO: [ view_parse ] --START--
INFO: [ template_filter ] --START--
INFO: Run Behavior\ContentReplaceBehavior [ RunTime:0.000417s ]
INFO: [ template_filter ] --END-- [ RunTime:0.000534s ]
NOTIC: [8] Undefined index: son_menu D:\www\online_team\www.sale.com\Application\Runtime\Cache\Admin\f61872648bf90e754b75e1a98e6cbf1b.php 第 49 行.
NOTIC: [8] Undefined index: son_menu D:\www\online_team\www.sale.com\Application\Runtime\Cache\Admin\f61872648bf90e754b75e1a98e6cbf1b.php 第 49 行.
INFO: Run Behavior\ParseTemplateBehavior [ RunTime:0.044734s ]
INFO: [ view_parse ] --END-- [ RunTime:0.044821s ]
INFO: [ view_filter ] --START--
INFO: Run Behavior\WriteHtmlCacheBehavior [ RunTime:0.000960s ]
INFO: [ view_filter ] --END-- [ RunTime:0.001013s ]
INFO: [ app_end ] --START--
INFO: Run Behavior\ShowPageTraceBehavior [ RunTime:0.001574s ]
INFO: [ app_end ] --END-- [ RunTime:0.001646s ]

[ 2018-10-18T13:43:20+08:00 ] 127.0.0.1 /Sale/itemsUrlList.html
INFO: [ app_init ] --START--
INFO: Run Behavior\BuildLiteBehavior [ RunTime:0.000016s ]
INFO: [ app_init ] --END-- [ RunTime:0.000747s ]
INFO: [ app_begin ] --START--
INFO: Run Behavior\ReadHtmlCacheBehavior [ RunTime:0.001037s ]
INFO: [ app_begin ] --END-- [ RunTime:0.001132s ]
INFO: [ view_parse ] --START--
INFO: [ template_filter ] --START--
INFO: Run Behavior\ContentReplaceBehavior [ RunTime:0.000340s ]
INFO: [ template_filter ] --END-- [ RunTime:0.000428s ]
NOTIC: [8] Undefined index: son_menu D:\www\online_team\www.sale.com\Application\Runtime\Cache\Admin\0463367ec2566c9b30353fe86d493cac.php 第 51 行.
NOTIC: [8] Undefined index: son_menu D:\www\online_team\www.sale.com\Application\Runtime\Cache\Admin\0463367ec2566c9b30353fe86d493cac.php 第 51 行.
INFO: Run Behavior\ParseTemplateBehavior [ RunTime:0.040940s ]
INFO: [ view_parse ] --END-- [ RunTime:0.041025s ]
INFO: [ view_filter ] --START--
INFO: Run Behavior\WriteHtmlCacheBehavior [ RunTime:0.000690s ]
INFO: [ view_filter ] --END-- [ RunTime:0.000727s ]
INFO: [ app_end ] --START--
INFO: Run Behavior\ShowPageTraceBehavior [ RunTime:0.001226s ]
INFO: [ app_end ] --END-- [ RunTime:0.001298s ]

[ 2018-10-18T13:43:25+08:00 ] 127.0.0.1 /Sale/itemsUrlList.html?url=https%3A%2F%2Ftemai.snssdk.com%2Farticle%2Ffeed%2Findex%3Fid%3D6613512162478391821%26subscribe%3D5500803015%26source_type%3D24%26content_type%3D2%26create_user_id%3D8247%26adid%3D__AID__%26tt_from%3Dweixin%26tt_group_id%3D6613512162478391821
INFO: [ app_init ] --START--
INFO: Run Behavior\BuildLiteBehavior [ RunTime:0.000015s ]
INFO: [ app_init ] --END-- [ RunTime:0.000687s ]
INFO: [ app_begin ] --START--
INFO: Run Behavior\ReadHtmlCacheBehavior [ RunTime:0.000694s ]
INFO: [ app_begin ] --END-- [ RunTime:0.000735s ]
NOTIC: [8] Undefined index: commodity D:\www\online_team\www.sale.com\Application\Admin\Controller\SaleController.class.php 第 668 行.
NOTIC: [8] Undefined index: commodity D:\www\online_team\www.sale.com\Application\Admin\Controller\SaleController.class.php 第 668 行.
NOTIC: [8] Undefined index: commodity D:\www\online_team\www.sale.com\Application\Admin\Controller\SaleController.class.php 第 668 行.
NOTIC: [8] Undefined index: commodity D:\www\online_team\www.sale.com\Application\Admin\Controller\SaleController.class.php 第 668 行.
NOTIC: [8] Undefined index: commodity D:\www\online_team\www.sale.com\Application\Admin\Controller\SaleController.class.php 第 668 行.
NOTIC: [8] Undefined index: commodity D:\www\online_team\www.sale.com\Application\Admin\Controller\SaleController.class.php 第 668 行.
INFO: [ view_parse ] --START--
INFO: [ template_filter ] --START--
INFO: Run Behavior\ContentReplaceBehavior [ RunTime:0.000199s ]
INFO: [ template_filter ] --END-- [ RunTime:0.000248s ]
NOTIC: [8] Undefined index: son_menu D:\www\online_team\www.sale.com\Application\Runtime\Cache\Admin\0463367ec2566c9b30353fe86d493cac.php 第 51 行.
NOTIC: [8] Undefined index: son_menu D:\www\online_team\www.sale.com\Application\Runtime\Cache\Admin\0463367ec2566c9b30353fe86d493cac.php 第 51 行.
INFO: Run Behavior\ParseTemplateBehavior [ RunTime:0.035435s ]
INFO: [ view_parse ] --END-- [ RunTime:0.035499s ]
INFO: [ view_filter ] --START--
INFO: Run Behavior\WriteHtmlCacheBehavior [ RunTime:0.000673s ]
INFO: [ view_filter ] --END-- [ RunTime:0.000711s ]
INFO: [ app_end ] --START--
INFO: Run Behavior\ShowPageTraceBehavior [ RunTime:0.000698s ]
INFO: [ app_end ] --END-- [ RunTime:0.000737s ]

[ 2018-10-18T13:44:03+08:00 ] 127.0.0.1 /Sale/itemsUrlList.html?url=https%3A%2F%2Ftemai.snssdk.com%2Farticle%2Ffeed%2Findex%3Fid%3D6613512162478391821%26subscribe%3D5500803015%26source_type%3D24%26content_type%3D2%26create_user_id%3D8247%26adid%3D__AID__%26tt_from%3Dweixin%26tt_group_id%3D6613512162478391821
INFO: [ app_init ] --START--
INFO: Run Behavior\BuildLiteBehavior [ RunTime:0.000013s ]
INFO: [ app_init ] --END-- [ RunTime:0.000505s ]
INFO: [ app_begin ] --START--
INFO: Run Behavior\ReadHtmlCacheBehavior [ RunTime:0.000719s ]
INFO: [ app_begin ] --END-- [ RunTime:0.000761s ]

[ 2018-10-18T13:51:37+08:00 ] 127.0.0.1 /Sale/itemsUrlList.html?url=https%3A%2F%2Ftemai.snssdk.com%2Farticle%2Ffeed%2Findex%3Fid%3D6613512162478391821%26subscribe%3D5500803015%26source_type%3D24%26content_type%3D2%26create_user_id%3D8247%26adid%3D__AID__%26tt_from%3Dweixin%26tt_group_id%3D6613512162478391821
INFO: [ app_init ] --START--
INFO: Run Behavior\BuildLiteBehavior [ RunTime:0.000014s ]
INFO: [ app_init ] --END-- [ RunTime:0.000720s ]
INFO: [ app_begin ] --START--
INFO: Run Behavior\ReadHtmlCacheBehavior [ RunTime:0.000802s ]
INFO: [ app_begin ] --END-- [ RunTime:0.000848s ]
NOTIC: [8] Undefined offset: 1 D:\www\online_team\www.sale.com\Application\Admin\Controller\SaleController.class.php 第 656 行.
NOTIC: [8] Undefined index: commodity D:\www\online_team\www.sale.com\Application\Admin\Controller\SaleController.class.php 第 668 行.
NOTIC: [8] Undefined offset: 1 D:\www\online_team\www.sale.com\Application\Admin\Controller\SaleController.class.php 第 669 行.
NOTIC: [8] Undefined offset: 1 D:\www\online_team\www.sale.com\Application\Admin\Controller\SaleController.class.php 第 656 行.
NOTIC: [8] Undefined index: commodity D:\www\online_team\www.sale.com\Application\Admin\Controller\SaleController.class.php 第 668 行.
NOTIC: [8] Undefined offset: 1 D:\www\online_team\www.sale.com\Application\Admin\Controller\SaleController.class.php 第 669 行.
NOTIC: [8] Undefined offset: 1 D:\www\online_team\www.sale.com\Application\Admin\Controller\SaleController.class.php 第 656 行.
NOTIC: [8] Undefined index: commodity D:\www\online_team\www.sale.com\Application\Admin\Controller\SaleController.class.php 第 668 行.
NOTIC: [8] Undefined offset: 1 D:\www\online_team\www.sale.com\Application\Admin\Controller\SaleController.class.php 第 669 行.
NOTIC: [8] Undefined offset: 1 D:\www\online_team\www.sale.com\Application\Admin\Controller\SaleController.class.php 第 656 行.
NOTIC: [8] Undefined index: commodity D:\www\online_team\www.sale.com\Application\Admin\Controller\SaleController.class.php 第 668 行.
NOTIC: [8] Undefined offset: 1 D:\www\online_team\www.sale.com\Application\Admin\Controller\SaleController.class.php 第 669 行.
NOTIC: [8] Undefined offset: 1 D:\www\online_team\www.sale.com\Application\Admin\Controller\SaleController.class.php 第 656 行.
NOTIC: [8] Undefined index: commodity D:\www\online_team\www.sale.com\Application\Admin\Controller\SaleController.class.php 第 668 行.
NOTIC: [8] Undefined offset: 1 D:\www\online_team\www.sale.com\Application\Admin\Controller\SaleController.class.php 第 669 行.
NOTIC: [8] Undefined offset: 1 D:\www\online_team\www.sale.com\Application\Admin\Controller\SaleController.class.php 第 656 行.
NOTIC: [8] Undefined index: commodity D:\www\online_team\www.sale.com\Application\Admin\Controller\SaleController.class.php 第 668 行.
NOTIC: [8] Undefined offset: 1 D:\www\online_team\www.sale.com\Application\Admin\Controller\SaleController.class.php 第 669 行.
INFO: [ view_parse ] --START--
INFO: [ template_filter ] --START--
INFO: Run Behavior\ContentReplaceBehavior [ RunTime:0.000439s ]
INFO: [ template_filter ] --END-- [ RunTime:0.000538s ]
NOTIC: [8] Undefined index: son_menu D:\www\online_team\www.sale.com\Application\Runtime\Cache\Admin\0463367ec2566c9b30353fe86d493cac.php 第 51 行.
NOTIC: [8] Undefined index: son_menu D:\www\online_team\www.sale.com\Application\Runtime\Cache\Admin\0463367ec2566c9b30353fe86d493cac.php 第 51 行.
NOTIC: [8] Undefined index: num D:\www\online_team\www.sale.com\Application\Runtime\Cache\Admin\0463367ec2566c9b30353fe86d493cac.php 第 118 行.
NOTIC: [8] Undefined index: reward_money D:\www\online_team\www.sale.com\Application\Runtime\Cache\Admin\0463367ec2566c9b30353fe86d493cac.php 第 123 行.
NOTIC: [8] Undefined index: top_line_article_title D:\www\online_team\www.sale.com\Application\Runtime\Cache\Admin\0463367ec2566c9b30353fe86d493cac.php 第 130 行.
NOTIC: [8] Undefined index: top_line_article_behot_time D:\www\online_team\www.sale.com\Application\Runtime\Cache\Admin\0463367ec2566c9b30353fe86d493cac.php 第 142 行.
NOTIC: [8] Undefined index: cos_fee D:\www\online_team\www.sale.com\Application\Runtime\Cache\Admin\0463367ec2566c9b30353fe86d493cac.php 第 148 行.
NOTIC: [8] Undefined index: shop_name D:\www\online_team\www.sale.com\Application\Runtime\Cache\Admin\0463367ec2566c9b30353fe86d493cac.php 第 160 行.
NOTIC: [8] Undefined variable: shopp D:\www\online_team\www.sale.com\Application\Runtime\Cache\Admin\0463367ec2566c9b30353fe86d493cac.php 第 173 行.
NOTIC: [8] Undefined variable: shopp D:\www\online_team\www.sale.com\Application\Runtime\Cache\Admin\0463367ec2566c9b30353fe86d493cac.php 第 183 行.
NOTIC: [8] Undefined index: num D:\www\online_team\www.sale.com\Application\Runtime\Cache\Admin\0463367ec2566c9b30353fe86d493cac.php 第 118 行.
NOTIC: [8] Undefined index: reward_money D:\www\online_team\www.sale.com\Application\Runtime\Cache\Admin\0463367ec2566c9b30353fe86d493cac.php 第 123 行.
NOTIC: [8] Undefined index: top_line_article_title D:\www\online_team\www.sale.com\Application\Runtime\Cache\Admin\0463367ec2566c9b30353fe86d493cac.php 第 130 行.
NOTIC: [8] Undefined index: top_line_article_behot_time D:\www\online_team\www.sale.com\Application\Runtime\Cache\Admin\0463367ec2566c9b30353fe86d493cac.php 第 142 行.
NOTIC: [8] Undefined index: cos_fee D:\www\online_team\www.sale.com\Application\Runtime\Cache\Admin\0463367ec2566c9b30353fe86d493cac.php 第 148 行.
NOTIC: [8] Undefined index: shop_name D:\www\online_team\www.sale.com\Application\Runtime\Cache\Admin\0463367ec2566c9b30353fe86d493cac.php 第 160 行.
NOTIC: [8] Undefined variable: shopp D:\www\online_team\www.sale.com\Application\Runtime\Cache\Admin\0463367ec2566c9b30353fe86d493cac.php 第 173 行.
NOTIC: [8] Undefined variable: shopp D:\www\online_team\www.sale.com\Application\Runtime\Cache\Admin\0463367ec2566c9b30353fe86d493cac.php 第 183 行.
NOTIC: [8] Undefined index: num D:\www\online_team\www.sale.com\Application\Runtime\Cache\Admin\0463367ec2566c9b30353fe86d493cac.php 第 118 行.
NOTIC: [8] Undefined index: reward_money D:\www\online_team\www.sale.com\Application\Runtime\Cache\Admin\0463367ec2566c9b30353fe86d493cac.php 第 123 行.
NOTIC: [8] Undefined index: top_line_article_title D:\www\online_team\www.sale.com\Application\Runtime\Cache\Admin\0463367ec2566c9b30353fe86d493cac.php 第 130 行.
NOTIC: [8] Undefined index: top_line_article_behot_time D:\www\online_team\www.sale.com\Application\Runtime\Cache\Admin\0463367ec2566c9b30353fe86d493cac.php 第 142 行.
NOTIC: [8] Undefined index: cos_fee D:\www\online_team\www.sale.com\Application\Runtime\Cache\Admin\0463367ec2566c9b30353fe86d493cac.php 第 148 行.
NOTIC: [8] Undefined index: shop_name D:\www\online_team\www.sale.com\Application\Runtime\Cache\Admin\0463367ec2566c9b30353fe86d493cac.php 第 160 行.
NOTIC: [8] Undefined variable: shopp D:\www\online_team\www.sale.com\Application\Runtime\Cache\Admin\0463367ec2566c9b30353fe86d493cac.php 第 173 行.
NOTIC: [8] Undefined variable: shopp D:\www\online_team\www.sale.com\Application\Runtime\Cache\Admin\0463367ec2566c9b30353fe86d493cac.php 第 183 行.
NOTIC: [8] Undefined index: num D:\www\online_team\www.sale.com\Application\Runtime\Cache\Admin\0463367ec2566c9b30353fe86d493cac.php 第 118 行.
NOTIC: [8] Undefined index: reward_money D:\www\online_team\www.sale.com\Application\Runtime\Cache\Admin\0463367ec2566c9b30353fe86d493cac.php 第 123 行.
NOTIC: [8] Undefined index: top_line_article_title D:\www\online_team\www.sale.com\Application\Runtime\Cache\Admin\0463367ec2566c9b30353fe86d493cac.php 第 130 行.
NOTIC: [8] Undefined index: top_line_article_behot_time D:\www\online_team\www.sale.com\Application\Runtime\Cache\Admin\0463367ec2566c9b30353fe86d493cac.php 第 142 行.
NOTIC: [8] Undefined index: cos_fee D:\www\online_team\www.sale.com\Application\Runtime\Cache\Admin\0463367ec2566c9b30353fe86d493cac.php 第 148 行.
NOTIC: [8] Undefined index: shop_name D:\www\online_team\www.sale.com\Application\Runtime\Cache\Admin\0463367ec2566c9b30353fe86d493cac.php 第 160 行.
NOTIC: [8] Undefined variable: shopp D:\www\online_team\www.sale.com\Application\Runtime\Cache\Admin\0463367ec2566c9b30353fe86d493cac.php 第 173 行.
NOTIC: [8] Undefined variable: shopp D:\www\online_team\www.sale.com\Application\Runtime\Cache\Admin\0463367ec2566c9b30353fe86d493cac.php 第 183 行.
NOTIC: [8] Undefined index: num D:\www\online_team\www.sale.com\Application\Runtime\Cache\Admin\0463367ec2566c9b30353fe86d493cac.php 第 118 行.
NOTIC: [8] Undefined index: reward_money D:\www\online_team\www.sale.com\Application\Runtime\Cache\Admin\0463367ec2566c9b30353fe86d493cac.php 第 123 行.
NOTIC: [8] Undefined index: top_line_article_title D:\www\online_team\www.sale.com\Application\Runtime\Cache\Admin\0463367ec2566c9b30353fe86d493cac.php 第 130 行.
NOTIC: [8] Undefined index: top_line_article_behot_time D:\www\online_team\www.sale.com\Application\Runtime\Cache\Admin\0463367ec2566c9b30353fe86d493cac.php 第 142 行.
NOTIC: [8] Undefined index: cos_fee D:\www\online_team\www.sale.com\Application\Runtime\Cache\Admin\0463367ec2566c9b30353fe86d493cac.php 第 148 行.
NOTIC: [8] Undefined index: shop_name D:\www\online_team\www.sale.com\Application\Runtime\Cache\Admin\0463367ec2566c9b30353fe86d493cac.php 第 160 行.
NOTIC: [8] Undefined variable: shopp D:\www\online_team\www.sale.com\Application\Runtime\Cache\Admin\0463367ec2566c9b30353fe86d493cac.php 第 173 行.
NOTIC: [8] Undefined variable: shopp D:\www\online_team\www.sale.com\Application\Runtime\Cache\Admin\0463367ec2566c9b30353fe86d493cac.php 第 183 行.
NOTIC: [8] Undefined index: num D:\www\online_team\www.sale.com\Application\Runtime\Cache\Admin\0463367ec2566c9b30353fe86d493cac.php 第 118 行.
NOTIC: [8] Undefined index: reward_money D:\www\online_team\www.sale.com\Application\Runtime\Cache\Admin\0463367ec2566c9b30353fe86d493cac.php 第 123 行.
NOTIC: [8] Undefined index: top_line_article_title D:\www\online_team\www.sale.com\Application\Runtime\Cache\Admin\0463367ec2566c9b30353fe86d493cac.php 第 130 行.
NOTIC: [8] Undefined index: top_line_article_behot_time D:\www\online_team\www.sale.com\Application\Runtime\Cache\Admin\0463367ec2566c9b30353fe86d493cac.php 第 142 行.
NOTIC: [8] Undefined index: cos_fee D:\www\online_team\www.sale.com\Application\Runtime\Cache\Admin\0463367ec2566c9b30353fe86d493cac.php 第 148 行.
NOTIC: [8] Undefined index: shop_name D:\www\online_team\www.sale.com\Application\Runtime\Cache\Admin\0463367ec2566c9b30353fe86d493cac.php 第 160 行.
NOTIC: [8] Undefined variable: shopp D:\www\online_team\www.sale.com\Application\Runtime\Cache\Admin\0463367ec2566c9b30353fe86d493cac.php 第 173 行.
NOTIC: [8] Undefined variable: shopp D:\www\online_team\www.sale.com\Application\Runtime\Cache\Admin\0463367ec2566c9b30353fe86d493cac.php 第 183 行.
INFO: Run Behavior\ParseTemplateBehavior [ RunTime:0.057869s ]
INFO: [ view_parse ] --END-- [ RunTime:0.057969s ]
INFO: [ view_filter ] --START--
INFO: Run Behavior\WriteHtmlCacheBehavior [ RunTime:0.000769s ]
INFO: [ view_filter ] --END-- [ RunTime:0.000800s ]
INFO: [ app_end ] --START--
INFO: Run Behavior\ShowPageTraceBehavior [ RunTime:0.000798s ]
INFO: [ app_end ] --END-- [ RunTime:0.000837s ]

[ 2018-10-18T13:56:59+08:00 ] 127.0.0.1 /Sale/itemsUrlList.html?url=https%3A%2F%2Ftemai.snssdk.com%2Farticle%2Ffeed%2Findex%3Fid%3D6613512162478391821%26subscribe%3D5500803015%26source_type%3D24%26content_type%3D2%26create_user_id%3D8247%26adid%3D__AID__%26tt_from%3Dweixin%26tt_group_id%3D6613512162478391821
INFO: [ app_init ] --START--
INFO: Run Behavior\BuildLiteBehavior [ RunTime:0.000012s ]
INFO: [ app_init ] --END-- [ RunTime:0.000647s ]
INFO: [ app_begin ] --START--
INFO: Run Behavior\ReadHtmlCacheBehavior [ RunTime:0.000972s ]
INFO: [ app_begin ] --END-- [ RunTime:0.001025s ]
NOTIC: [8] Undefined offset: 1 D:\www\online_team\www.sale.com\Application\Admin\Controller\SaleController.class.php 第 656 行.
NOTIC: [8] Undefined index: commodity D:\www\online_team\www.sale.com\Application\Admin\Controller\SaleController.class.php 第 668 行.
NOTIC: [8] Undefined offset: 1 D:\www\online_team\www.sale.com\Application\Admin\Controller\SaleController.class.php 第 669 行.
NOTIC: [8] Undefined offset: 1 D:\www\online_team\www.sale.com\Application\Admin\Controller\SaleController.class.php 第 656 行.
NOTIC: [8] Undefined index: commodity D:\www\online_team\www.sale.com\Application\Admin\Controller\SaleController.class.php 第 668 行.
NOTIC: [8] Undefined offset: 1 D:\www\online_team\www.sale.com\Application\Admin\Controller\SaleController.class.php 第 669 行.
NOTIC: [8] Undefined offset: 1 D:\www\online_team\www.sale.com\Application\Admin\Controller\SaleController.class.php 第 656 行.
NOTIC: [8] Undefined index: commodity D:\www\online_team\www.sale.com\Application\Admin\Controller\SaleController.class.php 第 668 行.
NOTIC: [8] Undefined offset: 1 D:\www\online_team\www.sale.com\Application\Admin\Controller\SaleController.class.php 第 669 行.
NOTIC: [8] Undefined offset: 1 D:\www\online_team\www.sale.com\Application\Admin\Controller\SaleController.class.php 第 656 行.
NOTIC: [8] Undefined index: commodity D:\www\online_team\www.sale.com\Application\Admin\Controller\SaleController.class.php 第 668 行.
NOTIC: [8] Undefined offset: 1 D:\www\online_team\www.sale.com\Application\Admin\Controller\SaleController.class.php 第 669 行.
NOTIC: [8] Undefined offset: 1 D:\www\online_team\www.sale.com\Application\Admin\Controller\SaleController.class.php 第 656 行.
NOTIC: [8] Undefined index: commodity D:\www\online_team\www.sale.com\Application\Admin\Controller\SaleController.class.php 第 668 行.
NOTIC: [8] Undefined offset: 1 D:\www\online_team\www.sale.com\Application\Admin\Controller\SaleController.class.php 第 669 行.
NOTIC: [8] Undefined offset: 1 D:\www\online_team\www.sale.com\Application\Admin\Controller\SaleController.class.php 第 656 行.
NOTIC: [8] Undefined index: commodity D:\www\online_team\www.sale.com\Application\Admin\Controller\SaleController.class.php 第 668 行.
NOTIC: [8] Undefined offset: 1 D:\www\online_team\www.sale.com\Application\Admin\Controller\SaleController.class.php 第 669 行.
INFO: [ view_parse ] --START--
INFO: [ template_filter ] --START--
INFO: Run Behavior\ContentReplaceBehavior [ RunTime:0.000347s ]
INFO: [ template_filter ] --END-- [ RunTime:0.000420s ]
NOTIC: [8] Undefined index: son_menu D:\www\online_team\www.sale.com\Application\Runtime\Cache\Admin\0463367ec2566c9b30353fe86d493cac.php 第 51 行.
NOTIC: [8] Undefined index: son_menu D:\www\online_team\www.sale.com\Application\Runtime\Cache\Admin\0463367ec2566c9b30353fe86d493cac.php 第 51 行.
NOTIC: [8] Undefined index: num D:\www\online_team\www.sale.com\Application\Runtime\Cache\Admin\0463367ec2566c9b30353fe86d493cac.php 第 118 行.
NOTIC: [8] Undefined index: reward_money D:\www\online_team\www.sale.com\Application\Runtime\Cache\Admin\0463367ec2566c9b30353fe86d493cac.php 第 123 行.
NOTIC: [8] Undefined index: top_line_article_title D:\www\online_team\www.sale.com\Application\Runtime\Cache\Admin\0463367ec2566c9b30353fe86d493cac.php 第 130 行.
NOTIC: [8] Undefined index: top_line_article_behot_time D:\www\online_team\www.sale.com\Application\Runtime\Cache\Admin\0463367ec2566c9b30353fe86d493cac.php 第 142 行.
NOTIC: [8] Undefined index: cos_fee D:\www\online_team\www.sale.com\Application\Runtime\Cache\Admin\0463367ec2566c9b30353fe86d493cac.php 第 148 行.
NOTIC: [8] Undefined index: shop_name D:\www\online_team\www.sale.com\Application\Runtime\Cache\Admin\0463367ec2566c9b30353fe86d493cac.php 第 160 行.
NOTIC: [8] Undefined variable: shopp D:\www\online_team\www.sale.com\Application\Runtime\Cache\Admin\0463367ec2566c9b30353fe86d493cac.php 第 173 行.
NOTIC: [8] Undefined variable: shopp D:\www\online_team\www.sale.com\Application\Runtime\Cache\Admin\0463367ec2566c9b30353fe86d493cac.php 第 183 行.
NOTIC: [8] Undefined index: num D:\www\online_team\www.sale.com\Application\Runtime\Cache\Admin\0463367ec2566c9b30353fe86d493cac.php 第 118 行.
NOTIC: [8] Undefined index: reward_money D:\www\online_team\www.sale.com\Application\Runtime\Cache\Admin\0463367ec2566c9b30353fe86d493cac.php 第 123 行.
NOTIC: [8] Undefined index: top_line_article_title D:\www\online_team\www.sale.com\Application\Runtime\Cache\Admin\0463367ec2566c9b30353fe86d493cac.php 第 130 行.
NOTIC: [8] Undefined index: top_line_article_behot_time D:\www\online_team\www.sale.com\Application\Runtime\Cache\Admin\0463367ec2566c9b30353fe86d493cac.php 第 142 行.
NOTIC: [8] Undefined index: cos_fee D:\www\online_team\www.sale.com\Application\Runtime\Cache\Admin\0463367ec2566c9b30353fe86d493cac.php 第 148 行.
NOTIC: [8] Undefined index: shop_name D:\www\online_team\www.sale.com\Application\Runtime\Cache\Admin\0463367ec2566c9b30353fe86d493cac.php 第 160 行.
NOTIC: [8] Undefined variable: shopp D:\www\online_team\www.sale.com\Application\Runtime\Cache\Admin\0463367ec2566c9b30353fe86d493cac.php 第 173 行.
NOTIC: [8] Undefined variable: shopp D:\www\online_team\www.sale.com\Application\Runtime\Cache\Admin\0463367ec2566c9b30353fe86d493cac.php 第 183 行.
NOTIC: [8] Undefined index: num D:\www\online_team\www.sale.com\Application\Runtime\Cache\Admin\0463367ec2566c9b30353fe86d493cac.php 第 118 行.
NOTIC: [8] Undefined index: reward_money D:\www\online_team\www.sale.com\Application\Runtime\Cache\Admin\0463367ec2566c9b30353fe86d493cac.php 第 123 行.
NOTIC: [8] Undefined index: top_line_article_title D:\www\online_team\www.sale.com\Application\Runtime\Cache\Admin\0463367ec2566c9b30353fe86d493cac.php 第 130 行.
NOTIC: [8] Undefined index: top_line_article_behot_time D:\www\online_team\www.sale.com\Application\Runtime\Cache\Admin\0463367ec2566c9b30353fe86d493cac.php 第 142 行.
NOTIC: [8] Undefined index: cos_fee D:\www\online_team\www.sale.com\Application\Runtime\Cache\Admin\0463367ec2566c9b30353fe86d493cac.php 第 148 行.
NOTIC: [8] Undefined index: shop_name D:\www\online_team\www.sale.com\Application\Runtime\Cache\Admin\0463367ec2566c9b30353fe86d493cac.php 第 160 行.
NOTIC: [8] Undefined variable: shopp D:\www\online_team\www.sale.com\Application\Runtime\Cache\Admin\0463367ec2566c9b30353fe86d493cac.php 第 173 行.
NOTIC: [8] Undefined variable: shopp D:\www\online_team\www.sale.com\Application\Runtime\Cache\Admin\0463367ec2566c9b30353fe86d493cac.php 第 183 行.
NOTIC: [8] Undefined index: num D:\www\online_team\www.sale.com\Application\Runtime\Cache\Admin\0463367ec2566c9b30353fe86d493cac.php 第 118 行.
NOTIC: [8] Undefined index: reward_money D:\www\online_team\www.sale.com\Application\Runtime\Cache\Admin\0463367ec2566c9b30353fe86d493cac.php 第 123 行.
NOTIC: [8] Undefined index: top_line_article_title D:\www\online_team\www.sale.com\Application\Runtime\Cache\Admin\0463367ec2566c9b30353fe86d493cac.php 第 130 行.
NOTIC: [8] Undefined index: top_line_article_behot_time D:\www\online_team\www.sale.com\Application\Runtime\Cache\Admin\0463367ec2566c9b30353fe86d493cac.php 第 142 行.
NOTIC: [8] Undefined index: cos_fee D:\www\online_team\www.sale.com\Application\Runtime\Cache\Admin\0463367ec2566c9b30353fe86d493cac.php 第 148 行.
NOTIC: [8] Undefined index: shop_name D:\www\online_team\www.sale.com\Application\Runtime\Cache\Admin\0463367ec2566c9b30353fe86d493cac.php 第 160 行.
NOTIC: [8] Undefined variable: shopp D:\www\online_team\www.sale.com\Application\Runtime\Cache\Admin\0463367ec2566c9b30353fe86d493cac.php 第 173 行.
NOTIC: [8] Undefined variable: shopp D:\www\online_team\www.sale.com\Application\Runtime\Cache\Admin\0463367ec2566c9b30353fe86d493cac.php 第 183 行.
NOTIC: [8] Undefined index: num D:\www\online_team\www.sale.com\Application\Runtime\Cache\Admin\0463367ec2566c9b30353fe86d493cac.php 第 118 行.
NOTIC: [8] Undefined index: reward_money D:\www\online_team\www.sale.com\Application\Runtime\Cache\Admin\0463367ec2566c9b30353fe86d493cac.php 第 123 行.
NOTIC: [8] Undefined index: top_line_article_title D:\www\online_team\www.sale.com\Application\Runtime\Cache\Admin\0463367ec2566c9b30353fe86d493cac.php 第 130 行.
NOTIC: [8] Undefined index: top_line_article_behot_time D:\www\online_team\www.sale.com\Application\Runtime\Cache\Admin\0463367ec2566c9b30353fe86d493cac.php 第 142 行.
NOTIC: [8] Undefined index: cos_fee D:\www\online_team\www.sale.com\Application\Runtime\Cache\Admin\0463367ec2566c9b30353fe86d493cac.php 第 148 行.
NOTIC: [8] Undefined index: shop_name D:\www\online_team\www.sale.com\Application\Runtime\Cache\Admin\0463367ec2566c9b30353fe86d493cac.php 第 160 行.
NOTIC: [8] Undefined variable: shopp D:\www\online_team\www.sale.com\Application\Runtime\Cache\Admin\0463367ec2566c9b30353fe86d493cac.php 第 173 行.
NOTIC: [8] Undefined variable: shopp D:\www\online_team\www.sale.com\Application\Runtime\Cache\Admin\0463367ec2566c9b30353fe86d493cac.php 第 183 行.
NOTIC: [8] Undefined index: num D:\www\online_team\www.sale.com\Application\Runtime\Cache\Admin\0463367ec2566c9b30353fe86d493cac.php 第 118 行.
NOTIC: [8] Undefined index: reward_money D:\www\online_team\www.sale.com\Application\Runtime\Cache\Admin\0463367ec2566c9b30353fe86d493cac.php 第 123 行.
NOTIC: [8] Undefined index: top_line_article_title D:\www\online_team\www.sale.com\Application\Runtime\Cache\Admin\0463367ec2566c9b30353fe86d493cac.php 第 130 行.
NOTIC: [8] Undefined index: top_line_article_behot_time D:\www\online_team\www.sale.com\Application\Runtime\Cache\Admin\0463367ec2566c9b30353fe86d493cac.php 第 142 行.
NOTIC: [8] Undefined index: cos_fee D:\www\online_team\www.sale.com\Application\Runtime\Cache\Admin\0463367ec2566c9b30353fe86d493cac.php 第 148 行.
NOTIC: [8] Undefined index: shop_name D:\www\online_team\www.sale.com\Application\Runtime\Cache\Admin\0463367ec2566c9b30353fe86d493cac.php 第 160 行.
NOTIC: [8] Undefined variable: shopp D:\www\online_team\www.sale.com\Application\Runtime\Cache\Admin\0463367ec2566c9b30353fe86d493cac.php 第 173 行.
NOTIC: [8] Undefined variable: shopp D:\www\online_team\www.sale.com\Application\Runtime\Cache\Admin\0463367ec2566c9b30353fe86d493cac.php 第 183 行.
INFO: Run Behavior\ParseTemplateBehavior [ RunTime:0.047706s ]
INFO: [ view_parse ] --END-- [ RunTime:0.047851s ]
INFO: [ view_filter ] --START--
INFO: Run Behavior\WriteHtmlCacheBehavior [ RunTime:0.000667s ]
INFO: [ view_filter ] --END-- [ RunTime:0.000703s ]
INFO: [ app_end ] --START--
INFO: Run Behavior\ShowPageTraceBehavior [ RunTime:0.000821s ]
INFO: [ app_end ] --END-- [ RunTime:0.000864s ]

[ 2018-10-18T13:57:11+08:00 ] 127.0.0.1 /Sale/newsList.html
INFO: [ app_init ] --START--
INFO: Run Behavior\BuildLiteBehavior [ RunTime:0.000017s ]
INFO: [ app_init ] --END-- [ RunTime:0.000865s ]
INFO: [ app_begin ] --START--
INFO: Run Behavior\ReadHtmlCacheBehavior [ RunTime:0.000820s ]
INFO: [ app_begin ] --END-- [ RunTime:0.000885s ]
SQL: SHOW COLUMNS FROM `ytt_sale_news` [ RunTime:0.0616s ]
SQL: SELECT COUNT(*) AS tp_count FROM `ytt_sale_news` LIMIT 1   [ RunTime:0.0753s ]
SQL: SELECT * FROM `ytt_sale_news` ORDER BY id desc LIMIT 0,20   [ RunTime:0.6071s ]
SQL: SHOW COLUMNS FROM `ytt_sale_account` [ RunTime:0.0613s ]
SQL: SELECT * FROM `ytt_sale_account` WHERE `id` <> 1  [ RunTime:0.0613s ]
INFO: [ view_parse ] --START--
INFO: [ template_filter ] --START--
INFO: Run Behavior\ContentReplaceBehavior [ RunTime:0.000412s ]
INFO: [ template_filter ] --END-- [ RunTime:0.000502s ]
NOTIC: [8] Undefined index: son_menu D:\www\online_team\www.sale.com\Application\Runtime\Cache\Admin\173999717cae02d2226c67ea2e6666b0.php 第 49 行.
NOTIC: [8] Undefined index: son_menu D:\www\online_team\www.sale.com\Application\Runtime\Cache\Admin\173999717cae02d2226c67ea2e6666b0.php 第 49 行.
INFO: Run Behavior\ParseTemplateBehavior [ RunTime:0.073297s ]
INFO: [ view_parse ] --END-- [ RunTime:0.073403s ]
INFO: [ view_filter ] --START--
INFO: Run Behavior\WriteHtmlCacheBehavior [ RunTime:0.000853s ]
INFO: [ view_filter ] --END-- [ RunTime:0.000906s ]
INFO: [ app_end ] --START--
INFO: Run Behavior\ShowPageTraceBehavior [ RunTime:0.001033s ]
INFO: [ app_end ] --END-- [ RunTime:0.001089s ]

[ 2018-10-18T13:57:32+08:00 ] 127.0.0.1 /Sale/newsInfo/id/42548.html
INFO: [ app_init ] --START--
INFO: Run Behavior\BuildLiteBehavior [ RunTime:0.000021s ]
INFO: [ app_init ] --END-- [ RunTime:0.000981s ]
INFO: [ app_begin ] --START--
INFO: Run Behavior\ReadHtmlCacheBehavior [ RunTime:0.000806s ]
INFO: [ app_begin ] --END-- [ RunTime:0.000879s ]
SQL: SHOW COLUMNS FROM `ytt_sale_news` [ RunTime:0.0615s ]
SQL: SELECT * FROM `ytt_sale_news` WHERE `id` = 42548 LIMIT 1   [ RunTime:0.1219s ]
NOTIC: [8] Undefined offset: 1408 D:\www\online_team\www.sale.com\Application\Admin\Controller\SaleController.class.php 第 1149 行.
NOTIC: [8] Undefined offset: 1408 D:\www\online_team\www.sale.com\Application\Admin\Controller\SaleController.class.php 第 1153 行.
INFO: [ view_parse ] --START--
INFO: [ template_filter ] --START--
INFO: Run Behavior\ContentReplaceBehavior [ RunTime:0.000190s ]
INFO: [ template_filter ] --END-- [ RunTime:0.000274s ]
NOTIC: [8] Undefined index: type D:\www\online_team\www.sale.com\Application\Runtime\Cache\Admin\0480176489093b583ffee1ad14d7870d.php 第 36 行.
NOTIC: [8] Undefined index: type D:\www\online_team\www.sale.com\Application\Runtime\Cache\Admin\0480176489093b583ffee1ad14d7870d.php 第 36 行.
NOTIC: [8] Undefined index: type D:\www\online_team\www.sale.com\Application\Runtime\Cache\Admin\0480176489093b583ffee1ad14d7870d.php 第 36 行.
NOTIC: [8] Undefined index: type D:\www\online_team\www.sale.com\Application\Runtime\Cache\Admin\0480176489093b583ffee1ad14d7870d.php 第 36 行.
NOTIC: [8] Undefined index: type D:\www\online_team\www.sale.com\Application\Runtime\Cache\Admin\0480176489093b583ffee1ad14d7870d.php 第 36 行.
NOTIC: [8] Undefined index: type D:\www\online_team\www.sale.com\Application\Runtime\Cache\Admin\0480176489093b583ffee1ad14d7870d.php 第 36 行.
NOTIC: [8] Undefined index: type D:\www\online_team\www.sale.com\Application\Runtime\Cache\Admin\0480176489093b583ffee1ad14d7870d.php 第 36 行.
NOTIC: [8] Undefined index: type D:\www\online_team\www.sale.com\Application\Runtime\Cache\Admin\0480176489093b583ffee1ad14d7870d.php 第 36 行.
INFO: Run Behavior\ParseTemplateBehavior [ RunTime:0.044133s ]
INFO: [ view_parse ] --END-- [ RunTime:0.044247s ]
INFO: [ view_filter ] --START--
INFO: Run Behavior\WriteHtmlCacheBehavior [ RunTime:0.001689s ]
INFO: [ view_filter ] --END-- [ RunTime:0.001790s ]
INFO: [ app_end ] --START--
INFO: Run Behavior\ShowPageTraceBehavior [ RunTime:0.001425s ]
INFO: [ app_end ] --END-- [ RunTime:0.001519s ]

[ 2018-10-18T13:57:52+08:00 ] 127.0.0.1 /Sale/newsInfo/id/42547.html
INFO: [ app_init ] --START--
INFO: Run Behavior\BuildLiteBehavior [ RunTime:0.000016s ]
INFO: [ app_init ] --END-- [ RunTime:0.000731s ]
INFO: [ app_begin ] --START--
INFO: Run Behavior\ReadHtmlCacheBehavior [ RunTime:0.001010s ]
INFO: [ app_begin ] --END-- [ RunTime:0.001079s ]
SQL: SHOW COLUMNS FROM `ytt_sale_news` [ RunTime:0.0620s ]
SQL: SELECT * FROM `ytt_sale_news` WHERE `id` = 42547 LIMIT 1   [ RunTime:0.1235s ]
INFO: [ view_parse ] --START--
INFO: [ template_filter ] --START--
INFO: Run Behavior\ContentReplaceBehavior [ RunTime:0.000144s ]
INFO: [ template_filter ] --END-- [ RunTime:0.000207s ]
NOTIC: [8] Undefined index: type D:\www\online_team\www.sale.com\Application\Runtime\Cache\Admin\0480176489093b583ffee1ad14d7870d.php 第 36 行.
NOTIC: [8] Undefined index: type D:\www\online_team\www.sale.com\Application\Runtime\Cache\Admin\0480176489093b583ffee1ad14d7870d.php 第 36 行.
NOTIC: [8] Undefined index: type D:\www\online_team\www.sale.com\Application\Runtime\Cache\Admin\0480176489093b583ffee1ad14d7870d.php 第 36 行.
NOTIC: [8] Undefined index: type D:\www\online_team\www.sale.com\Application\Runtime\Cache\Admin\0480176489093b583ffee1ad14d7870d.php 第 36 行.
NOTIC: [8] Undefined index: type D:\www\online_team\www.sale.com\Application\Runtime\Cache\Admin\0480176489093b583ffee1ad14d7870d.php 第 36 行.
NOTIC: [8] Undefined index: type D:\www\online_team\www.sale.com\Application\Runtime\Cache\Admin\0480176489093b583ffee1ad14d7870d.php 第 36 行.
NOTIC: [8] Undefined index: type D:\www\online_team\www.sale.com\Application\Runtime\Cache\Admin\0480176489093b583ffee1ad14d7870d.php 第 36 行.
NOTIC: [8] Undefined index: type D:\www\online_team\www.sale.com\Application\Runtime\Cache\Admin\0480176489093b583ffee1ad14d7870d.php 第 36 行.
NOTIC: [8] Undefined index: type D:\www\online_team\www.sale.com\Application\Runtime\Cache\Admin\0480176489093b583ffee1ad14d7870d.php 第 36 行.
NOTIC: [8] Undefined index: type D:\www\online_team\www.sale.com\Application\Runtime\Cache\Admin\0480176489093b583ffee1ad14d7870d.php 第 36 行.
INFO: Run Behavior\ParseTemplateBehavior [ RunTime:0.027449s ]
INFO: [ view_parse ] --END-- [ RunTime:0.027569s ]
INFO: [ view_filter ] --START--
INFO: Run Behavior\WriteHtmlCacheBehavior [ RunTime:0.000856s ]
INFO: [ view_filter ] --END-- [ RunTime:0.000910s ]
INFO: [ app_end ] --START--
INFO: Run Behavior\ShowPageTraceBehavior [ RunTime:0.001105s ]
INFO: [ app_end ] --END-- [ RunTime:0.001165s ]

