[ 2018-11-15T10:48:21+08:00 ] 127.0.0.1 /
INFO: [ app_init ] --START--
INFO: Run Behavior\BuildLiteBehavior [ RunTime:0.000024s ]
INFO: [ app_init ] --END-- [ RunTime:0.003552s ]
INFO: [ app_begin ] --START--
INFO: Run Behavior\ReadHtmlCacheBehavior [ RunTime:0.001969s ]
INFO: [ app_begin ] --END-- [ RunTime:0.002051s ]

[ 2018-11-15T10:48:21+08:00 ] 127.0.0.1 /Login/index.html
INFO: [ app_init ] --START--
INFO: Run Behavior\BuildLiteBehavior [ RunTime:0.000016s ]
INFO: [ app_init ] --END-- [ RunTime:0.000601s ]
INFO: [ app_begin ] --START--
INFO: Run Behavior\ReadHtmlCacheBehavior [ RunTime:0.001255s ]
INFO: [ app_begin ] --END-- [ RunTime:0.001348s ]
INFO: [ view_parse ] --START--
INFO: [ template_filter ] --START--
INFO: Run Behavior\ContentReplaceBehavior [ RunTime:0.001908s ]
INFO: [ template_filter ] --END-- [ RunTime:0.002044s ]
INFO: Run Behavior\ParseTemplateBehavior [ RunTime:0.026042s ]
INFO: [ view_parse ] --END-- [ RunTime:0.026123s ]
INFO: [ view_filter ] --START--
INFO: Run Behavior\WriteHtmlCacheBehavior [ RunTime:0.001908s ]
INFO: [ view_filter ] --END-- [ RunTime:0.001984s ]
INFO: [ app_end ] --START--
INFO: Run Behavior\ShowPageTraceBehavior [ RunTime:0.001949s ]
INFO: [ app_end ] --END-- [ RunTime:0.002039s ]

[ 2018-11-15T10:48:21+08:00 ] 127.0.0.1 /favicon.ico
INFO: [ app_init ] --START--
INFO: Run Behavior\BuildLiteBehavior [ RunTime:0.000024s ]
INFO: [ app_init ] --END-- [ RunTime:0.001133s ]

[ 2018-11-15T10:48:24+08:00 ] 127.0.0.1 /Login/doLogin.html
INFO: [ app_init ] --START--
INFO: Run Behavior\BuildLiteBehavior [ RunTime:0.000015s ]
INFO: [ app_init ] --END-- [ RunTime:0.000561s ]
INFO: [ app_begin ] --START--
INFO: Run Behavior\ReadHtmlCacheBehavior [ RunTime:0.000763s ]
INFO: [ app_begin ] --END-- [ RunTime:0.000812s ]
SQL: SHOW COLUMNS FROM `ytt_tmuser` [ RunTime:0.0610s ]
SQL: SELECT * FROM `ytt_tmuser` WHERE `name` = 'daipingshan' AND `password` = 'a0df1932fb37930fb0ca5d9b82e7f58b' LIMIT 1   [ RunTime:0.0607s ]

[ 2018-11-15T10:48:28+08:00 ] 127.0.0.1 /Index/index.html
INFO: [ app_init ] --START--
INFO: Run Behavior\BuildLiteBehavior [ RunTime:0.000018s ]
INFO: [ app_init ] --END-- [ RunTime:0.000890s ]
INFO: [ app_begin ] --START--
INFO: Run Behavior\ReadHtmlCacheBehavior [ RunTime:0.001090s ]
INFO: [ app_begin ] --END-- [ RunTime:0.001161s ]
SQL: SHOW COLUMNS FROM `ytt_illegal_article` [ RunTime:0.0681s ]
SQL: SELECT COUNT(*) AS tp_count FROM `ytt_illegal_article` LIMIT 1   [ RunTime:0.0675s ]
SQL: SELECT * FROM `ytt_illegal_article` ORDER BY id desc LIMIT 0,50   [ RunTime:0.0717s ]
INFO: [ view_parse ] --START--
INFO: [ template_filter ] --START--
INFO: Run Behavior\ContentReplaceBehavior [ RunTime:0.000164s ]
INFO: [ template_filter ] --END-- [ RunTime:0.000239s ]
NOTIC: [8] Undefined index: son_menu D:\www\online_team\www.sale.com\Application\Runtime\Cache\Admin\f61872648bf90e754b75e1a98e6cbf1b.php 第 49 行.
NOTIC: [8] Undefined index: son_menu D:\www\online_team\www.sale.com\Application\Runtime\Cache\Admin\f61872648bf90e754b75e1a98e6cbf1b.php 第 49 行.
INFO: Run Behavior\ParseTemplateBehavior [ RunTime:0.028735s ]
INFO: [ view_parse ] --END-- [ RunTime:0.028790s ]
INFO: [ view_filter ] --START--
INFO: Run Behavior\WriteHtmlCacheBehavior [ RunTime:0.000668s ]
INFO: [ view_filter ] --END-- [ RunTime:0.000707s ]
INFO: [ app_end ] --START--
INFO: Run Behavior\ShowPageTraceBehavior [ RunTime:0.000715s ]
INFO: [ app_end ] --END-- [ RunTime:0.000767s ]

[ 2018-11-15T10:48:35+08:00 ] 127.0.0.1 /Order/achievement.html
INFO: [ app_init ] --START--
INFO: Run Behavior\BuildLiteBehavior [ RunTime:0.000029s ]
INFO: [ app_init ] --END-- [ RunTime:0.001543s ]
INFO: [ app_begin ] --START--
INFO: Run Behavior\ReadHtmlCacheBehavior [ RunTime:0.001166s ]
INFO: [ app_begin ] --END-- [ RunTime:0.001253s ]
SQL: SHOW COLUMNS FROM `ytt_fxg` [ RunTime:0.0638s ]
SQL: SELECT `name`,sum(income) as money,count(id) as num FROM ytt_fxg r WHERE UNIX_TIMESTAMP(pay_time) BETWEEN 1541001600 AND 1542250113 AND `order_status` IN ('订单付款','订单完成','结算完成') GROUP BY name ORDER BY money desc  [ RunTime:0.2397s ]
SQL: SELECT `name`,sum(income) as money,count(id) as num FROM ytt_fxg r WHERE UNIX_TIMESTAMP(complete_time) BETWEEN 1541001600 AND 1542250113 AND `order_status` IN ('订单完成','结算完成') GROUP BY name ORDER BY money desc  [ RunTime:0.2141s ]
SQL: SELECT `name`,sum(income) as money,count(id) as num FROM ytt_fxg r WHERE UNIX_TIMESTAMP(settle_time) BETWEEN 1541001600 AND 1542250113 AND `order_status` = '结算完成' GROUP BY name ORDER BY money desc  [ RunTime:0.1821s ]
SQL: SELECT `name`,sum(income) as money,count(id) as num FROM ytt_fxg r WHERE UNIX_TIMESTAMP(pay_time) BETWEEN 1538323200 AND 1541001599 AND `order_status` IN ('订单付款','订单完成','结算完成') GROUP BY name ORDER BY money desc  [ RunTime:0.2388s ]
SQL: SELECT `name`,sum(income) as money,count(id) as num FROM ytt_fxg r WHERE UNIX_TIMESTAMP(complete_time) BETWEEN 1538323200 AND 1541001599 AND `order_status` IN ('订单完成','结算完成') GROUP BY name ORDER BY money desc  [ RunTime:0.2167s ]
SQL: SELECT `name`,sum(income) as money,count(id) as num FROM ytt_fxg r WHERE UNIX_TIMESTAMP(settle_time) BETWEEN 1538323200 AND 1541001599 AND `order_status` = '结算完成' GROUP BY name ORDER BY money desc  [ RunTime:0.1858s ]
INFO: [ view_parse ] --START--
INFO: [ template_filter ] --START--
INFO: Run Behavior\ContentReplaceBehavior [ RunTime:0.000453s ]
INFO: [ template_filter ] --END-- [ RunTime:0.000533s ]
NOTIC: [8] Undefined index: son_menu D:\www\online_team\www.sale.com\Application\Runtime\Cache\Admin\5f048530e56fdcc6696345a81974d0a4.php 第 49 行.
NOTIC: [8] Undefined index: son_menu D:\www\online_team\www.sale.com\Application\Runtime\Cache\Admin\5f048530e56fdcc6696345a81974d0a4.php 第 49 行.
INFO: Run Behavior\ParseTemplateBehavior [ RunTime:0.053966s ]
INFO: [ view_parse ] --END-- [ RunTime:0.054032s ]
INFO: [ view_filter ] --START--
INFO: Run Behavior\WriteHtmlCacheBehavior [ RunTime:0.000677s ]
INFO: [ view_filter ] --END-- [ RunTime:0.000711s ]
INFO: [ app_end ] --START--
INFO: Run Behavior\ShowPageTraceBehavior [ RunTime:0.000696s ]
INFO: [ app_end ] --END-- [ RunTime:0.000739s ]

[ 2018-11-15T10:52:43+08:00 ] 127.0.0.1 /Order/achievement.html
INFO: [ app_init ] --START--
INFO: Run Behavior\BuildLiteBehavior [ RunTime:0.000028s ]
INFO: [ app_init ] --END-- [ RunTime:0.000778s ]
INFO: [ app_begin ] --START--
INFO: Run Behavior\ReadHtmlCacheBehavior [ RunTime:0.000769s ]
INFO: [ app_begin ] --END-- [ RunTime:0.000821s ]
NOTIC: [8] A non well formed numeric value encountered D:\www\online_team\www.sale.com\Application\Admin\Controller\OrderController.class.php 第 99 行.
SQL: SHOW COLUMNS FROM `ytt_fxg` [ RunTime:0.0605s ]
SQL: SELECT `name`,sum(income) as money,count(id) as num FROM ytt_fxg r WHERE UNIX_TIMESTAMP(pay_time) BETWEEN 1541001600 AND 1542250361 AND `order_status` IN ('订单付款','订单完成','结算完成') GROUP BY name ORDER BY money desc  [ RunTime:0.2427s ]
SQL: SELECT `name`,sum(income) as money,count(id) as num FROM ytt_fxg r WHERE UNIX_TIMESTAMP(complete_time) BETWEEN 1541001600 AND 1542250361 AND `order_status` IN ('订单完成','结算完成') GROUP BY name ORDER BY money desc  [ RunTime:0.2258s ]
SQL: SELECT `name`,sum(income) as money,count(id) as num FROM ytt_fxg r WHERE UNIX_TIMESTAMP(settle_time) BETWEEN 1541001600 AND 1542250361 AND `order_status` = '结算完成' GROUP BY name ORDER BY money desc  [ RunTime:0.1895s ]
SQL: SELECT `name`,sum(income) as money,count(id) as num FROM ytt_fxg r WHERE UNIX_TIMESTAMP(pay_time) BETWEEN 1538323200 AND 1538323199 AND `order_status` IN ('订单付款','订单完成','结算完成') GROUP BY name ORDER BY money desc  [ RunTime:0.2283s ]
SQL: SELECT `name`,sum(income) as money,count(id) as num FROM ytt_fxg r WHERE UNIX_TIMESTAMP(complete_time) BETWEEN 1538323200 AND 1538323199 AND `order_status` IN ('订单完成','结算完成') GROUP BY name ORDER BY money desc  [ RunTime:0.2041s ]
SQL: SELECT `name`,sum(income) as money,count(id) as num FROM ytt_fxg r WHERE UNIX_TIMESTAMP(settle_time) BETWEEN 1538323200 AND 1538323199 AND `order_status` = '结算完成' GROUP BY name ORDER BY money desc  [ RunTime:0.1733s ]
INFO: [ view_parse ] --START--
INFO: [ template_filter ] --START--
INFO: Run Behavior\ContentReplaceBehavior [ RunTime:0.000357s ]
INFO: [ template_filter ] --END-- [ RunTime:0.000417s ]
NOTIC: [8] Undefined index: son_menu D:\www\online_team\www.sale.com\Application\Runtime\Cache\Admin\5f048530e56fdcc6696345a81974d0a4.php 第 49 行.
NOTIC: [8] Undefined index: son_menu D:\www\online_team\www.sale.com\Application\Runtime\Cache\Admin\5f048530e56fdcc6696345a81974d0a4.php 第 49 行.
INFO: Run Behavior\ParseTemplateBehavior [ RunTime:0.043496s ]
INFO: [ view_parse ] --END-- [ RunTime:0.043552s ]
INFO: [ view_filter ] --START--
INFO: Run Behavior\WriteHtmlCacheBehavior [ RunTime:0.000576s ]
INFO: [ view_filter ] --END-- [ RunTime:0.000611s ]
INFO: [ app_end ] --START--
INFO: Run Behavior\ShowPageTraceBehavior [ RunTime:0.000949s ]
INFO: [ app_end ] --END-- [ RunTime:0.001063s ]

[ 2018-11-15T10:52:47+08:00 ] 127.0.0.1 /Order/achievement.html
INFO: [ app_init ] --START--
INFO: Run Behavior\BuildLiteBehavior [ RunTime:0.000013s ]
INFO: [ app_init ] --END-- [ RunTime:0.000618s ]
INFO: [ app_begin ] --START--
INFO: Run Behavior\ReadHtmlCacheBehavior [ RunTime:0.000761s ]
INFO: [ app_begin ] --END-- [ RunTime:0.000815s ]
NOTIC: [8] A non well formed numeric value encountered D:\www\online_team\www.sale.com\Application\Admin\Controller\OrderController.class.php 第 99 行.
SQL: SHOW COLUMNS FROM `ytt_fxg` [ RunTime:0.0610s ]
SQL: SELECT `name`,sum(income) as money,count(id) as num FROM ytt_fxg r WHERE UNIX_TIMESTAMP(pay_time) BETWEEN 1541001600 AND 1542250365 AND `order_status` IN ('订单付款','订单完成','结算完成') GROUP BY name ORDER BY money desc  [ RunTime:0.2459s ]
SQL: SELECT `name`,sum(income) as money,count(id) as num FROM ytt_fxg r WHERE UNIX_TIMESTAMP(complete_time) BETWEEN 1541001600 AND 1542250365 AND `order_status` IN ('订单完成','结算完成') GROUP BY name ORDER BY money desc  [ RunTime:0.2285s ]
SQL: SELECT `name`,sum(income) as money,count(id) as num FROM ytt_fxg r WHERE UNIX_TIMESTAMP(settle_time) BETWEEN 1541001600 AND 1542250365 AND `order_status` = '结算完成' GROUP BY name ORDER BY money desc  [ RunTime:0.1776s ]
SQL: SELECT `name`,sum(income) as money,count(id) as num FROM ytt_fxg r WHERE UNIX_TIMESTAMP(pay_time) BETWEEN 1538323200 AND 1538323199 AND `order_status` IN ('订单付款','订单完成','结算完成') GROUP BY name ORDER BY money desc  [ RunTime:0.2222s ]
SQL: SELECT `name`,sum(income) as money,count(id) as num FROM ytt_fxg r WHERE UNIX_TIMESTAMP(complete_time) BETWEEN 1538323200 AND 1538323199 AND `order_status` IN ('订单完成','结算完成') GROUP BY name ORDER BY money desc  [ RunTime:0.2067s ]
SQL: SELECT `name`,sum(income) as money,count(id) as num FROM ytt_fxg r WHERE UNIX_TIMESTAMP(settle_time) BETWEEN 1538323200 AND 1538323199 AND `order_status` = '结算完成' GROUP BY name ORDER BY money desc  [ RunTime:0.1746s ]
INFO: [ view_parse ] --START--
INFO: [ template_filter ] --START--
INFO: Run Behavior\ContentReplaceBehavior [ RunTime:0.000299s ]
INFO: [ template_filter ] --END-- [ RunTime:0.000349s ]
NOTIC: [8] Undefined index: son_menu D:\www\online_team\www.sale.com\Application\Runtime\Cache\Admin\5f048530e56fdcc6696345a81974d0a4.php 第 49 行.
NOTIC: [8] Undefined index: son_menu D:\www\online_team\www.sale.com\Application\Runtime\Cache\Admin\5f048530e56fdcc6696345a81974d0a4.php 第 49 行.
INFO: Run Behavior\ParseTemplateBehavior [ RunTime:0.032273s ]
INFO: [ view_parse ] --END-- [ RunTime:0.032319s ]
INFO: [ view_filter ] --START--
INFO: Run Behavior\WriteHtmlCacheBehavior [ RunTime:0.000602s ]
INFO: [ view_filter ] --END-- [ RunTime:0.000648s ]
INFO: [ app_end ] --START--
INFO: Run Behavior\ShowPageTraceBehavior [ RunTime:0.000780s ]
INFO: [ app_end ] --END-- [ RunTime:0.000826s ]

[ 2018-11-15T10:53:33+08:00 ] 127.0.0.1 /Order/achievement.html
INFO: [ app_init ] --START--
INFO: Run Behavior\BuildLiteBehavior [ RunTime:0.000026s ]
INFO: [ app_init ] --END-- [ RunTime:0.001157s ]
INFO: [ app_begin ] --START--
INFO: Run Behavior\ReadHtmlCacheBehavior [ RunTime:0.001009s ]
INFO: [ app_begin ] --END-- [ RunTime:0.001084s ]
SQL: SHOW COLUMNS FROM `ytt_fxg` [ RunTime:0.0617s ]
SQL: SELECT `name`,sum(income) as money,count(id) as num FROM ytt_fxg r WHERE UNIX_TIMESTAMP(pay_time) BETWEEN 1541001600 AND 1542250411 AND `order_status` IN ('订单付款','订单完成','结算完成') GROUP BY name ORDER BY money desc  [ RunTime:0.2385s ]
SQL: SELECT `name`,sum(income) as money,count(id) as num FROM ytt_fxg r WHERE UNIX_TIMESTAMP(complete_time) BETWEEN 1541001600 AND 1542250411 AND `order_status` IN ('订单完成','结算完成') GROUP BY name ORDER BY money desc  [ RunTime:0.2265s ]
SQL: SELECT `name`,sum(income) as money,count(id) as num FROM ytt_fxg r WHERE UNIX_TIMESTAMP(settle_time) BETWEEN 1541001600 AND 1542250411 AND `order_status` = '结算完成' GROUP BY name ORDER BY money desc  [ RunTime:0.1913s ]
SQL: SELECT `name`,sum(income) as money,count(id) as num FROM ytt_fxg r WHERE UNIX_TIMESTAMP(pay_time) BETWEEN 1538323200 AND 1539619199 AND `order_status` IN ('订单付款','订单完成','结算完成') GROUP BY name ORDER BY money desc  [ RunTime:0.2469s ]
SQL: SELECT `name`,sum(income) as money,count(id) as num FROM ytt_fxg r WHERE UNIX_TIMESTAMP(complete_time) BETWEEN 1538323200 AND 1539619199 AND `order_status` IN ('订单完成','结算完成') GROUP BY name ORDER BY money desc  [ RunTime:0.2241s ]
SQL: SELECT `name`,sum(income) as money,count(id) as num FROM ytt_fxg r WHERE UNIX_TIMESTAMP(settle_time) BETWEEN 1538323200 AND 1539619199 AND `order_status` = '结算完成' GROUP BY name ORDER BY money desc  [ RunTime:0.1926s ]
INFO: [ view_parse ] --START--
INFO: [ template_filter ] --START--
INFO: Run Behavior\ContentReplaceBehavior [ RunTime:0.000308s ]
INFO: [ template_filter ] --END-- [ RunTime:0.000367s ]
NOTIC: [8] Undefined index: son_menu D:\www\online_team\www.sale.com\Application\Runtime\Cache\Admin\5f048530e56fdcc6696345a81974d0a4.php 第 49 行.
NOTIC: [8] Undefined index: son_menu D:\www\online_team\www.sale.com\Application\Runtime\Cache\Admin\5f048530e56fdcc6696345a81974d0a4.php 第 49 行.
INFO: Run Behavior\ParseTemplateBehavior [ RunTime:0.034680s ]
INFO: [ view_parse ] --END-- [ RunTime:0.034773s ]
INFO: [ view_filter ] --START--
INFO: Run Behavior\WriteHtmlCacheBehavior [ RunTime:0.000970s ]
INFO: [ view_filter ] --END-- [ RunTime:0.001030s ]
INFO: [ app_end ] --START--
INFO: Run Behavior\ShowPageTraceBehavior [ RunTime:0.000805s ]
INFO: [ app_end ] --END-- [ RunTime:0.000863s ]

