[ 2018-12-12T09:14:45+08:00 ] 127.0.0.1 /
INFO: [ app_init ] --START--
INFO: Run Behavior\BuildLiteBehavior [ RunTime:0.000033s ]
INFO: [ app_init ] --END-- [ RunTime:0.002688s ]
INFO: [ app_begin ] --START--
INFO: Run Behavior\ReadHtmlCacheBehavior [ RunTime:0.001322s ]
INFO: [ app_begin ] --END-- [ RunTime:0.001387s ]

[ 2018-12-12T09:14:45+08:00 ] 127.0.0.1 /Login/index.html
INFO: [ app_init ] --START--
INFO: Run Behavior\BuildLiteBehavior [ RunTime:0.000019s ]
INFO: [ app_init ] --END-- [ RunTime:0.000837s ]
INFO: [ app_begin ] --START--
INFO: Run Behavior\ReadHtmlCacheBehavior [ RunTime:0.000922s ]
INFO: [ app_begin ] --END-- [ RunTime:0.000992s ]
INFO: [ view_parse ] --START--
INFO: [ template_filter ] --START--
INFO: Run Behavior\ContentReplaceBehavior [ RunTime:0.001361s ]
INFO: [ template_filter ] --END-- [ RunTime:0.001448s ]
INFO: Run Behavior\ParseTemplateBehavior [ RunTime:0.028969s ]
INFO: [ view_parse ] --END-- [ RunTime:0.029057s ]
INFO: [ view_filter ] --START--
INFO: Run Behavior\WriteHtmlCacheBehavior [ RunTime:0.001171s ]
INFO: [ view_filter ] --END-- [ RunTime:0.001237s ]
INFO: [ app_end ] --START--
INFO: Run Behavior\ShowPageTraceBehavior [ RunTime:0.001466s ]
INFO: [ app_end ] --END-- [ RunTime:0.001547s ]

[ 2018-12-12T09:14:45+08:00 ] 127.0.0.1 /favicon.ico
INFO: [ app_init ] --START--
INFO: Run Behavior\BuildLiteBehavior [ RunTime:0.000018s ]
INFO: [ app_init ] --END-- [ RunTime:0.000787s ]

[ 2018-12-12T09:14:47+08:00 ] 127.0.0.1 /Login/doLogin.html
INFO: [ app_init ] --START--
INFO: Run Behavior\BuildLiteBehavior [ RunTime:0.000013s ]
INFO: [ app_init ] --END-- [ RunTime:0.000567s ]
INFO: [ app_begin ] --START--
INFO: Run Behavior\ReadHtmlCacheBehavior [ RunTime:0.000696s ]
INFO: [ app_begin ] --END-- [ RunTime:0.000742s ]
SQL: SHOW COLUMNS FROM `ytt_tmuser` [ RunTime:0.0660s ]
SQL: SELECT * FROM `ytt_tmuser` WHERE `name` = 'daipingshan' AND `password` = 'a0df1932fb37930fb0ca5d9b82e7f58b' LIMIT 1   [ RunTime:0.0644s ]

[ 2018-12-12T09:14:51+08:00 ] 127.0.0.1 /Index/index.html
INFO: [ app_init ] --START--
INFO: Run Behavior\BuildLiteBehavior [ RunTime:0.000012s ]
INFO: [ app_init ] --END-- [ RunTime:0.000542s ]
INFO: [ app_begin ] --START--
INFO: Run Behavior\ReadHtmlCacheBehavior [ RunTime:0.001002s ]
INFO: [ app_begin ] --END-- [ RunTime:0.001085s ]
SQL: SHOW COLUMNS FROM `ytt_illegal_article` [ RunTime:0.0652s ]
SQL: SELECT COUNT(*) AS tp_count FROM `ytt_illegal_article` LIMIT 1   [ RunTime:0.0646s ]
SQL: SELECT * FROM `ytt_illegal_article` ORDER BY id desc LIMIT 0,50   [ RunTime:0.0660s ]
INFO: [ view_parse ] --START--
INFO: [ template_filter ] --START--
INFO: Run Behavior\ContentReplaceBehavior [ RunTime:0.000139s ]
INFO: [ template_filter ] --END-- [ RunTime:0.000187s ]
NOTIC: [8] Undefined index: son_menu D:\www\online_team\www.sale.com\Application\Runtime\Cache\Admin\f61872648bf90e754b75e1a98e6cbf1b.php 第 49 行.
NOTIC: [8] Undefined index: son_menu D:\www\online_team\www.sale.com\Application\Runtime\Cache\Admin\f61872648bf90e754b75e1a98e6cbf1b.php 第 49 行.
INFO: Run Behavior\ParseTemplateBehavior [ RunTime:0.018917s ]
INFO: [ view_parse ] --END-- [ RunTime:0.018964s ]
INFO: [ view_filter ] --START--
INFO: Run Behavior\WriteHtmlCacheBehavior [ RunTime:0.000603s ]
INFO: [ view_filter ] --END-- [ RunTime:0.000640s ]
INFO: [ app_end ] --START--
INFO: Run Behavior\ShowPageTraceBehavior [ RunTime:0.000809s ]
INFO: [ app_end ] --END-- [ RunTime:0.000856s ]

[ 2018-12-12T09:14:54+08:00 ] 127.0.0.1 /TopLine/index.html
INFO: [ app_init ] --START--
INFO: Run Behavior\BuildLiteBehavior [ RunTime:0.000022s ]
INFO: [ app_init ] --END-- [ RunTime:0.000923s ]
INFO: [ app_begin ] --START--
INFO: Run Behavior\ReadHtmlCacheBehavior [ RunTime:0.000953s ]
INFO: [ app_begin ] --END-- [ RunTime:0.001005s ]
SQL: SHOW COLUMNS FROM `ytt_top_line_account` [ RunTime:0.0642s ]
SQL: SELECT COUNT(*) AS tp_count FROM `ytt_top_line_account` LIMIT 1   [ RunTime:0.0638s ]
SQL: SELECT * FROM `ytt_top_line_account` ORDER BY id desc LIMIT 0,20   [ RunTime:0.1282s ]
INFO: [ view_parse ] --START--
INFO: [ template_filter ] --START--
INFO: Run Behavior\ContentReplaceBehavior [ RunTime:0.000226s ]
INFO: [ template_filter ] --END-- [ RunTime:0.000305s ]
NOTIC: [8] Undefined index: son_menu D:\www\online_team\www.sale.com\Application\Runtime\Cache\Admin\426c33a264d6f3acce84a03956edbeb5.php 第 49 行.
NOTIC: [8] Undefined index: son_menu D:\www\online_team\www.sale.com\Application\Runtime\Cache\Admin\426c33a264d6f3acce84a03956edbeb5.php 第 49 行.
NOTIC: [8] Array to string conversion D:\www\online_team\www.sale.com\Application\Runtime\Cache\Admin\426c33a264d6f3acce84a03956edbeb5.php 第 112 行.
NOTIC: [8] Array to string conversion D:\www\online_team\www.sale.com\Application\Runtime\Cache\Admin\426c33a264d6f3acce84a03956edbeb5.php 第 121 行.
NOTIC: [8] Array to string conversion D:\www\online_team\www.sale.com\Application\Runtime\Cache\Admin\426c33a264d6f3acce84a03956edbeb5.php 第 112 行.
NOTIC: [8] Array to string conversion D:\www\online_team\www.sale.com\Application\Runtime\Cache\Admin\426c33a264d6f3acce84a03956edbeb5.php 第 121 行.
NOTIC: [8] Array to string conversion D:\www\online_team\www.sale.com\Application\Runtime\Cache\Admin\426c33a264d6f3acce84a03956edbeb5.php 第 121 行.
NOTIC: [8] Array to string conversion D:\www\online_team\www.sale.com\Application\Runtime\Cache\Admin\426c33a264d6f3acce84a03956edbeb5.php 第 121 行.
NOTIC: [8] Array to string conversion D:\www\online_team\www.sale.com\Application\Runtime\Cache\Admin\426c33a264d6f3acce84a03956edbeb5.php 第 121 行.
NOTIC: [8] Array to string conversion D:\www\online_team\www.sale.com\Application\Runtime\Cache\Admin\426c33a264d6f3acce84a03956edbeb5.php 第 121 行.
NOTIC: [8] Array to string conversion D:\www\online_team\www.sale.com\Application\Runtime\Cache\Admin\426c33a264d6f3acce84a03956edbeb5.php 第 121 行.
NOTIC: [8] Array to string conversion D:\www\online_team\www.sale.com\Application\Runtime\Cache\Admin\426c33a264d6f3acce84a03956edbeb5.php 第 121 行.
NOTIC: [8] Array to string conversion D:\www\online_team\www.sale.com\Application\Runtime\Cache\Admin\426c33a264d6f3acce84a03956edbeb5.php 第 121 行.
NOTIC: [8] Array to string conversion D:\www\online_team\www.sale.com\Application\Runtime\Cache\Admin\426c33a264d6f3acce84a03956edbeb5.php 第 121 行.
NOTIC: [8] Array to string conversion D:\www\online_team\www.sale.com\Application\Runtime\Cache\Admin\426c33a264d6f3acce84a03956edbeb5.php 第 121 行.
NOTIC: [8] Array to string conversion D:\www\online_team\www.sale.com\Application\Runtime\Cache\Admin\426c33a264d6f3acce84a03956edbeb5.php 第 121 行.
NOTIC: [8] Array to string conversion D:\www\online_team\www.sale.com\Application\Runtime\Cache\Admin\426c33a264d6f3acce84a03956edbeb5.php 第 121 行.
NOTIC: [8] Array to string conversion D:\www\online_team\www.sale.com\Application\Runtime\Cache\Admin\426c33a264d6f3acce84a03956edbeb5.php 第 121 行.
NOTIC: [8] Array to string conversion D:\www\online_team\www.sale.com\Application\Runtime\Cache\Admin\426c33a264d6f3acce84a03956edbeb5.php 第 121 行.
NOTIC: [8] Array to string conversion D:\www\online_team\www.sale.com\Application\Runtime\Cache\Admin\426c33a264d6f3acce84a03956edbeb5.php 第 121 行.
NOTIC: [8] Array to string conversion D:\www\online_team\www.sale.com\Application\Runtime\Cache\Admin\426c33a264d6f3acce84a03956edbeb5.php 第 121 行.
NOTIC: [8] Array to string conversion D:\www\online_team\www.sale.com\Application\Runtime\Cache\Admin\426c33a264d6f3acce84a03956edbeb5.php 第 121 行.
NOTIC: [8] Array to string conversion D:\www\online_team\www.sale.com\Application\Runtime\Cache\Admin\426c33a264d6f3acce84a03956edbeb5.php 第 121 行.
NOTIC: [8] Array to string conversion D:\www\online_team\www.sale.com\Application\Runtime\Cache\Admin\426c33a264d6f3acce84a03956edbeb5.php 第 121 行.
INFO: Run Behavior\ParseTemplateBehavior [ RunTime:0.028181s ]
INFO: [ view_parse ] --END-- [ RunTime:0.028240s ]
INFO: [ view_filter ] --START--
INFO: Run Behavior\WriteHtmlCacheBehavior [ RunTime:0.000654s ]
INFO: [ view_filter ] --END-- [ RunTime:0.000689s ]
INFO: [ app_end ] --START--
INFO: Run Behavior\ShowPageTraceBehavior [ RunTime:0.000752s ]
INFO: [ app_end ] --END-- [ RunTime:0.000799s ]

[ 2018-12-12T09:15:13+08:00 ] 127.0.0.1 /TopLine/setAccountStatus.htmlArray
INFO: [ app_init ] --START--
INFO: Run Behavior\BuildLiteBehavior [ RunTime:0.000015s ]
INFO: [ app_init ] --END-- [ RunTime:0.000679s ]
INFO: [ app_begin ] --START--
INFO: Run Behavior\ReadHtmlCacheBehavior [ RunTime:0.000770s ]
INFO: [ app_begin ] --END-- [ RunTime:0.000812s ]
NOTIC: [2] session_start(): Cannot send session cache limiter - headers already sent D:\www\online_team\www.sale.com\ThinkPHP\Common\functions.php 第 1263 行.
NOTIC: [2] Cannot modify header information - headers already sent D:\www\online_team\www.sale.com\Application\Common\Controller\CommonBaseController.class.php 第 52 行.
ERR: 非法操作:setAccountStatus.htmlArray
NOTIC: [2] Cannot modify header information - headers already sent D:\www\online_team\www.sale.com\ThinkPHP\Library\Think\Think.class.php 第 229 行.
NOTIC: [2] Cannot modify header information - headers already sent D:\www\online_team\www.sale.com\ThinkPHP\Library\Think\Think.class.php 第 230 行.

[ 2018-12-12T09:15:16+08:00 ] 127.0.0.1 /TopLine/index.html
INFO: [ app_init ] --START--
INFO: Run Behavior\BuildLiteBehavior [ RunTime:0.000019s ]
INFO: [ app_init ] --END-- [ RunTime:0.000875s ]
INFO: [ app_begin ] --START--
INFO: Run Behavior\ReadHtmlCacheBehavior [ RunTime:0.000745s ]
INFO: [ app_begin ] --END-- [ RunTime:0.000806s ]
SQL: SHOW COLUMNS FROM `ytt_top_line_account` [ RunTime:0.0646s ]
SQL: SELECT COUNT(*) AS tp_count FROM `ytt_top_line_account` LIMIT 1   [ RunTime:0.0639s ]
SQL: SELECT * FROM `ytt_top_line_account` ORDER BY id desc LIMIT 0,20   [ RunTime:0.1285s ]
INFO: [ view_parse ] --START--
INFO: [ template_filter ] --START--
INFO: Run Behavior\ContentReplaceBehavior [ RunTime:0.000326s ]
INFO: [ template_filter ] --END-- [ RunTime:0.000424s ]
NOTIC: [8] Undefined index: son_menu D:\www\online_team\www.sale.com\Application\Runtime\Cache\Admin\426c33a264d6f3acce84a03956edbeb5.php 第 49 行.
NOTIC: [8] Undefined index: son_menu D:\www\online_team\www.sale.com\Application\Runtime\Cache\Admin\426c33a264d6f3acce84a03956edbeb5.php 第 49 行.
NOTIC: [8] Array to string conversion D:\www\online_team\www.sale.com\Application\Runtime\Cache\Admin\426c33a264d6f3acce84a03956edbeb5.php 第 112 行.
NOTIC: [8] Array to string conversion D:\www\online_team\www.sale.com\Application\Runtime\Cache\Admin\426c33a264d6f3acce84a03956edbeb5.php 第 121 行.
NOTIC: [8] Array to string conversion D:\www\online_team\www.sale.com\Application\Runtime\Cache\Admin\426c33a264d6f3acce84a03956edbeb5.php 第 112 行.
NOTIC: [8] Array to string conversion D:\www\online_team\www.sale.com\Application\Runtime\Cache\Admin\426c33a264d6f3acce84a03956edbeb5.php 第 121 行.
NOTIC: [8] Array to string conversion D:\www\online_team\www.sale.com\Application\Runtime\Cache\Admin\426c33a264d6f3acce84a03956edbeb5.php 第 121 行.
NOTIC: [8] Array to string conversion D:\www\online_team\www.sale.com\Application\Runtime\Cache\Admin\426c33a264d6f3acce84a03956edbeb5.php 第 121 行.
NOTIC: [8] Array to string conversion D:\www\online_team\www.sale.com\Application\Runtime\Cache\Admin\426c33a264d6f3acce84a03956edbeb5.php 第 121 行.
NOTIC: [8] Array to string conversion D:\www\online_team\www.sale.com\Application\Runtime\Cache\Admin\426c33a264d6f3acce84a03956edbeb5.php 第 121 行.
NOTIC: [8] Array to string conversion D:\www\online_team\www.sale.com\Application\Runtime\Cache\Admin\426c33a264d6f3acce84a03956edbeb5.php 第 121 行.
NOTIC: [8] Array to string conversion D:\www\online_team\www.sale.com\Application\Runtime\Cache\Admin\426c33a264d6f3acce84a03956edbeb5.php 第 121 行.
NOTIC: [8] Array to string conversion D:\www\online_team\www.sale.com\Application\Runtime\Cache\Admin\426c33a264d6f3acce84a03956edbeb5.php 第 121 行.
NOTIC: [8] Array to string conversion D:\www\online_team\www.sale.com\Application\Runtime\Cache\Admin\426c33a264d6f3acce84a03956edbeb5.php 第 121 行.
NOTIC: [8] Array to string conversion D:\www\online_team\www.sale.com\Application\Runtime\Cache\Admin\426c33a264d6f3acce84a03956edbeb5.php 第 121 行.
NOTIC: [8] Array to string conversion D:\www\online_team\www.sale.com\Application\Runtime\Cache\Admin\426c33a264d6f3acce84a03956edbeb5.php 第 121 行.
NOTIC: [8] Array to string conversion D:\www\online_team\www.sale.com\Application\Runtime\Cache\Admin\426c33a264d6f3acce84a03956edbeb5.php 第 121 行.
NOTIC: [8] Array to string conversion D:\www\online_team\www.sale.com\Application\Runtime\Cache\Admin\426c33a264d6f3acce84a03956edbeb5.php 第 121 行.
NOTIC: [8] Array to string conversion D:\www\online_team\www.sale.com\Application\Runtime\Cache\Admin\426c33a264d6f3acce84a03956edbeb5.php 第 121 行.
NOTIC: [8] Array to string conversion D:\www\online_team\www.sale.com\Application\Runtime\Cache\Admin\426c33a264d6f3acce84a03956edbeb5.php 第 121 行.
NOTIC: [8] Array to string conversion D:\www\online_team\www.sale.com\Application\Runtime\Cache\Admin\426c33a264d6f3acce84a03956edbeb5.php 第 121 行.
NOTIC: [8] Array to string conversion D:\www\online_team\www.sale.com\Application\Runtime\Cache\Admin\426c33a264d6f3acce84a03956edbeb5.php 第 121 行.
NOTIC: [8] Array to string conversion D:\www\online_team\www.sale.com\Application\Runtime\Cache\Admin\426c33a264d6f3acce84a03956edbeb5.php 第 121 行.
NOTIC: [8] Array to string conversion D:\www\online_team\www.sale.com\Application\Runtime\Cache\Admin\426c33a264d6f3acce84a03956edbeb5.php 第 121 行.
INFO: Run Behavior\ParseTemplateBehavior [ RunTime:0.036271s ]
INFO: [ view_parse ] --END-- [ RunTime:0.036384s ]
INFO: [ view_filter ] --START--
INFO: Run Behavior\WriteHtmlCacheBehavior [ RunTime:0.000840s ]
INFO: [ view_filter ] --END-- [ RunTime:0.000886s ]
INFO: [ app_end ] --START--
INFO: Run Behavior\ShowPageTraceBehavior [ RunTime:0.000982s ]
INFO: [ app_end ] --END-- [ RunTime:0.001036s ]

[ 2018-12-12T09:15:19+08:00 ] 127.0.0.1 /Public/Admin/js/maps/swiper.jquery.min.js.map
INFO: [ app_init ] --START--
INFO: Run Behavior\BuildLiteBehavior [ RunTime:0.000022s ]
INFO: [ app_init ] --END-- [ RunTime:0.000901s ]
INFO: [ app_begin ] --START--
INFO: Run Behavior\ReadHtmlCacheBehavior [ RunTime:0.001001s ]
INFO: [ app_begin ] --END-- [ RunTime:0.001077s ]
NOTIC: [8] Undefined offset: 0 D:\www\online_team\www.sale.com\Application\Admin\Controller\CommonController.class.php 第 85 行.
ERR: 非法操作:Admin

[ 2018-12-12T09:15:21+08:00 ] 127.0.0.1 /TopLine/setAccountStatus.htmlArray
INFO: [ app_init ] --START--
INFO: Run Behavior\BuildLiteBehavior [ RunTime:0.000014s ]
INFO: [ app_init ] --END-- [ RunTime:0.000565s ]
INFO: [ app_begin ] --START--
INFO: Run Behavior\ReadHtmlCacheBehavior [ RunTime:0.001226s ]
INFO: [ app_begin ] --END-- [ RunTime:0.001318s ]
NOTIC: [2] session_start(): Cannot send session cache limiter - headers already sent D:\www\online_team\www.sale.com\ThinkPHP\Common\functions.php 第 1263 行.
NOTIC: [2] Cannot modify header information - headers already sent D:\www\online_team\www.sale.com\Application\Common\Controller\CommonBaseController.class.php 第 52 行.
ERR: 非法操作:setAccountStatus.htmlArray
NOTIC: [2] Cannot modify header information - headers already sent D:\www\online_team\www.sale.com\ThinkPHP\Library\Think\Think.class.php 第 229 行.
NOTIC: [2] Cannot modify header information - headers already sent D:\www\online_team\www.sale.com\ThinkPHP\Library\Think\Think.class.php 第 230 行.

[ 2018-12-12T09:16:00+08:00 ] 127.0.0.1 /TopLine/index.html
INFO: [ app_init ] --START--
INFO: Run Behavior\BuildLiteBehavior [ RunTime:0.000024s ]
INFO: [ app_init ] --END-- [ RunTime:0.000938s ]
INFO: [ app_begin ] --START--
INFO: Run Behavior\ReadHtmlCacheBehavior [ RunTime:0.001092s ]
INFO: [ app_begin ] --END-- [ RunTime:0.001172s ]
SQL: SHOW COLUMNS FROM `ytt_top_line_account` [ RunTime:0.0641s ]
SQL: SELECT COUNT(*) AS tp_count FROM `ytt_top_line_account` LIMIT 1   [ RunTime:0.0635s ]
SQL: SELECT * FROM `ytt_top_line_account` ORDER BY id desc LIMIT 0,20   [ RunTime:0.1292s ]
INFO: [ view_parse ] --START--
INFO: [ template_filter ] --START--
INFO: Run Behavior\ContentReplaceBehavior [ RunTime:0.000177s ]
INFO: [ template_filter ] --END-- [ RunTime:0.000247s ]
NOTIC: [8] Undefined index: son_menu D:\www\online_team\www.sale.com\Application\Runtime\Cache\Admin\426c33a264d6f3acce84a03956edbeb5.php 第 49 行.
NOTIC: [8] Undefined index: son_menu D:\www\online_team\www.sale.com\Application\Runtime\Cache\Admin\426c33a264d6f3acce84a03956edbeb5.php 第 49 行.
INFO: Run Behavior\ParseTemplateBehavior [ RunTime:0.018485s ]
INFO: [ view_parse ] --END-- [ RunTime:0.018544s ]
INFO: [ view_filter ] --START--
INFO: Run Behavior\WriteHtmlCacheBehavior [ RunTime:0.000614s ]
INFO: [ view_filter ] --END-- [ RunTime:0.000666s ]
INFO: [ app_end ] --START--
INFO: Run Behavior\ShowPageTraceBehavior [ RunTime:0.001209s ]
INFO: [ app_end ] --END-- [ RunTime:0.001285s ]

[ 2018-12-12T09:16:00+08:00 ] 127.0.0.1 /Public/Admin/js/maps/swiper.jquery.min.js.map
INFO: [ app_init ] --START--
INFO: Run Behavior\BuildLiteBehavior [ RunTime:0.000020s ]
INFO: [ app_init ] --END-- [ RunTime:0.000759s ]
INFO: [ app_begin ] --START--
INFO: Run Behavior\ReadHtmlCacheBehavior [ RunTime:0.001225s ]
INFO: [ app_begin ] --END-- [ RunTime:0.001324s ]
NOTIC: [8] Undefined offset: 0 D:\www\online_team\www.sale.com\Application\Admin\Controller\CommonController.class.php 第 85 行.
ERR: 非法操作:Admin

[ 2018-12-12T09:16:04+08:00 ] 127.0.0.1 /TopLine/setAccountStatus/id/80.html
INFO: [ app_init ] --START--
INFO: Run Behavior\BuildLiteBehavior [ RunTime:0.000019s ]
INFO: [ app_init ] --END-- [ RunTime:0.001083s ]
INFO: [ app_begin ] --START--
INFO: Run Behavior\ReadHtmlCacheBehavior [ RunTime:0.001264s ]
INFO: [ app_begin ] --END-- [ RunTime:0.001376s ]
NOTIC: [2] session_start(): Cannot send session cache limiter - headers already sent D:\www\online_team\www.sale.com\ThinkPHP\Common\functions.php 第 1263 行.
NOTIC: [2] Cannot modify header information - headers already sent D:\www\online_team\www.sale.com\Application\Common\Controller\CommonBaseController.class.php 第 52 行.
SQL: SHOW COLUMNS FROM `ytt_top_line_account` [ RunTime:0.0644s ]
SQL: UPDATE `ytt_top_line_account` SET `status`='1' WHERE `id` = 80 [ RunTime:0.0656s ]
NOTIC: [2] Cannot modify header information - headers already sent D:\www\online_team\www.sale.com\ThinkPHP\Library\Think\Controller.class.php 第 215 行.

[ 2018-12-12T09:16:14+08:00 ] 127.0.0.1 /TopLine/index.html
INFO: [ app_init ] --START--
INFO: Run Behavior\BuildLiteBehavior [ RunTime:0.000025s ]
INFO: [ app_init ] --END-- [ RunTime:0.001070s ]
INFO: [ app_begin ] --START--
INFO: Run Behavior\ReadHtmlCacheBehavior [ RunTime:0.001177s ]
INFO: [ app_begin ] --END-- [ RunTime:0.001266s ]
SQL: SHOW COLUMNS FROM `ytt_top_line_account` [ RunTime:0.0646s ]
SQL: SELECT COUNT(*) AS tp_count FROM `ytt_top_line_account` LIMIT 1   [ RunTime:0.0605s ]
SQL: SELECT * FROM `ytt_top_line_account` ORDER BY id desc LIMIT 0,20   [ RunTime:0.1221s ]
INFO: [ view_parse ] --START--
INFO: [ template_filter ] --START--
INFO: Run Behavior\ContentReplaceBehavior [ RunTime:0.000228s ]
INFO: [ template_filter ] --END-- [ RunTime:0.000297s ]
NOTIC: [8] Undefined index: son_menu D:\www\online_team\www.sale.com\Application\Runtime\Cache\Admin\426c33a264d6f3acce84a03956edbeb5.php 第 49 行.
NOTIC: [8] Undefined index: son_menu D:\www\online_team\www.sale.com\Application\Runtime\Cache\Admin\426c33a264d6f3acce84a03956edbeb5.php 第 49 行.
INFO: Run Behavior\ParseTemplateBehavior [ RunTime:0.032781s ]
INFO: [ view_parse ] --END-- [ RunTime:0.032899s ]
INFO: [ view_filter ] --START--
INFO: Run Behavior\WriteHtmlCacheBehavior [ RunTime:0.001065s ]
INFO: [ view_filter ] --END-- [ RunTime:0.001148s ]
INFO: [ app_end ] --START--
INFO: Run Behavior\ShowPageTraceBehavior [ RunTime:0.001465s ]
INFO: [ app_end ] --END-- [ RunTime:0.001564s ]

[ 2018-12-12T09:16:14+08:00 ] 127.0.0.1 /Public/Admin/js/maps/swiper.jquery.min.js.map
INFO: [ app_init ] --START--
INFO: Run Behavior\BuildLiteBehavior [ RunTime:0.000021s ]
INFO: [ app_init ] --END-- [ RunTime:0.000846s ]
INFO: [ app_begin ] --START--
INFO: Run Behavior\ReadHtmlCacheBehavior [ RunTime:0.000794s ]
INFO: [ app_begin ] --END-- [ RunTime:0.000864s ]
NOTIC: [8] Undefined offset: 0 D:\www\online_team\www.sale.com\Application\Admin\Controller\CommonController.class.php 第 85 行.
ERR: 非法操作:Admin

[ 2018-12-12T09:16:40+08:00 ] 127.0.0.1 /TopLine/index.html
INFO: [ app_init ] --START--
INFO: Run Behavior\BuildLiteBehavior [ RunTime:0.000017s ]
INFO: [ app_init ] --END-- [ RunTime:0.000706s ]
INFO: [ app_begin ] --START--
INFO: Run Behavior\ReadHtmlCacheBehavior [ RunTime:0.001315s ]
INFO: [ app_begin ] --END-- [ RunTime:0.001383s ]
SQL: SHOW COLUMNS FROM `ytt_top_line_account` [ RunTime:0.0614s ]
SQL: SELECT COUNT(*) AS tp_count FROM `ytt_top_line_account` LIMIT 1   [ RunTime:0.0602s ]
SQL: SELECT * FROM `ytt_top_line_account` ORDER BY id desc LIMIT 0,20   [ RunTime:0.1206s ]
INFO: [ view_parse ] --START--
INFO: [ template_filter ] --START--
INFO: Run Behavior\ContentReplaceBehavior [ RunTime:0.000141s ]
INFO: [ template_filter ] --END-- [ RunTime:0.000191s ]
NOTIC: [8] Undefined index: son_menu D:\www\online_team\www.sale.com\Application\Runtime\Cache\Admin\426c33a264d6f3acce84a03956edbeb5.php 第 49 行.
NOTIC: [8] Undefined index: son_menu D:\www\online_team\www.sale.com\Application\Runtime\Cache\Admin\426c33a264d6f3acce84a03956edbeb5.php 第 49 行.
INFO: Run Behavior\ParseTemplateBehavior [ RunTime:0.016657s ]
INFO: [ view_parse ] --END-- [ RunTime:0.016732s ]
INFO: [ view_filter ] --START--
INFO: Run Behavior\WriteHtmlCacheBehavior [ RunTime:0.000865s ]
INFO: [ view_filter ] --END-- [ RunTime:0.000934s ]
INFO: [ app_end ] --START--
INFO: Run Behavior\ShowPageTraceBehavior [ RunTime:0.001151s ]
INFO: [ app_end ] --END-- [ RunTime:0.001225s ]

[ 2018-12-12T09:16:40+08:00 ] 127.0.0.1 /Public/Admin/js/maps/swiper.jquery.min.js.map
INFO: [ app_init ] --START--
INFO: Run Behavior\BuildLiteBehavior [ RunTime:0.000031s ]
INFO: [ app_init ] --END-- [ RunTime:0.001358s ]
INFO: [ app_begin ] --START--
INFO: Run Behavior\ReadHtmlCacheBehavior [ RunTime:0.001040s ]
INFO: [ app_begin ] --END-- [ RunTime:0.001112s ]
NOTIC: [8] Undefined offset: 0 D:\www\online_team\www.sale.com\Application\Admin\Controller\CommonController.class.php 第 85 行.
ERR: 非法操作:Admin

[ 2018-12-12T09:16:42+08:00 ] 127.0.0.1 /TopLine/setAccountStatus/id/79.html
INFO: [ app_init ] --START--
INFO: Run Behavior\BuildLiteBehavior [ RunTime:0.000013s ]
INFO: [ app_init ] --END-- [ RunTime:0.000560s ]
INFO: [ app_begin ] --START--
INFO: Run Behavior\ReadHtmlCacheBehavior [ RunTime:0.001369s ]
INFO: [ app_begin ] --END-- [ RunTime:0.001454s ]
SQL: SHOW COLUMNS FROM `ytt_top_line_account` [ RunTime:0.0605s ]
SQL: UPDATE `ytt_top_line_account` SET `status`='1' WHERE `id` = 79 [ RunTime:0.0709s ]

[ 2018-12-12T09:16:46+08:00 ] 127.0.0.1 /TopLine/index.html
INFO: [ app_init ] --START--
INFO: Run Behavior\BuildLiteBehavior [ RunTime:0.000022s ]
INFO: [ app_init ] --END-- [ RunTime:0.001006s ]
INFO: [ app_begin ] --START--
INFO: Run Behavior\ReadHtmlCacheBehavior [ RunTime:0.000870s ]
INFO: [ app_begin ] --END-- [ RunTime:0.000926s ]
SQL: SHOW COLUMNS FROM `ytt_top_line_account` [ RunTime:0.0602s ]
SQL: SELECT COUNT(*) AS tp_count FROM `ytt_top_line_account` LIMIT 1   [ RunTime:0.0605s ]
SQL: SELECT * FROM `ytt_top_line_account` ORDER BY id desc LIMIT 0,20   [ RunTime:0.1190s ]
INFO: [ view_parse ] --START--
INFO: [ template_filter ] --START--
INFO: Run Behavior\ContentReplaceBehavior [ RunTime:0.000474s ]
INFO: [ template_filter ] --END-- [ RunTime:0.000603s ]
NOTIC: [8] Undefined index: son_menu D:\www\online_team\www.sale.com\Application\Runtime\Cache\Admin\426c33a264d6f3acce84a03956edbeb5.php 第 49 行.
NOTIC: [8] Undefined index: son_menu D:\www\online_team\www.sale.com\Application\Runtime\Cache\Admin\426c33a264d6f3acce84a03956edbeb5.php 第 49 行.
INFO: Run Behavior\ParseTemplateBehavior [ RunTime:0.061737s ]
INFO: [ view_parse ] --END-- [ RunTime:0.061921s ]
INFO: [ view_filter ] --START--
INFO: Run Behavior\WriteHtmlCacheBehavior [ RunTime:0.001431s ]
INFO: [ view_filter ] --END-- [ RunTime:0.001498s ]
INFO: [ app_end ] --START--
INFO: Run Behavior\ShowPageTraceBehavior [ RunTime:0.001538s ]
INFO: [ app_end ] --END-- [ RunTime:0.001621s ]

[ 2018-12-12T09:16:46+08:00 ] 127.0.0.1 /Public/Admin/js/maps/swiper.jquery.min.js.map
INFO: [ app_init ] --START--
INFO: Run Behavior\BuildLiteBehavior [ RunTime:0.000022s ]
INFO: [ app_init ] --END-- [ RunTime:0.000899s ]
INFO: [ app_begin ] --START--
INFO: Run Behavior\ReadHtmlCacheBehavior [ RunTime:0.001189s ]
INFO: [ app_begin ] --END-- [ RunTime:0.001282s ]
NOTIC: [8] Undefined offset: 0 D:\www\online_team\www.sale.com\Application\Admin\Controller\CommonController.class.php 第 85 行.
ERR: 非法操作:Admin

[ 2018-12-12T09:17:35+08:00 ] 127.0.0.1 /TopLine/index.html
INFO: [ app_init ] --START--
INFO: Run Behavior\BuildLiteBehavior [ RunTime:0.000022s ]
INFO: [ app_init ] --END-- [ RunTime:0.001021s ]
INFO: [ app_begin ] --START--
INFO: Run Behavior\ReadHtmlCacheBehavior [ RunTime:0.000913s ]
INFO: [ app_begin ] --END-- [ RunTime:0.000974s ]
SQL: SHOW COLUMNS FROM `ytt_top_line_account` [ RunTime:0.0602s ]
SQL: SELECT COUNT(*) AS tp_count FROM `ytt_top_line_account` LIMIT 1   [ RunTime:0.0596s ]
SQL: SELECT * FROM `ytt_top_line_account` ORDER BY id desc LIMIT 0,20   [ RunTime:0.1219s ]
INFO: [ view_parse ] --START--
INFO: [ template_filter ] --START--
INFO: Run Behavior\ContentReplaceBehavior [ RunTime:0.000131s ]
INFO: [ template_filter ] --END-- [ RunTime:0.000176s ]
NOTIC: [8] Undefined index: son_menu D:\www\online_team\www.sale.com\Application\Runtime\Cache\Admin\426c33a264d6f3acce84a03956edbeb5.php 第 49 行.
NOTIC: [8] Undefined index: son_menu D:\www\online_team\www.sale.com\Application\Runtime\Cache\Admin\426c33a264d6f3acce84a03956edbeb5.php 第 49 行.
INFO: Run Behavior\ParseTemplateBehavior [ RunTime:0.022848s ]
INFO: [ view_parse ] --END-- [ RunTime:0.022911s ]
INFO: [ view_filter ] --START--
INFO: Run Behavior\WriteHtmlCacheBehavior [ RunTime:0.000701s ]
INFO: [ view_filter ] --END-- [ RunTime:0.000736s ]
INFO: [ app_end ] --START--
INFO: Run Behavior\ShowPageTraceBehavior [ RunTime:0.000773s ]
INFO: [ app_end ] --END-- [ RunTime:0.000815s ]

[ 2018-12-12T09:17:36+08:00 ] 127.0.0.1 /Public/Admin/js/maps/swiper.jquery.min.js.map
INFO: [ app_init ] --START--
INFO: Run Behavior\BuildLiteBehavior [ RunTime:0.000016s ]
INFO: [ app_init ] --END-- [ RunTime:0.000860s ]
INFO: [ app_begin ] --START--
INFO: Run Behavior\ReadHtmlCacheBehavior [ RunTime:0.000697s ]
INFO: [ app_begin ] --END-- [ RunTime:0.000745s ]
NOTIC: [8] Undefined offset: 0 D:\www\online_team\www.sale.com\Application\Admin\Controller\CommonController.class.php 第 85 行.
ERR: 非法操作:Admin

[ 2018-12-12T09:17:37+08:00 ] 127.0.0.1 /TopLine/index.html
INFO: [ app_init ] --START--
INFO: Run Behavior\BuildLiteBehavior [ RunTime:0.000024s ]
INFO: [ app_init ] --END-- [ RunTime:0.000969s ]
INFO: [ app_begin ] --START--
INFO: Run Behavior\ReadHtmlCacheBehavior [ RunTime:0.000721s ]
INFO: [ app_begin ] --END-- [ RunTime:0.000772s ]
SQL: SHOW COLUMNS FROM `ytt_top_line_account` [ RunTime:0.0645s ]
SQL: SELECT COUNT(*) AS tp_count FROM `ytt_top_line_account` LIMIT 1   [ RunTime:0.0636s ]
SQL: SELECT * FROM `ytt_top_line_account` ORDER BY id desc LIMIT 0,20   [ RunTime:0.1268s ]
INFO: [ view_parse ] --START--
INFO: [ template_filter ] --START--
INFO: Run Behavior\ContentReplaceBehavior [ RunTime:0.000232s ]
INFO: [ template_filter ] --END-- [ RunTime:0.000312s ]
NOTIC: [8] Undefined index: son_menu D:\www\online_team\www.sale.com\Application\Runtime\Cache\Admin\426c33a264d6f3acce84a03956edbeb5.php 第 49 行.
NOTIC: [8] Undefined index: son_menu D:\www\online_team\www.sale.com\Application\Runtime\Cache\Admin\426c33a264d6f3acce84a03956edbeb5.php 第 49 行.
INFO: Run Behavior\ParseTemplateBehavior [ RunTime:0.023732s ]
INFO: [ view_parse ] --END-- [ RunTime:0.023822s ]
INFO: [ view_filter ] --START--
INFO: Run Behavior\WriteHtmlCacheBehavior [ RunTime:0.000846s ]
INFO: [ view_filter ] --END-- [ RunTime:0.000892s ]
INFO: [ app_end ] --START--
INFO: Run Behavior\ShowPageTraceBehavior [ RunTime:0.000971s ]
INFO: [ app_end ] --END-- [ RunTime:0.001034s ]

[ 2018-12-12T09:17:37+08:00 ] 127.0.0.1 /Public/Admin/js/maps/swiper.jquery.min.js.map
INFO: [ app_init ] --START--
INFO: Run Behavior\BuildLiteBehavior [ RunTime:0.000024s ]
INFO: [ app_init ] --END-- [ RunTime:0.000914s ]
INFO: [ app_begin ] --START--
INFO: Run Behavior\ReadHtmlCacheBehavior [ RunTime:0.001236s ]
INFO: [ app_begin ] --END-- [ RunTime:0.001323s ]
NOTIC: [8] Undefined offset: 0 D:\www\online_team\www.sale.com\Application\Admin\Controller\CommonController.class.php 第 85 行.
ERR: 非法操作:Admin

[ 2018-12-12T09:17:40+08:00 ] 127.0.0.1 /TopLine/setAccountStatus/id/80.html
INFO: [ app_init ] --START--
INFO: Run Behavior\BuildLiteBehavior [ RunTime:0.000015s ]
INFO: [ app_init ] --END-- [ RunTime:0.000738s ]
INFO: [ app_begin ] --START--
INFO: Run Behavior\ReadHtmlCacheBehavior [ RunTime:0.000712s ]
INFO: [ app_begin ] --END-- [ RunTime:0.000756s ]
SQL: SHOW COLUMNS FROM `ytt_top_line_account` [ RunTime:0.1462s ]
SQL: UPDATE `ytt_top_line_account` SET `status`='1' WHERE `id` = 80 [ RunTime:0.1525s ]

[ 2018-12-12T09:17:45+08:00 ] 127.0.0.1 /TopLine/index.html
INFO: [ app_init ] --START--
INFO: Run Behavior\BuildLiteBehavior [ RunTime:0.000022s ]
INFO: [ app_init ] --END-- [ RunTime:0.000933s ]
INFO: [ app_begin ] --START--
INFO: Run Behavior\ReadHtmlCacheBehavior [ RunTime:0.001327s ]
INFO: [ app_begin ] --END-- [ RunTime:0.001456s ]
SQL: SHOW COLUMNS FROM `ytt_top_line_account` [ RunTime:0.2440s ]
SQL: SELECT COUNT(*) AS tp_count FROM `ytt_top_line_account` LIMIT 1   [ RunTime:0.2397s ]
SQL: SELECT * FROM `ytt_top_line_account` ORDER BY id desc LIMIT 0,20   [ RunTime:0.4362s ]
INFO: [ view_parse ] --START--
INFO: [ template_filter ] --START--
INFO: Run Behavior\ContentReplaceBehavior [ RunTime:0.000168s ]
INFO: [ template_filter ] --END-- [ RunTime:0.000224s ]
NOTIC: [8] Undefined index: son_menu D:\www\online_team\www.sale.com\Application\Runtime\Cache\Admin\426c33a264d6f3acce84a03956edbeb5.php 第 49 行.
NOTIC: [8] Undefined index: son_menu D:\www\online_team\www.sale.com\Application\Runtime\Cache\Admin\426c33a264d6f3acce84a03956edbeb5.php 第 49 行.
INFO: Run Behavior\ParseTemplateBehavior [ RunTime:0.019127s ]
INFO: [ view_parse ] --END-- [ RunTime:0.019220s ]
INFO: [ view_filter ] --START--
INFO: Run Behavior\WriteHtmlCacheBehavior [ RunTime:0.000760s ]
INFO: [ view_filter ] --END-- [ RunTime:0.000804s ]
INFO: [ app_end ] --START--
INFO: Run Behavior\ShowPageTraceBehavior [ RunTime:0.000954s ]
INFO: [ app_end ] --END-- [ RunTime:0.001008s ]

[ 2018-12-12T09:17:46+08:00 ] 127.0.0.1 /Public/Admin/js/maps/swiper.jquery.min.js.map
INFO: [ app_init ] --START--
INFO: Run Behavior\BuildLiteBehavior [ RunTime:0.000031s ]
INFO: [ app_init ] --END-- [ RunTime:0.001244s ]
INFO: [ app_begin ] --START--
INFO: Run Behavior\ReadHtmlCacheBehavior [ RunTime:0.001176s ]
INFO: [ app_begin ] --END-- [ RunTime:0.001258s ]
NOTIC: [8] Undefined offset: 0 D:\www\online_team\www.sale.com\Application\Admin\Controller\CommonController.class.php 第 85 行.
ERR: 非法操作:Admin

[ 2018-12-12T09:18:10+08:00 ] 127.0.0.1 /TopLine/addAccount.html
INFO: [ app_init ] --START--
INFO: Run Behavior\BuildLiteBehavior [ RunTime:0.000018s ]
INFO: [ app_init ] --END-- [ RunTime:0.000995s ]
INFO: [ app_begin ] --START--
INFO: Run Behavior\ReadHtmlCacheBehavior [ RunTime:0.000684s ]
INFO: [ app_begin ] --END-- [ RunTime:0.000732s ]
INFO: [ view_parse ] --START--
INFO: [ template_filter ] --START--
INFO: Run Behavior\ContentReplaceBehavior [ RunTime:0.000291s ]
INFO: [ template_filter ] --END-- [ RunTime:0.000423s ]
INFO: Run Behavior\ParseTemplateBehavior [ RunTime:0.013792s ]
INFO: [ view_parse ] --END-- [ RunTime:0.013860s ]
INFO: [ view_filter ] --START--
INFO: Run Behavior\WriteHtmlCacheBehavior [ RunTime:0.000498s ]
INFO: [ view_filter ] --END-- [ RunTime:0.000532s ]
INFO: [ app_end ] --START--
INFO: Run Behavior\ShowPageTraceBehavior [ RunTime:0.000652s ]
INFO: [ app_end ] --END-- [ RunTime:0.000687s ]

[ 2018-12-12T09:23:40+08:00 ] 127.0.0.1 /TopLine/index.html
INFO: [ app_init ] --START--
INFO: Run Behavior\BuildLiteBehavior [ RunTime:0.000015s ]
INFO: [ app_init ] --END-- [ RunTime:0.000828s ]
INFO: [ app_begin ] --START--
INFO: Run Behavior\ReadHtmlCacheBehavior [ RunTime:0.000705s ]
INFO: [ app_begin ] --END-- [ RunTime:0.000752s ]
SQL: SHOW COLUMNS FROM `ytt_top_line_account` [ RunTime:0.0603s ]
SQL: SELECT COUNT(*) AS tp_count FROM `ytt_top_line_account` LIMIT 1   [ RunTime:0.0604s ]
SQL: SELECT * FROM `ytt_top_line_account` ORDER BY id desc LIMIT 0,20   [ RunTime:0.1211s ]
INFO: [ view_parse ] --START--
INFO: [ template_filter ] --START--
INFO: Run Behavior\ContentReplaceBehavior [ RunTime:0.000184s ]
INFO: [ template_filter ] --END-- [ RunTime:0.000257s ]
NOTIC: [8] Undefined index: son_menu D:\www\online_team\www.sale.com\Application\Runtime\Cache\Admin\426c33a264d6f3acce84a03956edbeb5.php 第 49 行.
NOTIC: [8] Undefined index: son_menu D:\www\online_team\www.sale.com\Application\Runtime\Cache\Admin\426c33a264d6f3acce84a03956edbeb5.php 第 49 行.
INFO: Run Behavior\ParseTemplateBehavior [ RunTime:0.017678s ]
INFO: [ view_parse ] --END-- [ RunTime:0.017723s ]
INFO: [ view_filter ] --START--
INFO: Run Behavior\WriteHtmlCacheBehavior [ RunTime:0.000640s ]
INFO: [ view_filter ] --END-- [ RunTime:0.000672s ]
INFO: [ app_end ] --START--
INFO: Run Behavior\ShowPageTraceBehavior [ RunTime:0.000846s ]
INFO: [ app_end ] --END-- [ RunTime:0.000885s ]

[ 2018-12-12T09:23:43+08:00 ] 127.0.0.1 /TopLine/updateAccount/id/80.html
INFO: [ app_init ] --START--
INFO: Run Behavior\BuildLiteBehavior [ RunTime:0.000027s ]
INFO: [ app_init ] --END-- [ RunTime:0.001057s ]
INFO: [ app_begin ] --START--
INFO: Run Behavior\ReadHtmlCacheBehavior [ RunTime:0.001197s ]
INFO: [ app_begin ] --END-- [ RunTime:0.001272s ]
SQL: SHOW COLUMNS FROM `ytt_top_line_account` [ RunTime:0.0646s ]
SQL: SELECT * FROM `ytt_top_line_account` WHERE `id` = 80 LIMIT 1   [ RunTime:0.0639s ]
INFO: [ view_parse ] --START--
INFO: [ template_filter ] --START--
INFO: Run Behavior\ContentReplaceBehavior [ RunTime:0.000065s ]
INFO: [ template_filter ] --END-- [ RunTime:0.000111s ]
INFO: Run Behavior\ParseTemplateBehavior [ RunTime:0.007423s ]
INFO: [ view_parse ] --END-- [ RunTime:0.007479s ]
INFO: [ view_filter ] --START--
INFO: Run Behavior\WriteHtmlCacheBehavior [ RunTime:0.000533s ]
INFO: [ view_filter ] --END-- [ RunTime:0.000564s ]
INFO: [ app_end ] --START--
INFO: Run Behavior\ShowPageTraceBehavior [ RunTime:0.000671s ]
INFO: [ app_end ] --END-- [ RunTime:0.000705s ]

[ 2018-12-12T09:23:48+08:00 ] 127.0.0.1 /TopLine/updateAccount/id/78.html
INFO: [ app_init ] --START--
INFO: Run Behavior\BuildLiteBehavior [ RunTime:0.000021s ]
INFO: [ app_init ] --END-- [ RunTime:0.000600s ]
INFO: [ app_begin ] --START--
INFO: Run Behavior\ReadHtmlCacheBehavior [ RunTime:0.000690s ]
INFO: [ app_begin ] --END-- [ RunTime:0.000732s ]
SQL: SHOW COLUMNS FROM `ytt_top_line_account` [ RunTime:0.0644s ]
SQL: SELECT * FROM `ytt_top_line_account` WHERE `id` = 78 LIMIT 1   [ RunTime:0.0637s ]
INFO: [ view_parse ] --START--
INFO: [ template_filter ] --START--
INFO: Run Behavior\ContentReplaceBehavior [ RunTime:0.000076s ]
INFO: [ template_filter ] --END-- [ RunTime:0.000123s ]
INFO: Run Behavior\ParseTemplateBehavior [ RunTime:0.008505s ]
INFO: [ view_parse ] --END-- [ RunTime:0.008633s ]
INFO: [ view_filter ] --START--
INFO: Run Behavior\WriteHtmlCacheBehavior [ RunTime:0.001030s ]
INFO: [ view_filter ] --END-- [ RunTime:0.001108s ]
INFO: [ app_end ] --START--
INFO: Run Behavior\ShowPageTraceBehavior [ RunTime:0.000968s ]
INFO: [ app_end ] --END-- [ RunTime:0.001018s ]

[ 2018-12-12T09:23:52+08:00 ] 127.0.0.1 /TopLine/openInfo/id/78.html
INFO: [ app_init ] --START--
INFO: Run Behavior\BuildLiteBehavior [ RunTime:0.000014s ]
INFO: [ app_init ] --END-- [ RunTime:0.000613s ]
INFO: [ app_begin ] --START--
INFO: Run Behavior\ReadHtmlCacheBehavior [ RunTime:0.000641s ]
INFO: [ app_begin ] --END-- [ RunTime:0.000676s ]
SQL: SHOW COLUMNS FROM `ytt_top_line_account` [ RunTime:0.0634s ]
SQL: SELECT * FROM `ytt_top_line_account` WHERE `id` = 78 LIMIT 1   [ RunTime:0.0905s ]
SQL: UPDATE `ytt_top_line_account` SET `media_id`='1.5955137888E+15' WHERE `id` = 78 [ RunTime:0.0636s ]

[ 2018-12-12T09:23:56+08:00 ] 127.0.0.1 /TopLine/updateAccount/id/78.html
INFO: [ app_init ] --START--
INFO: Run Behavior\BuildLiteBehavior [ RunTime:0.000019s ]
INFO: [ app_init ] --END-- [ RunTime:0.000976s ]
INFO: [ app_begin ] --START--
INFO: Run Behavior\ReadHtmlCacheBehavior [ RunTime:0.000802s ]
INFO: [ app_begin ] --END-- [ RunTime:0.000867s ]
SQL: SHOW COLUMNS FROM `ytt_top_line_account` [ RunTime:0.0603s ]
SQL: SELECT * FROM `ytt_top_line_account` WHERE `id` = 78 LIMIT 1   [ RunTime:0.0599s ]
INFO: [ view_parse ] --START--
INFO: [ template_filter ] --START--
INFO: Run Behavior\ContentReplaceBehavior [ RunTime:0.000067s ]
INFO: [ template_filter ] --END-- [ RunTime:0.000117s ]
INFO: Run Behavior\ParseTemplateBehavior [ RunTime:0.008254s ]
INFO: [ view_parse ] --END-- [ RunTime:0.008320s ]
INFO: [ view_filter ] --START--
INFO: Run Behavior\WriteHtmlCacheBehavior [ RunTime:0.000531s ]
INFO: [ view_filter ] --END-- [ RunTime:0.000568s ]
INFO: [ app_end ] --START--
INFO: Run Behavior\ShowPageTraceBehavior [ RunTime:0.000722s ]
INFO: [ app_end ] --END-- [ RunTime:0.000762s ]

[ 2018-12-12T09:25:10+08:00 ] 127.0.0.1 /TopLine/openInfo/id/78.html
INFO: [ app_init ] --START--
INFO: Run Behavior\BuildLiteBehavior [ RunTime:0.000013s ]
INFO: [ app_init ] --END-- [ RunTime:0.000550s ]
INFO: [ app_begin ] --START--
INFO: Run Behavior\ReadHtmlCacheBehavior [ RunTime:0.000652s ]
INFO: [ app_begin ] --END-- [ RunTime:0.000686s ]
SQL: SHOW COLUMNS FROM `ytt_top_line_account` [ RunTime:0.0604s ]
SQL: SELECT * FROM `ytt_top_line_account` WHERE `id` = 78 LIMIT 1   [ RunTime:0.0598s ]
SQL: UPDATE `ytt_top_line_account` SET `media_id`='1.5955137888E+15' WHERE `id` = 78 [ RunTime:0.0620s ]

[ 2018-12-12T09:25:13+08:00 ] 127.0.0.1 /TopLine/updateAccount/id/78.html
INFO: [ app_init ] --START--
INFO: Run Behavior\BuildLiteBehavior [ RunTime:0.000018s ]
INFO: [ app_init ] --END-- [ RunTime:0.001050s ]
INFO: [ app_begin ] --START--
INFO: Run Behavior\ReadHtmlCacheBehavior [ RunTime:0.001125s ]
INFO: [ app_begin ] --END-- [ RunTime:0.001205s ]
SQL: SHOW COLUMNS FROM `ytt_top_line_account` [ RunTime:0.0604s ]
SQL: SELECT * FROM `ytt_top_line_account` WHERE `id` = 78 LIMIT 1   [ RunTime:0.0611s ]
INFO: [ view_parse ] --START--
INFO: [ template_filter ] --START--
INFO: Run Behavior\ContentReplaceBehavior [ RunTime:0.000063s ]
INFO: [ template_filter ] --END-- [ RunTime:0.000107s ]
INFO: Run Behavior\ParseTemplateBehavior [ RunTime:0.007660s ]
INFO: [ view_parse ] --END-- [ RunTime:0.007738s ]
INFO: [ view_filter ] --START--
INFO: Run Behavior\WriteHtmlCacheBehavior [ RunTime:0.000481s ]
INFO: [ view_filter ] --END-- [ RunTime:0.000513s ]
INFO: [ app_end ] --START--
INFO: Run Behavior\ShowPageTraceBehavior [ RunTime:0.000621s ]
INFO: [ app_end ] --END-- [ RunTime:0.000657s ]

[ 2018-12-12T09:26:03+08:00 ] 127.0.0.1 /Public/Admin/js/maps/swiper.jquery.min.js.map
INFO: [ app_init ] --START--
INFO: Run Behavior\BuildLiteBehavior [ RunTime:0.000014s ]
INFO: [ app_init ] --END-- [ RunTime:0.000619s ]
INFO: [ app_begin ] --START--
INFO: Run Behavior\ReadHtmlCacheBehavior [ RunTime:0.000701s ]
INFO: [ app_begin ] --END-- [ RunTime:0.000744s ]
NOTIC: [8] Undefined offset: 0 D:\www\online_team\www.sale.com\Application\Admin\Controller\CommonController.class.php 第 85 行.
ERR: 非法操作:Admin

[ 2018-12-12T09:26:18+08:00 ] 127.0.0.1 /TopLine/openInfo/id/78.html
INFO: [ app_init ] --START--
INFO: Run Behavior\BuildLiteBehavior [ RunTime:0.000015s ]
INFO: [ app_init ] --END-- [ RunTime:0.000624s ]
INFO: [ app_begin ] --START--
INFO: Run Behavior\ReadHtmlCacheBehavior [ RunTime:0.000633s ]
INFO: [ app_begin ] --END-- [ RunTime:0.000673s ]
SQL: SHOW COLUMNS FROM `ytt_top_line_account` [ RunTime:1.3641s ]
SQL: SELECT * FROM `ytt_top_line_account` WHERE `id` = 78 LIMIT 1   [ RunTime:1.2185s ]

[ 2018-12-12T09:26:25+08:00 ] 127.0.0.1 /TopLine/index.html
INFO: [ app_init ] --START--
INFO: Run Behavior\BuildLiteBehavior [ RunTime:0.000013s ]
INFO: [ app_init ] --END-- [ RunTime:0.000523s ]
INFO: [ app_begin ] --START--
INFO: Run Behavior\ReadHtmlCacheBehavior [ RunTime:0.000677s ]
INFO: [ app_begin ] --END-- [ RunTime:0.000724s ]
SQL: SHOW COLUMNS FROM `ytt_top_line_account` [ RunTime:0.9882s ]
SQL: SELECT COUNT(*) AS tp_count FROM `ytt_top_line_account` LIMIT 1   [ RunTime:0.9211s ]
SQL: SELECT * FROM `ytt_top_line_account` ORDER BY id desc LIMIT 0,20   [ RunTime:1.4564s ]
INFO: [ view_parse ] --START--
INFO: [ template_filter ] --START--
INFO: Run Behavior\ContentReplaceBehavior [ RunTime:0.000144s ]
INFO: [ template_filter ] --END-- [ RunTime:0.000194s ]
NOTIC: [8] Undefined index: son_menu D:\www\online_team\www.sale.com\Application\Runtime\Cache\Admin\426c33a264d6f3acce84a03956edbeb5.php 第 49 行.
NOTIC: [8] Undefined index: son_menu D:\www\online_team\www.sale.com\Application\Runtime\Cache\Admin\426c33a264d6f3acce84a03956edbeb5.php 第 49 行.
INFO: Run Behavior\ParseTemplateBehavior [ RunTime:0.019012s ]
INFO: [ view_parse ] --END-- [ RunTime:0.019055s ]
INFO: [ view_filter ] --START--
INFO: Run Behavior\WriteHtmlCacheBehavior [ RunTime:0.000607s ]
INFO: [ view_filter ] --END-- [ RunTime:0.000639s ]
INFO: [ app_end ] --START--
INFO: Run Behavior\ShowPageTraceBehavior [ RunTime:0.000836s ]
INFO: [ app_end ] --END-- [ RunTime:0.000898s ]

[ 2018-12-12T09:26:32+08:00 ] 127.0.0.1 /TopLine/index.html
INFO: [ app_init ] --START--
INFO: Run Behavior\BuildLiteBehavior [ RunTime:0.000026s ]
INFO: [ app_init ] --END-- [ RunTime:0.001170s ]
INFO: [ app_begin ] --START--
INFO: Run Behavior\ReadHtmlCacheBehavior [ RunTime:0.001131s ]
INFO: [ app_begin ] --END-- [ RunTime:0.001214s ]
SQL: SHOW COLUMNS FROM `ytt_top_line_account` [ RunTime:0.8692s ]
SQL: SELECT COUNT(*) AS tp_count FROM `ytt_top_line_account` LIMIT 1   [ RunTime:0.9974s ]
SQL: SELECT * FROM `ytt_top_line_account` ORDER BY id desc LIMIT 0,20   [ RunTime:2.2848s ]
INFO: [ view_parse ] --START--
INFO: [ template_filter ] --START--
INFO: Run Behavior\ContentReplaceBehavior [ RunTime:0.000346s ]
INFO: [ template_filter ] --END-- [ RunTime:0.000446s ]
NOTIC: [8] Undefined index: son_menu D:\www\online_team\www.sale.com\Application\Runtime\Cache\Admin\426c33a264d6f3acce84a03956edbeb5.php 第 49 行.
NOTIC: [8] Undefined index: son_menu D:\www\online_team\www.sale.com\Application\Runtime\Cache\Admin\426c33a264d6f3acce84a03956edbeb5.php 第 49 行.
INFO: Run Behavior\ParseTemplateBehavior [ RunTime:0.042973s ]
INFO: [ view_parse ] --END-- [ RunTime:0.043147s ]
INFO: [ view_filter ] --START--
INFO: Run Behavior\WriteHtmlCacheBehavior [ RunTime:0.000911s ]
INFO: [ view_filter ] --END-- [ RunTime:0.000968s ]
INFO: [ app_end ] --START--
INFO: Run Behavior\ShowPageTraceBehavior [ RunTime:0.001307s ]
INFO: [ app_end ] --END-- [ RunTime:0.001379s ]

[ 2018-12-12T09:26:32+08:00 ] 127.0.0.1 /Public/Admin/js/maps/swiper.jquery.min.js.map
INFO: [ app_init ] --START--
INFO: Run Behavior\BuildLiteBehavior [ RunTime:0.000057s ]
INFO: [ app_init ] --END-- [ RunTime:0.003439s ]
INFO: [ app_begin ] --START--
INFO: Run Behavior\ReadHtmlCacheBehavior [ RunTime:0.001383s ]
INFO: [ app_begin ] --END-- [ RunTime:0.001467s ]
NOTIC: [8] Undefined offset: 0 D:\www\online_team\www.sale.com\Application\Admin\Controller\CommonController.class.php 第 85 行.
ERR: 非法操作:Admin

[ 2018-12-12T09:26:32+08:00 ] 127.0.0.1 /Public/Admin/js/maps/swiper.jquery.min.js.map
INFO: [ app_init ] --START--
INFO: Run Behavior\BuildLiteBehavior [ RunTime:0.000013s ]
INFO: [ app_init ] --END-- [ RunTime:0.000553s ]
INFO: [ app_begin ] --START--
INFO: Run Behavior\ReadHtmlCacheBehavior [ RunTime:0.000643s ]
INFO: [ app_begin ] --END-- [ RunTime:0.000686s ]
NOTIC: [8] Undefined offset: 0 D:\www\online_team\www.sale.com\Application\Admin\Controller\CommonController.class.php 第 85 行.
ERR: 非法操作:Admin

[ 2018-12-12T09:27:19+08:00 ] 127.0.0.1 /TopLine/index.html
INFO: [ app_init ] --START--
INFO: Run Behavior\BuildLiteBehavior [ RunTime:0.000015s ]
INFO: [ app_init ] --END-- [ RunTime:0.000590s ]
INFO: [ app_begin ] --START--
INFO: Run Behavior\ReadHtmlCacheBehavior [ RunTime:0.001061s ]
INFO: [ app_begin ] --END-- [ RunTime:0.001115s ]
SQL: SHOW COLUMNS FROM `ytt_top_line_account` [ RunTime:0.0615s ]
SQL: SELECT COUNT(*) AS tp_count FROM `ytt_top_line_account` LIMIT 1   [ RunTime:0.0599s ]
SQL: SELECT * FROM `ytt_top_line_account` ORDER BY id desc LIMIT 0,20   [ RunTime:0.1215s ]
INFO: [ view_parse ] --START--
INFO: [ template_filter ] --START--
INFO: Run Behavior\ContentReplaceBehavior [ RunTime:0.000434s ]
INFO: [ template_filter ] --END-- [ RunTime:0.000569s ]
NOTIC: [8] Undefined index: son_menu D:\www\online_team\www.sale.com\Application\Runtime\Cache\Admin\426c33a264d6f3acce84a03956edbeb5.php 第 49 行.
NOTIC: [8] Undefined index: son_menu D:\www\online_team\www.sale.com\Application\Runtime\Cache\Admin\426c33a264d6f3acce84a03956edbeb5.php 第 49 行.
INFO: Run Behavior\ParseTemplateBehavior [ RunTime:0.047637s ]
INFO: [ view_parse ] --END-- [ RunTime:0.047788s ]
INFO: [ view_filter ] --START--
INFO: Run Behavior\WriteHtmlCacheBehavior [ RunTime:0.000914s ]
INFO: [ view_filter ] --END-- [ RunTime:0.000968s ]
INFO: [ app_end ] --START--
INFO: Run Behavior\ShowPageTraceBehavior [ RunTime:0.001616s ]
INFO: [ app_end ] --END-- [ RunTime:0.001691s ]

[ 2018-12-12T09:27:19+08:00 ] 127.0.0.1 /Public/Admin/js/maps/swiper.jquery.min.js.map
INFO: [ app_init ] --START--
INFO: Run Behavior\BuildLiteBehavior [ RunTime:0.000014s ]
INFO: [ app_init ] --END-- [ RunTime:0.000684s ]
INFO: [ app_begin ] --START--
INFO: Run Behavior\ReadHtmlCacheBehavior [ RunTime:0.001278s ]
INFO: [ app_begin ] --END-- [ RunTime:0.001366s ]
NOTIC: [8] Undefined offset: 0 D:\www\online_team\www.sale.com\Application\Admin\Controller\CommonController.class.php 第 85 行.
ERR: 非法操作:Admin

[ 2018-12-12T09:27:23+08:00 ] 127.0.0.1 /TopLine/openInfo/id/78.html
INFO: [ app_init ] --START--
INFO: Run Behavior\BuildLiteBehavior [ RunTime:0.000015s ]
INFO: [ app_init ] --END-- [ RunTime:0.000653s ]
INFO: [ app_begin ] --START--
INFO: Run Behavior\ReadHtmlCacheBehavior [ RunTime:0.001321s ]
INFO: [ app_begin ] --END-- [ RunTime:0.001409s ]
SQL: SHOW COLUMNS FROM `ytt_top_line_account` [ RunTime:0.0691s ]
SQL: SELECT * FROM `ytt_top_line_account` WHERE `id` = 78 LIMIT 1   [ RunTime:0.0686s ]

[ 2018-12-12T09:34:36+08:00 ] 127.0.0.1 /TopLine/updateAccount/id/75.html
INFO: [ app_init ] --START--
INFO: Run Behavior\BuildLiteBehavior [ RunTime:0.000023s ]
INFO: [ app_init ] --END-- [ RunTime:0.001105s ]
INFO: [ app_begin ] --START--
INFO: Run Behavior\ReadHtmlCacheBehavior [ RunTime:0.001413s ]
INFO: [ app_begin ] --END-- [ RunTime:0.001493s ]
SQL: SHOW COLUMNS FROM `ytt_top_line_account` [ RunTime:0.0652s ]
SQL: SELECT * FROM `ytt_top_line_account` WHERE `id` = 75 LIMIT 1   [ RunTime:0.0645s ]
INFO: [ view_parse ] --START--
INFO: [ template_filter ] --START--
INFO: Run Behavior\ContentReplaceBehavior [ RunTime:0.000108s ]
INFO: [ template_filter ] --END-- [ RunTime:0.000193s ]
INFO: Run Behavior\ParseTemplateBehavior [ RunTime:0.018944s ]
INFO: [ view_parse ] --END-- [ RunTime:0.019040s ]
INFO: [ view_filter ] --START--
INFO: Run Behavior\WriteHtmlCacheBehavior [ RunTime:0.001101s ]
INFO: [ view_filter ] --END-- [ RunTime:0.001156s ]
INFO: [ app_end ] --START--
INFO: Run Behavior\ShowPageTraceBehavior [ RunTime:0.001169s ]
INFO: [ app_end ] --END-- [ RunTime:0.001219s ]

[ 2018-12-12T09:38:24+08:00 ] 127.0.0.1 /TopLine/index.html
INFO: [ app_init ] --START--
INFO: Run Behavior\BuildLiteBehavior [ RunTime:0.000014s ]
INFO: [ app_init ] --END-- [ RunTime:0.000635s ]
INFO: [ app_begin ] --START--
INFO: Run Behavior\ReadHtmlCacheBehavior [ RunTime:0.000763s ]
INFO: [ app_begin ] --END-- [ RunTime:0.000817s ]
SQL: SHOW COLUMNS FROM `ytt_top_line_account` [ RunTime:0.0602s ]
SQL: SELECT COUNT(*) AS tp_count FROM `ytt_top_line_account` LIMIT 1   [ RunTime:0.0605s ]
SQL: SELECT * FROM `ytt_top_line_account` ORDER BY id desc LIMIT 0,20   [ RunTime:0.1209s ]
INFO: [ view_parse ] --START--
INFO: [ template_filter ] --START--
INFO: Run Behavior\ContentReplaceBehavior [ RunTime:0.000148s ]
INFO: [ template_filter ] --END-- [ RunTime:0.000200s ]
NOTIC: [8] Undefined index: son_menu D:\www\online_team\www.sale.com\Application\Runtime\Cache\Admin\426c33a264d6f3acce84a03956edbeb5.php 第 49 行.
NOTIC: [8] Undefined index: son_menu D:\www\online_team\www.sale.com\Application\Runtime\Cache\Admin\426c33a264d6f3acce84a03956edbeb5.php 第 49 行.
INFO: Run Behavior\ParseTemplateBehavior [ RunTime:0.024299s ]
INFO: [ view_parse ] --END-- [ RunTime:0.024409s ]
INFO: [ view_filter ] --START--
INFO: Run Behavior\WriteHtmlCacheBehavior [ RunTime:0.001215s ]
INFO: [ view_filter ] --END-- [ RunTime:0.001270s ]
INFO: [ app_end ] --START--
INFO: Run Behavior\ShowPageTraceBehavior [ RunTime:0.001042s ]
INFO: [ app_end ] --END-- [ RunTime:0.001089s ]

[ 2018-12-12T09:38:27+08:00 ] 127.0.0.1 /TopLine/openInfo/id/80.html
INFO: [ app_init ] --START--
INFO: Run Behavior\BuildLiteBehavior [ RunTime:0.000014s ]
INFO: [ app_init ] --END-- [ RunTime:0.000713s ]
INFO: [ app_begin ] --START--
INFO: Run Behavior\ReadHtmlCacheBehavior [ RunTime:0.001018s ]
INFO: [ app_begin ] --END-- [ RunTime:0.001090s ]
SQL: SHOW COLUMNS FROM `ytt_top_line_account` [ RunTime:0.0680s ]
SQL: SELECT * FROM `ytt_top_line_account` WHERE `id` = 80 LIMIT 1   [ RunTime:0.0679s ]
SQL: UPDATE `ytt_top_line_account` SET `media_id`='107950787453' WHERE `id` = 80 [ RunTime:0.0694s ]

[ 2018-12-12T09:38:30+08:00 ] 127.0.0.1 /TopLine/updateAccount/id/80.html
INFO: [ app_init ] --START--
INFO: Run Behavior\BuildLiteBehavior [ RunTime:0.000028s ]
INFO: [ app_init ] --END-- [ RunTime:0.001265s ]
INFO: [ app_begin ] --START--
INFO: Run Behavior\ReadHtmlCacheBehavior [ RunTime:0.001030s ]
INFO: [ app_begin ] --END-- [ RunTime:0.001104s ]
SQL: SHOW COLUMNS FROM `ytt_top_line_account` [ RunTime:0.0615s ]
SQL: SELECT * FROM `ytt_top_line_account` WHERE `id` = 80 LIMIT 1   [ RunTime:0.0606s ]
INFO: [ view_parse ] --START--
INFO: [ template_filter ] --START--
INFO: Run Behavior\ContentReplaceBehavior [ RunTime:0.000078s ]
INFO: [ template_filter ] --END-- [ RunTime:0.000158s ]
INFO: Run Behavior\ParseTemplateBehavior [ RunTime:0.009463s ]
INFO: [ view_parse ] --END-- [ RunTime:0.009525s ]
INFO: [ view_filter ] --START--
INFO: Run Behavior\WriteHtmlCacheBehavior [ RunTime:0.000595s ]
INFO: [ view_filter ] --END-- [ RunTime:0.000631s ]
INFO: [ app_end ] --START--
INFO: Run Behavior\ShowPageTraceBehavior [ RunTime:0.000765s ]
INFO: [ app_end ] --END-- [ RunTime:0.000805s ]

[ 2018-12-12T09:38:35+08:00 ] 127.0.0.1 /TopLine/openInfo/id/79.html
INFO: [ app_init ] --START--
INFO: Run Behavior\BuildLiteBehavior [ RunTime:0.000015s ]
INFO: [ app_init ] --END-- [ RunTime:0.000694s ]
INFO: [ app_begin ] --START--
INFO: Run Behavior\ReadHtmlCacheBehavior [ RunTime:0.000660s ]
INFO: [ app_begin ] --END-- [ RunTime:0.000698s ]
SQL: SHOW COLUMNS FROM `ytt_top_line_account` [ RunTime:0.0641s ]
SQL: SELECT * FROM `ytt_top_line_account` WHERE `id` = 79 LIMIT 1   [ RunTime:0.0640s ]
SQL: UPDATE `ytt_top_line_account` SET `media_id`='57225530442' WHERE `id` = 79 [ RunTime:0.0678s ]

[ 2018-12-12T09:38:39+08:00 ] 127.0.0.1 /TopLine/openInfo/id/78.html
INFO: [ app_init ] --START--
INFO: Run Behavior\BuildLiteBehavior [ RunTime:0.000013s ]
INFO: [ app_init ] --END-- [ RunTime:0.000630s ]
INFO: [ app_begin ] --START--
INFO: Run Behavior\ReadHtmlCacheBehavior [ RunTime:0.000766s ]
INFO: [ app_begin ] --END-- [ RunTime:0.000812s ]
SQL: SHOW COLUMNS FROM `ytt_top_line_account` [ RunTime:0.0612s ]
SQL: SELECT * FROM `ytt_top_line_account` WHERE `id` = 78 LIMIT 1   [ RunTime:0.0611s ]
SQL: UPDATE `ytt_top_line_account` SET `media_id`='95420599670' WHERE `id` = 78 [ RunTime:0.0623s ]

