[ 2018-11-29T10:32:53+08:00 ] 127.0.0.1 /Login/index.html
INFO: [ app_init ] --START--
INFO: Run Behavior\BuildLiteBehavior [ RunTime:0.000030s ]
INFO: [ app_init ] --END-- [ RunTime:0.002074s ]
INFO: [ app_begin ] --START--
INFO: Run Behavior\ReadHtmlCacheBehavior [ RunTime:0.001324s ]
INFO: [ app_begin ] --END-- [ RunTime:0.001376s ]
INFO: [ view_parse ] --START--
INFO: [ template_filter ] --START--
INFO: Run Behavior\ContentReplaceBehavior [ RunTime:0.000083s ]
INFO: [ template_filter ] --END-- [ RunTime:0.000155s ]
INFO: Run Behavior\ParseTemplateBehavior [ RunTime:0.015500s ]
INFO: [ view_parse ] --END-- [ RunTime:0.015563s ]
INFO: [ view_filter ] --START--
INFO: Run Behavior\WriteHtmlCacheBehavior [ RunTime:0.001030s ]
INFO: [ view_filter ] --END-- [ RunTime:0.001064s ]
INFO: [ app_end ] --START--
INFO: Run Behavior\ShowPageTraceBehavior [ RunTime:0.001519s ]
INFO: [ app_end ] --END-- [ RunTime:0.001597s ]

[ 2018-11-29T10:32:54+08:00 ] 127.0.0.1 /favicon.ico
INFO: [ app_init ] --START--
INFO: Run Behavior\BuildLiteBehavior [ RunTime:0.000022s ]
INFO: [ app_init ] --END-- [ RunTime:0.001217s ]

[ 2018-11-29T10:32:56+08:00 ] 127.0.0.1 /Login/doLogin.html
INFO: [ app_init ] --START--
INFO: Run Behavior\BuildLiteBehavior [ RunTime:0.000016s ]
INFO: [ app_init ] --END-- [ RunTime:0.001120s ]
INFO: [ app_begin ] --START--
INFO: Run Behavior\ReadHtmlCacheBehavior [ RunTime:0.000829s ]
INFO: [ app_begin ] --END-- [ RunTime:0.000879s ]
SQL: SHOW COLUMNS FROM `ytt_tmuser` [ RunTime:0.0614s ]
SQL: SELECT * FROM `ytt_tmuser` WHERE `name` = 'daipingshan' AND `password` = 'a0df1932fb37930fb0ca5d9b82e7f58b' LIMIT 1   [ RunTime:0.0611s ]

[ 2018-11-29T10:33:00+08:00 ] 127.0.0.1 /Index/index.html
INFO: [ app_init ] --START--
INFO: Run Behavior\BuildLiteBehavior [ RunTime:0.000018s ]
INFO: [ app_init ] --END-- [ RunTime:0.000868s ]
INFO: [ app_begin ] --START--
INFO: Run Behavior\ReadHtmlCacheBehavior [ RunTime:0.000937s ]
INFO: [ app_begin ] --END-- [ RunTime:0.000991s ]
SQL: SHOW COLUMNS FROM `ytt_illegal_article` [ RunTime:0.0672s ]
SQL: SELECT COUNT(*) AS tp_count FROM `ytt_illegal_article` LIMIT 1   [ RunTime:0.0672s ]
SQL: SELECT * FROM `ytt_illegal_article` ORDER BY id desc LIMIT 0,50   [ RunTime:0.0678s ]
INFO: [ view_parse ] --START--
INFO: [ template_filter ] --START--
INFO: Run Behavior\ContentReplaceBehavior [ RunTime:0.000279s ]
INFO: [ template_filter ] --END-- [ RunTime:0.000387s ]
NOTIC: [8] Undefined index: son_menu D:\www\online_team\www.sale.com\Application\Runtime\Cache\Admin\f61872648bf90e754b75e1a98e6cbf1b.php 第 49 行.
NOTIC: [8] Undefined index: son_menu D:\www\online_team\www.sale.com\Application\Runtime\Cache\Admin\f61872648bf90e754b75e1a98e6cbf1b.php 第 49 行.
INFO: Run Behavior\ParseTemplateBehavior [ RunTime:0.034160s ]
INFO: [ view_parse ] --END-- [ RunTime:0.034250s ]
INFO: [ view_filter ] --START--
INFO: Run Behavior\WriteHtmlCacheBehavior [ RunTime:0.001200s ]
INFO: [ view_filter ] --END-- [ RunTime:0.001259s ]
INFO: [ app_end ] --START--
INFO: Run Behavior\ShowPageTraceBehavior [ RunTime:0.001651s ]
INFO: [ app_end ] --END-- [ RunTime:0.001741s ]

[ 2018-11-29T10:33:20+08:00 ] 127.0.0.1 /Sale/newsList.html
INFO: [ app_init ] --START--
INFO: Run Behavior\BuildLiteBehavior [ RunTime:0.000023s ]
INFO: [ app_init ] --END-- [ RunTime:0.001193s ]
INFO: [ app_begin ] --START--
INFO: Run Behavior\ReadHtmlCacheBehavior [ RunTime:0.000877s ]
INFO: [ app_begin ] --END-- [ RunTime:0.000929s ]
SQL: SHOW COLUMNS FROM `ytt_sale_news` [ RunTime:0.0644s ]
SQL: SELECT COUNT(*) AS tp_count FROM `ytt_sale_news` LIMIT 1   [ RunTime:0.0713s ]
SQL: SELECT * FROM `ytt_sale_news` ORDER BY id desc LIMIT 0,20   [ RunTime:0.6488s ]
INFO: [ view_parse ] --START--
INFO: [ template_filter ] --START--
INFO: Run Behavior\ContentReplaceBehavior [ RunTime:0.000310s ]
INFO: [ template_filter ] --END-- [ RunTime:0.000376s ]
NOTIC: [8] Undefined index: son_menu D:\www\online_team\www.sale.com\Application\Runtime\Cache\Admin\173999717cae02d2226c67ea2e6666b0.php 第 49 行.
NOTIC: [8] Undefined index: son_menu D:\www\online_team\www.sale.com\Application\Runtime\Cache\Admin\173999717cae02d2226c67ea2e6666b0.php 第 49 行.
INFO: Run Behavior\ParseTemplateBehavior [ RunTime:0.053149s ]
INFO: [ view_parse ] --END-- [ RunTime:0.053216s ]
INFO: [ view_filter ] --START--
INFO: Run Behavior\WriteHtmlCacheBehavior [ RunTime:0.000891s ]
INFO: [ view_filter ] --END-- [ RunTime:0.000924s ]
INFO: [ app_end ] --START--
INFO: Run Behavior\ShowPageTraceBehavior [ RunTime:0.000908s ]
INFO: [ app_end ] --END-- [ RunTime:0.000956s ]

[ 2018-11-29T10:33:25+08:00 ] 127.0.0.1 /TopLine/newsList.html
INFO: [ app_init ] --START--
INFO: Run Behavior\BuildLiteBehavior [ RunTime:0.000017s ]
INFO: [ app_init ] --END-- [ RunTime:0.001296s ]
INFO: [ app_begin ] --START--
INFO: Run Behavior\ReadHtmlCacheBehavior [ RunTime:0.000887s ]
INFO: [ app_begin ] --END-- [ RunTime:0.000937s ]
SQL: SHOW COLUMNS FROM `ytt_top_line_news` [ RunTime:0.0647s ]
SQL: SELECT COUNT(*) AS tp_count FROM `ytt_top_line_news` LIMIT 1   [ RunTime:0.0646s ]
SQL: SELECT * FROM `ytt_top_line_news` ORDER BY id desc LIMIT 0,20   [ RunTime:0.6487s ]
INFO: [ view_parse ] --START--
INFO: [ template_filter ] --START--
INFO: Run Behavior\ContentReplaceBehavior [ RunTime:0.000195s ]
INFO: [ template_filter ] --END-- [ RunTime:0.000238s ]
NOTIC: [8] Undefined index: son_menu D:\www\online_team\www.sale.com\Application\Runtime\Cache\Admin\e05057456dd710e26a15bc53604086a1.php 第 49 行.
NOTIC: [8] Undefined index: son_menu D:\www\online_team\www.sale.com\Application\Runtime\Cache\Admin\e05057456dd710e26a15bc53604086a1.php 第 49 行.
INFO: Run Behavior\ParseTemplateBehavior [ RunTime:0.034445s ]
INFO: [ view_parse ] --END-- [ RunTime:0.034501s ]
INFO: [ view_filter ] --START--
INFO: Run Behavior\WriteHtmlCacheBehavior [ RunTime:0.000900s ]
INFO: [ view_filter ] --END-- [ RunTime:0.000935s ]
INFO: [ app_end ] --START--
INFO: Run Behavior\ShowPageTraceBehavior [ RunTime:0.001203s ]
INFO: [ app_end ] --END-- [ RunTime:0.001269s ]

[ 2018-11-29T10:33:29+08:00 ] 127.0.0.1 /Public/Admin/js/maps/swiper.jquery.min.js.map
INFO: [ app_init ] --START--
INFO: Run Behavior\BuildLiteBehavior [ RunTime:0.000022s ]
INFO: [ app_init ] --END-- [ RunTime:0.001211s ]
INFO: [ app_begin ] --START--
INFO: Run Behavior\ReadHtmlCacheBehavior [ RunTime:0.001312s ]
INFO: [ app_begin ] --END-- [ RunTime:0.001395s ]
NOTIC: [8] Undefined offset: 0 D:\www\online_team\www.sale.com\Application\Admin\Controller\CommonController.class.php 第 85 行.
ERR: 非法操作:Admin

[ 2018-11-29T10:33:37+08:00 ] 127.0.0.1 /TopLine/checkTitle.html?title=%E5%BE%B7%E5%9B%BD%E9%80%A0%EF%BC%9A%E2%80%9C7%2B1%E2%80%9D%E6%88%98%E8%99%8E%E6%89%8B%E7%94%B5%EF%BC%81%E4%B8%80%E7%82%AE%E8%80%8C%E5%93%8D%EF%BC%8C%E8%BF%9C%E5%B0%842%E4%BB%9F%E7%B1%B3%EF%BC%8C%E5%8A%9F%E8%83%BD%E7%89%B9%E9%9C%87%E6%92%BC
INFO: [ app_init ] --START--
INFO: Run Behavior\BuildLiteBehavior [ RunTime:0.000013s ]
INFO: [ app_init ] --END-- [ RunTime:0.000998s ]
INFO: [ app_begin ] --START--
INFO: Run Behavior\ReadHtmlCacheBehavior [ RunTime:0.000877s ]
INFO: [ app_begin ] --END-- [ RunTime:0.000929s ]

[ 2018-11-29T10:33:47+08:00 ] 127.0.0.1 /TopLine/checkTitle.html?title=%E4%B9%88%E4%B9%88%E4%B9%88%E4%B9%88%E4%B9%88%E4%B9%88%E4%B9%88%E6%9C%A8%E6%9C%A8
INFO: [ app_init ] --START--
INFO: Run Behavior\BuildLiteBehavior [ RunTime:0.000024s ]
INFO: [ app_init ] --END-- [ RunTime:0.001238s ]
INFO: [ app_begin ] --START--
INFO: Run Behavior\ReadHtmlCacheBehavior [ RunTime:0.001051s ]
INFO: [ app_begin ] --END-- [ RunTime:0.001109s ]

[ 2018-11-29T10:34:42+08:00 ] 127.0.0.1 /TopLine/checkTitle.html?title=%E5%BE%B7%E5%9B%BD%E9%80%A0%EF%BC%9A%E2%80%9C7%2B1%E2%80%9D%E6%88%98%E8%99%8E%E6%89%8B%E7%94%B5%EF%BC%81%E4%B8%80%E7%82%AE%E8%80%8C%E5%93%8D%EF%BC%8C%E8%BF%9C%E5%B0%842%E4%BB%9F%E7%B1%B3%EF%BC%8C%E5%8A%9F%E8%83%BD%E7%89%B9%E9%9C%87%E6%92%BC
INFO: [ app_init ] --START--
INFO: Run Behavior\BuildLiteBehavior [ RunTime:0.000017s ]
INFO: [ app_init ] --END-- [ RunTime:0.001121s ]
INFO: [ app_begin ] --START--
INFO: Run Behavior\ReadHtmlCacheBehavior [ RunTime:0.000903s ]
INFO: [ app_begin ] --END-- [ RunTime:0.000957s ]

[ 2018-11-29T10:34:45+08:00 ] 127.0.0.1 /TopLine/checkTitle.html?title=%E4%B9%88%E4%B9%88%E4%B9%88%E4%B9%88%E4%B9%88%E4%B9%88%E4%B9%88%E6%9C%A8%E6%9C%A8
INFO: [ app_init ] --START--
INFO: Run Behavior\BuildLiteBehavior [ RunTime:0.000025s ]
INFO: [ app_init ] --END-- [ RunTime:0.001435s ]
INFO: [ app_begin ] --START--
INFO: Run Behavior\ReadHtmlCacheBehavior [ RunTime:0.000898s ]
INFO: [ app_begin ] --END-- [ RunTime:0.000948s ]

[ 2018-11-29T10:37:40+08:00 ] 127.0.0.1 /TopLine/checkTitle.html?title=%E5%BE%B7%E5%9B%BD%E9%80%A0%EF%BC%9A%E2%80%9C7%2B1%E2%80%9D%E6%88%98%E8%99%8E%E6%89%8B%E7%94%B5%EF%BC%81%E4%B8%80%E7%82%AE%E8%80%8C%E5%93%8D%EF%BC%8C%E8%BF%9C%E5%B0%842%E4%BB%9F%E7%B1%B3%EF%BC%8C%E5%8A%9F%E8%83%BD%E7%89%B9%E9%9C%87%E6%92%BC
INFO: [ app_init ] --START--
INFO: Run Behavior\BuildLiteBehavior [ RunTime:0.000018s ]
INFO: [ app_init ] --END-- [ RunTime:0.001026s ]
INFO: [ app_begin ] --START--
INFO: Run Behavior\ReadHtmlCacheBehavior [ RunTime:0.000970s ]
INFO: [ app_begin ] --END-- [ RunTime:0.001021s ]

[ 2018-11-29T10:38:25+08:00 ] 127.0.0.1 /TopLine/checkTitle.html?title=%E5%BE%B7%E5%9B%BD%E9%80%A0%EF%BC%9A%E2%80%9C7%2B1%E2%80%9D%E6%88%98%E8%99%8E%E6%89%8B%E7%94%B5%EF%BC%81%E4%B8%80%E7%82%AE%E8%80%8C%E5%93%8D%EF%BC%8C%E8%BF%9C%E5%B0%842%E4%BB%9F%E7%B1%B3%EF%BC%8C%E5%8A%9F%E8%83%BD%E7%89%B9%E9%9C%87%E6%92%BC
INFO: [ app_init ] --START--
INFO: Run Behavior\BuildLiteBehavior [ RunTime:0.000014s ]
INFO: [ app_init ] --END-- [ RunTime:0.000802s ]
INFO: [ app_begin ] --START--
INFO: Run Behavior\ReadHtmlCacheBehavior [ RunTime:0.001140s ]
INFO: [ app_begin ] --END-- [ RunTime:0.001208s ]

[ 2018-11-29T10:39:03+08:00 ] 127.0.0.1 /TopLine/checkTitle.html?title=%E5%BE%B7%E5%9B%BD%E9%80%A0%EF%BC%9A%E2%80%9C7%2B1%E2%80%9D%E6%88%98%E8%99%8E%E6%89%8B%E7%94%B5%EF%BC%81%E4%B8%80%E7%82%AE%E8%80%8C%E5%93%8D%EF%BC%8C%E8%BF%9C%E5%B0%842%E4%BB%9F%E7%B1%B3%EF%BC%8C%E5%8A%9F%E8%83%BD%E7%89%B9%E9%9C%87%E6%92%BC
INFO: [ app_init ] --START--
INFO: Run Behavior\BuildLiteBehavior [ RunTime:0.000020s ]
INFO: [ app_init ] --END-- [ RunTime:0.001014s ]
INFO: [ app_begin ] --START--
INFO: Run Behavior\ReadHtmlCacheBehavior [ RunTime:0.000953s ]
INFO: [ app_begin ] --END-- [ RunTime:0.001010s ]

[ 2018-11-29T10:40:17+08:00 ] 127.0.0.1 /TopLine/checkTitle.html?title=%E5%BE%B7%E5%9B%BD%E9%80%A0%EF%BC%9A%E2%80%9C7%2B1%E2%80%9D%E6%88%98%E8%99%8E%E6%89%8B%E7%94%B5%EF%BC%81%E4%B8%80%E7%82%AE%E8%80%8C%E5%93%8D%EF%BC%8C%E8%BF%9C%E5%B0%842%E4%BB%9F%E7%B1%B3%EF%BC%8C%E5%8A%9F%E8%83%BD%E7%89%B9%E9%9C%87%E6%92%BC
INFO: [ app_init ] --START--
INFO: Run Behavior\BuildLiteBehavior [ RunTime:0.000032s ]
INFO: [ app_init ] --END-- [ RunTime:0.001469s ]
INFO: [ app_begin ] --START--
INFO: Run Behavior\ReadHtmlCacheBehavior [ RunTime:0.000908s ]
INFO: [ app_begin ] --END-- [ RunTime:0.000957s ]

[ 2018-11-29T10:41:58+08:00 ] 127.0.0.1 /TopLine/checkTitle.html?title=%E5%BE%B7%E5%9B%BD%E9%80%A0%EF%BC%9A%E2%80%9C7%2B1%E2%80%9D%E6%88%98%E8%99%8E%E6%89%8B%E7%94%B5%EF%BC%81%E4%B8%80%E7%82%AE%E8%80%8C%E5%93%8D%EF%BC%8C%E8%BF%9C%E5%B0%842%E4%BB%9F%E7%B1%B3%EF%BC%8C%E5%8A%9F%E8%83%BD%E7%89%B9%E9%9C%87%E6%92%BC
INFO: [ app_init ] --START--
INFO: Run Behavior\BuildLiteBehavior [ RunTime:0.000014s ]
INFO: [ app_init ] --END-- [ RunTime:0.000868s ]
INFO: [ app_begin ] --START--
INFO: Run Behavior\ReadHtmlCacheBehavior [ RunTime:0.001414s ]
INFO: [ app_begin ] --END-- [ RunTime:0.001499s ]

[ 2018-11-29T14:20:05+08:00 ] 127.0.0.1 /SaleArticle/count.html
INFO: [ app_init ] --START--
INFO: Run Behavior\BuildLiteBehavior [ RunTime:0.000024s ]
INFO: [ app_init ] --END-- [ RunTime:0.001331s ]
INFO: [ app_begin ] --START--
INFO: Run Behavior\ReadHtmlCacheBehavior [ RunTime:0.001359s ]
INFO: [ app_begin ] --END-- [ RunTime:0.001438s ]
SQL: SHOW COLUMNS FROM `ytt_temai_article` [ RunTime:0.0618s ]
SQL: SELECT COUNT(id) AS tp_count FROM `ytt_temai_article` LIMIT 1   [ RunTime:0.6521s ]
SQL: SELECT * FROM `ytt_temai_article` ORDER BY behot_time desc LIMIT 0,20   [ RunTime:0.0621s ]
SQL: SELECT count(id) as num,`create_user_id` FROM `ytt_temai_article` WHERE `create_user_id` IN ('28036','27006','38537','32503','2606','28409','4109','38702','3176','28777','4109','4109','2760','29106','8228','7181','2760','38169','4607','2760') GROUP BY create_user_id  [ RunTime:1.2417s ]
SQL: SELECT count(id) as total,FROM_UNIXTIME(behot_time,"%Y-%m-%d") as time FROM `ytt_temai_article` WHERE `behot_time` BETWEEN 1542816000 AND 1543507199 GROUP BY time  [ RunTime:0.3320s ]
SQL: SELECT `go_detail_count`,FROM_UNIXTIME(behot_time,"%Y-%m-%d") as time FROM `ytt_temai_article` WHERE `behot_time` BETWEEN 1542816000 AND 1543507199 AND `go_detail_count` >= 10000  [ RunTime:0.2822s ]
INFO: [ view_parse ] --START--
INFO: [ template_filter ] --START--
INFO: Run Behavior\ContentReplaceBehavior [ RunTime:0.000208s ]
INFO: [ template_filter ] --END-- [ RunTime:0.000254s ]
NOTIC: [8] Undefined index: son_menu D:\www\online_team\www.sale.com\Application\Runtime\Cache\Admin\b847a871539f3261e4ca07b63e6726f1.php 第 49 行.
NOTIC: [8] Undefined index: son_menu D:\www\online_team\www.sale.com\Application\Runtime\Cache\Admin\b847a871539f3261e4ca07b63e6726f1.php 第 49 行.
INFO: Run Behavior\ParseTemplateBehavior [ RunTime:0.022208s ]
INFO: [ view_parse ] --END-- [ RunTime:0.022255s ]
INFO: [ view_filter ] --START--
INFO: Run Behavior\WriteHtmlCacheBehavior [ RunTime:0.001015s ]
INFO: [ view_filter ] --END-- [ RunTime:0.001051s ]
INFO: [ app_end ] --START--
INFO: Run Behavior\ShowPageTraceBehavior [ RunTime:0.001226s ]
INFO: [ app_end ] --END-- [ RunTime:0.001271s ]

[ 2018-11-29T14:20:07+08:00 ] 127.0.0.1 /Article/taoJinGeArticle.html
INFO: [ app_init ] --START--
INFO: Run Behavior\BuildLiteBehavior [ RunTime:0.000023s ]
INFO: [ app_init ] --END-- [ RunTime:0.001183s ]
INFO: [ app_begin ] --START--
INFO: Run Behavior\ReadHtmlCacheBehavior [ RunTime:0.001506s ]
INFO: [ app_begin ] --END-- [ RunTime:0.001586s ]
SQL: SHOW COLUMNS FROM `ytt_tao_jin_ge_article` [ RunTime:0.0683s ]
SQL: SELECT COUNT(*) AS tp_count FROM `ytt_tao_jin_ge_article` LIMIT 1   [ RunTime:0.0680s ]
SQL: SELECT * FROM `ytt_tao_jin_ge_article` ORDER BY add_time desc LIMIT 0,20   [ RunTime:0.2706s ]
INFO: [ view_parse ] --START--
INFO: [ template_filter ] --START--
INFO: Run Behavior\ContentReplaceBehavior [ RunTime:0.000191s ]
INFO: [ template_filter ] --END-- [ RunTime:0.000266s ]
NOTIC: [8] Undefined index: son_menu D:\www\online_team\www.sale.com\Application\Runtime\Cache\Admin\4f0354694505eeb794093f7122e72b1d.php 第 49 行.
NOTIC: [8] Undefined index: son_menu D:\www\online_team\www.sale.com\Application\Runtime\Cache\Admin\4f0354694505eeb794093f7122e72b1d.php 第 49 行.
INFO: Run Behavior\ParseTemplateBehavior [ RunTime:0.026068s ]
INFO: [ view_parse ] --END-- [ RunTime:0.026157s ]
INFO: [ view_filter ] --START--
INFO: Run Behavior\WriteHtmlCacheBehavior [ RunTime:0.001733s ]
INFO: [ view_filter ] --END-- [ RunTime:0.001823s ]
INFO: [ app_end ] --START--
INFO: Run Behavior\ShowPageTraceBehavior [ RunTime:0.002047s ]
INFO: [ app_end ] --END-- [ RunTime:0.002153s ]

[ 2018-11-29T14:39:07+08:00 ] 127.0.0.1 /Article/taoJinGeArticle.html
INFO: [ app_init ] --START--
INFO: Run Behavior\BuildLiteBehavior [ RunTime:0.000013s ]
INFO: [ app_init ] --END-- [ RunTime:0.000666s ]
INFO: [ app_begin ] --START--
INFO: Run Behavior\ReadHtmlCacheBehavior [ RunTime:0.001846s ]
INFO: [ app_begin ] --END-- [ RunTime:0.001907s ]
SQL: SHOW COLUMNS FROM `ytt_tao_jin_ge_article` [ RunTime:0.0612s ]
SQL: SELECT COUNT(*) AS tp_count FROM `ytt_tao_jin_ge_article` LIMIT 1   [ RunTime:0.0608s ]
SQL: SELECT * FROM `ytt_tao_jin_ge_article` ORDER BY add_time desc LIMIT 0,20   [ RunTime:0.2894s ]
INFO: [ view_parse ] --START--
INFO: [ template_filter ] --START--
INFO: Run Behavior\ContentReplaceBehavior [ RunTime:0.000156s ]
INFO: [ template_filter ] --END-- [ RunTime:0.000219s ]
NOTIC: [8] Undefined index: son_menu D:\www\online_team\www.sale.com\Application\Runtime\Cache\Admin\4f0354694505eeb794093f7122e72b1d.php 第 49 行.
NOTIC: [8] Undefined index: son_menu D:\www\online_team\www.sale.com\Application\Runtime\Cache\Admin\4f0354694505eeb794093f7122e72b1d.php 第 49 行.
INFO: Run Behavior\ParseTemplateBehavior [ RunTime:0.041033s ]
INFO: [ view_parse ] --END-- [ RunTime:0.041149s ]
INFO: [ view_filter ] --START--
INFO: Run Behavior\WriteHtmlCacheBehavior [ RunTime:0.001180s ]
INFO: [ view_filter ] --END-- [ RunTime:0.001222s ]
INFO: [ app_end ] --START--
INFO: Run Behavior\ShowPageTraceBehavior [ RunTime:0.001207s ]
INFO: [ app_end ] --END-- [ RunTime:0.001254s ]

[ 2018-11-29T14:39:10+08:00 ] 127.0.0.1 /Sale/taoJinGeArticleInfo/id/9.html
INFO: [ app_init ] --START--
INFO: Run Behavior\BuildLiteBehavior [ RunTime:0.000016s ]
INFO: [ app_init ] --END-- [ RunTime:0.001043s ]
INFO: [ app_begin ] --START--
INFO: Run Behavior\ReadHtmlCacheBehavior [ RunTime:0.001032s ]
INFO: [ app_begin ] --END-- [ RunTime:0.001084s ]
ERR: 非法操作:taoJinGeArticleInfo

[ 2018-11-29T14:39:28+08:00 ] 127.0.0.1 /Article/taoJinGeArticle.html
INFO: [ app_init ] --START--
INFO: Run Behavior\BuildLiteBehavior [ RunTime:0.000020s ]
INFO: [ app_init ] --END-- [ RunTime:0.000942s ]
INFO: [ app_begin ] --START--
INFO: Run Behavior\ReadHtmlCacheBehavior [ RunTime:0.001465s ]
INFO: [ app_begin ] --END-- [ RunTime:0.001553s ]
SQL: SHOW COLUMNS FROM `ytt_tao_jin_ge_article` [ RunTime:0.0612s ]
SQL: SELECT COUNT(*) AS tp_count FROM `ytt_tao_jin_ge_article` LIMIT 1   [ RunTime:0.0609s ]
SQL: SELECT * FROM `ytt_tao_jin_ge_article` ORDER BY add_time desc LIMIT 0,20   [ RunTime:0.2451s ]
INFO: [ view_parse ] --START--
INFO: [ template_filter ] --START--
INFO: Run Behavior\ContentReplaceBehavior [ RunTime:0.000125s ]
INFO: [ template_filter ] --END-- [ RunTime:0.000171s ]
NOTIC: [8] Undefined index: son_menu D:\www\online_team\www.sale.com\Application\Runtime\Cache\Admin\4f0354694505eeb794093f7122e72b1d.php 第 49 行.
NOTIC: [8] Undefined index: son_menu D:\www\online_team\www.sale.com\Application\Runtime\Cache\Admin\4f0354694505eeb794093f7122e72b1d.php 第 49 行.
INFO: Run Behavior\ParseTemplateBehavior [ RunTime:0.019809s ]
INFO: [ view_parse ] --END-- [ RunTime:0.019882s ]
INFO: [ view_filter ] --START--
INFO: Run Behavior\WriteHtmlCacheBehavior [ RunTime:0.001268s ]
INFO: [ view_filter ] --END-- [ RunTime:0.001330s ]

[ 2018-11-29T14:39:29+08:00 ] 127.0.0.1 /Article/taoJinGeArticle.html
INFO: [ app_init ] --START--
INFO: Run Behavior\BuildLiteBehavior [ RunTime:0.000014s ]
INFO: [ app_init ] --END-- [ RunTime:0.001147s ]
INFO: [ app_begin ] --START--
INFO: Run Behavior\ReadHtmlCacheBehavior [ RunTime:0.000958s ]
INFO: [ app_begin ] --END-- [ RunTime:0.001004s ]
SQL: SHOW COLUMNS FROM `ytt_tao_jin_ge_article` [ RunTime:0.0645s ]
SQL: SELECT COUNT(*) AS tp_count FROM `ytt_tao_jin_ge_article` LIMIT 1   [ RunTime:0.0637s ]
SQL: SELECT * FROM `ytt_tao_jin_ge_article` ORDER BY add_time desc LIMIT 0,20   [ RunTime:0.2955s ]
INFO: [ view_parse ] --START--
INFO: [ template_filter ] --START--
INFO: Run Behavior\ContentReplaceBehavior [ RunTime:0.000125s ]
INFO: [ template_filter ] --END-- [ RunTime:0.000168s ]
NOTIC: [8] Undefined index: son_menu D:\www\online_team\www.sale.com\Application\Runtime\Cache\Admin\4f0354694505eeb794093f7122e72b1d.php 第 49 行.
NOTIC: [8] Undefined index: son_menu D:\www\online_team\www.sale.com\Application\Runtime\Cache\Admin\4f0354694505eeb794093f7122e72b1d.php 第 49 行.
INFO: Run Behavior\ParseTemplateBehavior [ RunTime:0.017172s ]
INFO: [ view_parse ] --END-- [ RunTime:0.017234s ]
INFO: [ view_filter ] --START--
INFO: Run Behavior\WriteHtmlCacheBehavior [ RunTime:0.001103s ]
INFO: [ view_filter ] --END-- [ RunTime:0.001144s ]
INFO: [ app_end ] --START--
INFO: Run Behavior\ShowPageTraceBehavior [ RunTime:0.001067s ]
INFO: [ app_end ] --END-- [ RunTime:0.001107s ]

[ 2018-11-29T14:39:30+08:00 ] 127.0.0.1 /Article/taoJinGeArticleInfo/id/13.html
INFO: [ app_init ] --START--
INFO: Run Behavior\BuildLiteBehavior [ RunTime:0.000013s ]
INFO: [ app_init ] --END-- [ RunTime:0.000769s ]
INFO: [ app_begin ] --START--
INFO: Run Behavior\ReadHtmlCacheBehavior [ RunTime:0.000986s ]
INFO: [ app_begin ] --END-- [ RunTime:0.001035s ]
SQL: SHOW COLUMNS FROM `ytt_tao_jin_ge_article` [ RunTime:0.0615s ]
SQL: SELECT * FROM `ytt_tao_jin_ge_article` WHERE `id` = 13 LIMIT 1   [ RunTime:0.0613s ]
INFO: [ view_parse ] --START--
INFO: [ template_filter ] --START--
INFO: Run Behavior\ContentReplaceBehavior [ RunTime:0.000192s ]
INFO: [ template_filter ] --END-- [ RunTime:0.000258s ]
NOTIC: [8] Undefined index: son_menu D:\www\online_team\www.sale.com\Application\Runtime\Cache\Admin\b07e0ad8bf426acf9e84495b9f738f6c.php 第 63 行.
NOTIC: [8] Undefined index: son_menu D:\www\online_team\www.sale.com\Application\Runtime\Cache\Admin\b07e0ad8bf426acf9e84495b9f738f6c.php 第 63 行.
NOTIC: [8] Undefined variable: data D:\www\online_team\www.sale.com\Application\Runtime\Cache\Admin\b07e0ad8bf426acf9e84495b9f738f6c.php 第 99 行.
INFO: Run Behavior\ParseTemplateBehavior [ RunTime:0.021096s ]
INFO: [ view_parse ] --END-- [ RunTime:0.021160s ]
INFO: [ view_filter ] --START--
INFO: Run Behavior\WriteHtmlCacheBehavior [ RunTime:0.001360s ]
INFO: [ view_filter ] --END-- [ RunTime:0.001430s ]
INFO: [ app_end ] --START--
INFO: Run Behavior\ShowPageTraceBehavior [ RunTime:0.001361s ]
INFO: [ app_end ] --END-- [ RunTime:0.001429s ]

[ 2018-11-29T14:40:10+08:00 ] 127.0.0.1 /Article/taoJinGeArticleInfo/id/13.html
INFO: [ app_init ] --START--
INFO: Run Behavior\BuildLiteBehavior [ RunTime:0.000015s ]
INFO: [ app_init ] --END-- [ RunTime:0.000817s ]
INFO: [ app_begin ] --START--
INFO: Run Behavior\ReadHtmlCacheBehavior [ RunTime:0.001180s ]
INFO: [ app_begin ] --END-- [ RunTime:0.001250s ]
SQL: SHOW COLUMNS FROM `ytt_tao_jin_ge_article` [ RunTime:0.0602s ]
SQL: SELECT * FROM `ytt_tao_jin_ge_article` WHERE `id` = 13 LIMIT 1   [ RunTime:0.1383s ]

[ 2018-11-29T14:40:37+08:00 ] 127.0.0.1 /Article/taoJinGeArticleInfo/id/13.html
INFO: [ app_init ] --START--
INFO: Run Behavior\BuildLiteBehavior [ RunTime:0.000022s ]
INFO: [ app_init ] --END-- [ RunTime:0.000869s ]
INFO: [ app_begin ] --START--
INFO: Run Behavior\ReadHtmlCacheBehavior [ RunTime:0.001111s ]
INFO: [ app_begin ] --END-- [ RunTime:0.001163s ]
SQL: SHOW COLUMNS FROM `ytt_tao_jin_ge_article` [ RunTime:0.0639s ]
SQL: SELECT * FROM `ytt_tao_jin_ge_article` WHERE `id` = 13 LIMIT 1   [ RunTime:0.0646s ]
INFO: [ view_parse ] --START--
INFO: [ template_filter ] --START--
INFO: Run Behavior\ContentReplaceBehavior [ RunTime:0.000180s ]
INFO: [ template_filter ] --END-- [ RunTime:0.000251s ]
NOTIC: [8] Undefined index: son_menu D:\www\online_team\www.sale.com\Application\Runtime\Cache\Admin\b07e0ad8bf426acf9e84495b9f738f6c.php 第 63 行.
NOTIC: [8] Undefined index: son_menu D:\www\online_team\www.sale.com\Application\Runtime\Cache\Admin\b07e0ad8bf426acf9e84495b9f738f6c.php 第 63 行.
INFO: Run Behavior\ParseTemplateBehavior [ RunTime:0.022467s ]
INFO: [ view_parse ] --END-- [ RunTime:0.022525s ]
INFO: [ view_filter ] --START--
INFO: Run Behavior\WriteHtmlCacheBehavior [ RunTime:0.000989s ]
INFO: [ view_filter ] --END-- [ RunTime:0.001026s ]
INFO: [ app_end ] --START--
INFO: Run Behavior\ShowPageTraceBehavior [ RunTime:0.004143s ]
INFO: [ app_end ] --END-- [ RunTime:0.004231s ]

[ 2018-11-29T14:40:56+08:00 ] 127.0.0.1 /Article/taoJinGeArticle.html
INFO: [ app_init ] --START--
INFO: Run Behavior\BuildLiteBehavior [ RunTime:0.000032s ]
INFO: [ app_init ] --END-- [ RunTime:0.001053s ]
INFO: [ app_begin ] --START--
INFO: Run Behavior\ReadHtmlCacheBehavior [ RunTime:0.001075s ]
INFO: [ app_begin ] --END-- [ RunTime:0.001134s ]
SQL: SHOW COLUMNS FROM `ytt_tao_jin_ge_article` [ RunTime:0.0644s ]
SQL: SELECT COUNT(*) AS tp_count FROM `ytt_tao_jin_ge_article` LIMIT 1   [ RunTime:0.0639s ]
SQL: SELECT * FROM `ytt_tao_jin_ge_article` ORDER BY add_time desc LIMIT 0,20   [ RunTime:0.2572s ]
INFO: [ view_parse ] --START--
INFO: [ template_filter ] --START--
INFO: Run Behavior\ContentReplaceBehavior [ RunTime:0.000155s ]
INFO: [ template_filter ] --END-- [ RunTime:0.000209s ]
NOTIC: [8] Undefined index: son_menu D:\www\online_team\www.sale.com\Application\Runtime\Cache\Admin\4f0354694505eeb794093f7122e72b1d.php 第 49 行.
NOTIC: [8] Undefined index: son_menu D:\www\online_team\www.sale.com\Application\Runtime\Cache\Admin\4f0354694505eeb794093f7122e72b1d.php 第 49 行.
INFO: Run Behavior\ParseTemplateBehavior [ RunTime:0.035125s ]
INFO: [ view_parse ] --END-- [ RunTime:0.035240s ]
INFO: [ view_filter ] --START--
INFO: Run Behavior\WriteHtmlCacheBehavior [ RunTime:0.001289s ]
INFO: [ view_filter ] --END-- [ RunTime:0.001339s ]
INFO: [ app_end ] --START--
INFO: Run Behavior\ShowPageTraceBehavior [ RunTime:0.001218s ]
INFO: [ app_end ] --END-- [ RunTime:0.001267s ]

[ 2018-11-29T14:41:00+08:00 ] 127.0.0.1 /Article/taoJinGeArticleInfo/id/12.html
INFO: [ app_init ] --START--
INFO: Run Behavior\BuildLiteBehavior [ RunTime:0.000013s ]
INFO: [ app_init ] --END-- [ RunTime:0.000842s ]
INFO: [ app_begin ] --START--
INFO: Run Behavior\ReadHtmlCacheBehavior [ RunTime:0.001041s ]
INFO: [ app_begin ] --END-- [ RunTime:0.001092s ]
SQL: SHOW COLUMNS FROM `ytt_tao_jin_ge_article` [ RunTime:0.0623s ]
SQL: SELECT * FROM `ytt_tao_jin_ge_article` WHERE `id` = 12 LIMIT 1   [ RunTime:0.0619s ]
INFO: [ view_parse ] --START--
INFO: [ template_filter ] --START--
INFO: Run Behavior\ContentReplaceBehavior [ RunTime:0.000145s ]
INFO: [ template_filter ] --END-- [ RunTime:0.000211s ]
NOTIC: [8] Undefined index: son_menu D:\www\online_team\www.sale.com\Application\Runtime\Cache\Admin\b07e0ad8bf426acf9e84495b9f738f6c.php 第 63 行.
NOTIC: [8] Undefined index: son_menu D:\www\online_team\www.sale.com\Application\Runtime\Cache\Admin\b07e0ad8bf426acf9e84495b9f738f6c.php 第 63 行.
INFO: Run Behavior\ParseTemplateBehavior [ RunTime:0.032183s ]
INFO: [ view_parse ] --END-- [ RunTime:0.032316s ]
INFO: [ view_filter ] --START--
INFO: Run Behavior\WriteHtmlCacheBehavior [ RunTime:0.001103s ]
INFO: [ view_filter ] --END-- [ RunTime:0.001150s ]
INFO: [ app_end ] --START--
INFO: Run Behavior\ShowPageTraceBehavior [ RunTime:0.001159s ]
INFO: [ app_end ] --END-- [ RunTime:0.001205s ]

[ 2018-11-29T14:41:27+08:00 ] 127.0.0.1 /Public/Admin/js/maps/swiper.jquery.min.js.map
INFO: [ app_init ] --START--
INFO: Run Behavior\BuildLiteBehavior [ RunTime:0.000021s ]
INFO: [ app_init ] --END-- [ RunTime:0.001197s ]
INFO: [ app_begin ] --START--
INFO: Run Behavior\ReadHtmlCacheBehavior [ RunTime:0.000971s ]
INFO: [ app_begin ] --END-- [ RunTime:0.001020s ]
NOTIC: [8] Undefined offset: 0 D:\www\online_team\www.sale.com\Application\Admin\Controller\CommonController.class.php 第 85 行.
ERR: 非法操作:Admin

[ 2018-11-29T14:42:44+08:00 ] 127.0.0.1 /Article/taoJinGeArticleInfo/id/12.html
INFO: [ app_init ] --START--
INFO: Run Behavior\BuildLiteBehavior [ RunTime:0.000013s ]
INFO: [ app_init ] --END-- [ RunTime:0.000707s ]
INFO: [ app_begin ] --START--
INFO: Run Behavior\ReadHtmlCacheBehavior [ RunTime:0.001138s ]
INFO: [ app_begin ] --END-- [ RunTime:0.001196s ]
SQL: SHOW COLUMNS FROM `ytt_tao_jin_ge_article` [ RunTime:0.0653s ]
SQL: SELECT * FROM `ytt_tao_jin_ge_article` WHERE `id` = 12 LIMIT 1   [ RunTime:0.0651s ]
INFO: [ view_parse ] --START--
INFO: [ template_filter ] --START--
INFO: Run Behavior\ContentReplaceBehavior [ RunTime:0.000203s ]
INFO: [ template_filter ] --END-- [ RunTime:0.000272s ]
NOTIC: [8] Undefined index: son_menu D:\www\online_team\www.sale.com\Application\Runtime\Cache\Admin\b07e0ad8bf426acf9e84495b9f738f6c.php 第 69 行.
NOTIC: [8] Undefined index: son_menu D:\www\online_team\www.sale.com\Application\Runtime\Cache\Admin\b07e0ad8bf426acf9e84495b9f738f6c.php 第 69 行.
INFO: Run Behavior\ParseTemplateBehavior [ RunTime:0.025389s ]
INFO: [ view_parse ] --END-- [ RunTime:0.025444s ]
INFO: [ view_filter ] --START--
INFO: Run Behavior\WriteHtmlCacheBehavior [ RunTime:0.000882s ]
INFO: [ view_filter ] --END-- [ RunTime:0.000919s ]
INFO: [ app_end ] --START--
INFO: Run Behavior\ShowPageTraceBehavior [ RunTime:0.001076s ]
INFO: [ app_end ] --END-- [ RunTime:0.001125s ]

[ 2018-11-29T14:42:44+08:00 ] 127.0.0.1 /Public/Admin/js/maps/swiper.jquery.min.js.map
INFO: [ app_init ] --START--
INFO: Run Behavior\BuildLiteBehavior [ RunTime:0.000015s ]
INFO: [ app_init ] --END-- [ RunTime:0.000965s ]
INFO: [ app_begin ] --START--
INFO: Run Behavior\ReadHtmlCacheBehavior [ RunTime:0.001401s ]
INFO: [ app_begin ] --END-- [ RunTime:0.001468s ]
NOTIC: [8] Undefined offset: 0 D:\www\online_team\www.sale.com\Application\Admin\Controller\CommonController.class.php 第 85 行.
ERR: 非法操作:Admin

[ 2018-11-29T14:43:05+08:00 ] 127.0.0.1 /Article/taoJinGeArticleInfo/id/12.html
INFO: [ app_init ] --START--
INFO: Run Behavior\BuildLiteBehavior [ RunTime:0.000014s ]
INFO: [ app_init ] --END-- [ RunTime:0.001028s ]
INFO: [ app_begin ] --START--
INFO: Run Behavior\ReadHtmlCacheBehavior [ RunTime:0.001051s ]
INFO: [ app_begin ] --END-- [ RunTime:0.001101s ]
SQL: SHOW COLUMNS FROM `ytt_tao_jin_ge_article` [ RunTime:0.0644s ]
SQL: SELECT * FROM `ytt_tao_jin_ge_article` WHERE `id` = 12 LIMIT 1   [ RunTime:0.0641s ]
INFO: [ view_parse ] --START--
INFO: [ template_filter ] --START--
INFO: Run Behavior\ContentReplaceBehavior [ RunTime:0.000115s ]
INFO: [ template_filter ] --END-- [ RunTime:0.000158s ]
NOTIC: [8] Undefined index: son_menu D:\www\online_team\www.sale.com\Application\Runtime\Cache\Admin\b07e0ad8bf426acf9e84495b9f738f6c.php 第 69 行.
NOTIC: [8] Undefined index: son_menu D:\www\online_team\www.sale.com\Application\Runtime\Cache\Admin\b07e0ad8bf426acf9e84495b9f738f6c.php 第 69 行.
INFO: Run Behavior\ParseTemplateBehavior [ RunTime:0.016398s ]
INFO: [ view_parse ] --END-- [ RunTime:0.016452s ]
INFO: [ view_filter ] --START--
INFO: Run Behavior\WriteHtmlCacheBehavior [ RunTime:0.001078s ]
INFO: [ view_filter ] --END-- [ RunTime:0.001113s ]
INFO: [ app_end ] --START--
INFO: Run Behavior\ShowPageTraceBehavior [ RunTime:0.001049s ]
INFO: [ app_end ] --END-- [ RunTime:0.001087s ]

[ 2018-11-29T14:43:06+08:00 ] 127.0.0.1 /Public/Admin/js/maps/swiper.jquery.min.js.map
INFO: [ app_init ] --START--
INFO: Run Behavior\BuildLiteBehavior [ RunTime:0.000012s ]
INFO: [ app_init ] --END-- [ RunTime:0.000687s ]
INFO: [ app_begin ] --START--
INFO: Run Behavior\ReadHtmlCacheBehavior [ RunTime:0.001163s ]
INFO: [ app_begin ] --END-- [ RunTime:0.001221s ]
NOTIC: [8] Undefined offset: 0 D:\www\online_team\www.sale.com\Application\Admin\Controller\CommonController.class.php 第 85 行.
ERR: 非法操作:Admin

[ 2018-11-29T14:43:47+08:00 ] 127.0.0.1 /Article/taoJinGeArticleInfo/id/12.html
INFO: [ app_init ] --START--
INFO: Run Behavior\BuildLiteBehavior [ RunTime:0.000016s ]
INFO: [ app_init ] --END-- [ RunTime:0.000859s ]
INFO: [ app_begin ] --START--
INFO: Run Behavior\ReadHtmlCacheBehavior [ RunTime:0.001425s ]
INFO: [ app_begin ] --END-- [ RunTime:0.001503s ]
SQL: SHOW COLUMNS FROM `ytt_tao_jin_ge_article` [ RunTime:0.0653s ]
SQL: SELECT * FROM `ytt_tao_jin_ge_article` WHERE `id` = 12 LIMIT 1   [ RunTime:0.0609s ]
INFO: [ view_parse ] --START--
INFO: [ template_filter ] --START--
INFO: Run Behavior\ContentReplaceBehavior [ RunTime:0.000158s ]
INFO: [ template_filter ] --END-- [ RunTime:0.000219s ]
NOTIC: [8] Undefined index: son_menu D:\www\online_team\www.sale.com\Application\Runtime\Cache\Admin\b07e0ad8bf426acf9e84495b9f738f6c.php 第 68 行.
NOTIC: [8] Undefined index: son_menu D:\www\online_team\www.sale.com\Application\Runtime\Cache\Admin\b07e0ad8bf426acf9e84495b9f738f6c.php 第 68 行.
INFO: Run Behavior\ParseTemplateBehavior [ RunTime:0.018511s ]
INFO: [ view_parse ] --END-- [ RunTime:0.018559s ]
INFO: [ view_filter ] --START--
INFO: Run Behavior\WriteHtmlCacheBehavior [ RunTime:0.001163s ]
INFO: [ view_filter ] --END-- [ RunTime:0.001208s ]
INFO: [ app_end ] --START--
INFO: Run Behavior\ShowPageTraceBehavior [ RunTime:0.001084s ]
INFO: [ app_end ] --END-- [ RunTime:0.001126s ]

[ 2018-11-29T15:25:41+08:00 ] 127.0.0.1 /TopLine/itemsList.html
INFO: [ app_init ] --START--
INFO: Run Behavior\BuildLiteBehavior [ RunTime:0.000013s ]
INFO: [ app_init ] --END-- [ RunTime:0.000721s ]
INFO: [ app_begin ] --START--
INFO: Run Behavior\ReadHtmlCacheBehavior [ RunTime:0.001341s ]
INFO: [ app_begin ] --END-- [ RunTime:0.001418s ]
INFO: [ view_parse ] --START--
INFO: [ template_filter ] --START--
INFO: Run Behavior\ContentReplaceBehavior [ RunTime:0.000197s ]
INFO: [ template_filter ] --END-- [ RunTime:0.000249s ]
NOTIC: [8] Undefined index: son_menu D:\www\online_team\www.sale.com\Application\Runtime\Cache\Admin\6cb73ff4e88fcdc2fa9623f330bc0e43.php 第 51 行.
NOTIC: [8] Undefined index: son_menu D:\www\online_team\www.sale.com\Application\Runtime\Cache\Admin\6cb73ff4e88fcdc2fa9623f330bc0e43.php 第 51 行.
NOTIC: [8] Undefined variable: type D:\www\online_team\www.sale.com\Application\Runtime\Cache\Admin\6cb73ff4e88fcdc2fa9623f330bc0e43.php 第 159 行.
NOTIC: [8] Undefined variable: type D:\www\online_team\www.sale.com\Application\Runtime\Cache\Admin\6cb73ff4e88fcdc2fa9623f330bc0e43.php 第 159 行.
NOTIC: [8] Undefined variable: type D:\www\online_team\www.sale.com\Application\Runtime\Cache\Admin\6cb73ff4e88fcdc2fa9623f330bc0e43.php 第 159 行.
NOTIC: [8] Undefined variable: type D:\www\online_team\www.sale.com\Application\Runtime\Cache\Admin\6cb73ff4e88fcdc2fa9623f330bc0e43.php 第 159 行.
NOTIC: [8] Undefined variable: type D:\www\online_team\www.sale.com\Application\Runtime\Cache\Admin\6cb73ff4e88fcdc2fa9623f330bc0e43.php 第 159 行.
NOTIC: [8] Undefined variable: type D:\www\online_team\www.sale.com\Application\Runtime\Cache\Admin\6cb73ff4e88fcdc2fa9623f330bc0e43.php 第 159 行.
NOTIC: [8] Undefined variable: type D:\www\online_team\www.sale.com\Application\Runtime\Cache\Admin\6cb73ff4e88fcdc2fa9623f330bc0e43.php 第 159 行.
NOTIC: [8] Undefined variable: type D:\www\online_team\www.sale.com\Application\Runtime\Cache\Admin\6cb73ff4e88fcdc2fa9623f330bc0e43.php 第 159 行.
NOTIC: [8] Undefined variable: type D:\www\online_team\www.sale.com\Application\Runtime\Cache\Admin\6cb73ff4e88fcdc2fa9623f330bc0e43.php 第 159 行.
NOTIC: [8] Undefined variable: type D:\www\online_team\www.sale.com\Application\Runtime\Cache\Admin\6cb73ff4e88fcdc2fa9623f330bc0e43.php 第 159 行.
NOTIC: [8] Undefined variable: type D:\www\online_team\www.sale.com\Application\Runtime\Cache\Admin\6cb73ff4e88fcdc2fa9623f330bc0e43.php 第 159 行.
NOTIC: [8] Undefined variable: type D:\www\online_team\www.sale.com\Application\Runtime\Cache\Admin\6cb73ff4e88fcdc2fa9623f330bc0e43.php 第 159 行.
NOTIC: [8] Undefined variable: type D:\www\online_team\www.sale.com\Application\Runtime\Cache\Admin\6cb73ff4e88fcdc2fa9623f330bc0e43.php 第 159 行.
NOTIC: [8] Undefined variable: type D:\www\online_team\www.sale.com\Application\Runtime\Cache\Admin\6cb73ff4e88fcdc2fa9623f330bc0e43.php 第 159 行.
NOTIC: [8] Undefined variable: type D:\www\online_team\www.sale.com\Application\Runtime\Cache\Admin\6cb73ff4e88fcdc2fa9623f330bc0e43.php 第 159 行.
NOTIC: [8] Undefined variable: type D:\www\online_team\www.sale.com\Application\Runtime\Cache\Admin\6cb73ff4e88fcdc2fa9623f330bc0e43.php 第 159 行.
NOTIC: [8] Undefined variable: type D:\www\online_team\www.sale.com\Application\Runtime\Cache\Admin\6cb73ff4e88fcdc2fa9623f330bc0e43.php 第 159 行.
NOTIC: [8] Undefined variable: type D:\www\online_team\www.sale.com\Application\Runtime\Cache\Admin\6cb73ff4e88fcdc2fa9623f330bc0e43.php 第 159 行.
NOTIC: [8] Undefined variable: type D:\www\online_team\www.sale.com\Application\Runtime\Cache\Admin\6cb73ff4e88fcdc2fa9623f330bc0e43.php 第 159 行.
NOTIC: [8] Undefined variable: type D:\www\online_team\www.sale.com\Application\Runtime\Cache\Admin\6cb73ff4e88fcdc2fa9623f330bc0e43.php 第 159 行.
NOTIC: [8] Undefined variable: type D:\www\online_team\www.sale.com\Application\Runtime\Cache\Admin\6cb73ff4e88fcdc2fa9623f330bc0e43.php 第 159 行.
NOTIC: [8] Undefined variable: type D:\www\online_team\www.sale.com\Application\Runtime\Cache\Admin\6cb73ff4e88fcdc2fa9623f330bc0e43.php 第 159 行.
NOTIC: [8] Undefined variable: type D:\www\online_team\www.sale.com\Application\Runtime\Cache\Admin\6cb73ff4e88fcdc2fa9623f330bc0e43.php 第 159 行.
NOTIC: [8] Undefined variable: type D:\www\online_team\www.sale.com\Application\Runtime\Cache\Admin\6cb73ff4e88fcdc2fa9623f330bc0e43.php 第 159 行.
NOTIC: [8] Undefined variable: type D:\www\online_team\www.sale.com\Application\Runtime\Cache\Admin\6cb73ff4e88fcdc2fa9623f330bc0e43.php 第 159 行.
NOTIC: [8] Undefined variable: type D:\www\online_team\www.sale.com\Application\Runtime\Cache\Admin\6cb73ff4e88fcdc2fa9623f330bc0e43.php 第 159 行.
NOTIC: [8] Undefined variable: type D:\www\online_team\www.sale.com\Application\Runtime\Cache\Admin\6cb73ff4e88fcdc2fa9623f330bc0e43.php 第 159 行.
NOTIC: [8] Undefined variable: type D:\www\online_team\www.sale.com\Application\Runtime\Cache\Admin\6cb73ff4e88fcdc2fa9623f330bc0e43.php 第 159 行.
NOTIC: [8] Undefined variable: type D:\www\online_team\www.sale.com\Application\Runtime\Cache\Admin\6cb73ff4e88fcdc2fa9623f330bc0e43.php 第 159 行.
NOTIC: [8] Undefined variable: type D:\www\online_team\www.sale.com\Application\Runtime\Cache\Admin\6cb73ff4e88fcdc2fa9623f330bc0e43.php 第 159 行.
NOTIC: [8] Undefined variable: type D:\www\online_team\www.sale.com\Application\Runtime\Cache\Admin\6cb73ff4e88fcdc2fa9623f330bc0e43.php 第 159 行.
NOTIC: [8] Undefined variable: type D:\www\online_team\www.sale.com\Application\Runtime\Cache\Admin\6cb73ff4e88fcdc2fa9623f330bc0e43.php 第 159 行.
NOTIC: [8] Undefined variable: type D:\www\online_team\www.sale.com\Application\Runtime\Cache\Admin\6cb73ff4e88fcdc2fa9623f330bc0e43.php 第 159 行.
NOTIC: [8] Undefined variable: type D:\www\online_team\www.sale.com\Application\Runtime\Cache\Admin\6cb73ff4e88fcdc2fa9623f330bc0e43.php 第 159 行.
NOTIC: [8] Undefined variable: type D:\www\online_team\www.sale.com\Application\Runtime\Cache\Admin\6cb73ff4e88fcdc2fa9623f330bc0e43.php 第 159 行.
NOTIC: [8] Undefined variable: type D:\www\online_team\www.sale.com\Application\Runtime\Cache\Admin\6cb73ff4e88fcdc2fa9623f330bc0e43.php 第 159 行.
NOTIC: [8] Undefined variable: type D:\www\online_team\www.sale.com\Application\Runtime\Cache\Admin\6cb73ff4e88fcdc2fa9623f330bc0e43.php 第 159 行.
NOTIC: [8] Undefined variable: type D:\www\online_team\www.sale.com\Application\Runtime\Cache\Admin\6cb73ff4e88fcdc2fa9623f330bc0e43.php 第 159 行.
NOTIC: [8] Undefined variable: type D:\www\online_team\www.sale.com\Application\Runtime\Cache\Admin\6cb73ff4e88fcdc2fa9623f330bc0e43.php 第 159 行.
NOTIC: [8] Undefined variable: type D:\www\online_team\www.sale.com\Application\Runtime\Cache\Admin\6cb73ff4e88fcdc2fa9623f330bc0e43.php 第 159 行.
INFO: Run Behavior\ParseTemplateBehavior [ RunTime:0.051631s ]
INFO: [ view_parse ] --END-- [ RunTime:0.051674s ]
INFO: [ view_filter ] --START--
INFO: Run Behavior\WriteHtmlCacheBehavior [ RunTime:0.000994s ]
INFO: [ view_filter ] --END-- [ RunTime:0.001032s ]
INFO: [ app_end ] --START--
INFO: Run Behavior\ShowPageTraceBehavior [ RunTime:0.001432s ]
INFO: [ app_end ] --END-- [ RunTime:0.001500s ]

[ 2018-11-29T15:30:07+08:00 ] 127.0.0.1 /Public/Admin/js/maps/swiper.jquery.min.js.map
INFO: [ app_init ] --START--
INFO: Run Behavior\BuildLiteBehavior [ RunTime:0.000014s ]
INFO: [ app_init ] --END-- [ RunTime:0.000738s ]
INFO: [ app_begin ] --START--
INFO: Run Behavior\ReadHtmlCacheBehavior [ RunTime:0.001642s ]
INFO: [ app_begin ] --END-- [ RunTime:0.001734s ]
NOTIC: [8] Undefined offset: 0 D:\www\online_team\www.sale.com\Application\Admin\Controller\CommonController.class.php 第 85 行.
ERR: 非法操作:Admin

[ 2018-11-29T15:30:11+08:00 ] 127.0.0.1 /TopLine/addItemCache.html
INFO: [ app_init ] --START--
INFO: Run Behavior\BuildLiteBehavior [ RunTime:0.000014s ]
INFO: [ app_init ] --END-- [ RunTime:0.000791s ]
INFO: [ app_begin ] --START--
INFO: Run Behavior\ReadHtmlCacheBehavior [ RunTime:0.002522s ]
INFO: [ app_begin ] --END-- [ RunTime:0.002593s ]

[ 2018-11-29T15:30:40+08:00 ] 127.0.0.1 /TopLine/addItemCache.html
INFO: [ app_init ] --START--
INFO: Run Behavior\BuildLiteBehavior [ RunTime:0.000012s ]
INFO: [ app_init ] --END-- [ RunTime:0.000771s ]
INFO: [ app_begin ] --START--
INFO: Run Behavior\ReadHtmlCacheBehavior [ RunTime:0.001466s ]
INFO: [ app_begin ] --END-- [ RunTime:0.001535s ]
SQL: SHOW COLUMNS FROM `ytt_sale_account` [ RunTime:0.0632s ]
SQL: SELECT `cookie` FROM `ytt_sale_account` WHERE `id` = 1 LIMIT 1   [ RunTime:0.0637s ]

[ 2018-11-29T15:31:29+08:00 ] 127.0.0.1 /TopLine/shopList.html
INFO: [ app_init ] --START--
INFO: Run Behavior\BuildLiteBehavior [ RunTime:0.000024s ]
INFO: [ app_init ] --END-- [ RunTime:0.003339s ]
INFO: [ app_begin ] --START--
INFO: Run Behavior\ReadHtmlCacheBehavior [ RunTime:0.001553s ]
INFO: [ app_begin ] --END-- [ RunTime:0.001656s ]
SQL: SHOW COLUMNS FROM `ytt_shop_items` [ RunTime:0.0644s ]
SQL: SELECT COUNT(*) AS tp_count FROM `ytt_shop_items` WHERE `status` = 1 AND `shop_id` IN ('1','2','3','4') LIMIT 1   [ RunTime:0.2791s ]
SQL: SELECT * FROM `ytt_shop_items` WHERE `status` = 1 AND `shop_id` IN ('1','2','3','4') ORDER BY top_line_article_behot_time desc LIMIT 0,20   [ RunTime:0.1271s ]
INFO: [ view_parse ] --START--
INFO: [ template_filter ] --START--
INFO: Run Behavior\ContentReplaceBehavior [ RunTime:0.000419s ]
INFO: [ template_filter ] --END-- [ RunTime:0.000508s ]
NOTIC: [8] Undefined index: son_menu D:\www\online_team\www.sale.com\Application\Runtime\Cache\Admin\6368984b0fbb6170de09a30e7c1cc72b.php 第 51 行.
NOTIC: [8] Undefined index: son_menu D:\www\online_team\www.sale.com\Application\Runtime\Cache\Admin\6368984b0fbb6170de09a30e7c1cc72b.php 第 51 行.
INFO: Run Behavior\ParseTemplateBehavior [ RunTime:0.041749s ]
INFO: [ view_parse ] --END-- [ RunTime:0.041839s ]
INFO: [ view_filter ] --START--
INFO: Run Behavior\WriteHtmlCacheBehavior [ RunTime:0.001663s ]
INFO: [ view_filter ] --END-- [ RunTime:0.001724s ]
INFO: [ app_end ] --START--
INFO: Run Behavior\ShowPageTraceBehavior [ RunTime:0.002621s ]
INFO: [ app_end ] --END-- [ RunTime:0.002748s ]

[ 2018-11-29T15:31:29+08:00 ] 127.0.0.1 /Public/Admin/js/maps/swiper.jquery.min.js.map
INFO: [ app_init ] --START--
INFO: Run Behavior\BuildLiteBehavior [ RunTime:0.000021s ]
INFO: [ app_init ] --END-- [ RunTime:0.001380s ]
INFO: [ app_begin ] --START--
INFO: Run Behavior\ReadHtmlCacheBehavior [ RunTime:0.001544s ]
INFO: [ app_begin ] --END-- [ RunTime:0.001629s ]
NOTIC: [8] Undefined offset: 0 D:\www\online_team\www.sale.com\Application\Admin\Controller\CommonController.class.php 第 85 行.
ERR: 非法操作:Admin

[ 2018-11-29T15:31:38+08:00 ] 127.0.0.1 /TopLine/addShopItemCache.html
INFO: [ app_init ] --START--
INFO: Run Behavior\BuildLiteBehavior [ RunTime:0.000012s ]
INFO: [ app_init ] --END-- [ RunTime:0.000777s ]
INFO: [ app_begin ] --START--
INFO: Run Behavior\ReadHtmlCacheBehavior [ RunTime:0.001686s ]
INFO: [ app_begin ] --END-- [ RunTime:0.001748s ]
SQL: SHOW COLUMNS FROM `ytt_shop_items` [ RunTime:0.0606s ]
SQL: SELECT * FROM `ytt_shop_items` WHERE `id` = 159187 LIMIT 1   [ RunTime:0.0609s ]

[ 2018-11-29T15:32:33+08:00 ] 127.0.0.1 /TopLine/addShopItemCache.html
INFO: [ app_init ] --START--
INFO: Run Behavior\BuildLiteBehavior [ RunTime:0.000013s ]
INFO: [ app_init ] --END-- [ RunTime:0.000772s ]
INFO: [ app_begin ] --START--
INFO: Run Behavior\ReadHtmlCacheBehavior [ RunTime:0.001009s ]
INFO: [ app_begin ] --END-- [ RunTime:0.001057s ]
SQL: SHOW COLUMNS FROM `ytt_shop_items` [ RunTime:0.0615s ]
SQL: SELECT * FROM `ytt_shop_items` WHERE `id` = 159187 LIMIT 1   [ RunTime:0.0611s ]

[ 2018-11-29T15:33:22+08:00 ] 127.0.0.1 /TopLine/itemsList.html
INFO: [ app_init ] --START--
INFO: Run Behavior\BuildLiteBehavior [ RunTime:0.000023s ]
INFO: [ app_init ] --END-- [ RunTime:0.001170s ]
INFO: [ app_begin ] --START--
INFO: Run Behavior\ReadHtmlCacheBehavior [ RunTime:0.001230s ]
INFO: [ app_begin ] --END-- [ RunTime:0.001299s ]
INFO: [ view_parse ] --START--
INFO: [ template_filter ] --START--
INFO: Run Behavior\ContentReplaceBehavior [ RunTime:0.000209s ]
INFO: [ template_filter ] --END-- [ RunTime:0.000272s ]
NOTIC: [8] Undefined index: son_menu D:\www\online_team\www.sale.com\Application\Runtime\Cache\Admin\6cb73ff4e88fcdc2fa9623f330bc0e43.php 第 51 行.
NOTIC: [8] Undefined index: son_menu D:\www\online_team\www.sale.com\Application\Runtime\Cache\Admin\6cb73ff4e88fcdc2fa9623f330bc0e43.php 第 51 行.
NOTIC: [8] Undefined variable: type D:\www\online_team\www.sale.com\Application\Runtime\Cache\Admin\6cb73ff4e88fcdc2fa9623f330bc0e43.php 第 159 行.
NOTIC: [8] Undefined variable: type D:\www\online_team\www.sale.com\Application\Runtime\Cache\Admin\6cb73ff4e88fcdc2fa9623f330bc0e43.php 第 159 行.
NOTIC: [8] Undefined variable: type D:\www\online_team\www.sale.com\Application\Runtime\Cache\Admin\6cb73ff4e88fcdc2fa9623f330bc0e43.php 第 159 行.
NOTIC: [8] Undefined variable: type D:\www\online_team\www.sale.com\Application\Runtime\Cache\Admin\6cb73ff4e88fcdc2fa9623f330bc0e43.php 第 159 行.
NOTIC: [8] Undefined variable: type D:\www\online_team\www.sale.com\Application\Runtime\Cache\Admin\6cb73ff4e88fcdc2fa9623f330bc0e43.php 第 159 行.
NOTIC: [8] Undefined variable: type D:\www\online_team\www.sale.com\Application\Runtime\Cache\Admin\6cb73ff4e88fcdc2fa9623f330bc0e43.php 第 159 行.
NOTIC: [8] Undefined variable: type D:\www\online_team\www.sale.com\Application\Runtime\Cache\Admin\6cb73ff4e88fcdc2fa9623f330bc0e43.php 第 159 行.
NOTIC: [8] Undefined variable: type D:\www\online_team\www.sale.com\Application\Runtime\Cache\Admin\6cb73ff4e88fcdc2fa9623f330bc0e43.php 第 159 行.
NOTIC: [8] Undefined variable: type D:\www\online_team\www.sale.com\Application\Runtime\Cache\Admin\6cb73ff4e88fcdc2fa9623f330bc0e43.php 第 159 行.
NOTIC: [8] Undefined variable: type D:\www\online_team\www.sale.com\Application\Runtime\Cache\Admin\6cb73ff4e88fcdc2fa9623f330bc0e43.php 第 159 行.
NOTIC: [8] Undefined variable: type D:\www\online_team\www.sale.com\Application\Runtime\Cache\Admin\6cb73ff4e88fcdc2fa9623f330bc0e43.php 第 159 行.
NOTIC: [8] Undefined variable: type D:\www\online_team\www.sale.com\Application\Runtime\Cache\Admin\6cb73ff4e88fcdc2fa9623f330bc0e43.php 第 159 行.
NOTIC: [8] Undefined variable: type D:\www\online_team\www.sale.com\Application\Runtime\Cache\Admin\6cb73ff4e88fcdc2fa9623f330bc0e43.php 第 159 行.
NOTIC: [8] Undefined variable: type D:\www\online_team\www.sale.com\Application\Runtime\Cache\Admin\6cb73ff4e88fcdc2fa9623f330bc0e43.php 第 159 行.
NOTIC: [8] Undefined variable: type D:\www\online_team\www.sale.com\Application\Runtime\Cache\Admin\6cb73ff4e88fcdc2fa9623f330bc0e43.php 第 159 行.
NOTIC: [8] Undefined variable: type D:\www\online_team\www.sale.com\Application\Runtime\Cache\Admin\6cb73ff4e88fcdc2fa9623f330bc0e43.php 第 159 行.
NOTIC: [8] Undefined variable: type D:\www\online_team\www.sale.com\Application\Runtime\Cache\Admin\6cb73ff4e88fcdc2fa9623f330bc0e43.php 第 159 行.
NOTIC: [8] Undefined variable: type D:\www\online_team\www.sale.com\Application\Runtime\Cache\Admin\6cb73ff4e88fcdc2fa9623f330bc0e43.php 第 159 行.
NOTIC: [8] Undefined variable: type D:\www\online_team\www.sale.com\Application\Runtime\Cache\Admin\6cb73ff4e88fcdc2fa9623f330bc0e43.php 第 159 行.
NOTIC: [8] Undefined variable: type D:\www\online_team\www.sale.com\Application\Runtime\Cache\Admin\6cb73ff4e88fcdc2fa9623f330bc0e43.php 第 159 行.
NOTIC: [8] Undefined variable: type D:\www\online_team\www.sale.com\Application\Runtime\Cache\Admin\6cb73ff4e88fcdc2fa9623f330bc0e43.php 第 159 行.
NOTIC: [8] Undefined variable: type D:\www\online_team\www.sale.com\Application\Runtime\Cache\Admin\6cb73ff4e88fcdc2fa9623f330bc0e43.php 第 159 行.
NOTIC: [8] Undefined variable: type D:\www\online_team\www.sale.com\Application\Runtime\Cache\Admin\6cb73ff4e88fcdc2fa9623f330bc0e43.php 第 159 行.
NOTIC: [8] Undefined variable: type D:\www\online_team\www.sale.com\Application\Runtime\Cache\Admin\6cb73ff4e88fcdc2fa9623f330bc0e43.php 第 159 行.
NOTIC: [8] Undefined variable: type D:\www\online_team\www.sale.com\Application\Runtime\Cache\Admin\6cb73ff4e88fcdc2fa9623f330bc0e43.php 第 159 行.
NOTIC: [8] Undefined variable: type D:\www\online_team\www.sale.com\Application\Runtime\Cache\Admin\6cb73ff4e88fcdc2fa9623f330bc0e43.php 第 159 行.
NOTIC: [8] Undefined variable: type D:\www\online_team\www.sale.com\Application\Runtime\Cache\Admin\6cb73ff4e88fcdc2fa9623f330bc0e43.php 第 159 行.
NOTIC: [8] Undefined variable: type D:\www\online_team\www.sale.com\Application\Runtime\Cache\Admin\6cb73ff4e88fcdc2fa9623f330bc0e43.php 第 159 行.
NOTIC: [8] Undefined variable: type D:\www\online_team\www.sale.com\Application\Runtime\Cache\Admin\6cb73ff4e88fcdc2fa9623f330bc0e43.php 第 159 行.
NOTIC: [8] Undefined variable: type D:\www\online_team\www.sale.com\Application\Runtime\Cache\Admin\6cb73ff4e88fcdc2fa9623f330bc0e43.php 第 159 行.
NOTIC: [8] Undefined variable: type D:\www\online_team\www.sale.com\Application\Runtime\Cache\Admin\6cb73ff4e88fcdc2fa9623f330bc0e43.php 第 159 行.
NOTIC: [8] Undefined variable: type D:\www\online_team\www.sale.com\Application\Runtime\Cache\Admin\6cb73ff4e88fcdc2fa9623f330bc0e43.php 第 159 行.
NOTIC: [8] Undefined variable: type D:\www\online_team\www.sale.com\Application\Runtime\Cache\Admin\6cb73ff4e88fcdc2fa9623f330bc0e43.php 第 159 行.
NOTIC: [8] Undefined variable: type D:\www\online_team\www.sale.com\Application\Runtime\Cache\Admin\6cb73ff4e88fcdc2fa9623f330bc0e43.php 第 159 行.
NOTIC: [8] Undefined variable: type D:\www\online_team\www.sale.com\Application\Runtime\Cache\Admin\6cb73ff4e88fcdc2fa9623f330bc0e43.php 第 159 行.
NOTIC: [8] Undefined variable: type D:\www\online_team\www.sale.com\Application\Runtime\Cache\Admin\6cb73ff4e88fcdc2fa9623f330bc0e43.php 第 159 行.
NOTIC: [8] Undefined variable: type D:\www\online_team\www.sale.com\Application\Runtime\Cache\Admin\6cb73ff4e88fcdc2fa9623f330bc0e43.php 第 159 行.
NOTIC: [8] Undefined variable: type D:\www\online_team\www.sale.com\Application\Runtime\Cache\Admin\6cb73ff4e88fcdc2fa9623f330bc0e43.php 第 159 行.
NOTIC: [8] Undefined variable: type D:\www\online_team\www.sale.com\Application\Runtime\Cache\Admin\6cb73ff4e88fcdc2fa9623f330bc0e43.php 第 159 行.
NOTIC: [8] Undefined variable: type D:\www\online_team\www.sale.com\Application\Runtime\Cache\Admin\6cb73ff4e88fcdc2fa9623f330bc0e43.php 第 159 行.
INFO: Run Behavior\ParseTemplateBehavior [ RunTime:0.034329s ]
INFO: [ view_parse ] --END-- [ RunTime:0.034396s ]
INFO: [ view_filter ] --START--
INFO: Run Behavior\WriteHtmlCacheBehavior [ RunTime:0.001745s ]
INFO: [ view_filter ] --END-- [ RunTime:0.001837s ]
INFO: [ app_end ] --START--
INFO: Run Behavior\ShowPageTraceBehavior [ RunTime:0.001465s ]
INFO: [ app_end ] --END-- [ RunTime:0.001542s ]

[ 2018-11-29T15:33:22+08:00 ] 127.0.0.1 /Public/Admin/js/maps/swiper.jquery.min.js.map
INFO: [ app_init ] --START--
INFO: Run Behavior\BuildLiteBehavior [ RunTime:0.000023s ]
INFO: [ app_init ] --END-- [ RunTime:0.001313s ]
INFO: [ app_begin ] --START--
INFO: Run Behavior\ReadHtmlCacheBehavior [ RunTime:0.002310s ]
INFO: [ app_begin ] --END-- [ RunTime:0.002402s ]
NOTIC: [8] Undefined offset: 0 D:\www\online_team\www.sale.com\Application\Admin\Controller\CommonController.class.php 第 85 行.
ERR: 非法操作:Admin

[ 2018-11-29T15:33:45+08:00 ] 127.0.0.1 /Article/taoJinGeArticle.html
INFO: [ app_init ] --START--
INFO: Run Behavior\BuildLiteBehavior [ RunTime:0.000019s ]
INFO: [ app_init ] --END-- [ RunTime:0.000720s ]
INFO: [ app_begin ] --START--
INFO: Run Behavior\ReadHtmlCacheBehavior [ RunTime:0.001049s ]
INFO: [ app_begin ] --END-- [ RunTime:0.001106s ]
SQL: SHOW COLUMNS FROM `ytt_tao_jin_ge_article` [ RunTime:0.0604s ]
SQL: SELECT COUNT(*) AS tp_count FROM `ytt_tao_jin_ge_article` LIMIT 1   [ RunTime:0.0601s ]
SQL: SELECT * FROM `ytt_tao_jin_ge_article` ORDER BY add_time desc LIMIT 0,20   [ RunTime:0.3395s ]
INFO: [ view_parse ] --START--
INFO: [ template_filter ] --START--
INFO: Run Behavior\ContentReplaceBehavior [ RunTime:0.000144s ]
INFO: [ template_filter ] --END-- [ RunTime:0.000212s ]
NOTIC: [8] Undefined index: son_menu D:\www\online_team\www.sale.com\Application\Runtime\Cache\Admin\4f0354694505eeb794093f7122e72b1d.php 第 49 行.
NOTIC: [8] Undefined index: son_menu D:\www\online_team\www.sale.com\Application\Runtime\Cache\Admin\4f0354694505eeb794093f7122e72b1d.php 第 49 行.
INFO: Run Behavior\ParseTemplateBehavior [ RunTime:0.017092s ]
INFO: [ view_parse ] --END-- [ RunTime:0.017135s ]
INFO: [ view_filter ] --START--
INFO: Run Behavior\WriteHtmlCacheBehavior [ RunTime:0.000866s ]
INFO: [ view_filter ] --END-- [ RunTime:0.000897s ]
INFO: [ app_end ] --START--
INFO: Run Behavior\ShowPageTraceBehavior [ RunTime:0.001092s ]
INFO: [ app_end ] --END-- [ RunTime:0.001134s ]

[ 2018-11-29T15:33:45+08:00 ] 127.0.0.1 /Public/Admin/js/maps/swiper.jquery.min.js.map
INFO: [ app_init ] --START--
INFO: Run Behavior\BuildLiteBehavior [ RunTime:0.000066s ]
INFO: [ app_init ] --END-- [ RunTime:0.001728s ]
INFO: [ app_begin ] --START--
INFO: Run Behavior\ReadHtmlCacheBehavior [ RunTime:0.007395s ]
INFO: [ app_begin ] --END-- [ RunTime:0.007542s ]
NOTIC: [8] Undefined offset: 0 D:\www\online_team\www.sale.com\Application\Admin\Controller\CommonController.class.php 第 85 行.
ERR: 非法操作:Admin

[ 2018-11-29T15:33:48+08:00 ] 127.0.0.1 /Article/taoJinGeArticleInfo/id/11.html
INFO: [ app_init ] --START--
INFO: Run Behavior\BuildLiteBehavior [ RunTime:0.000023s ]
INFO: [ app_init ] --END-- [ RunTime:0.002707s ]
INFO: [ app_begin ] --START--
INFO: Run Behavior\ReadHtmlCacheBehavior [ RunTime:0.001580s ]
INFO: [ app_begin ] --END-- [ RunTime:0.001678s ]
SQL: SHOW COLUMNS FROM `ytt_tao_jin_ge_article` [ RunTime:0.0651s ]
SQL: SELECT * FROM `ytt_tao_jin_ge_article` WHERE `id` = 11 LIMIT 1   [ RunTime:0.0653s ]
INFO: [ view_parse ] --START--
INFO: [ template_filter ] --START--
INFO: Run Behavior\ContentReplaceBehavior [ RunTime:0.000210s ]
INFO: [ template_filter ] --END-- [ RunTime:0.000285s ]
NOTIC: [8] Undefined index: son_menu D:\www\online_team\www.sale.com\Application\Runtime\Cache\Admin\b07e0ad8bf426acf9e84495b9f738f6c.php 第 68 行.
NOTIC: [8] Undefined index: son_menu D:\www\online_team\www.sale.com\Application\Runtime\Cache\Admin\b07e0ad8bf426acf9e84495b9f738f6c.php 第 68 行.
INFO: Run Behavior\ParseTemplateBehavior [ RunTime:0.019795s ]
INFO: [ view_parse ] --END-- [ RunTime:0.019857s ]
INFO: [ view_filter ] --START--
INFO: Run Behavior\WriteHtmlCacheBehavior [ RunTime:0.001369s ]
INFO: [ view_filter ] --END-- [ RunTime:0.001433s ]
INFO: [ app_end ] --START--
INFO: Run Behavior\ShowPageTraceBehavior [ RunTime:0.001539s ]
INFO: [ app_end ] --END-- [ RunTime:0.001604s ]

[ 2018-11-29T15:34:10+08:00 ] 127.0.0.1 /TopLine/itemsList.html
INFO: [ app_init ] --START--
INFO: Run Behavior\BuildLiteBehavior [ RunTime:0.000015s ]
INFO: [ app_init ] --END-- [ RunTime:0.000849s ]
INFO: [ app_begin ] --START--
INFO: Run Behavior\ReadHtmlCacheBehavior [ RunTime:0.001832s ]
INFO: [ app_begin ] --END-- [ RunTime:0.001918s ]
INFO: [ view_parse ] --START--
INFO: [ template_filter ] --START--
INFO: Run Behavior\ContentReplaceBehavior [ RunTime:0.000316s ]
INFO: [ template_filter ] --END-- [ RunTime:0.000387s ]
NOTIC: [8] Undefined index: son_menu D:\www\online_team\www.sale.com\Application\Runtime\Cache\Admin\6cb73ff4e88fcdc2fa9623f330bc0e43.php 第 51 行.
NOTIC: [8] Undefined index: son_menu D:\www\online_team\www.sale.com\Application\Runtime\Cache\Admin\6cb73ff4e88fcdc2fa9623f330bc0e43.php 第 51 行.
NOTIC: [8] Undefined variable: type D:\www\online_team\www.sale.com\Application\Runtime\Cache\Admin\6cb73ff4e88fcdc2fa9623f330bc0e43.php 第 159 行.
NOTIC: [8] Undefined variable: type D:\www\online_team\www.sale.com\Application\Runtime\Cache\Admin\6cb73ff4e88fcdc2fa9623f330bc0e43.php 第 159 行.
NOTIC: [8] Undefined variable: type D:\www\online_team\www.sale.com\Application\Runtime\Cache\Admin\6cb73ff4e88fcdc2fa9623f330bc0e43.php 第 159 行.
NOTIC: [8] Undefined variable: type D:\www\online_team\www.sale.com\Application\Runtime\Cache\Admin\6cb73ff4e88fcdc2fa9623f330bc0e43.php 第 159 行.
NOTIC: [8] Undefined variable: type D:\www\online_team\www.sale.com\Application\Runtime\Cache\Admin\6cb73ff4e88fcdc2fa9623f330bc0e43.php 第 159 行.
NOTIC: [8] Undefined variable: type D:\www\online_team\www.sale.com\Application\Runtime\Cache\Admin\6cb73ff4e88fcdc2fa9623f330bc0e43.php 第 159 行.
NOTIC: [8] Undefined variable: type D:\www\online_team\www.sale.com\Application\Runtime\Cache\Admin\6cb73ff4e88fcdc2fa9623f330bc0e43.php 第 159 行.
NOTIC: [8] Undefined variable: type D:\www\online_team\www.sale.com\Application\Runtime\Cache\Admin\6cb73ff4e88fcdc2fa9623f330bc0e43.php 第 159 行.
NOTIC: [8] Undefined variable: type D:\www\online_team\www.sale.com\Application\Runtime\Cache\Admin\6cb73ff4e88fcdc2fa9623f330bc0e43.php 第 159 行.
NOTIC: [8] Undefined variable: type D:\www\online_team\www.sale.com\Application\Runtime\Cache\Admin\6cb73ff4e88fcdc2fa9623f330bc0e43.php 第 159 行.
NOTIC: [8] Undefined variable: type D:\www\online_team\www.sale.com\Application\Runtime\Cache\Admin\6cb73ff4e88fcdc2fa9623f330bc0e43.php 第 159 行.
NOTIC: [8] Undefined variable: type D:\www\online_team\www.sale.com\Application\Runtime\Cache\Admin\6cb73ff4e88fcdc2fa9623f330bc0e43.php 第 159 行.
NOTIC: [8] Undefined variable: type D:\www\online_team\www.sale.com\Application\Runtime\Cache\Admin\6cb73ff4e88fcdc2fa9623f330bc0e43.php 第 159 行.
NOTIC: [8] Undefined variable: type D:\www\online_team\www.sale.com\Application\Runtime\Cache\Admin\6cb73ff4e88fcdc2fa9623f330bc0e43.php 第 159 行.
NOTIC: [8] Undefined variable: type D:\www\online_team\www.sale.com\Application\Runtime\Cache\Admin\6cb73ff4e88fcdc2fa9623f330bc0e43.php 第 159 行.
NOTIC: [8] Undefined variable: type D:\www\online_team\www.sale.com\Application\Runtime\Cache\Admin\6cb73ff4e88fcdc2fa9623f330bc0e43.php 第 159 行.
NOTIC: [8] Undefined variable: type D:\www\online_team\www.sale.com\Application\Runtime\Cache\Admin\6cb73ff4e88fcdc2fa9623f330bc0e43.php 第 159 行.
NOTIC: [8] Undefined variable: type D:\www\online_team\www.sale.com\Application\Runtime\Cache\Admin\6cb73ff4e88fcdc2fa9623f330bc0e43.php 第 159 行.
NOTIC: [8] Undefined variable: type D:\www\online_team\www.sale.com\Application\Runtime\Cache\Admin\6cb73ff4e88fcdc2fa9623f330bc0e43.php 第 159 行.
NOTIC: [8] Undefined variable: type D:\www\online_team\www.sale.com\Application\Runtime\Cache\Admin\6cb73ff4e88fcdc2fa9623f330bc0e43.php 第 159 行.
NOTIC: [8] Undefined variable: type D:\www\online_team\www.sale.com\Application\Runtime\Cache\Admin\6cb73ff4e88fcdc2fa9623f330bc0e43.php 第 159 行.
NOTIC: [8] Undefined variable: type D:\www\online_team\www.sale.com\Application\Runtime\Cache\Admin\6cb73ff4e88fcdc2fa9623f330bc0e43.php 第 159 行.
NOTIC: [8] Undefined variable: type D:\www\online_team\www.sale.com\Application\Runtime\Cache\Admin\6cb73ff4e88fcdc2fa9623f330bc0e43.php 第 159 行.
NOTIC: [8] Undefined variable: type D:\www\online_team\www.sale.com\Application\Runtime\Cache\Admin\6cb73ff4e88fcdc2fa9623f330bc0e43.php 第 159 行.
NOTIC: [8] Undefined variable: type D:\www\online_team\www.sale.com\Application\Runtime\Cache\Admin\6cb73ff4e88fcdc2fa9623f330bc0e43.php 第 159 行.
NOTIC: [8] Undefined variable: type D:\www\online_team\www.sale.com\Application\Runtime\Cache\Admin\6cb73ff4e88fcdc2fa9623f330bc0e43.php 第 159 行.
NOTIC: [8] Undefined variable: type D:\www\online_team\www.sale.com\Application\Runtime\Cache\Admin\6cb73ff4e88fcdc2fa9623f330bc0e43.php 第 159 行.
NOTIC: [8] Undefined variable: type D:\www\online_team\www.sale.com\Application\Runtime\Cache\Admin\6cb73ff4e88fcdc2fa9623f330bc0e43.php 第 159 行.
NOTIC: [8] Undefined variable: type D:\www\online_team\www.sale.com\Application\Runtime\Cache\Admin\6cb73ff4e88fcdc2fa9623f330bc0e43.php 第 159 行.
NOTIC: [8] Undefined variable: type D:\www\online_team\www.sale.com\Application\Runtime\Cache\Admin\6cb73ff4e88fcdc2fa9623f330bc0e43.php 第 159 行.
NOTIC: [8] Undefined variable: type D:\www\online_team\www.sale.com\Application\Runtime\Cache\Admin\6cb73ff4e88fcdc2fa9623f330bc0e43.php 第 159 行.
NOTIC: [8] Undefined variable: type D:\www\online_team\www.sale.com\Application\Runtime\Cache\Admin\6cb73ff4e88fcdc2fa9623f330bc0e43.php 第 159 行.
NOTIC: [8] Undefined variable: type D:\www\online_team\www.sale.com\Application\Runtime\Cache\Admin\6cb73ff4e88fcdc2fa9623f330bc0e43.php 第 159 行.
NOTIC: [8] Undefined variable: type D:\www\online_team\www.sale.com\Application\Runtime\Cache\Admin\6cb73ff4e88fcdc2fa9623f330bc0e43.php 第 159 行.
NOTIC: [8] Undefined variable: type D:\www\online_team\www.sale.com\Application\Runtime\Cache\Admin\6cb73ff4e88fcdc2fa9623f330bc0e43.php 第 159 行.
NOTIC: [8] Undefined variable: type D:\www\online_team\www.sale.com\Application\Runtime\Cache\Admin\6cb73ff4e88fcdc2fa9623f330bc0e43.php 第 159 行.
NOTIC: [8] Undefined variable: type D:\www\online_team\www.sale.com\Application\Runtime\Cache\Admin\6cb73ff4e88fcdc2fa9623f330bc0e43.php 第 159 行.
NOTIC: [8] Undefined variable: type D:\www\online_team\www.sale.com\Application\Runtime\Cache\Admin\6cb73ff4e88fcdc2fa9623f330bc0e43.php 第 159 行.
NOTIC: [8] Undefined variable: type D:\www\online_team\www.sale.com\Application\Runtime\Cache\Admin\6cb73ff4e88fcdc2fa9623f330bc0e43.php 第 159 行.
NOTIC: [8] Undefined variable: type D:\www\online_team\www.sale.com\Application\Runtime\Cache\Admin\6cb73ff4e88fcdc2fa9623f330bc0e43.php 第 159 行.
INFO: Run Behavior\ParseTemplateBehavior [ RunTime:0.059824s ]
INFO: [ view_parse ] --END-- [ RunTime:0.059946s ]
INFO: [ view_filter ] --START--
INFO: Run Behavior\WriteHtmlCacheBehavior [ RunTime:0.000972s ]
INFO: [ view_filter ] --END-- [ RunTime:0.001009s ]
INFO: [ app_end ] --START--
INFO: Run Behavior\ShowPageTraceBehavior [ RunTime:0.001433s ]
INFO: [ app_end ] --END-- [ RunTime:0.001509s ]

[ 2018-11-29T15:34:13+08:00 ] 127.0.0.1 /Public/Admin/js/maps/swiper.jquery.min.js.map
INFO: [ app_init ] --START--
INFO: Run Behavior\BuildLiteBehavior [ RunTime:0.000015s ]
INFO: [ app_init ] --END-- [ RunTime:0.001050s ]
INFO: [ app_begin ] --START--
INFO: Run Behavior\ReadHtmlCacheBehavior [ RunTime:0.001639s ]
INFO: [ app_begin ] --END-- [ RunTime:0.001741s ]
NOTIC: [8] Undefined offset: 0 D:\www\online_team\www.sale.com\Application\Admin\Controller\CommonController.class.php 第 85 行.
ERR: 非法操作:Admin

[ 2018-11-29T15:34:16+08:00 ] 127.0.0.1 /TopLine/addItemCache.html
INFO: [ app_init ] --START--
INFO: Run Behavior\BuildLiteBehavior [ RunTime:0.000023s ]
INFO: [ app_init ] --END-- [ RunTime:0.001315s ]
INFO: [ app_begin ] --START--
INFO: Run Behavior\ReadHtmlCacheBehavior [ RunTime:0.001578s ]
INFO: [ app_begin ] --END-- [ RunTime:0.001675s ]

[ 2018-11-29T15:35:00+08:00 ] 127.0.0.1 /TopLine/addItemCache.html
INFO: [ app_init ] --START--
INFO: Run Behavior\BuildLiteBehavior [ RunTime:0.000014s ]
INFO: [ app_init ] --END-- [ RunTime:0.000769s ]
INFO: [ app_begin ] --START--
INFO: Run Behavior\ReadHtmlCacheBehavior [ RunTime:0.001902s ]
INFO: [ app_begin ] --END-- [ RunTime:0.001986s ]

[ 2018-11-29T15:40:29+08:00 ] 127.0.0.1 /Article/taoJinGeArticleInfo/id/506.html
INFO: [ app_init ] --START--
INFO: Run Behavior\BuildLiteBehavior [ RunTime:0.000021s ]
INFO: [ app_init ] --END-- [ RunTime:0.000870s ]
INFO: [ app_begin ] --START--
INFO: Run Behavior\ReadHtmlCacheBehavior [ RunTime:0.001006s ]
INFO: [ app_begin ] --END-- [ RunTime:0.001057s ]
SQL: SHOW COLUMNS FROM `ytt_tao_jin_ge_article` [ RunTime:0.0605s ]
SQL: SELECT * FROM `ytt_tao_jin_ge_article` WHERE `id` = 506 LIMIT 1   [ RunTime:0.0627s ]
INFO: [ view_parse ] --START--
INFO: [ template_filter ] --START--
INFO: Run Behavior\ContentReplaceBehavior [ RunTime:0.000254s ]
INFO: [ template_filter ] --END-- [ RunTime:0.000360s ]
NOTIC: [8] Undefined index: son_menu D:\www\online_team\www.sale.com\Application\Runtime\Cache\Admin\b07e0ad8bf426acf9e84495b9f738f6c.php 第 68 行.
NOTIC: [8] Undefined index: son_menu D:\www\online_team\www.sale.com\Application\Runtime\Cache\Admin\b07e0ad8bf426acf9e84495b9f738f6c.php 第 68 行.
INFO: Run Behavior\ParseTemplateBehavior [ RunTime:0.054480s ]
INFO: [ view_parse ] --END-- [ RunTime:0.054599s ]
INFO: [ view_filter ] --START--
INFO: Run Behavior\WriteHtmlCacheBehavior [ RunTime:0.001718s ]
INFO: [ view_filter ] --END-- [ RunTime:0.001797s ]
INFO: [ app_end ] --START--
INFO: Run Behavior\ShowPageTraceBehavior [ RunTime:0.001748s ]
INFO: [ app_end ] --END-- [ RunTime:0.001818s ]

[ 2018-11-29T16:42:20+08:00 ] 127.0.0.1 /Article/taoJinGeArticle.html
INFO: [ app_init ] --START--
INFO: Run Behavior\BuildLiteBehavior [ RunTime:0.000014s ]
INFO: [ app_init ] --END-- [ RunTime:0.000755s ]
INFO: [ app_begin ] --START--
INFO: Run Behavior\ReadHtmlCacheBehavior [ RunTime:0.001289s ]
INFO: [ app_begin ] --END-- [ RunTime:0.001353s ]
SQL: SHOW COLUMNS FROM `ytt_tao_jin_ge_article` [ RunTime:0.0607s ]
SQL: SELECT COUNT(*) AS tp_count FROM `ytt_tao_jin_ge_article` LIMIT 1   [ RunTime:0.0605s ]
SQL: SELECT * FROM `ytt_tao_jin_ge_article` ORDER BY add_time desc LIMIT 0,20   [ RunTime:0.2838s ]
INFO: [ view_parse ] --START--
INFO: [ template_filter ] --START--
INFO: Run Behavior\ContentReplaceBehavior [ RunTime:0.000136s ]
INFO: [ template_filter ] --END-- [ RunTime:0.000183s ]
NOTIC: [8] Undefined index: son_menu D:\www\online_team\www.sale.com\Application\Runtime\Cache\Admin\4f0354694505eeb794093f7122e72b1d.php 第 49 行.
NOTIC: [8] Undefined index: son_menu D:\www\online_team\www.sale.com\Application\Runtime\Cache\Admin\4f0354694505eeb794093f7122e72b1d.php 第 49 行.
INFO: Run Behavior\ParseTemplateBehavior [ RunTime:0.018219s ]
INFO: [ view_parse ] --END-- [ RunTime:0.018263s ]
INFO: [ view_filter ] --START--
INFO: Run Behavior\WriteHtmlCacheBehavior [ RunTime:0.000817s ]
INFO: [ view_filter ] --END-- [ RunTime:0.000847s ]
INFO: [ app_end ] --START--
INFO: Run Behavior\ShowPageTraceBehavior [ RunTime:0.001383s ]
INFO: [ app_end ] --END-- [ RunTime:0.001445s ]

[ 2018-11-29T16:42:22+08:00 ] 127.0.0.1 /TopLine/checkTitle.html?title=%E6%A1%A3%E6%AC%A1%E4%B8%8D%E8%BE%93A6L%EF%BC%8C%E8%B7%8C%E7%A0%B420%E4%B8%87%EF%BC%8C%E9%9A%94%E9%9F%B3%E8%B6%85%E5%90%9B%E8%B6%8A%EF%BC%8C1.6T181%E9%A9%AC%E5%8A%9B
INFO: [ app_init ] --START--
INFO: Run Behavior\BuildLiteBehavior [ RunTime:0.000023s ]
INFO: [ app_init ] --END-- [ RunTime:0.001255s ]
INFO: [ app_begin ] --START--
INFO: Run Behavior\ReadHtmlCacheBehavior [ RunTime:0.001486s ]
INFO: [ app_begin ] --END-- [ RunTime:0.001565s ]

[ 2018-11-29T16:42:26+08:00 ] 127.0.0.1 /TopLine/checkTitle.html?title=30%E4%B8%87%E2%80%9C%E6%99%AE%E6%8B%89%E5%A4%9A%E2%80%9D%E6%9D%A5%E4%BA%86%EF%BC%8C%E7%BA%AF%E8%BF%9B%E5%8F%A3%2B%E5%A4%A7%E4%B8%83%E5%BA%A7%EF%BC%8C%E9%9D%9E%E6%89%BF%E8%BD%BD%E5%BC%8F%E8%BD%A6%E8%BA%AB%2B4%E9%A9%B1
INFO: [ app_init ] --START--
INFO: Run Behavior\BuildLiteBehavior [ RunTime:0.000013s ]
INFO: [ app_init ] --END-- [ RunTime:0.000740s ]
INFO: [ app_begin ] --START--
INFO: Run Behavior\ReadHtmlCacheBehavior [ RunTime:0.001236s ]
INFO: [ app_begin ] --END-- [ RunTime:0.001298s ]

[ 2018-11-29T16:42:28+08:00 ] 127.0.0.1 /TopLine/checkTitle.html?title=%E6%9C%80%E7%89%9BC%E7%BA%A7%E8%BD%BF%E8%B7%9123%E4%B8%87%EF%BC%8C2.0T%2B8AT%E6%B2%B9%E8%80%979L%EF%BC%8C%E8%80%81%E5%8F%B8%E6%9C%BA%E4%BB%AC%E7%9A%84%E6%9C%80%E7%88%B1
INFO: [ app_init ] --START--
INFO: Run Behavior\BuildLiteBehavior [ RunTime:0.000013s ]
INFO: [ app_init ] --END-- [ RunTime:0.000683s ]
INFO: [ app_begin ] --START--
INFO: Run Behavior\ReadHtmlCacheBehavior [ RunTime:0.001042s ]
INFO: [ app_begin ] --END-- [ RunTime:0.001093s ]

[ 2018-11-29T16:42:45+08:00 ] 127.0.0.1 /Article/taoJinGeArticleInfo/id/515.html
INFO: [ app_init ] --START--
INFO: Run Behavior\BuildLiteBehavior [ RunTime:0.000024s ]
INFO: [ app_init ] --END-- [ RunTime:0.001313s ]
INFO: [ app_begin ] --START--
INFO: Run Behavior\ReadHtmlCacheBehavior [ RunTime:0.001395s ]
INFO: [ app_begin ] --END-- [ RunTime:0.001464s ]
SQL: SHOW COLUMNS FROM `ytt_tao_jin_ge_article` [ RunTime:0.0615s ]
SQL: SELECT * FROM `ytt_tao_jin_ge_article` WHERE `id` = 515 LIMIT 1   [ RunTime:0.0607s ]
INFO: [ view_parse ] --START--
INFO: [ template_filter ] --START--
INFO: Run Behavior\ContentReplaceBehavior [ RunTime:0.000293s ]
INFO: [ template_filter ] --END-- [ RunTime:0.000405s ]
NOTIC: [8] Undefined index: son_menu D:\www\online_team\www.sale.com\Application\Runtime\Cache\Admin\b07e0ad8bf426acf9e84495b9f738f6c.php 第 68 行.
NOTIC: [8] Undefined index: son_menu D:\www\online_team\www.sale.com\Application\Runtime\Cache\Admin\b07e0ad8bf426acf9e84495b9f738f6c.php 第 68 行.
INFO: Run Behavior\ParseTemplateBehavior [ RunTime:0.046198s ]
INFO: [ view_parse ] --END-- [ RunTime:0.046320s ]
INFO: [ view_filter ] --START--
INFO: Run Behavior\WriteHtmlCacheBehavior [ RunTime:0.001287s ]
INFO: [ view_filter ] --END-- [ RunTime:0.001332s ]
INFO: [ app_end ] --START--
INFO: Run Behavior\ShowPageTraceBehavior [ RunTime:0.001328s ]
INFO: [ app_end ] --END-- [ RunTime:0.001386s ]

[ 2018-11-29T16:42:52+08:00 ] 127.0.0.1 /Article/taoJinGeArticle.html
INFO: [ app_init ] --START--
INFO: Run Behavior\BuildLiteBehavior [ RunTime:0.000012s ]
INFO: [ app_init ] --END-- [ RunTime:0.000691s ]
INFO: [ app_begin ] --START--
INFO: Run Behavior\ReadHtmlCacheBehavior [ RunTime:0.001227s ]
INFO: [ app_begin ] --END-- [ RunTime:0.001294s ]
SQL: SHOW COLUMNS FROM `ytt_tao_jin_ge_article` [ RunTime:0.0613s ]
SQL: SELECT COUNT(*) AS tp_count FROM `ytt_tao_jin_ge_article` LIMIT 1   [ RunTime:0.0609s ]
SQL: SELECT * FROM `ytt_tao_jin_ge_article` ORDER BY add_time desc LIMIT 0,20   [ RunTime:0.2449s ]
INFO: [ view_parse ] --START--
INFO: [ template_filter ] --START--
INFO: Run Behavior\ContentReplaceBehavior [ RunTime:0.000332s ]
INFO: [ template_filter ] --END-- [ RunTime:0.000443s ]
NOTIC: [8] Undefined index: son_menu D:\www\online_team\www.sale.com\Application\Runtime\Cache\Admin\4f0354694505eeb794093f7122e72b1d.php 第 49 行.
NOTIC: [8] Undefined index: son_menu D:\www\online_team\www.sale.com\Application\Runtime\Cache\Admin\4f0354694505eeb794093f7122e72b1d.php 第 49 行.
INFO: Run Behavior\ParseTemplateBehavior [ RunTime:0.027929s ]
INFO: [ view_parse ] --END-- [ RunTime:0.027993s ]
INFO: [ view_filter ] --START--
INFO: Run Behavior\WriteHtmlCacheBehavior [ RunTime:0.001074s ]
INFO: [ view_filter ] --END-- [ RunTime:0.001113s ]
INFO: [ app_end ] --START--
INFO: Run Behavior\ShowPageTraceBehavior [ RunTime:0.001035s ]
INFO: [ app_end ] --END-- [ RunTime:0.001076s ]

[ 2018-11-29T16:42:54+08:00 ] 127.0.0.1 /TopLine/checkTitle.html?title=%E6%9C%80%E7%89%9BC%E7%BA%A7%E8%BD%BF%E8%B7%9123%E4%B8%87%EF%BC%8C2.0T%2B8AT%E6%B2%B9%E8%80%979L%EF%BC%8C%E8%80%81%E5%8F%B8%E6%9C%BA%E4%BB%AC%E7%9A%84%E6%9C%80%E7%88%B1
INFO: [ app_init ] --START--
INFO: Run Behavior\BuildLiteBehavior [ RunTime:0.000025s ]
INFO: [ app_init ] --END-- [ RunTime:0.001207s ]
INFO: [ app_begin ] --START--
INFO: Run Behavior\ReadHtmlCacheBehavior [ RunTime:0.000970s ]
INFO: [ app_begin ] --END-- [ RunTime:0.001020s ]

[ 2018-11-29T16:42:56+08:00 ] 127.0.0.1 /TopLine/checkTitle.html?title=%E5%A4%A7%E4%BC%97%E8%BF%99%E6%8B%9B%E7%9C%9F%E6%8B%9B%E6%81%A8%EF%BC%81%E6%96%B0%E8%BD%A6%E6%AF%94%E5%A5%A5%E8%BF%AAA7%E6%BC%82%E4%BA%AE%EF%BC%8C244%E9%A9%AC%E5%8A%9B9AT%E5%A5%A2%E5%8D%8E%E5%86%85%E9%A5%B0
INFO: [ app_init ] --START--
INFO: Run Behavior\BuildLiteBehavior [ RunTime:0.000013s ]
INFO: [ app_init ] --END-- [ RunTime:0.000692s ]
INFO: [ app_begin ] --START--
INFO: Run Behavior\ReadHtmlCacheBehavior [ RunTime:0.000966s ]
INFO: [ app_begin ] --END-- [ RunTime:0.001008s ]

[ 2018-11-29T16:42:58+08:00 ] 127.0.0.1 /TopLine/checkTitle.html?title=%E4%BD%A0%E6%83%B3%E8%A6%81%E7%9A%84%E5%A4%A7%E9%BB%84%E8%9C%82%E7%BB%88%E4%BA%8E%E6%9D%A5%E5%95%A6%EF%BC%812.0T%2B%209AT%2B%E5%9B%9B%E9%A9%B1%EF%BC%8C%E5%9B%9E%E5%A4%B4%E7%8E%87%E6%8B%89%E7%88%86
INFO: [ app_init ] --START--
INFO: Run Behavior\BuildLiteBehavior [ RunTime:0.000019s ]
INFO: [ app_init ] --END-- [ RunTime:0.000872s ]
INFO: [ app_begin ] --START--
INFO: Run Behavior\ReadHtmlCacheBehavior [ RunTime:0.001107s ]
INFO: [ app_begin ] --END-- [ RunTime:0.001165s ]

[ 2018-11-29T19:58:28+08:00 ] 127.0.0.1 /
INFO: [ app_init ] --START--
INFO: Run Behavior\BuildLiteBehavior [ RunTime:0.000024s ]
INFO: [ app_init ] --END-- [ RunTime:0.003033s ]
INFO: [ app_begin ] --START--
INFO: Run Behavior\ReadHtmlCacheBehavior [ RunTime:0.001942s ]
INFO: [ app_begin ] --END-- [ RunTime:0.002037s ]

[ 2018-11-29T19:58:28+08:00 ] 127.0.0.1 /Login/index.html
INFO: [ app_init ] --START--
INFO: Run Behavior\BuildLiteBehavior [ RunTime:0.000023s ]
INFO: [ app_init ] --END-- [ RunTime:0.001087s ]
INFO: [ app_begin ] --START--
INFO: Run Behavior\ReadHtmlCacheBehavior [ RunTime:0.001252s ]
INFO: [ app_begin ] --END-- [ RunTime:0.001344s ]
INFO: [ view_parse ] --START--
INFO: [ template_filter ] --START--
INFO: Run Behavior\ContentReplaceBehavior [ RunTime:0.001417s ]
INFO: [ template_filter ] --END-- [ RunTime:0.001510s ]
INFO: Run Behavior\ParseTemplateBehavior [ RunTime:0.031734s ]
INFO: [ view_parse ] --END-- [ RunTime:0.031819s ]
INFO: [ view_filter ] --START--
INFO: Run Behavior\WriteHtmlCacheBehavior [ RunTime:0.001350s ]
INFO: [ view_filter ] --END-- [ RunTime:0.001419s ]
INFO: [ app_end ] --START--
INFO: Run Behavior\ShowPageTraceBehavior [ RunTime:0.001641s ]
INFO: [ app_end ] --END-- [ RunTime:0.001715s ]

