[ 2018-11-16T16:55:15+08:00 ] 127.0.0.1 /SaleArticle/index.html
INFO: [ app_init ] --START--
INFO: Run Behavior\BuildLiteBehavior [ RunTime:0.000024s ]
INFO: [ app_init ] --END-- [ RunTime:0.001647s ]
INFO: [ app_begin ] --START--
INFO: Run Behavior\ReadHtmlCacheBehavior [ RunTime:0.001971s ]
INFO: [ app_begin ] --END-- [ RunTime:0.002067s ]
SQL: SHOW COLUMNS FROM `ytt_temai_article` [ RunTime:0.0625s ]
SQL: SELECT COUNT(id) AS tp_count FROM `ytt_temai_article` LIMIT 1   [ RunTime:0.6171s ]
SQL: SELECT * FROM `ytt_temai_article` ORDER BY behot_time desc LIMIT 0,20   [ RunTime:0.0620s ]
SQL: SELECT count(id) as num,`create_user_id` FROM `ytt_temai_article` WHERE `create_user_id` IN ('2314','28932','29221','6199','282','3683','7469','5858','5561','28206','26178','5867','22650','26333','28456','25883','2785','26551','26873','1543') GROUP BY create_user_id  [ RunTime:1.1052s ]
INFO: [ view_parse ] --START--
INFO: [ template_filter ] --START--
INFO: Run Behavior\ContentReplaceBehavior [ RunTime:0.000321s ]
INFO: [ template_filter ] --END-- [ RunTime:0.000473s ]
NOTIC: [8] Undefined index: son_menu D:\www\online_team\www.sale.com\Application\Runtime\Cache\Admin\049520d767170d7c6119f2fe484649a3.php 第 49 行.
NOTIC: [8] Undefined index: son_menu D:\www\online_team\www.sale.com\Application\Runtime\Cache\Admin\049520d767170d7c6119f2fe484649a3.php 第 49 行.
INFO: Run Behavior\ParseTemplateBehavior [ RunTime:0.036831s ]
INFO: [ view_parse ] --END-- [ RunTime:0.036986s ]
INFO: [ view_filter ] --START--
INFO: Run Behavior\WriteHtmlCacheBehavior [ RunTime:0.003325s ]
INFO: [ view_filter ] --END-- [ RunTime:0.003402s ]
INFO: [ app_end ] --START--
INFO: Run Behavior\ShowPageTraceBehavior [ RunTime:0.001975s ]
INFO: [ app_end ] --END-- [ RunTime:0.002073s ]

[ 2018-11-16T16:55:16+08:00 ] 127.0.0.1 /favicon.ico
INFO: [ app_init ] --START--
INFO: Run Behavior\BuildLiteBehavior [ RunTime:0.000024s ]
INFO: [ app_init ] --END-- [ RunTime:0.001017s ]

[ 2018-11-16T16:55:54+08:00 ] 127.0.0.1 /TopLine/openArticleDetail/id/6624364931414229508.html
INFO: [ app_init ] --START--
INFO: Run Behavior\BuildLiteBehavior [ RunTime:0.000023s ]
INFO: [ app_init ] --END-- [ RunTime:0.000998s ]
INFO: [ app_begin ] --START--
INFO: Run Behavior\ReadHtmlCacheBehavior [ RunTime:0.001392s ]
INFO: [ app_begin ] --END-- [ RunTime:0.001483s ]
INFO: [ view_parse ] --START--
INFO: [ template_filter ] --START--
INFO: Run Behavior\ContentReplaceBehavior [ RunTime:0.000223s ]
INFO: [ template_filter ] --END-- [ RunTime:0.000299s ]
NOTIC: [8] Undefined index: son_menu D:\www\online_team\www.sale.com\Application\Runtime\Cache\Admin\d20b57d955a4d463c8e0c8dd5762c69f.php 第 63 行.
NOTIC: [8] Undefined index: son_menu D:\www\online_team\www.sale.com\Application\Runtime\Cache\Admin\d20b57d955a4d463c8e0c8dd5762c69f.php 第 63 行.
INFO: Run Behavior\ParseTemplateBehavior [ RunTime:0.025273s ]
INFO: [ view_parse ] --END-- [ RunTime:0.025371s ]
INFO: [ view_filter ] --START--
INFO: Run Behavior\WriteHtmlCacheBehavior [ RunTime:0.001201s ]
INFO: [ view_filter ] --END-- [ RunTime:0.001271s ]
INFO: [ app_end ] --START--
INFO: Run Behavior\ShowPageTraceBehavior [ RunTime:0.001491s ]
INFO: [ app_end ] --END-- [ RunTime:0.001582s ]

[ 2018-11-16T16:56:04+08:00 ] 127.0.0.1 /SaleArticle/count.html
INFO: [ app_init ] --START--
INFO: Run Behavior\BuildLiteBehavior [ RunTime:0.000029s ]
INFO: [ app_init ] --END-- [ RunTime:0.001186s ]
INFO: [ app_begin ] --START--
INFO: Run Behavior\ReadHtmlCacheBehavior [ RunTime:0.001201s ]
INFO: [ app_begin ] --END-- [ RunTime:0.001318s ]
SQL: SHOW COLUMNS FROM `ytt_temai_article` [ RunTime:0.0657s ]
SQL: SELECT COUNT(id) AS tp_count FROM `ytt_temai_article` LIMIT 1   [ RunTime:0.6084s ]
SQL: SELECT * FROM `ytt_temai_article` ORDER BY behot_time desc LIMIT 0,20   [ RunTime:0.0663s ]
SQL: SELECT count(id) as num,`create_user_id` FROM `ytt_temai_article` WHERE `create_user_id` IN ('2314','28932','29221','6199','282','3683','7469','5858','5561','28206','26178','5867','22650','26333','28456','25883','2785','26551','26873','1543') GROUP BY create_user_id  [ RunTime:1.1051s ]
SQL: SELECT count(id) as total,FROM_UNIXTIME(behot_time,"%Y-%m-%d") as time FROM `ytt_temai_article` WHERE `behot_time` BETWEEN 1541692800 AND 1542383999 GROUP BY time  [ RunTime:0.3212s ]
SQL: SELECT `go_detail_count`,FROM_UNIXTIME(behot_time,"%Y-%m-%d") as time FROM `ytt_temai_article` WHERE `behot_time` BETWEEN 1541692800 AND 1542383999 AND `go_detail_count` >= 10000  [ RunTime:0.2665s ]
INFO: [ view_parse ] --START--
INFO: [ template_filter ] --START--
INFO: Run Behavior\ContentReplaceBehavior [ RunTime:0.000229s ]
INFO: [ template_filter ] --END-- [ RunTime:0.000279s ]
NOTIC: [8] Undefined index: son_menu D:\www\online_team\www.sale.com\Application\Runtime\Cache\Admin\b847a871539f3261e4ca07b63e6726f1.php 第 49 行.
NOTIC: [8] Undefined index: son_menu D:\www\online_team\www.sale.com\Application\Runtime\Cache\Admin\b847a871539f3261e4ca07b63e6726f1.php 第 49 行.
INFO: Run Behavior\ParseTemplateBehavior [ RunTime:0.027684s ]
INFO: [ view_parse ] --END-- [ RunTime:0.027752s ]
INFO: [ view_filter ] --START--
INFO: Run Behavior\WriteHtmlCacheBehavior [ RunTime:0.000828s ]
INFO: [ view_filter ] --END-- [ RunTime:0.000865s ]
INFO: [ app_end ] --START--
INFO: Run Behavior\ShowPageTraceBehavior [ RunTime:0.000808s ]
INFO: [ app_end ] --END-- [ RunTime:0.000856s ]

[ 2018-11-16T16:56:08+08:00 ] 127.0.0.1 /TopLine/openArticleDetail/id/6624364937307226632.html
INFO: [ app_init ] --START--
INFO: Run Behavior\BuildLiteBehavior [ RunTime:0.000038s ]
INFO: [ app_init ] --END-- [ RunTime:0.001469s ]
INFO: [ app_begin ] --START--
INFO: Run Behavior\ReadHtmlCacheBehavior [ RunTime:0.001218s ]
INFO: [ app_begin ] --END-- [ RunTime:0.001303s ]
INFO: [ view_parse ] --START--
INFO: [ template_filter ] --START--
INFO: Run Behavior\ContentReplaceBehavior [ RunTime:0.000132s ]
INFO: [ template_filter ] --END-- [ RunTime:0.000188s ]
NOTIC: [8] Undefined index: son_menu D:\www\online_team\www.sale.com\Application\Runtime\Cache\Admin\d20b57d955a4d463c8e0c8dd5762c69f.php 第 63 行.
NOTIC: [8] Undefined index: son_menu D:\www\online_team\www.sale.com\Application\Runtime\Cache\Admin\d20b57d955a4d463c8e0c8dd5762c69f.php 第 63 行.
INFO: Run Behavior\ParseTemplateBehavior [ RunTime:0.027507s ]
INFO: [ view_parse ] --END-- [ RunTime:0.027592s ]
INFO: [ view_filter ] --START--
INFO: Run Behavior\WriteHtmlCacheBehavior [ RunTime:0.001249s ]
INFO: [ view_filter ] --END-- [ RunTime:0.001324s ]
INFO: [ app_end ] --START--
INFO: Run Behavior\ShowPageTraceBehavior [ RunTime:0.001192s ]
INFO: [ app_end ] --END-- [ RunTime:0.001269s ]

[ 2018-11-16T16:56:19+08:00 ] 127.0.0.1 /SaleArticle/count.html
INFO: [ app_init ] --START--
INFO: Run Behavior\BuildLiteBehavior [ RunTime:0.000034s ]
INFO: [ app_init ] --END-- [ RunTime:0.001092s ]
INFO: [ app_begin ] --START--
INFO: Run Behavior\ReadHtmlCacheBehavior [ RunTime:0.001578s ]
INFO: [ app_begin ] --END-- [ RunTime:0.001675s ]
SQL: SHOW COLUMNS FROM `ytt_temai_article` [ RunTime:0.0608s ]
SQL: SELECT COUNT(id) AS tp_count FROM `ytt_temai_article` LIMIT 1   [ RunTime:0.5998s ]
SQL: SELECT * FROM `ytt_temai_article` ORDER BY behot_time desc LIMIT 0,20   [ RunTime:0.0623s ]
SQL: SELECT count(id) as num,`create_user_id` FROM `ytt_temai_article` WHERE `create_user_id` IN ('2314','28932','29221','6199','282','3683','7469','5858','5561','28206','26178','5867','22650','26333','28456','25883','2785','26551','26873','1543') GROUP BY create_user_id  [ RunTime:1.0923s ]
SQL: SELECT count(id) as total,FROM_UNIXTIME(behot_time,"%Y-%m-%d") as time FROM `ytt_temai_article` WHERE `behot_time` BETWEEN 1541692800 AND 1542383999 GROUP BY time  [ RunTime:0.3103s ]
SQL: SELECT `go_detail_count`,FROM_UNIXTIME(behot_time,"%Y-%m-%d") as time FROM `ytt_temai_article` WHERE `behot_time` BETWEEN 1541692800 AND 1542383999 AND `go_detail_count` >= 10000  [ RunTime:0.3130s ]
INFO: [ view_parse ] --START--
INFO: [ template_filter ] --START--
INFO: Run Behavior\ContentReplaceBehavior [ RunTime:0.000370s ]
INFO: [ template_filter ] --END-- [ RunTime:0.000458s ]
NOTIC: [8] Undefined index: son_menu D:\www\online_team\www.sale.com\Application\Runtime\Cache\Admin\b847a871539f3261e4ca07b63e6726f1.php 第 49 行.
NOTIC: [8] Undefined index: son_menu D:\www\online_team\www.sale.com\Application\Runtime\Cache\Admin\b847a871539f3261e4ca07b63e6726f1.php 第 49 行.
INFO: Run Behavior\ParseTemplateBehavior [ RunTime:0.030303s ]
INFO: [ view_parse ] --END-- [ RunTime:0.030370s ]
INFO: [ view_filter ] --START--
INFO: Run Behavior\WriteHtmlCacheBehavior [ RunTime:0.000916s ]
INFO: [ view_filter ] --END-- [ RunTime:0.000979s ]
INFO: [ app_end ] --START--
INFO: Run Behavior\ShowPageTraceBehavior [ RunTime:0.001033s ]
INFO: [ app_end ] --END-- [ RunTime:0.001100s ]

[ 2018-11-16T16:56:28+08:00 ] 127.0.0.1 /TopLine/openArticleDetail/id/6624364937307226632.html
INFO: [ app_init ] --START--
INFO: Run Behavior\BuildLiteBehavior [ RunTime:0.000029s ]
INFO: [ app_init ] --END-- [ RunTime:0.001018s ]
INFO: [ app_begin ] --START--
INFO: Run Behavior\ReadHtmlCacheBehavior [ RunTime:0.001177s ]
INFO: [ app_begin ] --END-- [ RunTime:0.001296s ]
INFO: [ view_parse ] --START--
INFO: [ template_filter ] --START--
INFO: Run Behavior\ContentReplaceBehavior [ RunTime:0.000135s ]
INFO: [ template_filter ] --END-- [ RunTime:0.000187s ]
NOTIC: [8] Undefined index: son_menu D:\www\online_team\www.sale.com\Application\Runtime\Cache\Admin\d20b57d955a4d463c8e0c8dd5762c69f.php 第 63 行.
NOTIC: [8] Undefined index: son_menu D:\www\online_team\www.sale.com\Application\Runtime\Cache\Admin\d20b57d955a4d463c8e0c8dd5762c69f.php 第 63 行.
INFO: Run Behavior\ParseTemplateBehavior [ RunTime:0.017966s ]
INFO: [ view_parse ] --END-- [ RunTime:0.018026s ]
INFO: [ view_filter ] --START--
INFO: Run Behavior\WriteHtmlCacheBehavior [ RunTime:0.000853s ]
INFO: [ view_filter ] --END-- [ RunTime:0.000894s ]
INFO: [ app_end ] --START--
INFO: Run Behavior\ShowPageTraceBehavior [ RunTime:0.000952s ]
INFO: [ app_end ] --END-- [ RunTime:0.001031s ]

[ 2018-11-16T17:11:13+08:00 ] 127.0.0.1 /SaleArticle/count.html
INFO: [ app_init ] --START--
INFO: Run Behavior\BuildLiteBehavior [ RunTime:0.000014s ]
INFO: [ app_init ] --END-- [ RunTime:0.000671s ]
INFO: [ app_begin ] --START--
INFO: Run Behavior\ReadHtmlCacheBehavior [ RunTime:0.005913s ]
INFO: [ app_begin ] --END-- [ RunTime:0.006009s ]
SQL: SHOW COLUMNS FROM `ytt_temai_article` [ RunTime:0.0614s ]
SQL: SELECT COUNT(id) AS tp_count FROM `ytt_temai_article` LIMIT 1   [ RunTime:0.7054s ]
SQL: SELECT * FROM `ytt_temai_article` ORDER BY behot_time desc LIMIT 0,20   [ RunTime:0.0649s ]
SQL: SELECT count(id) as num,`create_user_id` FROM `ytt_temai_article` WHERE `create_user_id` IN ('2314','28932','29221','6199','282','3683','7469','5858','5561','28206','26178','5867','22650','26333','28456','25883','2785','26551','26873','1543') GROUP BY create_user_id  [ RunTime:1.1011s ]
SQL: SELECT count(id) as total,FROM_UNIXTIME(behot_time,"%Y-%m-%d") as time FROM `ytt_temai_article` WHERE `behot_time` BETWEEN 1541692800 AND 1542383999 GROUP BY time  [ RunTime:0.3205s ]
SQL: SELECT `go_detail_count`,FROM_UNIXTIME(behot_time,"%Y-%m-%d") as time FROM `ytt_temai_article` WHERE `behot_time` BETWEEN 1541692800 AND 1542383999 AND `go_detail_count` >= 10000  [ RunTime:0.3155s ]
INFO: [ view_parse ] --START--
INFO: [ template_filter ] --START--
INFO: Run Behavior\ContentReplaceBehavior [ RunTime:0.000315s ]
INFO: [ template_filter ] --END-- [ RunTime:0.000386s ]
NOTIC: [8] Undefined index: son_menu D:\www\online_team\www.sale.com\Application\Runtime\Cache\Admin\b847a871539f3261e4ca07b63e6726f1.php 第 49 行.
NOTIC: [8] Undefined index: son_menu D:\www\online_team\www.sale.com\Application\Runtime\Cache\Admin\b847a871539f3261e4ca07b63e6726f1.php 第 49 行.
INFO: Run Behavior\ParseTemplateBehavior [ RunTime:0.023745s ]
INFO: [ view_parse ] --END-- [ RunTime:0.023802s ]
INFO: [ view_filter ] --START--
INFO: Run Behavior\WriteHtmlCacheBehavior [ RunTime:0.001060s ]
INFO: [ view_filter ] --END-- [ RunTime:0.001122s ]
INFO: [ app_end ] --START--
INFO: Run Behavior\ShowPageTraceBehavior [ RunTime:0.001310s ]
INFO: [ app_end ] --END-- [ RunTime:0.001393s ]

[ 2018-11-16T17:11:17+08:00 ] 127.0.0.1 /TopLine/openArticleDetail/id/9425252.html
INFO: [ app_init ] --START--
INFO: Run Behavior\BuildLiteBehavior [ RunTime:0.000036s ]
INFO: [ app_init ] --END-- [ RunTime:0.001470s ]
INFO: [ app_begin ] --START--
INFO: Run Behavior\ReadHtmlCacheBehavior [ RunTime:0.001185s ]
INFO: [ app_begin ] --END-- [ RunTime:0.001327s ]
SQL: SHOW COLUMNS FROM `ytt_temai_article` [ RunTime:0.0612s ]
SQL: SELECT * FROM `ytt_temai_article` WHERE `id` = 9425252 LIMIT 1   [ RunTime:0.0609s ]
INFO: [ view_parse ] --START--
INFO: [ template_filter ] --START--
INFO: Run Behavior\ContentReplaceBehavior [ RunTime:0.000221s ]
INFO: [ template_filter ] --END-- [ RunTime:0.000305s ]
NOTIC: [8] Undefined index: son_menu D:\www\online_team\www.sale.com\Application\Runtime\Cache\Admin\d20b57d955a4d463c8e0c8dd5762c69f.php 第 63 行.
NOTIC: [8] Undefined index: son_menu D:\www\online_team\www.sale.com\Application\Runtime\Cache\Admin\d20b57d955a4d463c8e0c8dd5762c69f.php 第 63 行.
INFO: Run Behavior\ParseTemplateBehavior [ RunTime:0.020663s ]
INFO: [ view_parse ] --END-- [ RunTime:0.020748s ]
INFO: [ view_filter ] --START--
INFO: Run Behavior\WriteHtmlCacheBehavior [ RunTime:0.001128s ]
INFO: [ view_filter ] --END-- [ RunTime:0.001191s ]
INFO: [ app_end ] --START--
INFO: Run Behavior\ShowPageTraceBehavior [ RunTime:0.001232s ]
INFO: [ app_end ] --END-- [ RunTime:0.001313s ]

[ 2018-11-16T17:12:37+08:00 ] 127.0.0.1 /TopLine/openArticleDetail/id/6624364937307226632.html
INFO: [ app_init ] --START--
INFO: Run Behavior\BuildLiteBehavior [ RunTime:0.000025s ]
INFO: [ app_init ] --END-- [ RunTime:0.001308s ]
INFO: [ app_begin ] --START--
INFO: Run Behavior\ReadHtmlCacheBehavior [ RunTime:0.001198s ]
INFO: [ app_begin ] --END-- [ RunTime:0.001285s ]
SQL: SHOW COLUMNS FROM `ytt_temai_article` [ RunTime:0.1043s ]
SQL: SELECT * FROM `ytt_temai_article` WHERE `id` = 0 LIMIT 1   [ RunTime:0.1177s ]

[ 2018-11-16T17:12:49+08:00 ] 127.0.0.1 /TopLine/openArticleDetail/id/6624364937307226632.html
INFO: [ app_init ] --START--
INFO: Run Behavior\BuildLiteBehavior [ RunTime:0.000025s ]
INFO: [ app_init ] --END-- [ RunTime:0.001052s ]
INFO: [ app_begin ] --START--
INFO: Run Behavior\ReadHtmlCacheBehavior [ RunTime:0.001440s ]
INFO: [ app_begin ] --END-- [ RunTime:0.001523s ]
SQL: SHOW COLUMNS FROM `ytt_temai_article` [ RunTime:0.1182s ]
SQL: SELECT * FROM `ytt_temai_article` WHERE `id` = 0 LIMIT 1   [ RunTime:0.1123s ]
NOTIC: [2] preg_match() expects parameter 2 to be string, array given D:\www\online_team\www.sale.com\Application\Admin\Controller\TopLineController.class.php 第 1465 行.
NOTIC: [2] preg_match() expects parameter 2 to be string, array given D:\www\online_team\www.sale.com\Application\Admin\Controller\TopLineController.class.php 第 1471 行.
INFO: [ view_parse ] --START--
INFO: [ template_filter ] --START--
INFO: Run Behavior\ContentReplaceBehavior [ RunTime:0.000201s ]
INFO: [ template_filter ] --END-- [ RunTime:0.000277s ]
NOTIC: [8] Undefined index: son_menu D:\www\online_team\www.sale.com\Application\Runtime\Cache\Admin\d20b57d955a4d463c8e0c8dd5762c69f.php 第 63 行.
NOTIC: [8] Undefined index: son_menu D:\www\online_team\www.sale.com\Application\Runtime\Cache\Admin\d20b57d955a4d463c8e0c8dd5762c69f.php 第 63 行.
INFO: Run Behavior\ParseTemplateBehavior [ RunTime:0.022294s ]
INFO: [ view_parse ] --END-- [ RunTime:0.022405s ]
INFO: [ view_filter ] --START--
INFO: Run Behavior\WriteHtmlCacheBehavior [ RunTime:0.001198s ]
INFO: [ view_filter ] --END-- [ RunTime:0.001275s ]
INFO: [ app_end ] --START--
INFO: Run Behavior\ShowPageTraceBehavior [ RunTime:0.001314s ]
INFO: [ app_end ] --END-- [ RunTime:0.001394s ]

[ 2018-11-16T17:13:06+08:00 ] 127.0.0.1 /TopLine/openArticleDetail/id/6624364937307226632.html
INFO: [ app_init ] --START--
INFO: Run Behavior\BuildLiteBehavior [ RunTime:0.000022s ]
INFO: [ app_init ] --END-- [ RunTime:0.000911s ]
INFO: [ app_begin ] --START--
INFO: Run Behavior\ReadHtmlCacheBehavior [ RunTime:0.001525s ]
INFO: [ app_begin ] --END-- [ RunTime:0.001623s ]
SQL: SHOW COLUMNS FROM `ytt_temai_article` [ RunTime:0.0647s ]
SQL: SELECT * FROM `ytt_temai_article` WHERE `id` = 0 LIMIT 1   [ RunTime:0.0622s ]

[ 2018-11-16T17:13:14+08:00 ] 127.0.0.1 /SaleArticle/count.html
INFO: [ app_init ] --START--
INFO: Run Behavior\BuildLiteBehavior [ RunTime:0.000023s ]
INFO: [ app_init ] --END-- [ RunTime:0.001123s ]
INFO: [ app_begin ] --START--
INFO: Run Behavior\ReadHtmlCacheBehavior [ RunTime:0.001158s ]
INFO: [ app_begin ] --END-- [ RunTime:0.001235s ]
SQL: SHOW COLUMNS FROM `ytt_temai_article` [ RunTime:0.0621s ]
SQL: SELECT COUNT(id) AS tp_count FROM `ytt_temai_article` LIMIT 1   [ RunTime:0.6727s ]
SQL: SELECT * FROM `ytt_temai_article` ORDER BY behot_time desc LIMIT 0,20   [ RunTime:0.0605s ]
SQL: SELECT count(id) as num,`create_user_id` FROM `ytt_temai_article` WHERE `create_user_id` IN ('2314','28932','29221','6199','282','3683','7469','5858','5561','28206','26178','5867','22650','26333','28456','25883','2785','26551','26873','1543') GROUP BY create_user_id  [ RunTime:1.1378s ]
SQL: SELECT count(id) as total,FROM_UNIXTIME(behot_time,"%Y-%m-%d") as time FROM `ytt_temai_article` WHERE `behot_time` BETWEEN 1541692800 AND 1542383999 GROUP BY time  [ RunTime:0.3163s ]
SQL: SELECT `go_detail_count`,FROM_UNIXTIME(behot_time,"%Y-%m-%d") as time FROM `ytt_temai_article` WHERE `behot_time` BETWEEN 1541692800 AND 1542383999 AND `go_detail_count` >= 10000  [ RunTime:0.2754s ]
INFO: [ view_parse ] --START--
INFO: [ template_filter ] --START--
INFO: Run Behavior\ContentReplaceBehavior [ RunTime:0.000338s ]
INFO: [ template_filter ] --END-- [ RunTime:0.000420s ]
NOTIC: [8] Undefined index: son_menu D:\www\online_team\www.sale.com\Application\Runtime\Cache\Admin\b847a871539f3261e4ca07b63e6726f1.php 第 49 行.
NOTIC: [8] Undefined index: son_menu D:\www\online_team\www.sale.com\Application\Runtime\Cache\Admin\b847a871539f3261e4ca07b63e6726f1.php 第 49 行.
INFO: Run Behavior\ParseTemplateBehavior [ RunTime:0.029932s ]
INFO: [ view_parse ] --END-- [ RunTime:0.030000s ]
INFO: [ view_filter ] --START--
INFO: Run Behavior\WriteHtmlCacheBehavior [ RunTime:0.000879s ]
INFO: [ view_filter ] --END-- [ RunTime:0.000917s ]

[ 2018-11-16T17:13:18+08:00 ] 127.0.0.1 /SaleArticle/count.html
INFO: [ app_init ] --START--
INFO: Run Behavior\BuildLiteBehavior [ RunTime:0.000021s ]
INFO: [ app_init ] --END-- [ RunTime:0.001191s ]
INFO: [ app_begin ] --START--
INFO: Run Behavior\ReadHtmlCacheBehavior [ RunTime:0.003395s ]
INFO: [ app_begin ] --END-- [ RunTime:0.003487s ]
SQL: SHOW COLUMNS FROM `ytt_temai_article` [ RunTime:0.0616s ]
SQL: SELECT COUNT(id) AS tp_count FROM `ytt_temai_article` LIMIT 1   [ RunTime:0.6168s ]
SQL: SELECT * FROM `ytt_temai_article` ORDER BY behot_time desc LIMIT 0,20   [ RunTime:0.0626s ]
SQL: SELECT count(id) as num,`create_user_id` FROM `ytt_temai_article` WHERE `create_user_id` IN ('2314','28932','29221','6199','282','3683','7469','5858','5561','28206','26178','5867','22650','26333','28456','25883','2785','26551','26873','1543') GROUP BY create_user_id  [ RunTime:1.1178s ]
SQL: SELECT count(id) as total,FROM_UNIXTIME(behot_time,"%Y-%m-%d") as time FROM `ytt_temai_article` WHERE `behot_time` BETWEEN 1541692800 AND 1542383999 GROUP BY time  [ RunTime:1.1104s ]
SQL: SELECT `go_detail_count`,FROM_UNIXTIME(behot_time,"%Y-%m-%d") as time FROM `ytt_temai_article` WHERE `behot_time` BETWEEN 1541692800 AND 1542383999 AND `go_detail_count` >= 10000  [ RunTime:0.3285s ]
INFO: [ view_parse ] --START--
INFO: [ template_filter ] --START--
INFO: Run Behavior\ContentReplaceBehavior [ RunTime:0.000319s ]
INFO: [ template_filter ] --END-- [ RunTime:0.000397s ]
NOTIC: [8] Undefined index: son_menu D:\www\online_team\www.sale.com\Application\Runtime\Cache\Admin\b847a871539f3261e4ca07b63e6726f1.php 第 49 行.
NOTIC: [8] Undefined index: son_menu D:\www\online_team\www.sale.com\Application\Runtime\Cache\Admin\b847a871539f3261e4ca07b63e6726f1.php 第 49 行.
INFO: Run Behavior\ParseTemplateBehavior [ RunTime:0.029565s ]
INFO: [ view_parse ] --END-- [ RunTime:0.029647s ]
INFO: [ view_filter ] --START--
INFO: Run Behavior\WriteHtmlCacheBehavior [ RunTime:0.001194s ]
INFO: [ view_filter ] --END-- [ RunTime:0.001263s ]

[ 2018-11-16T17:13:20+08:00 ] 127.0.0.1 /SaleArticle/index.html
INFO: [ app_init ] --START--
INFO: Run Behavior\BuildLiteBehavior [ RunTime:0.000025s ]
INFO: [ app_init ] --END-- [ RunTime:0.000966s ]
INFO: [ app_begin ] --START--
INFO: Run Behavior\ReadHtmlCacheBehavior [ RunTime:0.001318s ]
INFO: [ app_begin ] --END-- [ RunTime:0.001409s ]
SQL: SHOW COLUMNS FROM `ytt_temai_article` [ RunTime:0.0610s ]
SQL: SELECT COUNT(id) AS tp_count FROM `ytt_temai_article` LIMIT 1   [ RunTime:0.6519s ]
SQL: SELECT * FROM `ytt_temai_article` ORDER BY behot_time desc LIMIT 0,20   [ RunTime:0.1134s ]
SQL: SELECT count(id) as num,`create_user_id` FROM `ytt_temai_article` WHERE `create_user_id` IN ('2314','28932','29221','6199','282','3683','7469','5858','5561','28206','26178','5867','22650','26333','28456','25883','2785','26551','26873','1543') GROUP BY create_user_id  [ RunTime:1.1062s ]
INFO: [ view_parse ] --START--
INFO: [ template_filter ] --START--
INFO: Run Behavior\ContentReplaceBehavior [ RunTime:0.000296s ]
INFO: [ template_filter ] --END-- [ RunTime:0.000390s ]
NOTIC: [8] Undefined index: son_menu D:\www\online_team\www.sale.com\Application\Runtime\Cache\Admin\049520d767170d7c6119f2fe484649a3.php 第 49 行.
NOTIC: [8] Undefined index: son_menu D:\www\online_team\www.sale.com\Application\Runtime\Cache\Admin\049520d767170d7c6119f2fe484649a3.php 第 49 行.
INFO: Run Behavior\ParseTemplateBehavior [ RunTime:0.029413s ]
INFO: [ view_parse ] --END-- [ RunTime:0.029553s ]
INFO: [ view_filter ] --START--
INFO: Run Behavior\WriteHtmlCacheBehavior [ RunTime:0.001793s ]
INFO: [ view_filter ] --END-- [ RunTime:0.001877s ]
INFO: [ app_end ] --START--
INFO: Run Behavior\ShowPageTraceBehavior [ RunTime:0.001418s ]
INFO: [ app_end ] --END-- [ RunTime:0.001508s ]

[ 2018-11-16T17:13:33+08:00 ] 127.0.0.1 /SaleArticle/index.html
INFO: [ app_init ] --START--
INFO: Run Behavior\BuildLiteBehavior [ RunTime:0.000014s ]
INFO: [ app_init ] --END-- [ RunTime:0.000713s ]
INFO: [ app_begin ] --START--
INFO: Run Behavior\ReadHtmlCacheBehavior [ RunTime:0.000976s ]
INFO: [ app_begin ] --END-- [ RunTime:0.001063s ]
SQL: SHOW COLUMNS FROM `ytt_temai_article` [ RunTime:0.1209s ]
SQL: SELECT COUNT(id) AS tp_count FROM `ytt_temai_article` LIMIT 1   [ RunTime:0.6370s ]
SQL: SELECT * FROM `ytt_temai_article` ORDER BY behot_time desc LIMIT 0,20   [ RunTime:0.0915s ]
SQL: SELECT count(id) as num,`create_user_id` FROM `ytt_temai_article` WHERE `create_user_id` IN ('2314','28932','29221','6199','282','3683','7469','5858','5561','28206','26178','5867','22650','26333','28456','25883','2785','26551','26873','1543') GROUP BY create_user_id  [ RunTime:1.1636s ]
INFO: [ view_parse ] --START--
INFO: [ template_filter ] --START--
INFO: Run Behavior\ContentReplaceBehavior [ RunTime:0.000333s ]
INFO: [ template_filter ] --END-- [ RunTime:0.000424s ]
NOTIC: [8] Undefined index: son_menu D:\www\online_team\www.sale.com\Application\Runtime\Cache\Admin\049520d767170d7c6119f2fe484649a3.php 第 49 行.
NOTIC: [8] Undefined index: son_menu D:\www\online_team\www.sale.com\Application\Runtime\Cache\Admin\049520d767170d7c6119f2fe484649a3.php 第 49 行.
INFO: Run Behavior\ParseTemplateBehavior [ RunTime:0.029625s ]
INFO: [ view_parse ] --END-- [ RunTime:0.029696s ]
INFO: [ view_filter ] --START--
INFO: Run Behavior\WriteHtmlCacheBehavior [ RunTime:0.002051s ]
INFO: [ view_filter ] --END-- [ RunTime:0.002154s ]

[ 2018-11-16T17:13:35+08:00 ] 127.0.0.1 /SaleArticle/index.html
INFO: [ app_init ] --START--
INFO: Run Behavior\BuildLiteBehavior [ RunTime:0.000016s ]
INFO: [ app_init ] --END-- [ RunTime:0.000833s ]
INFO: [ app_begin ] --START--
INFO: Run Behavior\ReadHtmlCacheBehavior [ RunTime:0.000671s ]
INFO: [ app_begin ] --END-- [ RunTime:0.000720s ]
SQL: SHOW COLUMNS FROM `ytt_temai_article` [ RunTime:0.0911s ]
SQL: SELECT COUNT(id) AS tp_count FROM `ytt_temai_article` LIMIT 1   [ RunTime:0.6988s ]
SQL: SELECT * FROM `ytt_temai_article` ORDER BY behot_time desc LIMIT 0,20   [ RunTime:0.1065s ]
SQL: SELECT count(id) as num,`create_user_id` FROM `ytt_temai_article` WHERE `create_user_id` IN ('2314','28932','29221','6199','282','3683','7469','5858','5561','28206','26178','5867','22650','26333','28456','25883','2785','26551','26873','1543') GROUP BY create_user_id  [ RunTime:1.2032s ]
INFO: [ view_parse ] --START--
INFO: [ template_filter ] --START--
INFO: Run Behavior\ContentReplaceBehavior [ RunTime:0.000304s ]
INFO: [ template_filter ] --END-- [ RunTime:0.000482s ]
NOTIC: [8] Undefined index: son_menu D:\www\online_team\www.sale.com\Application\Runtime\Cache\Admin\049520d767170d7c6119f2fe484649a3.php 第 49 行.
NOTIC: [8] Undefined index: son_menu D:\www\online_team\www.sale.com\Application\Runtime\Cache\Admin\049520d767170d7c6119f2fe484649a3.php 第 49 行.
INFO: Run Behavior\ParseTemplateBehavior [ RunTime:0.043862s ]
INFO: [ view_parse ] --END-- [ RunTime:0.043961s ]
INFO: [ view_filter ] --START--
INFO: Run Behavior\WriteHtmlCacheBehavior [ RunTime:0.009483s ]
INFO: [ view_filter ] --END-- [ RunTime:0.009580s ]

[ 2018-11-16T17:13:58+08:00 ] 127.0.0.1 /Login/index.html
INFO: [ app_init ] --START--
INFO: Run Behavior\BuildLiteBehavior [ RunTime:0.000022s ]
INFO: [ app_init ] --END-- [ RunTime:0.000995s ]
INFO: [ app_begin ] --START--
INFO: Run Behavior\ReadHtmlCacheBehavior [ RunTime:0.001169s ]
INFO: [ app_begin ] --END-- [ RunTime:0.001331s ]

[ 2018-11-16T17:13:59+08:00 ] 127.0.0.1 /Index/index.html
INFO: [ app_init ] --START--
INFO: Run Behavior\BuildLiteBehavior [ RunTime:0.000021s ]
INFO: [ app_init ] --END-- [ RunTime:0.000995s ]
INFO: [ app_begin ] --START--
INFO: Run Behavior\ReadHtmlCacheBehavior [ RunTime:0.001230s ]
INFO: [ app_begin ] --END-- [ RunTime:0.001324s ]
SQL: SHOW COLUMNS FROM `ytt_illegal_article` [ RunTime:0.0821s ]
SQL: SELECT COUNT(*) AS tp_count FROM `ytt_illegal_article` LIMIT 1   [ RunTime:0.0841s ]
SQL: SELECT * FROM `ytt_illegal_article` ORDER BY id desc LIMIT 0,50   [ RunTime:0.0916s ]
INFO: [ view_parse ] --START--
INFO: [ template_filter ] --START--
INFO: Run Behavior\ContentReplaceBehavior [ RunTime:0.000197s ]
INFO: [ template_filter ] --END-- [ RunTime:0.000279s ]
NOTIC: [8] Undefined index: son_menu D:\www\online_team\www.sale.com\Application\Runtime\Cache\Admin\f61872648bf90e754b75e1a98e6cbf1b.php 第 49 行.
NOTIC: [8] Undefined index: son_menu D:\www\online_team\www.sale.com\Application\Runtime\Cache\Admin\f61872648bf90e754b75e1a98e6cbf1b.php 第 49 行.
INFO: Run Behavior\ParseTemplateBehavior [ RunTime:0.028450s ]
INFO: [ view_parse ] --END-- [ RunTime:0.028531s ]
INFO: [ view_filter ] --START--
INFO: Run Behavior\WriteHtmlCacheBehavior [ RunTime:0.001148s ]
INFO: [ view_filter ] --END-- [ RunTime:0.001215s ]
INFO: [ app_end ] --START--
INFO: Run Behavior\ShowPageTraceBehavior [ RunTime:0.001202s ]
INFO: [ app_end ] --END-- [ RunTime:0.001283s ]

[ 2018-11-16T17:14:05+08:00 ] 127.0.0.1 /SaleArticle/count.html
INFO: [ app_init ] --START--
INFO: Run Behavior\BuildLiteBehavior [ RunTime:0.000024s ]
INFO: [ app_init ] --END-- [ RunTime:0.000997s ]
INFO: [ app_begin ] --START--
INFO: Run Behavior\ReadHtmlCacheBehavior [ RunTime:0.001282s ]
INFO: [ app_begin ] --END-- [ RunTime:0.001379s ]
SQL: SHOW COLUMNS FROM `ytt_temai_article` [ RunTime:0.1085s ]
SQL: SELECT COUNT(id) AS tp_count FROM `ytt_temai_article` LIMIT 1   [ RunTime:0.6753s ]
SQL: SELECT * FROM `ytt_temai_article` ORDER BY behot_time desc LIMIT 0,20   [ RunTime:0.1205s ]
SQL: SELECT count(id) as num,`create_user_id` FROM `ytt_temai_article` WHERE `create_user_id` IN ('2314','28932','29221','6199','282','3683','7469','5858','5561','28206','26178','5867','22650','26333','28456','25883','2785','26551','26873','1543') GROUP BY create_user_id  [ RunTime:1.1522s ]
SQL: SELECT count(id) as total,FROM_UNIXTIME(behot_time,"%Y-%m-%d") as time FROM `ytt_temai_article` WHERE `behot_time` BETWEEN 1541692800 AND 1542383999 GROUP BY time  [ RunTime:0.3636s ]
SQL: SELECT `go_detail_count`,FROM_UNIXTIME(behot_time,"%Y-%m-%d") as time FROM `ytt_temai_article` WHERE `behot_time` BETWEEN 1541692800 AND 1542383999 AND `go_detail_count` >= 10000  [ RunTime:0.3937s ]
INFO: [ view_parse ] --START--
INFO: [ template_filter ] --START--
INFO: Run Behavior\ContentReplaceBehavior [ RunTime:0.000234s ]
INFO: [ template_filter ] --END-- [ RunTime:0.000288s ]
NOTIC: [8] Undefined index: son_menu D:\www\online_team\www.sale.com\Application\Runtime\Cache\Admin\b847a871539f3261e4ca07b63e6726f1.php 第 49 行.
NOTIC: [8] Undefined index: son_menu D:\www\online_team\www.sale.com\Application\Runtime\Cache\Admin\b847a871539f3261e4ca07b63e6726f1.php 第 49 行.
INFO: Run Behavior\ParseTemplateBehavior [ RunTime:0.029703s ]
INFO: [ view_parse ] --END-- [ RunTime:0.029792s ]
INFO: [ view_filter ] --START--
INFO: Run Behavior\WriteHtmlCacheBehavior [ RunTime:0.001429s ]
INFO: [ view_filter ] --END-- [ RunTime:0.001507s ]
INFO: [ app_end ] --START--
INFO: Run Behavior\ShowPageTraceBehavior [ RunTime:0.001236s ]
INFO: [ app_end ] --END-- [ RunTime:0.001337s ]

[ 2018-11-16T17:14:26+08:00 ] 127.0.0.1 /TopLine/openArticleDetail/id/9425252.html
INFO: [ app_init ] --START--
INFO: Run Behavior\BuildLiteBehavior [ RunTime:0.000025s ]
INFO: [ app_init ] --END-- [ RunTime:0.001043s ]
INFO: [ app_begin ] --START--
INFO: Run Behavior\ReadHtmlCacheBehavior [ RunTime:0.001356s ]
INFO: [ app_begin ] --END-- [ RunTime:0.001458s ]
SQL: SHOW COLUMNS FROM `ytt_temai_article` [ RunTime:0.0649s ]
SQL: SELECT * FROM `ytt_temai_article` WHERE `id` = 9425252 LIMIT 1   [ RunTime:0.0672s ]

[ 2018-11-16T17:14:47+08:00 ] 127.0.0.1 /TopLine/openArticleDetail/id/9425252.html
INFO: [ app_init ] --START--
INFO: Run Behavior\BuildLiteBehavior [ RunTime:0.000020s ]
INFO: [ app_init ] --END-- [ RunTime:0.001590s ]
INFO: [ app_begin ] --START--
INFO: Run Behavior\ReadHtmlCacheBehavior [ RunTime:0.000952s ]
INFO: [ app_begin ] --END-- [ RunTime:0.001021s ]
SQL: SHOW COLUMNS FROM `ytt_temai_article` [ RunTime:0.0819s ]
SQL: SELECT * FROM `ytt_temai_article` WHERE `id` = 9425252 LIMIT 1   [ RunTime:0.0851s ]
INFO: [ view_parse ] --START--
INFO: [ template_filter ] --START--
INFO: Run Behavior\ContentReplaceBehavior [ RunTime:0.000132s ]
INFO: [ template_filter ] --END-- [ RunTime:0.000184s ]
NOTIC: [8] Undefined index: son_menu D:\www\online_team\www.sale.com\Application\Runtime\Cache\Admin\d20b57d955a4d463c8e0c8dd5762c69f.php 第 63 行.
NOTIC: [8] Undefined index: son_menu D:\www\online_team\www.sale.com\Application\Runtime\Cache\Admin\d20b57d955a4d463c8e0c8dd5762c69f.php 第 63 行.
INFO: Run Behavior\ParseTemplateBehavior [ RunTime:0.019658s ]
INFO: [ view_parse ] --END-- [ RunTime:0.019787s ]
INFO: [ view_filter ] --START--
INFO: Run Behavior\WriteHtmlCacheBehavior [ RunTime:0.000743s ]
INFO: [ view_filter ] --END-- [ RunTime:0.000782s ]
INFO: [ app_end ] --START--
INFO: Run Behavior\ShowPageTraceBehavior [ RunTime:0.000732s ]
INFO: [ app_end ] --END-- [ RunTime:0.000776s ]

[ 2018-11-16T17:16:01+08:00 ] 127.0.0.1 /SaleArticle/count.html
INFO: [ app_init ] --START--
INFO: Run Behavior\BuildLiteBehavior [ RunTime:0.000023s ]
INFO: [ app_init ] --END-- [ RunTime:0.001285s ]
INFO: [ app_begin ] --START--
INFO: Run Behavior\ReadHtmlCacheBehavior [ RunTime:0.001535s ]
INFO: [ app_begin ] --END-- [ RunTime:0.001641s ]
SQL: SHOW COLUMNS FROM `ytt_temai_article` [ RunTime:0.1039s ]
SQL: SELECT COUNT(id) AS tp_count FROM `ytt_temai_article` LIMIT 1   [ RunTime:0.6407s ]
SQL: SELECT * FROM `ytt_temai_article` ORDER BY behot_time desc LIMIT 0,20   [ RunTime:0.0959s ]
SQL: SELECT count(id) as num,`create_user_id` FROM `ytt_temai_article` WHERE `create_user_id` IN ('2314','28932','29221','6199','282','3683','7469','5858','5561','28206','26178','5867','22650','26333','28456','25883','2785','26551','26873','1543') GROUP BY create_user_id  [ RunTime:1.1657s ]
SQL: SELECT count(id) as total,FROM_UNIXTIME(behot_time,"%Y-%m-%d") as time FROM `ytt_temai_article` WHERE `behot_time` BETWEEN 1541692800 AND 1542383999 GROUP BY time  [ RunTime:0.3640s ]
SQL: SELECT `go_detail_count`,FROM_UNIXTIME(behot_time,"%Y-%m-%d") as time FROM `ytt_temai_article` WHERE `behot_time` BETWEEN 1541692800 AND 1542383999 AND `go_detail_count` >= 10000  [ RunTime:0.4055s ]
INFO: [ view_parse ] --START--
INFO: [ template_filter ] --START--
INFO: Run Behavior\ContentReplaceBehavior [ RunTime:0.000389s ]
INFO: [ template_filter ] --END-- [ RunTime:0.000472s ]
NOTIC: [8] Undefined index: son_menu D:\www\online_team\www.sale.com\Application\Runtime\Cache\Admin\b847a871539f3261e4ca07b63e6726f1.php 第 49 行.
NOTIC: [8] Undefined index: son_menu D:\www\online_team\www.sale.com\Application\Runtime\Cache\Admin\b847a871539f3261e4ca07b63e6726f1.php 第 49 行.
INFO: Run Behavior\ParseTemplateBehavior [ RunTime:0.061046s ]
INFO: [ view_parse ] --END-- [ RunTime:0.061154s ]
INFO: [ view_filter ] --START--
INFO: Run Behavior\WriteHtmlCacheBehavior [ RunTime:0.001232s ]
INFO: [ view_filter ] --END-- [ RunTime:0.001292s ]
INFO: [ app_end ] --START--
INFO: Run Behavior\ShowPageTraceBehavior [ RunTime:0.003676s ]
INFO: [ app_end ] --END-- [ RunTime:0.004212s ]

[ 2018-11-16T17:17:18+08:00 ] 127.0.0.1 /Order/count.html
INFO: [ app_init ] --START--
INFO: Run Behavior\BuildLiteBehavior [ RunTime:0.000024s ]
INFO: [ app_init ] --END-- [ RunTime:0.000902s ]
INFO: [ app_begin ] --START--
INFO: Run Behavior\ReadHtmlCacheBehavior [ RunTime:0.001604s ]
INFO: [ app_begin ] --END-- [ RunTime:0.001707s ]
SQL: SHOW COLUMNS FROM `ytt_tmuser` [ RunTime:0.1070s ]
SQL: SELECT `id`,`name` FROM `ytt_tmuser` WHERE `group_id` <> 1  [ RunTime:0.1076s ]
SQL: SHOW COLUMNS FROM `ytt_fxg` [ RunTime:0.1135s ]
SQL: SELECT left(pay_time,10) as time,count(id) as news_num,`name`,sum(income) as income,`order_source`,`article_title`,`id` FROM `ytt_fxg` WHERE UNIX_TIMESTAMP(pay_time) BETWEEN 1542297600 AND 1542359838 AND `order_status` IN ('订单完成','订单付款') GROUP BY time,article_title ORDER BY time desc,income desc,news_num desc  [ RunTime:0.3677s ]
INFO: [ view_parse ] --START--
INFO: [ template_filter ] --START--
INFO: Run Behavior\ContentReplaceBehavior [ RunTime:0.000151s ]
INFO: [ template_filter ] --END-- [ RunTime:0.000200s ]
NOTIC: [8] Undefined index: son_menu D:\www\online_team\www.sale.com\Application\Runtime\Cache\Admin\4ef55f7d878fec5781dc5d629c0fa50b.php 第 49 行.
NOTIC: [8] Undefined index: son_menu D:\www\online_team\www.sale.com\Application\Runtime\Cache\Admin\4ef55f7d878fec5781dc5d629c0fa50b.php 第 49 行.
NOTIC: [8] Undefined variable: k D:\www\online_team\www.sale.com\Application\Runtime\Cache\Admin\4ef55f7d878fec5781dc5d629c0fa50b.php 第 93 行.
NOTIC: [8] Undefined variable: k D:\www\online_team\www.sale.com\Application\Runtime\Cache\Admin\4ef55f7d878fec5781dc5d629c0fa50b.php 第 96 行.
NOTIC: [8] Undefined variable: time D:\www\online_team\www.sale.com\Application\Runtime\Cache\Admin\4ef55f7d878fec5781dc5d629c0fa50b.php 第 147 行.
NOTIC: [8] Undefined variable: time D:\www\online_team\www.sale.com\Application\Runtime\Cache\Admin\4ef55f7d878fec5781dc5d629c0fa50b.php 第 147 行.
NOTIC: [8] Undefined variable: time D:\www\online_team\www.sale.com\Application\Runtime\Cache\Admin\4ef55f7d878fec5781dc5d629c0fa50b.php 第 147 行.
NOTIC: [8] Undefined variable: time D:\www\online_team\www.sale.com\Application\Runtime\Cache\Admin\4ef55f7d878fec5781dc5d629c0fa50b.php 第 147 行.
NOTIC: [8] Undefined variable: time D:\www\online_team\www.sale.com\Application\Runtime\Cache\Admin\4ef55f7d878fec5781dc5d629c0fa50b.php 第 147 行.
NOTIC: [8] Undefined variable: time D:\www\online_team\www.sale.com\Application\Runtime\Cache\Admin\4ef55f7d878fec5781dc5d629c0fa50b.php 第 147 行.
NOTIC: [8] Undefined variable: time D:\www\online_team\www.sale.com\Application\Runtime\Cache\Admin\4ef55f7d878fec5781dc5d629c0fa50b.php 第 147 行.
NOTIC: [8] Undefined variable: time D:\www\online_team\www.sale.com\Application\Runtime\Cache\Admin\4ef55f7d878fec5781dc5d629c0fa50b.php 第 147 行.
NOTIC: [8] Undefined variable: time D:\www\online_team\www.sale.com\Application\Runtime\Cache\Admin\4ef55f7d878fec5781dc5d629c0fa50b.php 第 147 行.
NOTIC: [8] Undefined variable: time D:\www\online_team\www.sale.com\Application\Runtime\Cache\Admin\4ef55f7d878fec5781dc5d629c0fa50b.php 第 147 行.
NOTIC: [8] Undefined variable: time D:\www\online_team\www.sale.com\Application\Runtime\Cache\Admin\4ef55f7d878fec5781dc5d629c0fa50b.php 第 147 行.
NOTIC: [8] Undefined variable: time D:\www\online_team\www.sale.com\Application\Runtime\Cache\Admin\4ef55f7d878fec5781dc5d629c0fa50b.php 第 147 行.
NOTIC: [8] Undefined variable: time D:\www\online_team\www.sale.com\Application\Runtime\Cache\Admin\4ef55f7d878fec5781dc5d629c0fa50b.php 第 147 行.
NOTIC: [8] Undefined variable: time D:\www\online_team\www.sale.com\Application\Runtime\Cache\Admin\4ef55f7d878fec5781dc5d629c0fa50b.php 第 147 行.
NOTIC: [8] Undefined variable: time D:\www\online_team\www.sale.com\Application\Runtime\Cache\Admin\4ef55f7d878fec5781dc5d629c0fa50b.php 第 147 行.
NOTIC: [8] Undefined variable: time D:\www\online_team\www.sale.com\Application\Runtime\Cache\Admin\4ef55f7d878fec5781dc5d629c0fa50b.php 第 147 行.
NOTIC: [8] Undefined variable: time D:\www\online_team\www.sale.com\Application\Runtime\Cache\Admin\4ef55f7d878fec5781dc5d629c0fa50b.php 第 147 行.
NOTIC: [8] Undefined variable: time D:\www\online_team\www.sale.com\Application\Runtime\Cache\Admin\4ef55f7d878fec5781dc5d629c0fa50b.php 第 147 行.
NOTIC: [8] Undefined variable: time D:\www\online_team\www.sale.com\Application\Runtime\Cache\Admin\4ef55f7d878fec5781dc5d629c0fa50b.php 第 147 行.
NOTIC: [8] Undefined variable: time D:\www\online_team\www.sale.com\Application\Runtime\Cache\Admin\4ef55f7d878fec5781dc5d629c0fa50b.php 第 147 行.
NOTIC: [8] Undefined variable: time D:\www\online_team\www.sale.com\Application\Runtime\Cache\Admin\4ef55f7d878fec5781dc5d629c0fa50b.php 第 147 行.
NOTIC: [8] Undefined variable: time D:\www\online_team\www.sale.com\Application\Runtime\Cache\Admin\4ef55f7d878fec5781dc5d629c0fa50b.php 第 147 行.
NOTIC: [8] Undefined variable: time D:\www\online_team\www.sale.com\Application\Runtime\Cache\Admin\4ef55f7d878fec5781dc5d629c0fa50b.php 第 147 行.
NOTIC: [8] Undefined variable: time D:\www\online_team\www.sale.com\Application\Runtime\Cache\Admin\4ef55f7d878fec5781dc5d629c0fa50b.php 第 147 行.
NOTIC: [8] Undefined variable: time D:\www\online_team\www.sale.com\Application\Runtime\Cache\Admin\4ef55f7d878fec5781dc5d629c0fa50b.php 第 147 行.
NOTIC: [8] Undefined variable: time D:\www\online_team\www.sale.com\Application\Runtime\Cache\Admin\4ef55f7d878fec5781dc5d629c0fa50b.php 第 147 行.
NOTIC: [8] Undefined variable: time D:\www\online_team\www.sale.com\Application\Runtime\Cache\Admin\4ef55f7d878fec5781dc5d629c0fa50b.php 第 147 行.
NOTIC: [8] Undefined variable: time D:\www\online_team\www.sale.com\Application\Runtime\Cache\Admin\4ef55f7d878fec5781dc5d629c0fa50b.php 第 147 行.
NOTIC: [8] Undefined variable: time D:\www\online_team\www.sale.com\Application\Runtime\Cache\Admin\4ef55f7d878fec5781dc5d629c0fa50b.php 第 147 行.
NOTIC: [8] Undefined variable: time D:\www\online_team\www.sale.com\Application\Runtime\Cache\Admin\4ef55f7d878fec5781dc5d629c0fa50b.php 第 147 行.
NOTIC: [8] Undefined variable: time D:\www\online_team\www.sale.com\Application\Runtime\Cache\Admin\4ef55f7d878fec5781dc5d629c0fa50b.php 第 147 行.
NOTIC: [8] Undefined variable: time D:\www\online_team\www.sale.com\Application\Runtime\Cache\Admin\4ef55f7d878fec5781dc5d629c0fa50b.php 第 147 行.
NOTIC: [8] Undefined variable: time D:\www\online_team\www.sale.com\Application\Runtime\Cache\Admin\4ef55f7d878fec5781dc5d629c0fa50b.php 第 147 行.
NOTIC: [8] Undefined variable: time D:\www\online_team\www.sale.com\Application\Runtime\Cache\Admin\4ef55f7d878fec5781dc5d629c0fa50b.php 第 147 行.
NOTIC: [8] Undefined variable: time D:\www\online_team\www.sale.com\Application\Runtime\Cache\Admin\4ef55f7d878fec5781dc5d629c0fa50b.php 第 147 行.
NOTIC: [8] Undefined variable: time D:\www\online_team\www.sale.com\Application\Runtime\Cache\Admin\4ef55f7d878fec5781dc5d629c0fa50b.php 第 147 行.
NOTIC: [8] Undefined variable: time D:\www\online_team\www.sale.com\Application\Runtime\Cache\Admin\4ef55f7d878fec5781dc5d629c0fa50b.php 第 147 行.
NOTIC: [8] Undefined variable: time D:\www\online_team\www.sale.com\Application\Runtime\Cache\Admin\4ef55f7d878fec5781dc5d629c0fa50b.php 第 147 行.
NOTIC: [8] Undefined variable: time D:\www\online_team\www.sale.com\Application\Runtime\Cache\Admin\4ef55f7d878fec5781dc5d629c0fa50b.php 第 147 行.
NOTIC: [8] Undefined variable: time D:\www\online_team\www.sale.com\Application\Runtime\Cache\Admin\4ef55f7d878fec5781dc5d629c0fa50b.php 第 147 行.
NOTIC: [8] Undefined variable: time D:\www\online_team\www.sale.com\Application\Runtime\Cache\Admin\4ef55f7d878fec5781dc5d629c0fa50b.php 第 147 行.
NOTIC: [8] Undefined variable: time D:\www\online_team\www.sale.com\Application\Runtime\Cache\Admin\4ef55f7d878fec5781dc5d629c0fa50b.php 第 147 行.
NOTIC: [8] Undefined variable: time D:\www\online_team\www.sale.com\Application\Runtime\Cache\Admin\4ef55f7d878fec5781dc5d629c0fa50b.php 第 147 行.
NOTIC: [8] Undefined variable: time D:\www\online_team\www.sale.com\Application\Runtime\Cache\Admin\4ef55f7d878fec5781dc5d629c0fa50b.php 第 147 行.
NOTIC: [8] Undefined variable: time D:\www\online_team\www.sale.com\Application\Runtime\Cache\Admin\4ef55f7d878fec5781dc5d629c0fa50b.php 第 147 行.
NOTIC: [8] Undefined variable: time D:\www\online_team\www.sale.com\Application\Runtime\Cache\Admin\4ef55f7d878fec5781dc5d629c0fa50b.php 第 147 行.
NOTIC: [8] Undefined variable: time D:\www\online_team\www.sale.com\Application\Runtime\Cache\Admin\4ef55f7d878fec5781dc5d629c0fa50b.php 第 147 行.
NOTIC: [8] Undefined variable: time D:\www\online_team\www.sale.com\Application\Runtime\Cache\Admin\4ef55f7d878fec5781dc5d629c0fa50b.php 第 147 行.
NOTIC: [8] Undefined variable: time D:\www\online_team\www.sale.com\Application\Runtime\Cache\Admin\4ef55f7d878fec5781dc5d629c0fa50b.php 第 147 行.
NOTIC: [8] Undefined variable: time D:\www\online_team\www.sale.com\Application\Runtime\Cache\Admin\4ef55f7d878fec5781dc5d629c0fa50b.php 第 147 行.
NOTIC: [8] Undefined variable: time D:\www\online_team\www.sale.com\Application\Runtime\Cache\Admin\4ef55f7d878fec5781dc5d629c0fa50b.php 第 147 行.
NOTIC: [8] Undefined variable: time D:\www\online_team\www.sale.com\Application\Runtime\Cache\Admin\4ef55f7d878fec5781dc5d629c0fa50b.php 第 147 行.
NOTIC: [8] Undefined variable: time D:\www\online_team\www.sale.com\Application\Runtime\Cache\Admin\4ef55f7d878fec5781dc5d629c0fa50b.php 第 147 行.
NOTIC: [8] Undefined variable: time D:\www\online_team\www.sale.com\Application\Runtime\Cache\Admin\4ef55f7d878fec5781dc5d629c0fa50b.php 第 147 行.
NOTIC: [8] Undefined variable: time D:\www\online_team\www.sale.com\Application\Runtime\Cache\Admin\4ef55f7d878fec5781dc5d629c0fa50b.php 第 147 行.
NOTIC: [8] Undefined variable: time D:\www\online_team\www.sale.com\Application\Runtime\Cache\Admin\4ef55f7d878fec5781dc5d629c0fa50b.php 第 147 行.
NOTIC: [8] Undefined variable: time D:\www\online_team\www.sale.com\Application\Runtime\Cache\Admin\4ef55f7d878fec5781dc5d629c0fa50b.php 第 147 行.
NOTIC: [8] Undefined variable: time D:\www\online_team\www.sale.com\Application\Runtime\Cache\Admin\4ef55f7d878fec5781dc5d629c0fa50b.php 第 147 行.
NOTIC: [8] Undefined variable: time D:\www\online_team\www.sale.com\Application\Runtime\Cache\Admin\4ef55f7d878fec5781dc5d629c0fa50b.php 第 147 行.
NOTIC: [8] Undefined variable: time D:\www\online_team\www.sale.com\Application\Runtime\Cache\Admin\4ef55f7d878fec5781dc5d629c0fa50b.php 第 147 行.
NOTIC: [8] Undefined variable: time D:\www\online_team\www.sale.com\Application\Runtime\Cache\Admin\4ef55f7d878fec5781dc5d629c0fa50b.php 第 147 行.
NOTIC: [8] Undefined variable: time D:\www\online_team\www.sale.com\Application\Runtime\Cache\Admin\4ef55f7d878fec5781dc5d629c0fa50b.php 第 147 行.
NOTIC: [8] Undefined variable: time D:\www\online_team\www.sale.com\Application\Runtime\Cache\Admin\4ef55f7d878fec5781dc5d629c0fa50b.php 第 147 行.
NOTIC: [8] Undefined variable: time D:\www\online_team\www.sale.com\Application\Runtime\Cache\Admin\4ef55f7d878fec5781dc5d629c0fa50b.php 第 147 行.
NOTIC: [8] Undefined variable: time D:\www\online_team\www.sale.com\Application\Runtime\Cache\Admin\4ef55f7d878fec5781dc5d629c0fa50b.php 第 147 行.
NOTIC: [8] Undefined variable: time D:\www\online_team\www.sale.com\Application\Runtime\Cache\Admin\4ef55f7d878fec5781dc5d629c0fa50b.php 第 147 行.
NOTIC: [8] Undefined variable: time D:\www\online_team\www.sale.com\Application\Runtime\Cache\Admin\4ef55f7d878fec5781dc5d629c0fa50b.php 第 147 行.
NOTIC: [8] Undefined variable: time D:\www\online_team\www.sale.com\Application\Runtime\Cache\Admin\4ef55f7d878fec5781dc5d629c0fa50b.php 第 147 行.
NOTIC: [8] Undefined variable: time D:\www\online_team\www.sale.com\Application\Runtime\Cache\Admin\4ef55f7d878fec5781dc5d629c0fa50b.php 第 147 行.
NOTIC: [8] Undefined variable: time D:\www\online_team\www.sale.com\Application\Runtime\Cache\Admin\4ef55f7d878fec5781dc5d629c0fa50b.php 第 147 行.
NOTIC: [8] Undefined variable: time D:\www\online_team\www.sale.com\Application\Runtime\Cache\Admin\4ef55f7d878fec5781dc5d629c0fa50b.php 第 147 行.
NOTIC: [8] Undefined variable: time D:\www\online_team\www.sale.com\Application\Runtime\Cache\Admin\4ef55f7d878fec5781dc5d629c0fa50b.php 第 147 行.
NOTIC: [8] Undefined variable: time D:\www\online_team\www.sale.com\Application\Runtime\Cache\Admin\4ef55f7d878fec5781dc5d629c0fa50b.php 第 147 行.
NOTIC: [8] Undefined variable: time D:\www\online_team\www.sale.com\Application\Runtime\Cache\Admin\4ef55f7d878fec5781dc5d629c0fa50b.php 第 147 行.
NOTIC: [8] Undefined variable: time D:\www\online_team\www.sale.com\Application\Runtime\Cache\Admin\4ef55f7d878fec5781dc5d629c0fa50b.php 第 147 行.
NOTIC: [8] Undefined variable: time D:\www\online_team\www.sale.com\Application\Runtime\Cache\Admin\4ef55f7d878fec5781dc5d629c0fa50b.php 第 147 行.
NOTIC: [8] Undefined variable: time D:\www\online_team\www.sale.com\Application\Runtime\Cache\Admin\4ef55f7d878fec5781dc5d629c0fa50b.php 第 147 行.
NOTIC: [8] Undefined variable: time D:\www\online_team\www.sale.com\Application\Runtime\Cache\Admin\4ef55f7d878fec5781dc5d629c0fa50b.php 第 147 行.
NOTIC: [8] Undefined variable: time D:\www\online_team\www.sale.com\Application\Runtime\Cache\Admin\4ef55f7d878fec5781dc5d629c0fa50b.php 第 147 行.
NOTIC: [8] Undefined variable: time D:\www\online_team\www.sale.com\Application\Runtime\Cache\Admin\4ef55f7d878fec5781dc5d629c0fa50b.php 第 147 行.
NOTIC: [8] Undefined variable: time D:\www\online_team\www.sale.com\Application\Runtime\Cache\Admin\4ef55f7d878fec5781dc5d629c0fa50b.php 第 147 行.
NOTIC: [8] Undefined variable: time D:\www\online_team\www.sale.com\Application\Runtime\Cache\Admin\4ef55f7d878fec5781dc5d629c0fa50b.php 第 147 行.
NOTIC: [8] Undefined variable: time D:\www\online_team\www.sale.com\Application\Runtime\Cache\Admin\4ef55f7d878fec5781dc5d629c0fa50b.php 第 147 行.
NOTIC: [8] Undefined variable: time D:\www\online_team\www.sale.com\Application\Runtime\Cache\Admin\4ef55f7d878fec5781dc5d629c0fa50b.php 第 147 行.
NOTIC: [8] Undefined variable: time D:\www\online_team\www.sale.com\Application\Runtime\Cache\Admin\4ef55f7d878fec5781dc5d629c0fa50b.php 第 147 行.
NOTIC: [8] Undefined variable: time D:\www\online_team\www.sale.com\Application\Runtime\Cache\Admin\4ef55f7d878fec5781dc5d629c0fa50b.php 第 147 行.
NOTIC: [8] Undefined variable: time D:\www\online_team\www.sale.com\Application\Runtime\Cache\Admin\4ef55f7d878fec5781dc5d629c0fa50b.php 第 147 行.
NOTIC: [8] Undefined variable: time D:\www\online_team\www.sale.com\Application\Runtime\Cache\Admin\4ef55f7d878fec5781dc5d629c0fa50b.php 第 147 行.
NOTIC: [8] Undefined variable: time D:\www\online_team\www.sale.com\Application\Runtime\Cache\Admin\4ef55f7d878fec5781dc5d629c0fa50b.php 第 147 行.
NOTIC: [8] Undefined variable: time D:\www\online_team\www.sale.com\Application\Runtime\Cache\Admin\4ef55f7d878fec5781dc5d629c0fa50b.php 第 147 行.
NOTIC: [8] Undefined variable: time D:\www\online_team\www.sale.com\Application\Runtime\Cache\Admin\4ef55f7d878fec5781dc5d629c0fa50b.php 第 147 行.
NOTIC: [8] Undefined variable: time D:\www\online_team\www.sale.com\Application\Runtime\Cache\Admin\4ef55f7d878fec5781dc5d629c0fa50b.php 第 147 行.
NOTIC: [8] Undefined variable: time D:\www\online_team\www.sale.com\Application\Runtime\Cache\Admin\4ef55f7d878fec5781dc5d629c0fa50b.php 第 147 行.
NOTIC: [8] Undefined variable: time D:\www\online_team\www.sale.com\Application\Runtime\Cache\Admin\4ef55f7d878fec5781dc5d629c0fa50b.php 第 147 行.
NOTIC: [8] Undefined variable: time D:\www\online_team\www.sale.com\Application\Runtime\Cache\Admin\4ef55f7d878fec5781dc5d629c0fa50b.php 第 147 行.
NOTIC: [8] Undefined variable: time D:\www\online_team\www.sale.com\Application\Runtime\Cache\Admin\4ef55f7d878fec5781dc5d629c0fa50b.php 第 147 行.
NOTIC: [8] Undefined variable: time D:\www\online_team\www.sale.com\Application\Runtime\Cache\Admin\4ef55f7d878fec5781dc5d629c0fa50b.php 第 147 行.
NOTIC: [8] Undefined variable: time D:\www\online_team\www.sale.com\Application\Runtime\Cache\Admin\4ef55f7d878fec5781dc5d629c0fa50b.php 第 147 行.
NOTIC: [8] Undefined variable: time D:\www\online_team\www.sale.com\Application\Runtime\Cache\Admin\4ef55f7d878fec5781dc5d629c0fa50b.php 第 147 行.
NOTIC: [8] Undefined variable: time D:\www\online_team\www.sale.com\Application\Runtime\Cache\Admin\4ef55f7d878fec5781dc5d629c0fa50b.php 第 147 行.
NOTIC: [8] Undefined variable: time D:\www\online_team\www.sale.com\Application\Runtime\Cache\Admin\4ef55f7d878fec5781dc5d629c0fa50b.php 第 147 行.
NOTIC: [8] Undefined variable: time D:\www\online_team\www.sale.com\Application\Runtime\Cache\Admin\4ef55f7d878fec5781dc5d629c0fa50b.php 第 147 行.
NOTIC: [8] Undefined variable: time D:\www\online_team\www.sale.com\Application\Runtime\Cache\Admin\4ef55f7d878fec5781dc5d629c0fa50b.php 第 147 行.
INFO: Run Behavior\ParseTemplateBehavior [ RunTime:0.027534s ]
INFO: [ view_parse ] --END-- [ RunTime:0.027592s ]
INFO: [ view_filter ] --START--
INFO: Run Behavior\WriteHtmlCacheBehavior [ RunTime:0.001096s ]
INFO: [ view_filter ] --END-- [ RunTime:0.001137s ]
INFO: [ app_end ] --START--
INFO: Run Behavior\ShowPageTraceBehavior [ RunTime:0.000821s ]
INFO: [ app_end ] --END-- [ RunTime:0.000870s ]

[ 2018-11-16T17:17:28+08:00 ] 127.0.0.1 /Sale/goodsInfo.html?id=92002&time=
INFO: [ app_init ] --START--
INFO: Run Behavior\BuildLiteBehavior [ RunTime:0.000024s ]
INFO: [ app_init ] --END-- [ RunTime:0.001211s ]
INFO: [ app_begin ] --START--
INFO: Run Behavior\ReadHtmlCacheBehavior [ RunTime:0.000678s ]
INFO: [ app_begin ] --END-- [ RunTime:0.000728s ]
SQL: SHOW COLUMNS FROM `ytt_fxg` [ RunTime:0.0804s ]
SQL: SELECT `order_source`,`article_title` FROM `ytt_fxg` WHERE `id` = 92002 LIMIT 1   [ RunTime:0.0819s ]
NOTIC: [8] Undefined offset: 1 D:\www\online_team\www.sale.com\Application\Admin\Controller\SaleController.class.php 第 1566 行.
NOTIC: [8] Undefined index: commodity D:\www\online_team\www.sale.com\Application\Admin\Controller\SaleController.class.php 第 1578 行.
NOTIC: [8] Undefined offset: 1 D:\www\online_team\www.sale.com\Application\Admin\Controller\SaleController.class.php 第 1579 行.
NOTIC: [8] Undefined offset: 1 D:\www\online_team\www.sale.com\Application\Admin\Controller\SaleController.class.php 第 1566 行.
NOTIC: [8] Undefined index: commodity D:\www\online_team\www.sale.com\Application\Admin\Controller\SaleController.class.php 第 1578 行.
NOTIC: [8] Undefined offset: 1 D:\www\online_team\www.sale.com\Application\Admin\Controller\SaleController.class.php 第 1579 行.
NOTIC: [8] Undefined offset: 1 D:\www\online_team\www.sale.com\Application\Admin\Controller\SaleController.class.php 第 1566 行.
NOTIC: [8] Undefined index: commodity D:\www\online_team\www.sale.com\Application\Admin\Controller\SaleController.class.php 第 1578 行.
NOTIC: [8] Undefined offset: 1 D:\www\online_team\www.sale.com\Application\Admin\Controller\SaleController.class.php 第 1579 行.
NOTIC: [8] Undefined offset: 1 D:\www\online_team\www.sale.com\Application\Admin\Controller\SaleController.class.php 第 1566 行.
NOTIC: [8] Undefined index: commodity D:\www\online_team\www.sale.com\Application\Admin\Controller\SaleController.class.php 第 1578 行.
NOTIC: [8] Undefined offset: 1 D:\www\online_team\www.sale.com\Application\Admin\Controller\SaleController.class.php 第 1579 行.
NOTIC: [8] Undefined offset: 1 D:\www\online_team\www.sale.com\Application\Admin\Controller\SaleController.class.php 第 1566 行.
NOTIC: [8] Undefined index: commodity D:\www\online_team\www.sale.com\Application\Admin\Controller\SaleController.class.php 第 1578 行.
NOTIC: [8] Undefined offset: 1 D:\www\online_team\www.sale.com\Application\Admin\Controller\SaleController.class.php 第 1579 行.
NOTIC: [8] Undefined offset: 1 D:\www\online_team\www.sale.com\Application\Admin\Controller\SaleController.class.php 第 1566 行.
NOTIC: [8] Undefined index: commodity D:\www\online_team\www.sale.com\Application\Admin\Controller\SaleController.class.php 第 1578 行.
NOTIC: [8] Undefined offset: 1 D:\www\online_team\www.sale.com\Application\Admin\Controller\SaleController.class.php 第 1579 行.
NOTIC: [8] Undefined offset: 1 D:\www\online_team\www.sale.com\Application\Admin\Controller\SaleController.class.php 第 1566 行.
NOTIC: [8] Undefined index: commodity D:\www\online_team\www.sale.com\Application\Admin\Controller\SaleController.class.php 第 1578 行.
NOTIC: [8] Undefined offset: 1 D:\www\online_team\www.sale.com\Application\Admin\Controller\SaleController.class.php 第 1579 行.
NOTIC: [8] Undefined offset: 1 D:\www\online_team\www.sale.com\Application\Admin\Controller\SaleController.class.php 第 1566 行.
NOTIC: [8] Undefined index: commodity D:\www\online_team\www.sale.com\Application\Admin\Controller\SaleController.class.php 第 1578 行.
NOTIC: [8] Undefined offset: 1 D:\www\online_team\www.sale.com\Application\Admin\Controller\SaleController.class.php 第 1579 行.
NOTIC: [8] Undefined offset: 1 D:\www\online_team\www.sale.com\Application\Admin\Controller\SaleController.class.php 第 1566 行.
NOTIC: [8] Undefined index: commodity D:\www\online_team\www.sale.com\Application\Admin\Controller\SaleController.class.php 第 1578 行.
NOTIC: [8] Undefined offset: 1 D:\www\online_team\www.sale.com\Application\Admin\Controller\SaleController.class.php 第 1579 行.
NOTIC: [8] Undefined offset: 1 D:\www\online_team\www.sale.com\Application\Admin\Controller\SaleController.class.php 第 1566 行.
NOTIC: [8] Undefined index: commodity D:\www\online_team\www.sale.com\Application\Admin\Controller\SaleController.class.php 第 1578 行.
NOTIC: [8] Undefined offset: 1 D:\www\online_team\www.sale.com\Application\Admin\Controller\SaleController.class.php 第 1579 行.
NOTIC: [8] Undefined offset: 1 D:\www\online_team\www.sale.com\Application\Admin\Controller\SaleController.class.php 第 1566 行.
NOTIC: [8] Undefined index: commodity D:\www\online_team\www.sale.com\Application\Admin\Controller\SaleController.class.php 第 1578 行.
NOTIC: [8] Undefined offset: 1 D:\www\online_team\www.sale.com\Application\Admin\Controller\SaleController.class.php 第 1579 行.
NOTIC: [8] Undefined offset: 1 D:\www\online_team\www.sale.com\Application\Admin\Controller\SaleController.class.php 第 1566 行.
NOTIC: [8] Undefined index: commodity D:\www\online_team\www.sale.com\Application\Admin\Controller\SaleController.class.php 第 1578 行.
NOTIC: [8] Undefined offset: 1 D:\www\online_team\www.sale.com\Application\Admin\Controller\SaleController.class.php 第 1579 行.
NOTIC: [8] Undefined offset: 1 D:\www\online_team\www.sale.com\Application\Admin\Controller\SaleController.class.php 第 1566 行.
NOTIC: [8] Undefined index: commodity D:\www\online_team\www.sale.com\Application\Admin\Controller\SaleController.class.php 第 1578 行.
NOTIC: [8] Undefined offset: 1 D:\www\online_team\www.sale.com\Application\Admin\Controller\SaleController.class.php 第 1579 行.
NOTIC: [8] Undefined offset: 1 D:\www\online_team\www.sale.com\Application\Admin\Controller\SaleController.class.php 第 1566 行.
NOTIC: [8] Undefined index: commodity D:\www\online_team\www.sale.com\Application\Admin\Controller\SaleController.class.php 第 1578 行.
NOTIC: [8] Undefined offset: 1 D:\www\online_team\www.sale.com\Application\Admin\Controller\SaleController.class.php 第 1579 行.
NOTIC: [8] Undefined offset: 1 D:\www\online_team\www.sale.com\Application\Admin\Controller\SaleController.class.php 第 1566 行.
NOTIC: [8] Undefined index: commodity D:\www\online_team\www.sale.com\Application\Admin\Controller\SaleController.class.php 第 1578 行.
NOTIC: [8] Undefined offset: 1 D:\www\online_team\www.sale.com\Application\Admin\Controller\SaleController.class.php 第 1579 行.
NOTIC: [8] Undefined offset: 1 D:\www\online_team\www.sale.com\Application\Admin\Controller\SaleController.class.php 第 1566 行.
NOTIC: [8] Undefined index: commodity D:\www\online_team\www.sale.com\Application\Admin\Controller\SaleController.class.php 第 1578 行.
NOTIC: [8] Undefined offset: 1 D:\www\online_team\www.sale.com\Application\Admin\Controller\SaleController.class.php 第 1579 行.
SQL: SELECT count(id) as num,sum(income) as fee,right(left(pay_time,10),5) as time FROM `ytt_fxg` WHERE UNIX_TIMESTAMP(pay_time) BETWEEN 1542297600 AND 1542359846 AND `goods_id` = '3311813584685799418' AND `article_title` = '再见了换气扇！油烟机也要扔！现兴这新装法，干净清新人人买得起' GROUP BY time  [ RunTime:0.1017s ]
SQL: SELECT count(id) as num,sum(income) as fee,right(left(pay_time,10),5) as time FROM `ytt_fxg` WHERE UNIX_TIMESTAMP(pay_time) BETWEEN 1542297600 AND 1542359846 AND `goods_id` = '3304421928789526416' AND `article_title` = '再见了换气扇！油烟机也要扔！现兴这新装法，干净清新人人买得起' GROUP BY time  [ RunTime:0.1162s ]
SQL: SELECT count(id) as num,sum(income) as fee,right(left(pay_time,10),5) as time FROM `ytt_fxg` WHERE UNIX_TIMESTAMP(pay_time) BETWEEN 1542297600 AND 1542359846 AND `goods_id` = '3276019109699167041' AND `article_title` = '再见了换气扇！油烟机也要扔！现兴这新装法，干净清新人人买得起' GROUP BY time  [ RunTime:0.1198s ]
SQL: SELECT count(id) as num,sum(income) as fee,right(left(pay_time,10),5) as time FROM `ytt_fxg` WHERE UNIX_TIMESTAMP(pay_time) BETWEEN 1542297600 AND 1542359846 AND `goods_id` = '3308238594996631664' AND `article_title` = '再见了换气扇！油烟机也要扔！现兴这新装法，干净清新人人买得起' GROUP BY time  [ RunTime:0.1136s ]
SQL: SELECT count(id) as num,sum(income) as fee,right(left(pay_time,10),5) as time FROM `ytt_fxg` WHERE UNIX_TIMESTAMP(pay_time) BETWEEN 1542297600 AND 1542359846 AND `goods_id` = '3277056658479661364' AND `article_title` = '再见了换气扇！油烟机也要扔！现兴这新装法，干净清新人人买得起' GROUP BY time  [ RunTime:0.1026s ]
SQL: SELECT count(id) as num,sum(income) as fee,right(left(pay_time,10),5) as time FROM `ytt_fxg` WHERE UNIX_TIMESTAMP(pay_time) BETWEEN 1542297600 AND 1542359846 AND `goods_id` = '3286060621484936626' AND `article_title` = '再见了换气扇！油烟机也要扔！现兴这新装法，干净清新人人买得起' GROUP BY time  [ RunTime:0.0943s ]
SQL: SELECT count(id) as num,sum(income) as fee,right(left(pay_time,10),5) as time FROM `ytt_fxg` WHERE UNIX_TIMESTAMP(pay_time) BETWEEN 1542297600 AND 1542359846 AND `goods_id` = '3276774736834760181' AND `article_title` = '再见了换气扇！油烟机也要扔！现兴这新装法，干净清新人人买得起' GROUP BY time  [ RunTime:0.1040s ]
SQL: SELECT count(id) as num,sum(income) as fee,right(left(pay_time,10),5) as time FROM `ytt_fxg` WHERE UNIX_TIMESTAMP(pay_time) BETWEEN 1542297600 AND 1542359846 AND `goods_id` = '3276927688555818084' AND `article_title` = '再见了换气扇！油烟机也要扔！现兴这新装法，干净清新人人买得起' GROUP BY time  [ RunTime:0.0986s ]
SQL: SELECT count(id) as num,sum(income) as fee,right(left(pay_time,10),5) as time FROM `ytt_fxg` WHERE UNIX_TIMESTAMP(pay_time) BETWEEN 1542297600 AND 1542359846 AND `goods_id` = '3281555778456156150' AND `article_title` = '再见了换气扇！油烟机也要扔！现兴这新装法，干净清新人人买得起' GROUP BY time  [ RunTime:0.1047s ]
SQL: SELECT count(id) as num,sum(income) as fee,right(left(pay_time,10),5) as time FROM `ytt_fxg` WHERE UNIX_TIMESTAMP(pay_time) BETWEEN 1542297600 AND 1542359846 AND `goods_id` = '6539896780023578894' AND `article_title` = '再见了换气扇！油烟机也要扔！现兴这新装法，干净清新人人买得起' GROUP BY time  [ RunTime:0.1042s ]
SQL: SELECT count(id) as num,sum(income) as fee,right(left(pay_time,10),5) as time FROM `ytt_fxg` WHERE UNIX_TIMESTAMP(pay_time) BETWEEN 1542297600 AND 1542359846 AND `goods_id` = '3291229873816925722' AND `article_title` = '再见了换气扇！油烟机也要扔！现兴这新装法，干净清新人人买得起' GROUP BY time  [ RunTime:0.1049s ]
SQL: SELECT count(id) as num,sum(income) as fee,right(left(pay_time,10),5) as time FROM `ytt_fxg` WHERE UNIX_TIMESTAMP(pay_time) BETWEEN 1542297600 AND 1542359846 AND `goods_id` = '3299145151296991221' AND `article_title` = '再见了换气扇！油烟机也要扔！现兴这新装法，干净清新人人买得起' GROUP BY time  [ RunTime:0.0836s ]
SQL: SELECT count(id) as num,sum(income) as fee,right(left(pay_time,10),5) as time FROM `ytt_fxg` WHERE UNIX_TIMESTAMP(pay_time) BETWEEN 1542297600 AND 1542359846 AND `goods_id` = '3297152432508898244' AND `article_title` = '再见了换气扇！油烟机也要扔！现兴这新装法，干净清新人人买得起' GROUP BY time  [ RunTime:0.0719s ]
SQL: SELECT count(id) as num,sum(income) as fee,right(left(pay_time,10),5) as time FROM `ytt_fxg` WHERE UNIX_TIMESTAMP(pay_time) BETWEEN 1542297600 AND 1542359846 AND `goods_id` = '3281228535662013234' AND `article_title` = '再见了换气扇！油烟机也要扔！现兴这新装法，干净清新人人买得起' GROUP BY time  [ RunTime:0.0721s ]
SQL: SELECT count(id) as num,sum(income) as fee,right(left(pay_time,10),5) as time FROM `ytt_fxg` WHERE UNIX_TIMESTAMP(pay_time) BETWEEN 1542297600 AND 1542359846 AND `goods_id` = '3278365631367479606' AND `article_title` = '再见了换气扇！油烟机也要扔！现兴这新装法，干净清新人人买得起' GROUP BY time  [ RunTime:0.0732s ]
SQL: SELECT count(id) as num,sum(income) as fee,right(left(pay_time,10),5) as time FROM `ytt_fxg` WHERE UNIX_TIMESTAMP(pay_time) BETWEEN 1542297600 AND 1542359846 AND `goods_id` = '3295120244456188449' AND `article_title` = '再见了换气扇！油烟机也要扔！现兴这新装法，干净清新人人买得起' GROUP BY time  [ RunTime:0.0681s ]
INFO: [ view_parse ] --START--
INFO: [ template_filter ] --START--
INFO: Run Behavior\ContentReplaceBehavior [ RunTime:0.000310s ]
INFO: [ template_filter ] --END-- [ RunTime:0.000393s ]
NOTIC: [8] Undefined index: son_menu D:\www\online_team\www.sale.com\Application\Runtime\Cache\Admin\da3fa94aa0e70269fc52d12475fe7fec.php 第 51 行.
NOTIC: [8] Undefined index: son_menu D:\www\online_team\www.sale.com\Application\Runtime\Cache\Admin\da3fa94aa0e70269fc52d12475fe7fec.php 第 51 行.
INFO: Run Behavior\ParseTemplateBehavior [ RunTime:0.038549s ]
INFO: [ view_parse ] --END-- [ RunTime:0.038719s ]
INFO: [ view_filter ] --START--
INFO: Run Behavior\WriteHtmlCacheBehavior [ RunTime:0.001518s ]
INFO: [ view_filter ] --END-- [ RunTime:0.001621s ]
INFO: [ app_end ] --START--
INFO: Run Behavior\ShowPageTraceBehavior [ RunTime:0.001932s ]
INFO: [ app_end ] --END-- [ RunTime:0.002078s ]

[ 2018-11-16T17:17:46+08:00 ] 127.0.0.1 /Sale/goodsInfo.html?url=2018-11-16+%7E+2018-11-16
INFO: [ app_init ] --START--
INFO: Run Behavior\BuildLiteBehavior [ RunTime:0.000024s ]
INFO: [ app_init ] --END-- [ RunTime:0.000929s ]
INFO: [ app_begin ] --START--
INFO: Run Behavior\ReadHtmlCacheBehavior [ RunTime:0.001237s ]
INFO: [ app_begin ] --END-- [ RunTime:0.001326s ]
SQL: SHOW COLUMNS FROM `ytt_fxg` [ RunTime:0.1128s ]
SQL: SELECT `order_source`,`article_title` FROM `ytt_fxg` WHERE `id` = 0 LIMIT 1   [ RunTime:0.1008s ]
NOTIC: [8] Undefined offset: 1 D:\www\online_team\www.sale.com\Application\Admin\Controller\SaleController.class.php 第 1561 行.
NOTIC: [2] Invalid argument supplied for foreach() D:\www\online_team\www.sale.com\Application\Admin\Controller\SaleController.class.php 第 1563 行.
INFO: [ view_parse ] --START--
INFO: [ template_filter ] --START--
INFO: Run Behavior\ContentReplaceBehavior [ RunTime:0.000202s ]
INFO: [ template_filter ] --END-- [ RunTime:0.000259s ]
NOTIC: [8] Undefined index: son_menu D:\www\online_team\www.sale.com\Application\Runtime\Cache\Admin\da3fa94aa0e70269fc52d12475fe7fec.php 第 51 行.
NOTIC: [8] Undefined index: son_menu D:\www\online_team\www.sale.com\Application\Runtime\Cache\Admin\da3fa94aa0e70269fc52d12475fe7fec.php 第 51 行.
INFO: Run Behavior\ParseTemplateBehavior [ RunTime:0.026875s ]
INFO: [ view_parse ] --END-- [ RunTime:0.027002s ]
INFO: [ view_filter ] --START--
INFO: Run Behavior\WriteHtmlCacheBehavior [ RunTime:0.001798s ]
INFO: [ view_filter ] --END-- [ RunTime:0.001911s ]
INFO: [ app_end ] --START--
INFO: Run Behavior\ShowPageTraceBehavior [ RunTime:0.001354s ]
INFO: [ app_end ] --END-- [ RunTime:0.001456s ]

[ 2018-11-16T17:20:06+08:00 ] 127.0.0.1 /Sale/goodsInfo.html?id=92002&time=
INFO: [ app_init ] --START--
INFO: Run Behavior\BuildLiteBehavior [ RunTime:0.000027s ]
INFO: [ app_init ] --END-- [ RunTime:0.001441s ]
INFO: [ app_begin ] --START--
INFO: Run Behavior\ReadHtmlCacheBehavior [ RunTime:0.007470s ]
INFO: [ app_begin ] --END-- [ RunTime:0.007609s ]
SQL: SHOW COLUMNS FROM `ytt_fxg` [ RunTime:0.0618s ]
SQL: SELECT `order_source`,`article_title` FROM `ytt_fxg` WHERE `id` = 92002 LIMIT 1   [ RunTime:0.0605s ]
NOTIC: [8] Undefined offset: 1 D:\www\online_team\www.sale.com\Application\Admin\Controller\SaleController.class.php 第 1566 行.
NOTIC: [8] Undefined index: commodity D:\www\online_team\www.sale.com\Application\Admin\Controller\SaleController.class.php 第 1578 行.
NOTIC: [8] Undefined offset: 1 D:\www\online_team\www.sale.com\Application\Admin\Controller\SaleController.class.php 第 1579 行.
NOTIC: [8] Undefined offset: 1 D:\www\online_team\www.sale.com\Application\Admin\Controller\SaleController.class.php 第 1566 行.
NOTIC: [8] Undefined index: commodity D:\www\online_team\www.sale.com\Application\Admin\Controller\SaleController.class.php 第 1578 行.
NOTIC: [8] Undefined offset: 1 D:\www\online_team\www.sale.com\Application\Admin\Controller\SaleController.class.php 第 1579 行.
NOTIC: [8] Undefined offset: 1 D:\www\online_team\www.sale.com\Application\Admin\Controller\SaleController.class.php 第 1566 行.
NOTIC: [8] Undefined index: commodity D:\www\online_team\www.sale.com\Application\Admin\Controller\SaleController.class.php 第 1578 行.
NOTIC: [8] Undefined offset: 1 D:\www\online_team\www.sale.com\Application\Admin\Controller\SaleController.class.php 第 1579 行.
NOTIC: [8] Undefined offset: 1 D:\www\online_team\www.sale.com\Application\Admin\Controller\SaleController.class.php 第 1566 行.
NOTIC: [8] Undefined index: commodity D:\www\online_team\www.sale.com\Application\Admin\Controller\SaleController.class.php 第 1578 行.
NOTIC: [8] Undefined offset: 1 D:\www\online_team\www.sale.com\Application\Admin\Controller\SaleController.class.php 第 1579 行.
NOTIC: [8] Undefined offset: 1 D:\www\online_team\www.sale.com\Application\Admin\Controller\SaleController.class.php 第 1566 行.
NOTIC: [8] Undefined index: commodity D:\www\online_team\www.sale.com\Application\Admin\Controller\SaleController.class.php 第 1578 行.
NOTIC: [8] Undefined offset: 1 D:\www\online_team\www.sale.com\Application\Admin\Controller\SaleController.class.php 第 1579 行.
NOTIC: [8] Undefined offset: 1 D:\www\online_team\www.sale.com\Application\Admin\Controller\SaleController.class.php 第 1566 行.
NOTIC: [8] Undefined index: commodity D:\www\online_team\www.sale.com\Application\Admin\Controller\SaleController.class.php 第 1578 行.
NOTIC: [8] Undefined offset: 1 D:\www\online_team\www.sale.com\Application\Admin\Controller\SaleController.class.php 第 1579 行.
NOTIC: [8] Undefined offset: 1 D:\www\online_team\www.sale.com\Application\Admin\Controller\SaleController.class.php 第 1566 行.
NOTIC: [8] Undefined index: commodity D:\www\online_team\www.sale.com\Application\Admin\Controller\SaleController.class.php 第 1578 行.
NOTIC: [8] Undefined offset: 1 D:\www\online_team\www.sale.com\Application\Admin\Controller\SaleController.class.php 第 1579 行.
NOTIC: [8] Undefined offset: 1 D:\www\online_team\www.sale.com\Application\Admin\Controller\SaleController.class.php 第 1566 行.
NOTIC: [8] Undefined index: commodity D:\www\online_team\www.sale.com\Application\Admin\Controller\SaleController.class.php 第 1578 行.
NOTIC: [8] Undefined offset: 1 D:\www\online_team\www.sale.com\Application\Admin\Controller\SaleController.class.php 第 1579 行.
NOTIC: [8] Undefined offset: 1 D:\www\online_team\www.sale.com\Application\Admin\Controller\SaleController.class.php 第 1566 行.
NOTIC: [8] Undefined index: commodity D:\www\online_team\www.sale.com\Application\Admin\Controller\SaleController.class.php 第 1578 行.
NOTIC: [8] Undefined offset: 1 D:\www\online_team\www.sale.com\Application\Admin\Controller\SaleController.class.php 第 1579 行.
NOTIC: [8] Undefined offset: 1 D:\www\online_team\www.sale.com\Application\Admin\Controller\SaleController.class.php 第 1566 行.
NOTIC: [8] Undefined index: commodity D:\www\online_team\www.sale.com\Application\Admin\Controller\SaleController.class.php 第 1578 行.
NOTIC: [8] Undefined offset: 1 D:\www\online_team\www.sale.com\Application\Admin\Controller\SaleController.class.php 第 1579 行.
NOTIC: [8] Undefined offset: 1 D:\www\online_team\www.sale.com\Application\Admin\Controller\SaleController.class.php 第 1566 行.
NOTIC: [8] Undefined index: commodity D:\www\online_team\www.sale.com\Application\Admin\Controller\SaleController.class.php 第 1578 行.
NOTIC: [8] Undefined offset: 1 D:\www\online_team\www.sale.com\Application\Admin\Controller\SaleController.class.php 第 1579 行.
NOTIC: [8] Undefined offset: 1 D:\www\online_team\www.sale.com\Application\Admin\Controller\SaleController.class.php 第 1566 行.
NOTIC: [8] Undefined index: commodity D:\www\online_team\www.sale.com\Application\Admin\Controller\SaleController.class.php 第 1578 行.
NOTIC: [8] Undefined offset: 1 D:\www\online_team\www.sale.com\Application\Admin\Controller\SaleController.class.php 第 1579 行.
NOTIC: [8] Undefined offset: 1 D:\www\online_team\www.sale.com\Application\Admin\Controller\SaleController.class.php 第 1566 行.
NOTIC: [8] Undefined index: commodity D:\www\online_team\www.sale.com\Application\Admin\Controller\SaleController.class.php 第 1578 行.
NOTIC: [8] Undefined offset: 1 D:\www\online_team\www.sale.com\Application\Admin\Controller\SaleController.class.php 第 1579 行.
NOTIC: [8] Undefined offset: 1 D:\www\online_team\www.sale.com\Application\Admin\Controller\SaleController.class.php 第 1566 行.
NOTIC: [8] Undefined index: commodity D:\www\online_team\www.sale.com\Application\Admin\Controller\SaleController.class.php 第 1578 行.
NOTIC: [8] Undefined offset: 1 D:\www\online_team\www.sale.com\Application\Admin\Controller\SaleController.class.php 第 1579 行.
NOTIC: [8] Undefined offset: 1 D:\www\online_team\www.sale.com\Application\Admin\Controller\SaleController.class.php 第 1566 行.
NOTIC: [8] Undefined index: commodity D:\www\online_team\www.sale.com\Application\Admin\Controller\SaleController.class.php 第 1578 行.
NOTIC: [8] Undefined offset: 1 D:\www\online_team\www.sale.com\Application\Admin\Controller\SaleController.class.php 第 1579 行.
NOTIC: [8] Undefined offset: 1 D:\www\online_team\www.sale.com\Application\Admin\Controller\SaleController.class.php 第 1566 行.
NOTIC: [8] Undefined index: commodity D:\www\online_team\www.sale.com\Application\Admin\Controller\SaleController.class.php 第 1578 行.
NOTIC: [8] Undefined offset: 1 D:\www\online_team\www.sale.com\Application\Admin\Controller\SaleController.class.php 第 1579 行.
SQL: SELECT count(id) as num,sum(income) as fee,right(left(pay_time,10),5) as time FROM `ytt_fxg` WHERE UNIX_TIMESTAMP(pay_time) BETWEEN 1542297600 AND 1542360005 AND `goods_id` = '3311813584685799418' AND `article_title` = '再见了换气扇！油烟机也要扔！现兴这新装法，干净清新人人买得起' GROUP BY time  [ RunTime:0.0608s ]
SQL: SELECT count(id) as num,sum(income) as fee,right(left(pay_time,10),5) as time FROM `ytt_fxg` WHERE UNIX_TIMESTAMP(pay_time) BETWEEN 1542297600 AND 1542360005 AND `goods_id` = '3304421928789526416' AND `article_title` = '再见了换气扇！油烟机也要扔！现兴这新装法，干净清新人人买得起' GROUP BY time  [ RunTime:0.0623s ]
SQL: SELECT count(id) as num,sum(income) as fee,right(left(pay_time,10),5) as time FROM `ytt_fxg` WHERE UNIX_TIMESTAMP(pay_time) BETWEEN 1542297600 AND 1542360005 AND `goods_id` = '3276019109699167041' AND `article_title` = '再见了换气扇！油烟机也要扔！现兴这新装法，干净清新人人买得起' GROUP BY time  [ RunTime:0.0630s ]
SQL: SELECT count(id) as num,sum(income) as fee,right(left(pay_time,10),5) as time FROM `ytt_fxg` WHERE UNIX_TIMESTAMP(pay_time) BETWEEN 1542297600 AND 1542360005 AND `goods_id` = '3308238594996631664' AND `article_title` = '再见了换气扇！油烟机也要扔！现兴这新装法，干净清新人人买得起' GROUP BY time  [ RunTime:0.0625s ]
SQL: SELECT count(id) as num,sum(income) as fee,right(left(pay_time,10),5) as time FROM `ytt_fxg` WHERE UNIX_TIMESTAMP(pay_time) BETWEEN 1542297600 AND 1542360005 AND `goods_id` = '3277056658479661364' AND `article_title` = '再见了换气扇！油烟机也要扔！现兴这新装法，干净清新人人买得起' GROUP BY time  [ RunTime:0.0629s ]
SQL: SELECT count(id) as num,sum(income) as fee,right(left(pay_time,10),5) as time FROM `ytt_fxg` WHERE UNIX_TIMESTAMP(pay_time) BETWEEN 1542297600 AND 1542360005 AND `goods_id` = '3286060621484936626' AND `article_title` = '再见了换气扇！油烟机也要扔！现兴这新装法，干净清新人人买得起' GROUP BY time  [ RunTime:0.0623s ]
SQL: SELECT count(id) as num,sum(income) as fee,right(left(pay_time,10),5) as time FROM `ytt_fxg` WHERE UNIX_TIMESTAMP(pay_time) BETWEEN 1542297600 AND 1542360005 AND `goods_id` = '3276774736834760181' AND `article_title` = '再见了换气扇！油烟机也要扔！现兴这新装法，干净清新人人买得起' GROUP BY time  [ RunTime:0.0608s ]
SQL: SELECT count(id) as num,sum(income) as fee,right(left(pay_time,10),5) as time FROM `ytt_fxg` WHERE UNIX_TIMESTAMP(pay_time) BETWEEN 1542297600 AND 1542360005 AND `goods_id` = '3276927688555818084' AND `article_title` = '再见了换气扇！油烟机也要扔！现兴这新装法，干净清新人人买得起' GROUP BY time  [ RunTime:0.0606s ]
SQL: SELECT count(id) as num,sum(income) as fee,right(left(pay_time,10),5) as time FROM `ytt_fxg` WHERE UNIX_TIMESTAMP(pay_time) BETWEEN 1542297600 AND 1542360005 AND `goods_id` = '3281555778456156150' AND `article_title` = '再见了换气扇！油烟机也要扔！现兴这新装法，干净清新人人买得起' GROUP BY time  [ RunTime:0.0638s ]
SQL: SELECT count(id) as num,sum(income) as fee,right(left(pay_time,10),5) as time FROM `ytt_fxg` WHERE UNIX_TIMESTAMP(pay_time) BETWEEN 1542297600 AND 1542360005 AND `goods_id` = '6539896780023578894' AND `article_title` = '再见了换气扇！油烟机也要扔！现兴这新装法，干净清新人人买得起' GROUP BY time  [ RunTime:0.0620s ]
SQL: SELECT count(id) as num,sum(income) as fee,right(left(pay_time,10),5) as time FROM `ytt_fxg` WHERE UNIX_TIMESTAMP(pay_time) BETWEEN 1542297600 AND 1542360005 AND `goods_id` = '3291229873816925722' AND `article_title` = '再见了换气扇！油烟机也要扔！现兴这新装法，干净清新人人买得起' GROUP BY time  [ RunTime:0.0615s ]
SQL: SELECT count(id) as num,sum(income) as fee,right(left(pay_time,10),5) as time FROM `ytt_fxg` WHERE UNIX_TIMESTAMP(pay_time) BETWEEN 1542297600 AND 1542360005 AND `goods_id` = '3299145151296991221' AND `article_title` = '再见了换气扇！油烟机也要扔！现兴这新装法，干净清新人人买得起' GROUP BY time  [ RunTime:0.0616s ]
SQL: SELECT count(id) as num,sum(income) as fee,right(left(pay_time,10),5) as time FROM `ytt_fxg` WHERE UNIX_TIMESTAMP(pay_time) BETWEEN 1542297600 AND 1542360005 AND `goods_id` = '3297152432508898244' AND `article_title` = '再见了换气扇！油烟机也要扔！现兴这新装法，干净清新人人买得起' GROUP BY time  [ RunTime:0.0598s ]
SQL: SELECT count(id) as num,sum(income) as fee,right(left(pay_time,10),5) as time FROM `ytt_fxg` WHERE UNIX_TIMESTAMP(pay_time) BETWEEN 1542297600 AND 1542360005 AND `goods_id` = '3281228535662013234' AND `article_title` = '再见了换气扇！油烟机也要扔！现兴这新装法，干净清新人人买得起' GROUP BY time  [ RunTime:0.0606s ]
SQL: SELECT count(id) as num,sum(income) as fee,right(left(pay_time,10),5) as time FROM `ytt_fxg` WHERE UNIX_TIMESTAMP(pay_time) BETWEEN 1542297600 AND 1542360005 AND `goods_id` = '3278365631367479606' AND `article_title` = '再见了换气扇！油烟机也要扔！现兴这新装法，干净清新人人买得起' GROUP BY time  [ RunTime:0.0610s ]
SQL: SELECT count(id) as num,sum(income) as fee,right(left(pay_time,10),5) as time FROM `ytt_fxg` WHERE UNIX_TIMESTAMP(pay_time) BETWEEN 1542297600 AND 1542360005 AND `goods_id` = '3295120244456188449' AND `article_title` = '再见了换气扇！油烟机也要扔！现兴这新装法，干净清新人人买得起' GROUP BY time  [ RunTime:0.0612s ]
INFO: [ view_parse ] --START--
INFO: [ template_filter ] --START--
INFO: Run Behavior\ContentReplaceBehavior [ RunTime:0.000409s ]
INFO: [ template_filter ] --END-- [ RunTime:0.000548s ]
NOTIC: [8] Undefined index: son_menu D:\www\online_team\www.sale.com\Application\Runtime\Cache\Admin\da3fa94aa0e70269fc52d12475fe7fec.php 第 51 行.
NOTIC: [8] Undefined index: son_menu D:\www\online_team\www.sale.com\Application\Runtime\Cache\Admin\da3fa94aa0e70269fc52d12475fe7fec.php 第 51 行.
INFO: Run Behavior\ParseTemplateBehavior [ RunTime:0.037852s ]
INFO: [ view_parse ] --END-- [ RunTime:0.037933s ]
INFO: [ view_filter ] --START--
INFO: Run Behavior\WriteHtmlCacheBehavior [ RunTime:0.001224s ]
INFO: [ view_filter ] --END-- [ RunTime:0.001306s ]
INFO: [ app_end ] --START--
INFO: Run Behavior\ShowPageTraceBehavior [ RunTime:0.003205s ]
INFO: [ app_end ] --END-- [ RunTime:0.003301s ]

[ 2018-11-16T17:20:18+08:00 ] 127.0.0.1 /Sale/goodsInfo.html?time=2018-11-15+%7E+2018-11-17&id=92002
INFO: [ app_init ] --START--
INFO: Run Behavior\BuildLiteBehavior [ RunTime:0.000029s ]
INFO: [ app_init ] --END-- [ RunTime:0.001050s ]
INFO: [ app_begin ] --START--
INFO: Run Behavior\ReadHtmlCacheBehavior [ RunTime:0.001390s ]
INFO: [ app_begin ] --END-- [ RunTime:0.001523s ]
SQL: SHOW COLUMNS FROM `ytt_fxg` [ RunTime:0.0607s ]
SQL: SELECT `order_source`,`article_title` FROM `ytt_fxg` WHERE `id` = 92002 LIMIT 1   [ RunTime:0.0601s ]
NOTIC: [8] Undefined offset: 1 D:\www\online_team\www.sale.com\Application\Admin\Controller\SaleController.class.php 第 1566 行.
NOTIC: [8] Undefined index: commodity D:\www\online_team\www.sale.com\Application\Admin\Controller\SaleController.class.php 第 1578 行.
NOTIC: [8] Undefined offset: 1 D:\www\online_team\www.sale.com\Application\Admin\Controller\SaleController.class.php 第 1579 行.
NOTIC: [8] Undefined offset: 1 D:\www\online_team\www.sale.com\Application\Admin\Controller\SaleController.class.php 第 1566 行.
NOTIC: [8] Undefined index: commodity D:\www\online_team\www.sale.com\Application\Admin\Controller\SaleController.class.php 第 1578 行.
NOTIC: [8] Undefined offset: 1 D:\www\online_team\www.sale.com\Application\Admin\Controller\SaleController.class.php 第 1579 行.
NOTIC: [8] Undefined offset: 1 D:\www\online_team\www.sale.com\Application\Admin\Controller\SaleController.class.php 第 1566 行.
NOTIC: [8] Undefined index: commodity D:\www\online_team\www.sale.com\Application\Admin\Controller\SaleController.class.php 第 1578 行.
NOTIC: [8] Undefined offset: 1 D:\www\online_team\www.sale.com\Application\Admin\Controller\SaleController.class.php 第 1579 行.
NOTIC: [8] Undefined offset: 1 D:\www\online_team\www.sale.com\Application\Admin\Controller\SaleController.class.php 第 1566 行.
NOTIC: [8] Undefined index: commodity D:\www\online_team\www.sale.com\Application\Admin\Controller\SaleController.class.php 第 1578 行.
NOTIC: [8] Undefined offset: 1 D:\www\online_team\www.sale.com\Application\Admin\Controller\SaleController.class.php 第 1579 行.
NOTIC: [8] Undefined offset: 1 D:\www\online_team\www.sale.com\Application\Admin\Controller\SaleController.class.php 第 1566 行.
NOTIC: [8] Undefined index: commodity D:\www\online_team\www.sale.com\Application\Admin\Controller\SaleController.class.php 第 1578 行.
NOTIC: [8] Undefined offset: 1 D:\www\online_team\www.sale.com\Application\Admin\Controller\SaleController.class.php 第 1579 行.
NOTIC: [8] Undefined offset: 1 D:\www\online_team\www.sale.com\Application\Admin\Controller\SaleController.class.php 第 1566 行.
NOTIC: [8] Undefined index: commodity D:\www\online_team\www.sale.com\Application\Admin\Controller\SaleController.class.php 第 1578 行.
NOTIC: [8] Undefined offset: 1 D:\www\online_team\www.sale.com\Application\Admin\Controller\SaleController.class.php 第 1579 行.
NOTIC: [8] Undefined offset: 1 D:\www\online_team\www.sale.com\Application\Admin\Controller\SaleController.class.php 第 1566 行.
NOTIC: [8] Undefined index: commodity D:\www\online_team\www.sale.com\Application\Admin\Controller\SaleController.class.php 第 1578 行.
NOTIC: [8] Undefined offset: 1 D:\www\online_team\www.sale.com\Application\Admin\Controller\SaleController.class.php 第 1579 行.
NOTIC: [8] Undefined offset: 1 D:\www\online_team\www.sale.com\Application\Admin\Controller\SaleController.class.php 第 1566 行.
NOTIC: [8] Undefined index: commodity D:\www\online_team\www.sale.com\Application\Admin\Controller\SaleController.class.php 第 1578 行.
NOTIC: [8] Undefined offset: 1 D:\www\online_team\www.sale.com\Application\Admin\Controller\SaleController.class.php 第 1579 行.
NOTIC: [8] Undefined offset: 1 D:\www\online_team\www.sale.com\Application\Admin\Controller\SaleController.class.php 第 1566 行.
NOTIC: [8] Undefined index: commodity D:\www\online_team\www.sale.com\Application\Admin\Controller\SaleController.class.php 第 1578 行.
NOTIC: [8] Undefined offset: 1 D:\www\online_team\www.sale.com\Application\Admin\Controller\SaleController.class.php 第 1579 行.
NOTIC: [8] Undefined offset: 1 D:\www\online_team\www.sale.com\Application\Admin\Controller\SaleController.class.php 第 1566 行.
NOTIC: [8] Undefined index: commodity D:\www\online_team\www.sale.com\Application\Admin\Controller\SaleController.class.php 第 1578 行.
NOTIC: [8] Undefined offset: 1 D:\www\online_team\www.sale.com\Application\Admin\Controller\SaleController.class.php 第 1579 行.
NOTIC: [8] Undefined offset: 1 D:\www\online_team\www.sale.com\Application\Admin\Controller\SaleController.class.php 第 1566 行.
NOTIC: [8] Undefined index: commodity D:\www\online_team\www.sale.com\Application\Admin\Controller\SaleController.class.php 第 1578 行.
NOTIC: [8] Undefined offset: 1 D:\www\online_team\www.sale.com\Application\Admin\Controller\SaleController.class.php 第 1579 行.
NOTIC: [8] Undefined offset: 1 D:\www\online_team\www.sale.com\Application\Admin\Controller\SaleController.class.php 第 1566 行.
NOTIC: [8] Undefined index: commodity D:\www\online_team\www.sale.com\Application\Admin\Controller\SaleController.class.php 第 1578 行.
NOTIC: [8] Undefined offset: 1 D:\www\online_team\www.sale.com\Application\Admin\Controller\SaleController.class.php 第 1579 行.
NOTIC: [8] Undefined offset: 1 D:\www\online_team\www.sale.com\Application\Admin\Controller\SaleController.class.php 第 1566 行.
NOTIC: [8] Undefined index: commodity D:\www\online_team\www.sale.com\Application\Admin\Controller\SaleController.class.php 第 1578 行.
NOTIC: [8] Undefined offset: 1 D:\www\online_team\www.sale.com\Application\Admin\Controller\SaleController.class.php 第 1579 行.
NOTIC: [8] Undefined offset: 1 D:\www\online_team\www.sale.com\Application\Admin\Controller\SaleController.class.php 第 1566 行.
NOTIC: [8] Undefined index: commodity D:\www\online_team\www.sale.com\Application\Admin\Controller\SaleController.class.php 第 1578 行.
NOTIC: [8] Undefined offset: 1 D:\www\online_team\www.sale.com\Application\Admin\Controller\SaleController.class.php 第 1579 行.
NOTIC: [8] Undefined offset: 1 D:\www\online_team\www.sale.com\Application\Admin\Controller\SaleController.class.php 第 1566 行.
NOTIC: [8] Undefined index: commodity D:\www\online_team\www.sale.com\Application\Admin\Controller\SaleController.class.php 第 1578 行.
NOTIC: [8] Undefined offset: 1 D:\www\online_team\www.sale.com\Application\Admin\Controller\SaleController.class.php 第 1579 行.
NOTIC: [8] Undefined offset: 1 D:\www\online_team\www.sale.com\Application\Admin\Controller\SaleController.class.php 第 1566 行.
NOTIC: [8] Undefined index: commodity D:\www\online_team\www.sale.com\Application\Admin\Controller\SaleController.class.php 第 1578 行.
NOTIC: [8] Undefined offset: 1 D:\www\online_team\www.sale.com\Application\Admin\Controller\SaleController.class.php 第 1579 行.
SQL: SELECT count(id) as num,sum(income) as fee,right(left(pay_time,10),5) as time FROM `ytt_fxg` WHERE UNIX_TIMESTAMP(pay_time) BETWEEN 1542211200 AND 1542470399 AND `goods_id` = '3311813584685799418' AND `article_title` = '再见了换气扇！油烟机也要扔！现兴这新装法，干净清新人人买得起' GROUP BY time  [ RunTime:0.0612s ]
SQL: SELECT count(id) as num,sum(income) as fee,right(left(pay_time,10),5) as time FROM `ytt_fxg` WHERE UNIX_TIMESTAMP(pay_time) BETWEEN 1542211200 AND 1542470399 AND `goods_id` = '3304421928789526416' AND `article_title` = '再见了换气扇！油烟机也要扔！现兴这新装法，干净清新人人买得起' GROUP BY time  [ RunTime:0.0621s ]
SQL: SELECT count(id) as num,sum(income) as fee,right(left(pay_time,10),5) as time FROM `ytt_fxg` WHERE UNIX_TIMESTAMP(pay_time) BETWEEN 1542211200 AND 1542470399 AND `goods_id` = '3276019109699167041' AND `article_title` = '再见了换气扇！油烟机也要扔！现兴这新装法，干净清新人人买得起' GROUP BY time  [ RunTime:0.0620s ]
SQL: SELECT count(id) as num,sum(income) as fee,right(left(pay_time,10),5) as time FROM `ytt_fxg` WHERE UNIX_TIMESTAMP(pay_time) BETWEEN 1542211200 AND 1542470399 AND `goods_id` = '3308238594996631664' AND `article_title` = '再见了换气扇！油烟机也要扔！现兴这新装法，干净清新人人买得起' GROUP BY time  [ RunTime:0.0613s ]
SQL: SELECT count(id) as num,sum(income) as fee,right(left(pay_time,10),5) as time FROM `ytt_fxg` WHERE UNIX_TIMESTAMP(pay_time) BETWEEN 1542211200 AND 1542470399 AND `goods_id` = '3277056658479661364' AND `article_title` = '再见了换气扇！油烟机也要扔！现兴这新装法，干净清新人人买得起' GROUP BY time  [ RunTime:0.0644s ]
SQL: SELECT count(id) as num,sum(income) as fee,right(left(pay_time,10),5) as time FROM `ytt_fxg` WHERE UNIX_TIMESTAMP(pay_time) BETWEEN 1542211200 AND 1542470399 AND `goods_id` = '3286060621484936626' AND `article_title` = '再见了换气扇！油烟机也要扔！现兴这新装法，干净清新人人买得起' GROUP BY time  [ RunTime:0.0626s ]
SQL: SELECT count(id) as num,sum(income) as fee,right(left(pay_time,10),5) as time FROM `ytt_fxg` WHERE UNIX_TIMESTAMP(pay_time) BETWEEN 1542211200 AND 1542470399 AND `goods_id` = '3276774736834760181' AND `article_title` = '再见了换气扇！油烟机也要扔！现兴这新装法，干净清新人人买得起' GROUP BY time  [ RunTime:0.0610s ]
SQL: SELECT count(id) as num,sum(income) as fee,right(left(pay_time,10),5) as time FROM `ytt_fxg` WHERE UNIX_TIMESTAMP(pay_time) BETWEEN 1542211200 AND 1542470399 AND `goods_id` = '3276927688555818084' AND `article_title` = '再见了换气扇！油烟机也要扔！现兴这新装法，干净清新人人买得起' GROUP BY time  [ RunTime:0.0613s ]
SQL: SELECT count(id) as num,sum(income) as fee,right(left(pay_time,10),5) as time FROM `ytt_fxg` WHERE UNIX_TIMESTAMP(pay_time) BETWEEN 1542211200 AND 1542470399 AND `goods_id` = '3281555778456156150' AND `article_title` = '再见了换气扇！油烟机也要扔！现兴这新装法，干净清新人人买得起' GROUP BY time  [ RunTime:0.0668s ]
SQL: SELECT count(id) as num,sum(income) as fee,right(left(pay_time,10),5) as time FROM `ytt_fxg` WHERE UNIX_TIMESTAMP(pay_time) BETWEEN 1542211200 AND 1542470399 AND `goods_id` = '6539896780023578894' AND `article_title` = '再见了换气扇！油烟机也要扔！现兴这新装法，干净清新人人买得起' GROUP BY time  [ RunTime:0.0624s ]
SQL: SELECT count(id) as num,sum(income) as fee,right(left(pay_time,10),5) as time FROM `ytt_fxg` WHERE UNIX_TIMESTAMP(pay_time) BETWEEN 1542211200 AND 1542470399 AND `goods_id` = '3291229873816925722' AND `article_title` = '再见了换气扇！油烟机也要扔！现兴这新装法，干净清新人人买得起' GROUP BY time  [ RunTime:0.0622s ]
SQL: SELECT count(id) as num,sum(income) as fee,right(left(pay_time,10),5) as time FROM `ytt_fxg` WHERE UNIX_TIMESTAMP(pay_time) BETWEEN 1542211200 AND 1542470399 AND `goods_id` = '3299145151296991221' AND `article_title` = '再见了换气扇！油烟机也要扔！现兴这新装法，干净清新人人买得起' GROUP BY time  [ RunTime:0.0608s ]
SQL: SELECT count(id) as num,sum(income) as fee,right(left(pay_time,10),5) as time FROM `ytt_fxg` WHERE UNIX_TIMESTAMP(pay_time) BETWEEN 1542211200 AND 1542470399 AND `goods_id` = '3297152432508898244' AND `article_title` = '再见了换气扇！油烟机也要扔！现兴这新装法，干净清新人人买得起' GROUP BY time  [ RunTime:0.0618s ]
SQL: SELECT count(id) as num,sum(income) as fee,right(left(pay_time,10),5) as time FROM `ytt_fxg` WHERE UNIX_TIMESTAMP(pay_time) BETWEEN 1542211200 AND 1542470399 AND `goods_id` = '3281228535662013234' AND `article_title` = '再见了换气扇！油烟机也要扔！现兴这新装法，干净清新人人买得起' GROUP BY time  [ RunTime:0.0613s ]
SQL: SELECT count(id) as num,sum(income) as fee,right(left(pay_time,10),5) as time FROM `ytt_fxg` WHERE UNIX_TIMESTAMP(pay_time) BETWEEN 1542211200 AND 1542470399 AND `goods_id` = '3278365631367479606' AND `article_title` = '再见了换气扇！油烟机也要扔！现兴这新装法，干净清新人人买得起' GROUP BY time  [ RunTime:0.0613s ]
SQL: SELECT count(id) as num,sum(income) as fee,right(left(pay_time,10),5) as time FROM `ytt_fxg` WHERE UNIX_TIMESTAMP(pay_time) BETWEEN 1542211200 AND 1542470399 AND `goods_id` = '3295120244456188449' AND `article_title` = '再见了换气扇！油烟机也要扔！现兴这新装法，干净清新人人买得起' GROUP BY time  [ RunTime:0.0608s ]
INFO: [ view_parse ] --START--
INFO: [ template_filter ] --START--
INFO: Run Behavior\ContentReplaceBehavior [ RunTime:0.000260s ]
INFO: [ template_filter ] --END-- [ RunTime:0.000334s ]
NOTIC: [8] Undefined index: son_menu D:\www\online_team\www.sale.com\Application\Runtime\Cache\Admin\da3fa94aa0e70269fc52d12475fe7fec.php 第 51 行.
NOTIC: [8] Undefined index: son_menu D:\www\online_team\www.sale.com\Application\Runtime\Cache\Admin\da3fa94aa0e70269fc52d12475fe7fec.php 第 51 行.
INFO: Run Behavior\ParseTemplateBehavior [ RunTime:0.040897s ]
INFO: [ view_parse ] --END-- [ RunTime:0.040983s ]
INFO: [ view_filter ] --START--
INFO: Run Behavior\WriteHtmlCacheBehavior [ RunTime:0.001171s ]
INFO: [ view_filter ] --END-- [ RunTime:0.001280s ]
INFO: [ app_end ] --START--
INFO: Run Behavior\ShowPageTraceBehavior [ RunTime:0.001336s ]
INFO: [ app_end ] --END-- [ RunTime:0.001439s ]

