[ 2018-10-13T08:43:49+08:00 ] 127.0.0.1 /Article/autoSendItem
INFO: [ app_init ] --START--
INFO: Run Behavior\BuildLiteBehavior [ RunTime:0.000025s ]
INFO: [ app_init ] --END-- [ RunTime:0.003609s ]
INFO: [ app_begin ] --START--
INFO: Run Behavior\ReadHtmlCacheBehavior [ RunTime:0.002121s ]
INFO: [ app_begin ] --END-- [ RunTime:0.002274s ]
SQL: SHOW COLUMNS FROM `ytt_dtk_goods` [ RunTime:0.0656s ]
SQL: SELECT * FROM `ytt_dtk_goods` WHERE `is_auto` = 0 ORDER BY id desc LIMIT 1   [ RunTime:0.0647s ]
SQL: SHOW COLUMNS FROM `ytt_top_line_account` [ RunTime:0.0650s ]
SQL: SELECT `cookie` FROM `ytt_top_line_account` WHERE `id` = 20 LIMIT 1   [ RunTime:0.0649s ]
SQL: SELECT `cookie` FROM `ytt_top_line_account` WHERE `id` = 21 LIMIT 1   [ RunTime:0.0641s ]
SQL: SELECT `cookie` FROM `ytt_top_line_account` WHERE `id` = 23 LIMIT 1   [ RunTime:0.0662s ]

[ 2018-10-13T08:43:49+08:00 ] 127.0.0.1 /favicon.ico
INFO: [ app_init ] --START--
INFO: Run Behavior\BuildLiteBehavior [ RunTime:0.000023s ]
INFO: [ app_init ] --END-- [ RunTime:0.000975s ]

[ 2018-10-13T08:44:49+08:00 ] 127.0.0.1 /Article/autoSendItem
INFO: [ app_init ] --START--
INFO: Run Behavior\BuildLiteBehavior [ RunTime:0.000019s ]
INFO: [ app_init ] --END-- [ RunTime:0.000756s ]
INFO: [ app_begin ] --START--
INFO: Run Behavior\ReadHtmlCacheBehavior [ RunTime:0.001023s ]
INFO: [ app_begin ] --END-- [ RunTime:0.001100s ]
SQL: SHOW COLUMNS FROM `ytt_dtk_goods` [ RunTime:0.0645s ]
SQL: SELECT * FROM `ytt_dtk_goods` WHERE `is_auto` = 0 ORDER BY id desc LIMIT 1   [ RunTime:0.0647s ]
SQL: SHOW COLUMNS FROM `ytt_top_line_account` [ RunTime:0.0652s ]
SQL: SELECT `cookie` FROM `ytt_top_line_account` WHERE `id` = 20 LIMIT 1   [ RunTime:0.0648s ]
SQL: SELECT `cookie` FROM `ytt_top_line_account` WHERE `id` = 21 LIMIT 1   [ RunTime:0.0641s ]
SQL: SELECT `cookie` FROM `ytt_top_line_account` WHERE `id` = 23 LIMIT 1   [ RunTime:0.0651s ]

[ 2018-10-13T08:45:42+08:00 ] 127.0.0.1 /Article/autoSendItem
INFO: [ app_init ] --START--
INFO: Run Behavior\BuildLiteBehavior [ RunTime:0.000021s ]
INFO: [ app_init ] --END-- [ RunTime:0.000657s ]
INFO: [ app_begin ] --START--
INFO: Run Behavior\ReadHtmlCacheBehavior [ RunTime:0.000824s ]
INFO: [ app_begin ] --END-- [ RunTime:0.000902s ]
SQL: SHOW COLUMNS FROM `ytt_dtk_goods` [ RunTime:0.0642s ]
SQL: SELECT * FROM `ytt_dtk_goods` WHERE `is_auto` = 0 ORDER BY id desc LIMIT 1   [ RunTime:0.0639s ]
SQL: SHOW COLUMNS FROM `ytt_top_line_account` [ RunTime:0.0645s ]
SQL: SELECT `cookie` FROM `ytt_top_line_account` WHERE `id` = 20 LIMIT 1   [ RunTime:0.0640s ]
SQL: SELECT `cookie` FROM `ytt_top_line_account` WHERE `id` = 21 LIMIT 1   [ RunTime:0.0641s ]
SQL: SELECT `cookie` FROM `ytt_top_line_account` WHERE `id` = 23 LIMIT 1   [ RunTime:0.0641s ]
SQL: UPDATE `ytt_dtk_goods` SET `is_auto`='1' WHERE `id` = 200 [ RunTime:0.0647s ]

[ 2018-10-13T08:46:10+08:00 ] 127.0.0.1 /Article/autoSendItem
INFO: [ app_init ] --START--
INFO: Run Behavior\BuildLiteBehavior [ RunTime:0.000021s ]
INFO: [ app_init ] --END-- [ RunTime:0.001009s ]
INFO: [ app_begin ] --START--
INFO: Run Behavior\ReadHtmlCacheBehavior [ RunTime:0.000703s ]
INFO: [ app_begin ] --END-- [ RunTime:0.000756s ]
SQL: SHOW COLUMNS FROM `ytt_dtk_goods` [ RunTime:0.0655s ]
SQL: SELECT * FROM `ytt_dtk_goods` WHERE `is_auto` = 0 ORDER BY id desc LIMIT 1   [ RunTime:0.0645s ]
SQL: SHOW COLUMNS FROM `ytt_top_line_account` [ RunTime:0.0644s ]
SQL: SELECT `cookie` FROM `ytt_top_line_account` WHERE `id` = 20 LIMIT 1   [ RunTime:0.0644s ]
SQL: SELECT `cookie` FROM `ytt_top_line_account` WHERE `id` = 21 LIMIT 1   [ RunTime:0.0646s ]
SQL: SELECT `cookie` FROM `ytt_top_line_account` WHERE `id` = 23 LIMIT 1   [ RunTime:0.0647s ]

[ 2018-10-13T08:47:51+08:00 ] 127.0.0.1 /Article/autoSendItem
INFO: [ app_init ] --START--
INFO: Run Behavior\BuildLiteBehavior [ RunTime:0.000012s ]
INFO: [ app_init ] --END-- [ RunTime:0.000567s ]
INFO: [ app_begin ] --START--
INFO: Run Behavior\ReadHtmlCacheBehavior [ RunTime:0.000990s ]
INFO: [ app_begin ] --END-- [ RunTime:0.001054s ]
SQL: SHOW COLUMNS FROM `ytt_dtk_goods` [ RunTime:0.0643s ]
SQL: SELECT * FROM `ytt_dtk_goods` WHERE `is_auto` = 0 ORDER BY id desc LIMIT 1   [ RunTime:0.0640s ]

[ 2018-10-13T08:55:00+08:00 ] 127.0.0.1 /Article/autoSendItem
INFO: [ app_init ] --START--
INFO: Run Behavior\BuildLiteBehavior [ RunTime:0.000016s ]
INFO: [ app_init ] --END-- [ RunTime:0.000609s ]
INFO: [ app_begin ] --START--
INFO: Run Behavior\ReadHtmlCacheBehavior [ RunTime:0.001346s ]
INFO: [ app_begin ] --END-- [ RunTime:0.001444s ]
SQL: SHOW COLUMNS FROM `ytt_dtk_goods` [ RunTime:0.0642s ]
SQL: SELECT * FROM `ytt_dtk_goods` WHERE `is_auto` = 0 ORDER BY id desc LIMIT 1   [ RunTime:0.0642s ]

[ 2018-10-13T08:55:37+08:00 ] 127.0.0.1 /Article/autoSendItem
INFO: [ app_init ] --START--
INFO: Run Behavior\BuildLiteBehavior [ RunTime:0.000012s ]
INFO: [ app_init ] --END-- [ RunTime:0.000583s ]
INFO: [ app_begin ] --START--
INFO: Run Behavior\ReadHtmlCacheBehavior [ RunTime:0.001147s ]
INFO: [ app_begin ] --END-- [ RunTime:0.001232s ]
SQL: SHOW COLUMNS FROM `ytt_dtk_goods` [ RunTime:0.0652s ]
SQL: SELECT * FROM `ytt_dtk_goods` WHERE `is_auto` = 0 ORDER BY id desc LIMIT 1   [ RunTime:0.0653s ]
SQL: SHOW COLUMNS FROM `ytt_top_line_account` [ RunTime:0.0649s ]
SQL: SELECT `cookie` FROM `ytt_top_line_account` WHERE `id` = 20 LIMIT 1   [ RunTime:0.0652s ]
SQL: SELECT `cookie` FROM `ytt_top_line_account` WHERE `id` = 21 LIMIT 1   [ RunTime:0.0647s ]
SQL: SELECT `cookie` FROM `ytt_top_line_account` WHERE `id` = 23 LIMIT 1   [ RunTime:0.0649s ]
SQL: UPDATE `ytt_dtk_goods` SET `is_auto`='1' WHERE `id` = 199 [ RunTime:0.0655s ]

[ 2018-10-13T08:56:38+08:00 ] 127.0.0.1 /Article/autoSendItem
INFO: [ app_init ] --START--
INFO: Run Behavior\BuildLiteBehavior [ RunTime:0.000025s ]
INFO: [ app_init ] --END-- [ RunTime:0.000997s ]
INFO: [ app_begin ] --START--
INFO: Run Behavior\ReadHtmlCacheBehavior [ RunTime:0.001022s ]
INFO: [ app_begin ] --END-- [ RunTime:0.001096s ]
SQL: SHOW COLUMNS FROM `ytt_dtk_goods` [ RunTime:0.0642s ]
SQL: SELECT * FROM `ytt_dtk_goods` WHERE `is_auto` = 0 ORDER BY id desc LIMIT 1   [ RunTime:0.0640s ]
SQL: SHOW COLUMNS FROM `ytt_top_line_account` [ RunTime:0.0641s ]
SQL: SELECT `cookie` FROM `ytt_top_line_account` WHERE `id` = 20 LIMIT 1   [ RunTime:0.0637s ]
SQL: SELECT `cookie` FROM `ytt_top_line_account` WHERE `id` = 21 LIMIT 1   [ RunTime:0.0641s ]
SQL: SELECT `cookie` FROM `ytt_top_line_account` WHERE `id` = 23 LIMIT 1   [ RunTime:0.0642s ]
SQL: UPDATE `ytt_dtk_goods` SET `is_auto`='1' WHERE `id` = 198 [ RunTime:0.0648s ]

[ 2018-10-13T08:57:56+08:00 ] 127.0.0.1 /Article/autoSendItem
INFO: [ app_init ] --START--
INFO: Run Behavior\BuildLiteBehavior [ RunTime:0.000013s ]
INFO: [ app_init ] --END-- [ RunTime:0.000573s ]
INFO: [ app_begin ] --START--
INFO: Run Behavior\ReadHtmlCacheBehavior [ RunTime:0.000654s ]
INFO: [ app_begin ] --END-- [ RunTime:0.000696s ]
SQL: SHOW COLUMNS FROM `ytt_dtk_goods` [ RunTime:0.0653s ]
SQL: SELECT * FROM `ytt_dtk_goods` WHERE `is_auto` = 0 ORDER BY id desc LIMIT 1   [ RunTime:0.0652s ]
SQL: SHOW COLUMNS FROM `ytt_top_line_account` [ RunTime:0.0645s ]
SQL: SELECT `cookie` FROM `ytt_top_line_account` WHERE `id` = 20 LIMIT 1   [ RunTime:0.0645s ]
SQL: SELECT `cookie` FROM `ytt_top_line_account` WHERE `id` = 21 LIMIT 1   [ RunTime:0.0658s ]
SQL: SELECT `cookie` FROM `ytt_top_line_account` WHERE `id` = 23 LIMIT 1   [ RunTime:0.0641s ]
SQL: UPDATE `ytt_dtk_goods` SET `is_auto`='1' WHERE `id` = 197 [ RunTime:0.0653s ]

[ 2018-10-13T08:59:32+08:00 ] 127.0.0.1 /Article/autoSendItem
INFO: [ app_init ] --START--
INFO: Run Behavior\BuildLiteBehavior [ RunTime:0.000013s ]
INFO: [ app_init ] --END-- [ RunTime:0.000581s ]
INFO: [ app_begin ] --START--
INFO: Run Behavior\ReadHtmlCacheBehavior [ RunTime:0.000678s ]
INFO: [ app_begin ] --END-- [ RunTime:0.000722s ]
SQL: SHOW COLUMNS FROM `ytt_dtk_goods` [ RunTime:0.0656s ]
SQL: SELECT * FROM `ytt_dtk_goods` WHERE `is_auto` = 0 ORDER BY id desc LIMIT 1   [ RunTime:0.0655s ]

[ 2018-10-13T09:00:05+08:00 ] 127.0.0.1 /Article/autoSendItem
INFO: [ app_init ] --START--
INFO: Run Behavior\BuildLiteBehavior [ RunTime:0.000012s ]
INFO: [ app_init ] --END-- [ RunTime:0.000568s ]
INFO: [ app_begin ] --START--
INFO: Run Behavior\ReadHtmlCacheBehavior [ RunTime:0.000653s ]
INFO: [ app_begin ] --END-- [ RunTime:0.000697s ]
SQL: SHOW COLUMNS FROM `ytt_dtk_goods` [ RunTime:0.0656s ]
SQL: SELECT * FROM `ytt_dtk_goods` WHERE `is_auto` = 0 ORDER BY id desc LIMIT 1   [ RunTime:0.0652s ]

[ 2018-10-13T09:00:27+08:00 ] 127.0.0.1 /Article/autoSendItem
INFO: [ app_init ] --START--
INFO: Run Behavior\BuildLiteBehavior [ RunTime:0.000012s ]
INFO: [ app_init ] --END-- [ RunTime:0.000601s ]
INFO: [ app_begin ] --START--
INFO: Run Behavior\ReadHtmlCacheBehavior [ RunTime:0.001054s ]
INFO: [ app_begin ] --END-- [ RunTime:0.001127s ]
SQL: SHOW COLUMNS FROM `ytt_dtk_goods` [ RunTime:0.0653s ]
SQL: SELECT * FROM `ytt_dtk_goods` WHERE `is_auto` = 0 ORDER BY id desc LIMIT 1   [ RunTime:0.0648s ]

[ 2018-10-13T09:01:06+08:00 ] 127.0.0.1 /Article/autoSendItem
INFO: [ app_init ] --START--
INFO: Run Behavior\BuildLiteBehavior [ RunTime:0.000019s ]
INFO: [ app_init ] --END-- [ RunTime:0.000991s ]
INFO: [ app_begin ] --START--
INFO: Run Behavior\ReadHtmlCacheBehavior [ RunTime:0.000982s ]
INFO: [ app_begin ] --END-- [ RunTime:0.001052s ]
SQL: SHOW COLUMNS FROM `ytt_dtk_goods` [ RunTime:0.0645s ]
SQL: SELECT * FROM `ytt_dtk_goods` WHERE `is_auto` = 0 ORDER BY id desc LIMIT 1   [ RunTime:0.0641s ]

[ 2018-10-13T09:02:43+08:00 ] 127.0.0.1 /Article/autoSendItem
INFO: [ app_init ] --START--
INFO: Run Behavior\BuildLiteBehavior [ RunTime:0.000014s ]
INFO: [ app_init ] --END-- [ RunTime:0.000693s ]
INFO: [ app_begin ] --START--
INFO: Run Behavior\ReadHtmlCacheBehavior [ RunTime:0.000763s ]
INFO: [ app_begin ] --END-- [ RunTime:0.000814s ]
SQL: SHOW COLUMNS FROM `ytt_dtk_goods` [ RunTime:0.0653s ]
SQL: SELECT * FROM `ytt_dtk_goods` WHERE `is_auto` = 0 ORDER BY id desc LIMIT 1   [ RunTime:0.0653s ]

[ 2018-10-13T09:02:47+08:00 ] 127.0.0.1 /Article/autoSendItem
INFO: [ app_init ] --START--
INFO: Run Behavior\BuildLiteBehavior [ RunTime:0.000021s ]
INFO: [ app_init ] --END-- [ RunTime:0.000863s ]
INFO: [ app_begin ] --START--
INFO: Run Behavior\ReadHtmlCacheBehavior [ RunTime:0.000709s ]
INFO: [ app_begin ] --END-- [ RunTime:0.000763s ]
SQL: SHOW COLUMNS FROM `ytt_dtk_goods` [ RunTime:0.0651s ]
SQL: SELECT * FROM `ytt_dtk_goods` WHERE `is_auto` = 0 ORDER BY id desc LIMIT 1   [ RunTime:0.0648s ]

[ 2018-10-13T11:13:34+08:00 ] 127.0.0.1 /Article/autoSendItem
INFO: [ app_init ] --START--
INFO: Run Behavior\BuildLiteBehavior [ RunTime:0.000012s ]
INFO: [ app_init ] --END-- [ RunTime:0.000595s ]
INFO: [ app_begin ] --START--
INFO: Run Behavior\ReadHtmlCacheBehavior [ RunTime:0.000796s ]
INFO: [ app_begin ] --END-- [ RunTime:0.000852s ]
SQL: SHOW COLUMNS FROM `ytt_dtk_goods` [ RunTime:0.0671s ]
SQL: SELECT * FROM `ytt_dtk_goods` WHERE `is_auto` = 0 ORDER BY id desc LIMIT 1   [ RunTime:0.0705s ]

[ 2018-10-13T11:14:34+08:00 ] 127.0.0.1 /Article/autoSendItem
INFO: [ app_init ] --START--
INFO: Run Behavior\BuildLiteBehavior [ RunTime:0.000014s ]
INFO: [ app_init ] --END-- [ RunTime:0.000690s ]
INFO: [ app_begin ] --START--
INFO: Run Behavior\ReadHtmlCacheBehavior [ RunTime:0.000755s ]
INFO: [ app_begin ] --END-- [ RunTime:0.000806s ]
SQL: SHOW COLUMNS FROM `ytt_dtk_goods` [ RunTime:0.0654s ]
SQL: SELECT * FROM `ytt_dtk_goods` WHERE `is_auto` = 0 ORDER BY id desc LIMIT 1   [ RunTime:0.0648s ]

[ 2018-10-13T11:15:52+08:00 ] 127.0.0.1 /Article/autoSendItem
INFO: [ app_init ] --START--
INFO: Run Behavior\BuildLiteBehavior [ RunTime:0.000020s ]
INFO: [ app_init ] --END-- [ RunTime:0.000806s ]
INFO: [ app_begin ] --START--
INFO: Run Behavior\ReadHtmlCacheBehavior [ RunTime:0.000859s ]
INFO: [ app_begin ] --END-- [ RunTime:0.000911s ]
SQL: SHOW COLUMNS FROM `ytt_dtk_goods` [ RunTime:0.0652s ]
SQL: SELECT * FROM `ytt_dtk_goods` WHERE `is_auto` = 0 ORDER BY id desc LIMIT 1   [ RunTime:0.0654s ]
SQL: SHOW COLUMNS FROM `ytt_top_line_account` [ RunTime:0.0648s ]
SQL: SELECT `cookie` FROM `ytt_top_line_account` WHERE `id` = 20 LIMIT 1   [ RunTime:0.0658s ]
SQL: SELECT `cookie` FROM `ytt_top_line_account` WHERE `id` = 21 LIMIT 1   [ RunTime:0.0645s ]
SQL: SELECT `cookie` FROM `ytt_top_line_account` WHERE `id` = 23 LIMIT 1   [ RunTime:0.0684s ]
SQL: UPDATE `ytt_dtk_goods` SET `is_auto`='1' WHERE `id` = 196 [ RunTime:0.0708s ]

