[ 2018-11-29T13:49:23+08:00 ] 127.0.0.1 /Article/taoJinGeArticle
INFO: [ app_init ] --START--
INFO: Run Behavior\BuildLiteBehavior [ RunTime:0.000013s ]
INFO: [ app_init ] --END-- [ RunTime:0.000738s ]
INFO: [ app_begin ] --START--
INFO: Run Behavior\ReadHtmlCacheBehavior [ RunTime:0.001920s ]
INFO: [ app_begin ] --END-- [ RunTime:0.002007s ]

[ 2018-11-29T13:49:24+08:00 ] 127.0.0.1 /favicon.ico
INFO: [ app_init ] --START--
INFO: Run Behavior\BuildLiteBehavior [ RunTime:0.000014s ]
INFO: [ app_init ] --END-- [ RunTime:0.000738s ]

[ 2018-11-29T14:02:21+08:00 ] 127.0.0.1 /Article/taoJinGeArticle
INFO: [ app_init ] --START--
INFO: Run Behavior\BuildLiteBehavior [ RunTime:0.000022s ]
INFO: [ app_init ] --END-- [ RunTime:0.000925s ]
INFO: [ app_begin ] --START--
INFO: Run Behavior\ReadHtmlCacheBehavior [ RunTime:0.001305s ]
INFO: [ app_begin ] --END-- [ RunTime:0.001367s ]
SQL: SHOW COLUMNS FROM `ytt_tao_jin_ge_article` [ RunTime:0.0640s ]
INFO: [ app_end ] --START--
INFO: Run Behavior\ShowPageTraceBehavior [ RunTime:0.001424s ]
INFO: [ app_end ] --END-- [ RunTime:0.001488s ]

[ 2018-11-29T14:02:25+08:00 ] 127.0.0.1 /Article/taoJinGeArticle
INFO: [ app_init ] --START--
INFO: Run Behavior\BuildLiteBehavior [ RunTime:0.000013s ]
INFO: [ app_init ] --END-- [ RunTime:0.000697s ]
INFO: [ app_begin ] --START--
INFO: Run Behavior\ReadHtmlCacheBehavior [ RunTime:0.000927s ]
INFO: [ app_begin ] --END-- [ RunTime:0.000969s ]
SQL: SHOW COLUMNS FROM `ytt_tao_jin_ge_article` [ RunTime:0.0684s ]
INFO: [ app_end ] --START--
INFO: Run Behavior\ShowPageTraceBehavior [ RunTime:0.002770s ]
INFO: [ app_end ] --END-- [ RunTime:0.002905s ]

[ 2018-11-29T14:02:39+08:00 ] 127.0.0.1 /Article/taoJinGeArticle
INFO: [ app_init ] --START--
INFO: Run Behavior\BuildLiteBehavior [ RunTime:0.000019s ]
INFO: [ app_init ] --END-- [ RunTime:0.000730s ]
INFO: [ app_begin ] --START--
INFO: Run Behavior\ReadHtmlCacheBehavior [ RunTime:0.000988s ]
INFO: [ app_begin ] --END-- [ RunTime:0.001041s ]
SQL: SHOW COLUMNS FROM `ytt_tao_jin_ge_article` [ RunTime:0.0630s ]

[ 2018-11-29T14:04:10+08:00 ] 127.0.0.1 /Article/taoJinGeArticle
INFO: [ app_init ] --START--
INFO: Run Behavior\BuildLiteBehavior [ RunTime:0.000013s ]
INFO: [ app_init ] --END-- [ RunTime:0.000771s ]
INFO: [ app_begin ] --START--
INFO: Run Behavior\ReadHtmlCacheBehavior [ RunTime:0.001420s ]
INFO: [ app_begin ] --END-- [ RunTime:0.001490s ]
SQL: SHOW COLUMNS FROM `ytt_tao_jin_ge_article` [ RunTime:0.0633s ]
SQL: SELECT COUNT(id) AS tp_count FROM `ytt_tao_jin_ge_article` WHERE `article_id` = 'e98489d4f9164c698d952c0b03ba773b' LIMIT 1   [ RunTime:0.0632s ]
SQL: SELECT COUNT(id) AS tp_count FROM `ytt_tao_jin_ge_article` WHERE `article_id` = 'b9c4b434cc3f4478be98bb1e0e0f984c' LIMIT 1   [ RunTime:0.0632s ]
SQL: SELECT COUNT(id) AS tp_count FROM `ytt_tao_jin_ge_article` WHERE `article_id` = '9f730ed970d84a50adc356ae05deb76a' LIMIT 1   [ RunTime:0.0633s ]
SQL: SELECT COUNT(id) AS tp_count FROM `ytt_tao_jin_ge_article` WHERE `article_id` = 'fc0c10e6ac764895a84a7b469d11f740' LIMIT 1   [ RunTime:0.0632s ]
SQL: SELECT COUNT(id) AS tp_count FROM `ytt_tao_jin_ge_article` WHERE `article_id` = 'c8a214a650a649778cc53efe401cfa3d' LIMIT 1   [ RunTime:0.0639s ]
SQL: SELECT COUNT(id) AS tp_count FROM `ytt_tao_jin_ge_article` WHERE `article_id` = '6b3a16a9dd674a158af1e68456c960c8' LIMIT 1   [ RunTime:0.0631s ]
SQL: SELECT COUNT(id) AS tp_count FROM `ytt_tao_jin_ge_article` WHERE `article_id` = 'bd8811144053426ead4c7eb3e0ad281a' LIMIT 1   [ RunTime:0.0648s ]
SQL: SELECT COUNT(id) AS tp_count FROM `ytt_tao_jin_ge_article` WHERE `article_id` = '4b9dd43178504d1899c29a2f3a160d14' LIMIT 1   [ RunTime:0.0637s ]
SQL: SELECT COUNT(id) AS tp_count FROM `ytt_tao_jin_ge_article` WHERE `article_id` = '223e37f90cde45a0b08d16efdfe17f38' LIMIT 1   [ RunTime:0.0638s ]
SQL: SELECT COUNT(id) AS tp_count FROM `ytt_tao_jin_ge_article` WHERE `article_id` = '8361a4af1fed4c1788553edd86ed12e1' LIMIT 1   [ RunTime:0.0638s ]
SQL: SELECT COUNT(id) AS tp_count FROM `ytt_tao_jin_ge_article` WHERE `article_id` = 'e98489d4f9164c698d952c0b03ba773b' LIMIT 1   [ RunTime:0.0637s ]
SQL: SELECT COUNT(id) AS tp_count FROM `ytt_tao_jin_ge_article` WHERE `article_id` = 'b9c4b434cc3f4478be98bb1e0e0f984c' LIMIT 1   [ RunTime:0.0639s ]
SQL: SELECT COUNT(id) AS tp_count FROM `ytt_tao_jin_ge_article` WHERE `article_id` = '9f730ed970d84a50adc356ae05deb76a' LIMIT 1   [ RunTime:0.0644s ]
SQL: SELECT COUNT(id) AS tp_count FROM `ytt_tao_jin_ge_article` WHERE `article_id` = 'fc0c10e6ac764895a84a7b469d11f740' LIMIT 1   [ RunTime:0.0639s ]
SQL: SELECT COUNT(id) AS tp_count FROM `ytt_tao_jin_ge_article` WHERE `article_id` = 'c8a214a650a649778cc53efe401cfa3d' LIMIT 1   [ RunTime:0.0639s ]
SQL: SELECT COUNT(id) AS tp_count FROM `ytt_tao_jin_ge_article` WHERE `article_id` = '6b3a16a9dd674a158af1e68456c960c8' LIMIT 1   [ RunTime:0.0638s ]
SQL: SELECT COUNT(id) AS tp_count FROM `ytt_tao_jin_ge_article` WHERE `article_id` = 'bd8811144053426ead4c7eb3e0ad281a' LIMIT 1   [ RunTime:0.0635s ]
SQL: SELECT COUNT(id) AS tp_count FROM `ytt_tao_jin_ge_article` WHERE `article_id` = '4b9dd43178504d1899c29a2f3a160d14' LIMIT 1   [ RunTime:0.0638s ]
SQL: SELECT COUNT(id) AS tp_count FROM `ytt_tao_jin_ge_article` WHERE `article_id` = '223e37f90cde45a0b08d16efdfe17f38' LIMIT 1   [ RunTime:0.0800s ]
SQL: SELECT COUNT(id) AS tp_count FROM `ytt_tao_jin_ge_article` WHERE `article_id` = '8361a4af1fed4c1788553edd86ed12e1' LIMIT 1   [ RunTime:0.0634s ]
SQL: SELECT COUNT(id) AS tp_count FROM `ytt_tao_jin_ge_article` WHERE `article_id` = 'e98489d4f9164c698d952c0b03ba773b' LIMIT 1   [ RunTime:0.0636s ]
SQL: SELECT COUNT(id) AS tp_count FROM `ytt_tao_jin_ge_article` WHERE `article_id` = 'b9c4b434cc3f4478be98bb1e0e0f984c' LIMIT 1   [ RunTime:0.0639s ]
SQL: SELECT COUNT(id) AS tp_count FROM `ytt_tao_jin_ge_article` WHERE `article_id` = '9f730ed970d84a50adc356ae05deb76a' LIMIT 1   [ RunTime:0.0638s ]
SQL: SELECT COUNT(id) AS tp_count FROM `ytt_tao_jin_ge_article` WHERE `article_id` = 'fc0c10e6ac764895a84a7b469d11f740' LIMIT 1   [ RunTime:0.0636s ]
SQL: SELECT COUNT(id) AS tp_count FROM `ytt_tao_jin_ge_article` WHERE `article_id` = 'c8a214a650a649778cc53efe401cfa3d' LIMIT 1   [ RunTime:0.0632s ]
SQL: SELECT COUNT(id) AS tp_count FROM `ytt_tao_jin_ge_article` WHERE `article_id` = '6b3a16a9dd674a158af1e68456c960c8' LIMIT 1   [ RunTime:0.0632s ]
SQL: SELECT COUNT(id) AS tp_count FROM `ytt_tao_jin_ge_article` WHERE `article_id` = 'bd8811144053426ead4c7eb3e0ad281a' LIMIT 1   [ RunTime:0.0639s ]
SQL: SELECT COUNT(id) AS tp_count FROM `ytt_tao_jin_ge_article` WHERE `article_id` = '4b9dd43178504d1899c29a2f3a160d14' LIMIT 1   [ RunTime:0.0635s ]
SQL: SELECT COUNT(id) AS tp_count FROM `ytt_tao_jin_ge_article` WHERE `article_id` = '223e37f90cde45a0b08d16efdfe17f38' LIMIT 1   [ RunTime:0.0636s ]
SQL: SELECT COUNT(id) AS tp_count FROM `ytt_tao_jin_ge_article` WHERE `article_id` = '8361a4af1fed4c1788553edd86ed12e1' LIMIT 1   [ RunTime:0.0636s ]
SQL: SELECT COUNT(id) AS tp_count FROM `ytt_tao_jin_ge_article` WHERE `article_id` = 'e98489d4f9164c698d952c0b03ba773b' LIMIT 1   [ RunTime:0.0637s ]
SQL: SELECT COUNT(id) AS tp_count FROM `ytt_tao_jin_ge_article` WHERE `article_id` = 'b9c4b434cc3f4478be98bb1e0e0f984c' LIMIT 1   [ RunTime:0.0630s ]
SQL: SELECT COUNT(id) AS tp_count FROM `ytt_tao_jin_ge_article` WHERE `article_id` = '9f730ed970d84a50adc356ae05deb76a' LIMIT 1   [ RunTime:0.0630s ]
SQL: SELECT COUNT(id) AS tp_count FROM `ytt_tao_jin_ge_article` WHERE `article_id` = 'fc0c10e6ac764895a84a7b469d11f740' LIMIT 1   [ RunTime:0.0633s ]
SQL: SELECT COUNT(id) AS tp_count FROM `ytt_tao_jin_ge_article` WHERE `article_id` = 'c8a214a650a649778cc53efe401cfa3d' LIMIT 1   [ RunTime:0.0637s ]
SQL: SELECT COUNT(id) AS tp_count FROM `ytt_tao_jin_ge_article` WHERE `article_id` = '6b3a16a9dd674a158af1e68456c960c8' LIMIT 1   [ RunTime:0.0637s ]
SQL: SELECT COUNT(id) AS tp_count FROM `ytt_tao_jin_ge_article` WHERE `article_id` = 'bd8811144053426ead4c7eb3e0ad281a' LIMIT 1   [ RunTime:0.0646s ]
SQL: SELECT COUNT(id) AS tp_count FROM `ytt_tao_jin_ge_article` WHERE `article_id` = '4b9dd43178504d1899c29a2f3a160d14' LIMIT 1   [ RunTime:0.0631s ]
SQL: SELECT COUNT(id) AS tp_count FROM `ytt_tao_jin_ge_article` WHERE `article_id` = '223e37f90cde45a0b08d16efdfe17f38' LIMIT 1   [ RunTime:0.0628s ]
SQL: SELECT COUNT(id) AS tp_count FROM `ytt_tao_jin_ge_article` WHERE `article_id` = '8361a4af1fed4c1788553edd86ed12e1' LIMIT 1   [ RunTime:0.0630s ]
SQL: SELECT COUNT(id) AS tp_count FROM `ytt_tao_jin_ge_article` WHERE `article_id` = 'e98489d4f9164c698d952c0b03ba773b' LIMIT 1   [ RunTime:0.0637s ]
SQL: SELECT COUNT(id) AS tp_count FROM `ytt_tao_jin_ge_article` WHERE `article_id` = 'b9c4b434cc3f4478be98bb1e0e0f984c' LIMIT 1   [ RunTime:0.0630s ]
SQL: SELECT COUNT(id) AS tp_count FROM `ytt_tao_jin_ge_article` WHERE `article_id` = '9f730ed970d84a50adc356ae05deb76a' LIMIT 1   [ RunTime:0.0632s ]
SQL: SELECT COUNT(id) AS tp_count FROM `ytt_tao_jin_ge_article` WHERE `article_id` = 'fc0c10e6ac764895a84a7b469d11f740' LIMIT 1   [ RunTime:0.0633s ]
SQL: SELECT COUNT(id) AS tp_count FROM `ytt_tao_jin_ge_article` WHERE `article_id` = 'c8a214a650a649778cc53efe401cfa3d' LIMIT 1   [ RunTime:0.0633s ]
SQL: SELECT COUNT(id) AS tp_count FROM `ytt_tao_jin_ge_article` WHERE `article_id` = '6b3a16a9dd674a158af1e68456c960c8' LIMIT 1   [ RunTime:0.0637s ]
SQL: SELECT COUNT(id) AS tp_count FROM `ytt_tao_jin_ge_article` WHERE `article_id` = 'bd8811144053426ead4c7eb3e0ad281a' LIMIT 1   [ RunTime:0.0636s ]
SQL: SELECT COUNT(id) AS tp_count FROM `ytt_tao_jin_ge_article` WHERE `article_id` = '4b9dd43178504d1899c29a2f3a160d14' LIMIT 1   [ RunTime:0.0631s ]
SQL: SELECT COUNT(id) AS tp_count FROM `ytt_tao_jin_ge_article` WHERE `article_id` = '223e37f90cde45a0b08d16efdfe17f38' LIMIT 1   [ RunTime:0.0630s ]
SQL: SELECT COUNT(id) AS tp_count FROM `ytt_tao_jin_ge_article` WHERE `article_id` = '8361a4af1fed4c1788553edd86ed12e1' LIMIT 1   [ RunTime:0.0631s ]
SQL: SELECT COUNT(id) AS tp_count FROM `ytt_tao_jin_ge_article` WHERE `article_id` = 'e98489d4f9164c698d952c0b03ba773b' LIMIT 1   [ RunTime:0.0683s ]
SQL: SELECT COUNT(id) AS tp_count FROM `ytt_tao_jin_ge_article` WHERE `article_id` = 'b9c4b434cc3f4478be98bb1e0e0f984c' LIMIT 1   [ RunTime:0.0629s ]
SQL: SELECT COUNT(id) AS tp_count FROM `ytt_tao_jin_ge_article` WHERE `article_id` = '9f730ed970d84a50adc356ae05deb76a' LIMIT 1   [ RunTime:0.0631s ]
SQL: SELECT COUNT(id) AS tp_count FROM `ytt_tao_jin_ge_article` WHERE `article_id` = 'fc0c10e6ac764895a84a7b469d11f740' LIMIT 1   [ RunTime:0.0630s ]
SQL: SELECT COUNT(id) AS tp_count FROM `ytt_tao_jin_ge_article` WHERE `article_id` = 'c8a214a650a649778cc53efe401cfa3d' LIMIT 1   [ RunTime:0.0636s ]
SQL: SELECT COUNT(id) AS tp_count FROM `ytt_tao_jin_ge_article` WHERE `article_id` = '6b3a16a9dd674a158af1e68456c960c8' LIMIT 1   [ RunTime:0.0637s ]
SQL: SELECT COUNT(id) AS tp_count FROM `ytt_tao_jin_ge_article` WHERE `article_id` = 'bd8811144053426ead4c7eb3e0ad281a' LIMIT 1   [ RunTime:0.0635s ]
SQL: SELECT COUNT(id) AS tp_count FROM `ytt_tao_jin_ge_article` WHERE `article_id` = '4b9dd43178504d1899c29a2f3a160d14' LIMIT 1   [ RunTime:0.0629s ]
SQL: SELECT COUNT(id) AS tp_count FROM `ytt_tao_jin_ge_article` WHERE `article_id` = '223e37f90cde45a0b08d16efdfe17f38' LIMIT 1   [ RunTime:0.0633s ]
SQL: SELECT COUNT(id) AS tp_count FROM `ytt_tao_jin_ge_article` WHERE `article_id` = '8361a4af1fed4c1788553edd86ed12e1' LIMIT 1   [ RunTime:0.0636s ]
SQL: SELECT COUNT(id) AS tp_count FROM `ytt_tao_jin_ge_article` WHERE `article_id` = 'e98489d4f9164c698d952c0b03ba773b' LIMIT 1   [ RunTime:0.0632s ]
SQL: SELECT COUNT(id) AS tp_count FROM `ytt_tao_jin_ge_article` WHERE `article_id` = 'b9c4b434cc3f4478be98bb1e0e0f984c' LIMIT 1   [ RunTime:0.0633s ]
SQL: SELECT COUNT(id) AS tp_count FROM `ytt_tao_jin_ge_article` WHERE `article_id` = '9f730ed970d84a50adc356ae05deb76a' LIMIT 1   [ RunTime:0.0634s ]
SQL: SELECT COUNT(id) AS tp_count FROM `ytt_tao_jin_ge_article` WHERE `article_id` = 'fc0c10e6ac764895a84a7b469d11f740' LIMIT 1   [ RunTime:0.0637s ]
SQL: SELECT COUNT(id) AS tp_count FROM `ytt_tao_jin_ge_article` WHERE `article_id` = 'c8a214a650a649778cc53efe401cfa3d' LIMIT 1   [ RunTime:0.0634s ]
SQL: SELECT COUNT(id) AS tp_count FROM `ytt_tao_jin_ge_article` WHERE `article_id` = '6b3a16a9dd674a158af1e68456c960c8' LIMIT 1   [ RunTime:0.0638s ]
SQL: SELECT COUNT(id) AS tp_count FROM `ytt_tao_jin_ge_article` WHERE `article_id` = 'bd8811144053426ead4c7eb3e0ad281a' LIMIT 1   [ RunTime:0.0636s ]
SQL: SELECT COUNT(id) AS tp_count FROM `ytt_tao_jin_ge_article` WHERE `article_id` = '4b9dd43178504d1899c29a2f3a160d14' LIMIT 1   [ RunTime:0.0632s ]
SQL: SELECT COUNT(id) AS tp_count FROM `ytt_tao_jin_ge_article` WHERE `article_id` = '223e37f90cde45a0b08d16efdfe17f38' LIMIT 1   [ RunTime:0.0633s ]
SQL: SELECT COUNT(id) AS tp_count FROM `ytt_tao_jin_ge_article` WHERE `article_id` = '8361a4af1fed4c1788553edd86ed12e1' LIMIT 1   [ RunTime:0.0635s ]
SQL: SELECT COUNT(id) AS tp_count FROM `ytt_tao_jin_ge_article` WHERE `article_id` = 'e98489d4f9164c698d952c0b03ba773b' LIMIT 1   [ RunTime:0.0627s ]
SQL: SELECT COUNT(id) AS tp_count FROM `ytt_tao_jin_ge_article` WHERE `article_id` = 'b9c4b434cc3f4478be98bb1e0e0f984c' LIMIT 1   [ RunTime:0.0631s ]
SQL: SELECT COUNT(id) AS tp_count FROM `ytt_tao_jin_ge_article` WHERE `article_id` = '9f730ed970d84a50adc356ae05deb76a' LIMIT 1   [ RunTime:0.0630s ]
SQL: SELECT COUNT(id) AS tp_count FROM `ytt_tao_jin_ge_article` WHERE `article_id` = 'fc0c10e6ac764895a84a7b469d11f740' LIMIT 1   [ RunTime:0.0631s ]
SQL: SELECT COUNT(id) AS tp_count FROM `ytt_tao_jin_ge_article` WHERE `article_id` = 'c8a214a650a649778cc53efe401cfa3d' LIMIT 1   [ RunTime:0.0636s ]
SQL: SELECT COUNT(id) AS tp_count FROM `ytt_tao_jin_ge_article` WHERE `article_id` = '6b3a16a9dd674a158af1e68456c960c8' LIMIT 1   [ RunTime:0.0637s ]
SQL: SELECT COUNT(id) AS tp_count FROM `ytt_tao_jin_ge_article` WHERE `article_id` = 'bd8811144053426ead4c7eb3e0ad281a' LIMIT 1   [ RunTime:0.0637s ]
SQL: SELECT COUNT(id) AS tp_count FROM `ytt_tao_jin_ge_article` WHERE `article_id` = '4b9dd43178504d1899c29a2f3a160d14' LIMIT 1   [ RunTime:0.0637s ]
SQL: SELECT COUNT(id) AS tp_count FROM `ytt_tao_jin_ge_article` WHERE `article_id` = '223e37f90cde45a0b08d16efdfe17f38' LIMIT 1   [ RunTime:0.0630s ]
SQL: SELECT COUNT(id) AS tp_count FROM `ytt_tao_jin_ge_article` WHERE `article_id` = '8361a4af1fed4c1788553edd86ed12e1' LIMIT 1   [ RunTime:0.0629s ]
SQL: SELECT COUNT(id) AS tp_count FROM `ytt_tao_jin_ge_article` WHERE `article_id` = 'e98489d4f9164c698d952c0b03ba773b' LIMIT 1   [ RunTime:0.0634s ]
SQL: SELECT COUNT(id) AS tp_count FROM `ytt_tao_jin_ge_article` WHERE `article_id` = 'b9c4b434cc3f4478be98bb1e0e0f984c' LIMIT 1   [ RunTime:0.0633s ]
SQL: SELECT COUNT(id) AS tp_count FROM `ytt_tao_jin_ge_article` WHERE `article_id` = '9f730ed970d84a50adc356ae05deb76a' LIMIT 1   [ RunTime:0.0638s ]
SQL: SELECT COUNT(id) AS tp_count FROM `ytt_tao_jin_ge_article` WHERE `article_id` = 'fc0c10e6ac764895a84a7b469d11f740' LIMIT 1   [ RunTime:0.0635s ]
SQL: SELECT COUNT(id) AS tp_count FROM `ytt_tao_jin_ge_article` WHERE `article_id` = 'c8a214a650a649778cc53efe401cfa3d' LIMIT 1   [ RunTime:0.0630s ]
SQL: SELECT COUNT(id) AS tp_count FROM `ytt_tao_jin_ge_article` WHERE `article_id` = '6b3a16a9dd674a158af1e68456c960c8' LIMIT 1   [ RunTime:0.0632s ]
SQL: SELECT COUNT(id) AS tp_count FROM `ytt_tao_jin_ge_article` WHERE `article_id` = 'bd8811144053426ead4c7eb3e0ad281a' LIMIT 1   [ RunTime:0.0632s ]
SQL: SELECT COUNT(id) AS tp_count FROM `ytt_tao_jin_ge_article` WHERE `article_id` = '4b9dd43178504d1899c29a2f3a160d14' LIMIT 1   [ RunTime:0.0634s ]
SQL: SELECT COUNT(id) AS tp_count FROM `ytt_tao_jin_ge_article` WHERE `article_id` = '223e37f90cde45a0b08d16efdfe17f38' LIMIT 1   [ RunTime:0.0638s ]
SQL: SELECT COUNT(id) AS tp_count FROM `ytt_tao_jin_ge_article` WHERE `article_id` = '8361a4af1fed4c1788553edd86ed12e1' LIMIT 1   [ RunTime:0.0637s ]
SQL: SELECT COUNT(id) AS tp_count FROM `ytt_tao_jin_ge_article` WHERE `article_id` = 'e98489d4f9164c698d952c0b03ba773b' LIMIT 1   [ RunTime:0.0629s ]
SQL: SELECT COUNT(id) AS tp_count FROM `ytt_tao_jin_ge_article` WHERE `article_id` = 'b9c4b434cc3f4478be98bb1e0e0f984c' LIMIT 1   [ RunTime:0.0631s ]
SQL: SELECT COUNT(id) AS tp_count FROM `ytt_tao_jin_ge_article` WHERE `article_id` = '9f730ed970d84a50adc356ae05deb76a' LIMIT 1   [ RunTime:0.0632s ]
SQL: SELECT COUNT(id) AS tp_count FROM `ytt_tao_jin_ge_article` WHERE `article_id` = 'fc0c10e6ac764895a84a7b469d11f740' LIMIT 1   [ RunTime:0.0635s ]
SQL: SELECT COUNT(id) AS tp_count FROM `ytt_tao_jin_ge_article` WHERE `article_id` = 'c8a214a650a649778cc53efe401cfa3d' LIMIT 1   [ RunTime:0.0631s ]
SQL: SELECT COUNT(id) AS tp_count FROM `ytt_tao_jin_ge_article` WHERE `article_id` = '6b3a16a9dd674a158af1e68456c960c8' LIMIT 1   [ RunTime:0.0634s ]
SQL: SELECT COUNT(id) AS tp_count FROM `ytt_tao_jin_ge_article` WHERE `article_id` = 'bd8811144053426ead4c7eb3e0ad281a' LIMIT 1   [ RunTime:0.0627s ]
SQL: SELECT COUNT(id) AS tp_count FROM `ytt_tao_jin_ge_article` WHERE `article_id` = '4b9dd43178504d1899c29a2f3a160d14' LIMIT 1   [ RunTime:0.0632s ]
SQL: SELECT COUNT(id) AS tp_count FROM `ytt_tao_jin_ge_article` WHERE `article_id` = '223e37f90cde45a0b08d16efdfe17f38' LIMIT 1   [ RunTime:0.0633s ]
SQL: SELECT COUNT(id) AS tp_count FROM `ytt_tao_jin_ge_article` WHERE `article_id` = '8361a4af1fed4c1788553edd86ed12e1' LIMIT 1   [ RunTime:0.0639s ]
SQL: SELECT COUNT(id) AS tp_count FROM `ytt_tao_jin_ge_article` WHERE `article_id` = 'e98489d4f9164c698d952c0b03ba773b' LIMIT 1   [ RunTime:0.0628s ]
SQL: SELECT COUNT(id) AS tp_count FROM `ytt_tao_jin_ge_article` WHERE `article_id` = 'b9c4b434cc3f4478be98bb1e0e0f984c' LIMIT 1   [ RunTime:0.0632s ]
SQL: SELECT COUNT(id) AS tp_count FROM `ytt_tao_jin_ge_article` WHERE `article_id` = '9f730ed970d84a50adc356ae05deb76a' LIMIT 1   [ RunTime:0.0630s ]
SQL: SELECT COUNT(id) AS tp_count FROM `ytt_tao_jin_ge_article` WHERE `article_id` = 'fc0c10e6ac764895a84a7b469d11f740' LIMIT 1   [ RunTime:0.0633s ]
SQL: SELECT COUNT(id) AS tp_count FROM `ytt_tao_jin_ge_article` WHERE `article_id` = 'c8a214a650a649778cc53efe401cfa3d' LIMIT 1   [ RunTime:0.0630s ]
SQL: SELECT COUNT(id) AS tp_count FROM `ytt_tao_jin_ge_article` WHERE `article_id` = '6b3a16a9dd674a158af1e68456c960c8' LIMIT 1   [ RunTime:0.0631s ]
SQL: SELECT COUNT(id) AS tp_count FROM `ytt_tao_jin_ge_article` WHERE `article_id` = 'bd8811144053426ead4c7eb3e0ad281a' LIMIT 1   [ RunTime:0.0632s ]
SQL: SELECT COUNT(id) AS tp_count FROM `ytt_tao_jin_ge_article` WHERE `article_id` = '4b9dd43178504d1899c29a2f3a160d14' LIMIT 1   [ RunTime:0.0631s ]
SQL: SELECT COUNT(id) AS tp_count FROM `ytt_tao_jin_ge_article` WHERE `article_id` = '223e37f90cde45a0b08d16efdfe17f38' LIMIT 1   [ RunTime:0.0631s ]
SQL: SELECT COUNT(id) AS tp_count FROM `ytt_tao_jin_ge_article` WHERE `article_id` = '8361a4af1fed4c1788553edd86ed12e1' LIMIT 1   [ RunTime:0.0633s ]
SQL: SELECT COUNT(id) AS tp_count FROM `ytt_tao_jin_ge_article` WHERE `article_id` = 'e98489d4f9164c698d952c0b03ba773b' LIMIT 1   [ RunTime:0.0635s ]
SQL: SELECT COUNT(id) AS tp_count FROM `ytt_tao_jin_ge_article` WHERE `article_id` = 'b9c4b434cc3f4478be98bb1e0e0f984c' LIMIT 1   [ RunTime:0.0640s ]
SQL: SELECT COUNT(id) AS tp_count FROM `ytt_tao_jin_ge_article` WHERE `article_id` = '9f730ed970d84a50adc356ae05deb76a' LIMIT 1   [ RunTime:0.0633s ]
SQL: SELECT COUNT(id) AS tp_count FROM `ytt_tao_jin_ge_article` WHERE `article_id` = 'fc0c10e6ac764895a84a7b469d11f740' LIMIT 1   [ RunTime:0.0633s ]
SQL: SELECT COUNT(id) AS tp_count FROM `ytt_tao_jin_ge_article` WHERE `article_id` = 'c8a214a650a649778cc53efe401cfa3d' LIMIT 1   [ RunTime:0.0636s ]
SQL: SELECT COUNT(id) AS tp_count FROM `ytt_tao_jin_ge_article` WHERE `article_id` = '6b3a16a9dd674a158af1e68456c960c8' LIMIT 1   [ RunTime:0.0638s ]
SQL: SELECT COUNT(id) AS tp_count FROM `ytt_tao_jin_ge_article` WHERE `article_id` = 'bd8811144053426ead4c7eb3e0ad281a' LIMIT 1   [ RunTime:0.0636s ]
SQL: SELECT COUNT(id) AS tp_count FROM `ytt_tao_jin_ge_article` WHERE `article_id` = '4b9dd43178504d1899c29a2f3a160d14' LIMIT 1   [ RunTime:0.0629s ]
SQL: SELECT COUNT(id) AS tp_count FROM `ytt_tao_jin_ge_article` WHERE `article_id` = '223e37f90cde45a0b08d16efdfe17f38' LIMIT 1   [ RunTime:0.0631s ]
SQL: SELECT COUNT(id) AS tp_count FROM `ytt_tao_jin_ge_article` WHERE `article_id` = '8361a4af1fed4c1788553edd86ed12e1' LIMIT 1   [ RunTime:0.0632s ]
SQL: SELECT COUNT(id) AS tp_count FROM `ytt_tao_jin_ge_article` WHERE `article_id` = 'e98489d4f9164c698d952c0b03ba773b' LIMIT 1   [ RunTime:0.0635s ]
SQL: SELECT COUNT(id) AS tp_count FROM `ytt_tao_jin_ge_article` WHERE `article_id` = 'b9c4b434cc3f4478be98bb1e0e0f984c' LIMIT 1   [ RunTime:0.0630s ]
SQL: SELECT COUNT(id) AS tp_count FROM `ytt_tao_jin_ge_article` WHERE `article_id` = '9f730ed970d84a50adc356ae05deb76a' LIMIT 1   [ RunTime:0.0629s ]
SQL: SELECT COUNT(id) AS tp_count FROM `ytt_tao_jin_ge_article` WHERE `article_id` = 'fc0c10e6ac764895a84a7b469d11f740' LIMIT 1   [ RunTime:0.0637s ]
SQL: SELECT COUNT(id) AS tp_count FROM `ytt_tao_jin_ge_article` WHERE `article_id` = 'c8a214a650a649778cc53efe401cfa3d' LIMIT 1   [ RunTime:0.0638s ]
SQL: SELECT COUNT(id) AS tp_count FROM `ytt_tao_jin_ge_article` WHERE `article_id` = '6b3a16a9dd674a158af1e68456c960c8' LIMIT 1   [ RunTime:0.0629s ]
SQL: SELECT COUNT(id) AS tp_count FROM `ytt_tao_jin_ge_article` WHERE `article_id` = 'bd8811144053426ead4c7eb3e0ad281a' LIMIT 1   [ RunTime:0.0629s ]
SQL: SELECT COUNT(id) AS tp_count FROM `ytt_tao_jin_ge_article` WHERE `article_id` = '4b9dd43178504d1899c29a2f3a160d14' LIMIT 1   [ RunTime:0.0629s ]
SQL: SELECT COUNT(id) AS tp_count FROM `ytt_tao_jin_ge_article` WHERE `article_id` = '223e37f90cde45a0b08d16efdfe17f38' LIMIT 1   [ RunTime:0.0628s ]
SQL: SELECT COUNT(id) AS tp_count FROM `ytt_tao_jin_ge_article` WHERE `article_id` = '8361a4af1fed4c1788553edd86ed12e1' LIMIT 1   [ RunTime:0.0631s ]
SQL: SELECT COUNT(id) AS tp_count FROM `ytt_tao_jin_ge_article` WHERE `article_id` = 'e98489d4f9164c698d952c0b03ba773b' LIMIT 1   [ RunTime:0.0633s ]
SQL: SELECT COUNT(id) AS tp_count FROM `ytt_tao_jin_ge_article` WHERE `article_id` = 'b9c4b434cc3f4478be98bb1e0e0f984c' LIMIT 1   [ RunTime:0.0638s ]
SQL: SELECT COUNT(id) AS tp_count FROM `ytt_tao_jin_ge_article` WHERE `article_id` = '9f730ed970d84a50adc356ae05deb76a' LIMIT 1   [ RunTime:0.0636s ]
SQL: SELECT COUNT(id) AS tp_count FROM `ytt_tao_jin_ge_article` WHERE `article_id` = 'fc0c10e6ac764895a84a7b469d11f740' LIMIT 1   [ RunTime:0.0638s ]
SQL: SELECT COUNT(id) AS tp_count FROM `ytt_tao_jin_ge_article` WHERE `article_id` = 'c8a214a650a649778cc53efe401cfa3d' LIMIT 1   [ RunTime:0.0634s ]
SQL: SELECT COUNT(id) AS tp_count FROM `ytt_tao_jin_ge_article` WHERE `article_id` = '6b3a16a9dd674a158af1e68456c960c8' LIMIT 1   [ RunTime:0.0631s ]
SQL: SELECT COUNT(id) AS tp_count FROM `ytt_tao_jin_ge_article` WHERE `article_id` = 'bd8811144053426ead4c7eb3e0ad281a' LIMIT 1   [ RunTime:0.0634s ]
SQL: SELECT COUNT(id) AS tp_count FROM `ytt_tao_jin_ge_article` WHERE `article_id` = '4b9dd43178504d1899c29a2f3a160d14' LIMIT 1   [ RunTime:0.0638s ]
SQL: SELECT COUNT(id) AS tp_count FROM `ytt_tao_jin_ge_article` WHERE `article_id` = '223e37f90cde45a0b08d16efdfe17f38' LIMIT 1   [ RunTime:0.0636s ]
SQL: SELECT COUNT(id) AS tp_count FROM `ytt_tao_jin_ge_article` WHERE `article_id` = '8361a4af1fed4c1788553edd86ed12e1' LIMIT 1   [ RunTime:0.0634s ]
SQL: SELECT COUNT(id) AS tp_count FROM `ytt_tao_jin_ge_article` WHERE `article_id` = 'e98489d4f9164c698d952c0b03ba773b' LIMIT 1   [ RunTime:0.0636s ]
SQL: SELECT COUNT(id) AS tp_count FROM `ytt_tao_jin_ge_article` WHERE `article_id` = 'b9c4b434cc3f4478be98bb1e0e0f984c' LIMIT 1   [ RunTime:0.0632s ]
SQL: SELECT COUNT(id) AS tp_count FROM `ytt_tao_jin_ge_article` WHERE `article_id` = '9f730ed970d84a50adc356ae05deb76a' LIMIT 1   [ RunTime:0.0634s ]
SQL: SELECT COUNT(id) AS tp_count FROM `ytt_tao_jin_ge_article` WHERE `article_id` = 'fc0c10e6ac764895a84a7b469d11f740' LIMIT 1   [ RunTime:0.0637s ]
SQL: SELECT COUNT(id) AS tp_count FROM `ytt_tao_jin_ge_article` WHERE `article_id` = 'c8a214a650a649778cc53efe401cfa3d' LIMIT 1   [ RunTime:0.0629s ]
SQL: SELECT COUNT(id) AS tp_count FROM `ytt_tao_jin_ge_article` WHERE `article_id` = '6b3a16a9dd674a158af1e68456c960c8' LIMIT 1   [ RunTime:0.0634s ]
SQL: SELECT COUNT(id) AS tp_count FROM `ytt_tao_jin_ge_article` WHERE `article_id` = 'bd8811144053426ead4c7eb3e0ad281a' LIMIT 1   [ RunTime:0.0631s ]
SQL: SELECT COUNT(id) AS tp_count FROM `ytt_tao_jin_ge_article` WHERE `article_id` = '4b9dd43178504d1899c29a2f3a160d14' LIMIT 1   [ RunTime:0.0629s ]
SQL: SELECT COUNT(id) AS tp_count FROM `ytt_tao_jin_ge_article` WHERE `article_id` = '223e37f90cde45a0b08d16efdfe17f38' LIMIT 1   [ RunTime:0.0633s ]
SQL: SELECT COUNT(id) AS tp_count FROM `ytt_tao_jin_ge_article` WHERE `article_id` = '8361a4af1fed4c1788553edd86ed12e1' LIMIT 1   [ RunTime:0.0632s ]
SQL: SELECT COUNT(id) AS tp_count FROM `ytt_tao_jin_ge_article` WHERE `article_id` = 'e98489d4f9164c698d952c0b03ba773b' LIMIT 1   [ RunTime:0.0629s ]
SQL: SELECT COUNT(id) AS tp_count FROM `ytt_tao_jin_ge_article` WHERE `article_id` = 'b9c4b434cc3f4478be98bb1e0e0f984c' LIMIT 1   [ RunTime:0.0638s ]
SQL: SELECT COUNT(id) AS tp_count FROM `ytt_tao_jin_ge_article` WHERE `article_id` = '9f730ed970d84a50adc356ae05deb76a' LIMIT 1   [ RunTime:0.0629s ]
SQL: SELECT COUNT(id) AS tp_count FROM `ytt_tao_jin_ge_article` WHERE `article_id` = 'fc0c10e6ac764895a84a7b469d11f740' LIMIT 1   [ RunTime:0.0638s ]
SQL: SELECT COUNT(id) AS tp_count FROM `ytt_tao_jin_ge_article` WHERE `article_id` = 'c8a214a650a649778cc53efe401cfa3d' LIMIT 1   [ RunTime:0.0637s ]
SQL: SELECT COUNT(id) AS tp_count FROM `ytt_tao_jin_ge_article` WHERE `article_id` = '6b3a16a9dd674a158af1e68456c960c8' LIMIT 1   [ RunTime:0.0630s ]
SQL: SELECT COUNT(id) AS tp_count FROM `ytt_tao_jin_ge_article` WHERE `article_id` = 'bd8811144053426ead4c7eb3e0ad281a' LIMIT 1   [ RunTime:0.0630s ]
SQL: SELECT COUNT(id) AS tp_count FROM `ytt_tao_jin_ge_article` WHERE `article_id` = '4b9dd43178504d1899c29a2f3a160d14' LIMIT 1   [ RunTime:0.0631s ]
SQL: SELECT COUNT(id) AS tp_count FROM `ytt_tao_jin_ge_article` WHERE `article_id` = '223e37f90cde45a0b08d16efdfe17f38' LIMIT 1   [ RunTime:0.0631s ]
SQL: SELECT COUNT(id) AS tp_count FROM `ytt_tao_jin_ge_article` WHERE `article_id` = '8361a4af1fed4c1788553edd86ed12e1' LIMIT 1   [ RunTime:0.0635s ]
SQL: SELECT COUNT(id) AS tp_count FROM `ytt_tao_jin_ge_article` WHERE `article_id` = 'e98489d4f9164c698d952c0b03ba773b' LIMIT 1   [ RunTime:0.0633s ]
SQL: SELECT COUNT(id) AS tp_count FROM `ytt_tao_jin_ge_article` WHERE `article_id` = 'b9c4b434cc3f4478be98bb1e0e0f984c' LIMIT 1   [ RunTime:0.0631s ]
SQL: SELECT COUNT(id) AS tp_count FROM `ytt_tao_jin_ge_article` WHERE `article_id` = '9f730ed970d84a50adc356ae05deb76a' LIMIT 1   [ RunTime:0.0630s ]
SQL: SELECT COUNT(id) AS tp_count FROM `ytt_tao_jin_ge_article` WHERE `article_id` = 'fc0c10e6ac764895a84a7b469d11f740' LIMIT 1   [ RunTime:0.0632s ]
SQL: SELECT COUNT(id) AS tp_count FROM `ytt_tao_jin_ge_article` WHERE `article_id` = 'c8a214a650a649778cc53efe401cfa3d' LIMIT 1   [ RunTime:0.0632s ]
SQL: SELECT COUNT(id) AS tp_count FROM `ytt_tao_jin_ge_article` WHERE `article_id` = '6b3a16a9dd674a158af1e68456c960c8' LIMIT 1   [ RunTime:0.0739s ]
SQL: SELECT COUNT(id) AS tp_count FROM `ytt_tao_jin_ge_article` WHERE `article_id` = 'bd8811144053426ead4c7eb3e0ad281a' LIMIT 1   [ RunTime:0.0629s ]
SQL: SELECT COUNT(id) AS tp_count FROM `ytt_tao_jin_ge_article` WHERE `article_id` = '4b9dd43178504d1899c29a2f3a160d14' LIMIT 1   [ RunTime:0.0631s ]
SQL: SELECT COUNT(id) AS tp_count FROM `ytt_tao_jin_ge_article` WHERE `article_id` = '223e37f90cde45a0b08d16efdfe17f38' LIMIT 1   [ RunTime:0.0632s ]
SQL: SELECT COUNT(id) AS tp_count FROM `ytt_tao_jin_ge_article` WHERE `article_id` = '8361a4af1fed4c1788553edd86ed12e1' LIMIT 1   [ RunTime:0.0640s ]
SQL: SELECT COUNT(id) AS tp_count FROM `ytt_tao_jin_ge_article` WHERE `article_id` = 'e98489d4f9164c698d952c0b03ba773b' LIMIT 1   [ RunTime:0.0632s ]
SQL: SELECT COUNT(id) AS tp_count FROM `ytt_tao_jin_ge_article` WHERE `article_id` = 'b9c4b434cc3f4478be98bb1e0e0f984c' LIMIT 1   [ RunTime:0.1317s ]
SQL: SELECT COUNT(id) AS tp_count FROM `ytt_tao_jin_ge_article` WHERE `article_id` = '9f730ed970d84a50adc356ae05deb76a' LIMIT 1   [ RunTime:0.0631s ]
SQL: SELECT COUNT(id) AS tp_count FROM `ytt_tao_jin_ge_article` WHERE `article_id` = 'fc0c10e6ac764895a84a7b469d11f740' LIMIT 1   [ RunTime:0.1356s ]
SQL: SELECT COUNT(id) AS tp_count FROM `ytt_tao_jin_ge_article` WHERE `article_id` = 'c8a214a650a649778cc53efe401cfa3d' LIMIT 1   [ RunTime:0.0638s ]
SQL: SELECT COUNT(id) AS tp_count FROM `ytt_tao_jin_ge_article` WHERE `article_id` = '6b3a16a9dd674a158af1e68456c960c8' LIMIT 1   [ RunTime:0.0637s ]
SQL: SELECT COUNT(id) AS tp_count FROM `ytt_tao_jin_ge_article` WHERE `article_id` = 'bd8811144053426ead4c7eb3e0ad281a' LIMIT 1   [ RunTime:0.0635s ]
SQL: SELECT COUNT(id) AS tp_count FROM `ytt_tao_jin_ge_article` WHERE `article_id` = '4b9dd43178504d1899c29a2f3a160d14' LIMIT 1   [ RunTime:0.0639s ]
SQL: SELECT COUNT(id) AS tp_count FROM `ytt_tao_jin_ge_article` WHERE `article_id` = '223e37f90cde45a0b08d16efdfe17f38' LIMIT 1   [ RunTime:0.0639s ]
SQL: SELECT COUNT(id) AS tp_count FROM `ytt_tao_jin_ge_article` WHERE `article_id` = '8361a4af1fed4c1788553edd86ed12e1' LIMIT 1   [ RunTime:0.0638s ]
SQL: SELECT COUNT(id) AS tp_count FROM `ytt_tao_jin_ge_article` WHERE `article_id` = 'e98489d4f9164c698d952c0b03ba773b' LIMIT 1   [ RunTime:0.0640s ]
SQL: SELECT COUNT(id) AS tp_count FROM `ytt_tao_jin_ge_article` WHERE `article_id` = 'b9c4b434cc3f4478be98bb1e0e0f984c' LIMIT 1   [ RunTime:0.0638s ]
SQL: SELECT COUNT(id) AS tp_count FROM `ytt_tao_jin_ge_article` WHERE `article_id` = '9f730ed970d84a50adc356ae05deb76a' LIMIT 1   [ RunTime:0.0639s ]
SQL: SELECT COUNT(id) AS tp_count FROM `ytt_tao_jin_ge_article` WHERE `article_id` = 'fc0c10e6ac764895a84a7b469d11f740' LIMIT 1   [ RunTime:0.0637s ]
SQL: SELECT COUNT(id) AS tp_count FROM `ytt_tao_jin_ge_article` WHERE `article_id` = 'c8a214a650a649778cc53efe401cfa3d' LIMIT 1   [ RunTime:0.0635s ]
SQL: SELECT COUNT(id) AS tp_count FROM `ytt_tao_jin_ge_article` WHERE `article_id` = '6b3a16a9dd674a158af1e68456c960c8' LIMIT 1   [ RunTime:0.0636s ]
SQL: SELECT COUNT(id) AS tp_count FROM `ytt_tao_jin_ge_article` WHERE `article_id` = 'bd8811144053426ead4c7eb3e0ad281a' LIMIT 1   [ RunTime:0.0638s ]
SQL: SELECT COUNT(id) AS tp_count FROM `ytt_tao_jin_ge_article` WHERE `article_id` = '4b9dd43178504d1899c29a2f3a160d14' LIMIT 1   [ RunTime:0.0640s ]
SQL: SELECT COUNT(id) AS tp_count FROM `ytt_tao_jin_ge_article` WHERE `article_id` = '223e37f90cde45a0b08d16efdfe17f38' LIMIT 1   [ RunTime:0.0636s ]
SQL: SELECT COUNT(id) AS tp_count FROM `ytt_tao_jin_ge_article` WHERE `article_id` = '8361a4af1fed4c1788553edd86ed12e1' LIMIT 1   [ RunTime:0.0639s ]
SQL: SELECT COUNT(id) AS tp_count FROM `ytt_tao_jin_ge_article` WHERE `article_id` = 'e98489d4f9164c698d952c0b03ba773b' LIMIT 1   [ RunTime:0.0634s ]
SQL: SELECT COUNT(id) AS tp_count FROM `ytt_tao_jin_ge_article` WHERE `article_id` = 'b9c4b434cc3f4478be98bb1e0e0f984c' LIMIT 1   [ RunTime:0.0632s ]
SQL: SELECT COUNT(id) AS tp_count FROM `ytt_tao_jin_ge_article` WHERE `article_id` = '9f730ed970d84a50adc356ae05deb76a' LIMIT 1   [ RunTime:0.0637s ]
SQL: SELECT COUNT(id) AS tp_count FROM `ytt_tao_jin_ge_article` WHERE `article_id` = 'fc0c10e6ac764895a84a7b469d11f740' LIMIT 1   [ RunTime:0.0639s ]
SQL: SELECT COUNT(id) AS tp_count FROM `ytt_tao_jin_ge_article` WHERE `article_id` = 'c8a214a650a649778cc53efe401cfa3d' LIMIT 1   [ RunTime:0.0636s ]
SQL: SELECT COUNT(id) AS tp_count FROM `ytt_tao_jin_ge_article` WHERE `article_id` = '6b3a16a9dd674a158af1e68456c960c8' LIMIT 1   [ RunTime:0.0636s ]
SQL: SELECT COUNT(id) AS tp_count FROM `ytt_tao_jin_ge_article` WHERE `article_id` = 'bd8811144053426ead4c7eb3e0ad281a' LIMIT 1   [ RunTime:0.0638s ]
SQL: SELECT COUNT(id) AS tp_count FROM `ytt_tao_jin_ge_article` WHERE `article_id` = '4b9dd43178504d1899c29a2f3a160d14' LIMIT 1   [ RunTime:0.0636s ]
SQL: SELECT COUNT(id) AS tp_count FROM `ytt_tao_jin_ge_article` WHERE `article_id` = '223e37f90cde45a0b08d16efdfe17f38' LIMIT 1   [ RunTime:0.0633s ]
SQL: SELECT COUNT(id) AS tp_count FROM `ytt_tao_jin_ge_article` WHERE `article_id` = '8361a4af1fed4c1788553edd86ed12e1' LIMIT 1   [ RunTime:0.0638s ]
SQL: SELECT COUNT(id) AS tp_count FROM `ytt_tao_jin_ge_article` WHERE `article_id` = 'e98489d4f9164c698d952c0b03ba773b' LIMIT 1   [ RunTime:0.0636s ]
SQL: SELECT COUNT(id) AS tp_count FROM `ytt_tao_jin_ge_article` WHERE `article_id` = 'b9c4b434cc3f4478be98bb1e0e0f984c' LIMIT 1   [ RunTime:0.0639s ]
SQL: SELECT COUNT(id) AS tp_count FROM `ytt_tao_jin_ge_article` WHERE `article_id` = '9f730ed970d84a50adc356ae05deb76a' LIMIT 1   [ RunTime:0.0638s ]
SQL: SELECT COUNT(id) AS tp_count FROM `ytt_tao_jin_ge_article` WHERE `article_id` = 'fc0c10e6ac764895a84a7b469d11f740' LIMIT 1   [ RunTime:0.0635s ]
SQL: SELECT COUNT(id) AS tp_count FROM `ytt_tao_jin_ge_article` WHERE `article_id` = 'c8a214a650a649778cc53efe401cfa3d' LIMIT 1   [ RunTime:0.0635s ]
SQL: SELECT COUNT(id) AS tp_count FROM `ytt_tao_jin_ge_article` WHERE `article_id` = '6b3a16a9dd674a158af1e68456c960c8' LIMIT 1   [ RunTime:0.0634s ]
SQL: SELECT COUNT(id) AS tp_count FROM `ytt_tao_jin_ge_article` WHERE `article_id` = 'bd8811144053426ead4c7eb3e0ad281a' LIMIT 1   [ RunTime:0.0638s ]
SQL: SELECT COUNT(id) AS tp_count FROM `ytt_tao_jin_ge_article` WHERE `article_id` = '4b9dd43178504d1899c29a2f3a160d14' LIMIT 1   [ RunTime:0.0638s ]
SQL: SELECT COUNT(id) AS tp_count FROM `ytt_tao_jin_ge_article` WHERE `article_id` = '223e37f90cde45a0b08d16efdfe17f38' LIMIT 1   [ RunTime:0.0637s ]
SQL: SELECT COUNT(id) AS tp_count FROM `ytt_tao_jin_ge_article` WHERE `article_id` = '8361a4af1fed4c1788553edd86ed12e1' LIMIT 1   [ RunTime:0.0630s ]
SQL: SELECT COUNT(id) AS tp_count FROM `ytt_tao_jin_ge_article` WHERE `article_id` = 'e98489d4f9164c698d952c0b03ba773b' LIMIT 1   [ RunTime:0.0635s ]
SQL: SELECT COUNT(id) AS tp_count FROM `ytt_tao_jin_ge_article` WHERE `article_id` = 'b9c4b434cc3f4478be98bb1e0e0f984c' LIMIT 1   [ RunTime:0.0630s ]
SQL: SELECT COUNT(id) AS tp_count FROM `ytt_tao_jin_ge_article` WHERE `article_id` = '9f730ed970d84a50adc356ae05deb76a' LIMIT 1   [ RunTime:0.0635s ]
SQL: SELECT COUNT(id) AS tp_count FROM `ytt_tao_jin_ge_article` WHERE `article_id` = 'fc0c10e6ac764895a84a7b469d11f740' LIMIT 1   [ RunTime:0.0631s ]
SQL: SELECT COUNT(id) AS tp_count FROM `ytt_tao_jin_ge_article` WHERE `article_id` = 'c8a214a650a649778cc53efe401cfa3d' LIMIT 1   [ RunTime:0.0640s ]
SQL: SELECT COUNT(id) AS tp_count FROM `ytt_tao_jin_ge_article` WHERE `article_id` = '6b3a16a9dd674a158af1e68456c960c8' LIMIT 1   [ RunTime:0.0633s ]
SQL: SELECT COUNT(id) AS tp_count FROM `ytt_tao_jin_ge_article` WHERE `article_id` = 'bd8811144053426ead4c7eb3e0ad281a' LIMIT 1   [ RunTime:0.0635s ]
SQL: SELECT COUNT(id) AS tp_count FROM `ytt_tao_jin_ge_article` WHERE `article_id` = '4b9dd43178504d1899c29a2f3a160d14' LIMIT 1   [ RunTime:0.0630s ]
SQL: SELECT COUNT(id) AS tp_count FROM `ytt_tao_jin_ge_article` WHERE `article_id` = '223e37f90cde45a0b08d16efdfe17f38' LIMIT 1   [ RunTime:0.0632s ]
SQL: SELECT COUNT(id) AS tp_count FROM `ytt_tao_jin_ge_article` WHERE `article_id` = '8361a4af1fed4c1788553edd86ed12e1' LIMIT 1   [ RunTime:0.0632s ]
SQL: SELECT COUNT(id) AS tp_count FROM `ytt_tao_jin_ge_article` WHERE `article_id` = 'e98489d4f9164c698d952c0b03ba773b' LIMIT 1   [ RunTime:0.0634s ]
SQL: SELECT COUNT(id) AS tp_count FROM `ytt_tao_jin_ge_article` WHERE `article_id` = 'b9c4b434cc3f4478be98bb1e0e0f984c' LIMIT 1   [ RunTime:0.0638s ]
SQL: SELECT COUNT(id) AS tp_count FROM `ytt_tao_jin_ge_article` WHERE `article_id` = '9f730ed970d84a50adc356ae05deb76a' LIMIT 1   [ RunTime:0.0634s ]
SQL: SELECT COUNT(id) AS tp_count FROM `ytt_tao_jin_ge_article` WHERE `article_id` = 'fc0c10e6ac764895a84a7b469d11f740' LIMIT 1   [ RunTime:0.0631s ]
SQL: SELECT COUNT(id) AS tp_count FROM `ytt_tao_jin_ge_article` WHERE `article_id` = 'c8a214a650a649778cc53efe401cfa3d' LIMIT 1   [ RunTime:0.0630s ]
SQL: SELECT COUNT(id) AS tp_count FROM `ytt_tao_jin_ge_article` WHERE `article_id` = '6b3a16a9dd674a158af1e68456c960c8' LIMIT 1   [ RunTime:0.0636s ]
SQL: SELECT COUNT(id) AS tp_count FROM `ytt_tao_jin_ge_article` WHERE `article_id` = 'bd8811144053426ead4c7eb3e0ad281a' LIMIT 1   [ RunTime:0.0660s ]
SQL: SELECT COUNT(id) AS tp_count FROM `ytt_tao_jin_ge_article` WHERE `article_id` = '4b9dd43178504d1899c29a2f3a160d14' LIMIT 1   [ RunTime:0.0634s ]
SQL: SELECT COUNT(id) AS tp_count FROM `ytt_tao_jin_ge_article` WHERE `article_id` = '223e37f90cde45a0b08d16efdfe17f38' LIMIT 1   [ RunTime:0.0645s ]
SQL: SELECT COUNT(id) AS tp_count FROM `ytt_tao_jin_ge_article` WHERE `article_id` = '8361a4af1fed4c1788553edd86ed12e1' LIMIT 1   [ RunTime:0.0630s ]
SQL: SELECT COUNT(id) AS tp_count FROM `ytt_tao_jin_ge_article` WHERE `article_id` = 'e98489d4f9164c698d952c0b03ba773b' LIMIT 1   [ RunTime:0.0643s ]
SQL: SELECT COUNT(id) AS tp_count FROM `ytt_tao_jin_ge_article` WHERE `article_id` = 'b9c4b434cc3f4478be98bb1e0e0f984c' LIMIT 1   [ RunTime:0.0630s ]
SQL: SELECT COUNT(id) AS tp_count FROM `ytt_tao_jin_ge_article` WHERE `article_id` = '9f730ed970d84a50adc356ae05deb76a' LIMIT 1   [ RunTime:0.0642s ]
SQL: SELECT COUNT(id) AS tp_count FROM `ytt_tao_jin_ge_article` WHERE `article_id` = 'fc0c10e6ac764895a84a7b469d11f740' LIMIT 1   [ RunTime:0.0636s ]
SQL: SELECT COUNT(id) AS tp_count FROM `ytt_tao_jin_ge_article` WHERE `article_id` = 'c8a214a650a649778cc53efe401cfa3d' LIMIT 1   [ RunTime:0.0637s ]
SQL: SELECT COUNT(id) AS tp_count FROM `ytt_tao_jin_ge_article` WHERE `article_id` = '6b3a16a9dd674a158af1e68456c960c8' LIMIT 1   [ RunTime:0.0632s ]
SQL: SELECT COUNT(id) AS tp_count FROM `ytt_tao_jin_ge_article` WHERE `article_id` = 'bd8811144053426ead4c7eb3e0ad281a' LIMIT 1   [ RunTime:0.0630s ]
SQL: SELECT COUNT(id) AS tp_count FROM `ytt_tao_jin_ge_article` WHERE `article_id` = '4b9dd43178504d1899c29a2f3a160d14' LIMIT 1   [ RunTime:0.0632s ]
SQL: SELECT COUNT(id) AS tp_count FROM `ytt_tao_jin_ge_article` WHERE `article_id` = '223e37f90cde45a0b08d16efdfe17f38' LIMIT 1   [ RunTime:0.0629s ]
SQL: SELECT COUNT(id) AS tp_count FROM `ytt_tao_jin_ge_article` WHERE `article_id` = '8361a4af1fed4c1788553edd86ed12e1' LIMIT 1   [ RunTime:0.0632s ]
SQL: SELECT COUNT(id) AS tp_count FROM `ytt_tao_jin_ge_article` WHERE `article_id` = 'e98489d4f9164c698d952c0b03ba773b' LIMIT 1   [ RunTime:0.0634s ]
SQL: SELECT COUNT(id) AS tp_count FROM `ytt_tao_jin_ge_article` WHERE `article_id` = 'b9c4b434cc3f4478be98bb1e0e0f984c' LIMIT 1   [ RunTime:0.0638s ]
SQL: SELECT COUNT(id) AS tp_count FROM `ytt_tao_jin_ge_article` WHERE `article_id` = '9f730ed970d84a50adc356ae05deb76a' LIMIT 1   [ RunTime:0.0630s ]
SQL: SELECT COUNT(id) AS tp_count FROM `ytt_tao_jin_ge_article` WHERE `article_id` = 'fc0c10e6ac764895a84a7b469d11f740' LIMIT 1   [ RunTime:0.0634s ]
SQL: SELECT COUNT(id) AS tp_count FROM `ytt_tao_jin_ge_article` WHERE `article_id` = 'c8a214a650a649778cc53efe401cfa3d' LIMIT 1   [ RunTime:0.0630s ]
SQL: SELECT COUNT(id) AS tp_count FROM `ytt_tao_jin_ge_article` WHERE `article_id` = '6b3a16a9dd674a158af1e68456c960c8' LIMIT 1   [ RunTime:0.0630s ]
SQL: SELECT COUNT(id) AS tp_count FROM `ytt_tao_jin_ge_article` WHERE `article_id` = 'bd8811144053426ead4c7eb3e0ad281a' LIMIT 1   [ RunTime:0.0637s ]
SQL: SELECT COUNT(id) AS tp_count FROM `ytt_tao_jin_ge_article` WHERE `article_id` = '4b9dd43178504d1899c29a2f3a160d14' LIMIT 1   [ RunTime:0.0630s ]
SQL: SELECT COUNT(id) AS tp_count FROM `ytt_tao_jin_ge_article` WHERE `article_id` = '223e37f90cde45a0b08d16efdfe17f38' LIMIT 1   [ RunTime:0.0639s ]
SQL: SELECT COUNT(id) AS tp_count FROM `ytt_tao_jin_ge_article` WHERE `article_id` = '8361a4af1fed4c1788553edd86ed12e1' LIMIT 1   [ RunTime:0.0634s ]
SQL: SELECT COUNT(id) AS tp_count FROM `ytt_tao_jin_ge_article` WHERE `article_id` = 'e98489d4f9164c698d952c0b03ba773b' LIMIT 1   [ RunTime:0.0631s ]
SQL: SELECT COUNT(id) AS tp_count FROM `ytt_tao_jin_ge_article` WHERE `article_id` = 'b9c4b434cc3f4478be98bb1e0e0f984c' LIMIT 1   [ RunTime:0.0633s ]
SQL: SELECT COUNT(id) AS tp_count FROM `ytt_tao_jin_ge_article` WHERE `article_id` = '9f730ed970d84a50adc356ae05deb76a' LIMIT 1   [ RunTime:0.0636s ]
SQL: SELECT COUNT(id) AS tp_count FROM `ytt_tao_jin_ge_article` WHERE `article_id` = 'fc0c10e6ac764895a84a7b469d11f740' LIMIT 1   [ RunTime:0.0631s ]
SQL: SELECT COUNT(id) AS tp_count FROM `ytt_tao_jin_ge_article` WHERE `article_id` = 'c8a214a650a649778cc53efe401cfa3d' LIMIT 1   [ RunTime:0.0629s ]
SQL: SELECT COUNT(id) AS tp_count FROM `ytt_tao_jin_ge_article` WHERE `article_id` = '6b3a16a9dd674a158af1e68456c960c8' LIMIT 1   [ RunTime:0.0628s ]
SQL: SELECT COUNT(id) AS tp_count FROM `ytt_tao_jin_ge_article` WHERE `article_id` = 'bd8811144053426ead4c7eb3e0ad281a' LIMIT 1   [ RunTime:0.0629s ]
SQL: SELECT COUNT(id) AS tp_count FROM `ytt_tao_jin_ge_article` WHERE `article_id` = '4b9dd43178504d1899c29a2f3a160d14' LIMIT 1   [ RunTime:0.0629s ]
SQL: SELECT COUNT(id) AS tp_count FROM `ytt_tao_jin_ge_article` WHERE `article_id` = '223e37f90cde45a0b08d16efdfe17f38' LIMIT 1   [ RunTime:0.0632s ]
SQL: SELECT COUNT(id) AS tp_count FROM `ytt_tao_jin_ge_article` WHERE `article_id` = '8361a4af1fed4c1788553edd86ed12e1' LIMIT 1   [ RunTime:0.0636s ]
SQL: SELECT COUNT(id) AS tp_count FROM `ytt_tao_jin_ge_article` WHERE `article_id` = 'e98489d4f9164c698d952c0b03ba773b' LIMIT 1   [ RunTime:0.0636s ]
SQL: SELECT COUNT(id) AS tp_count FROM `ytt_tao_jin_ge_article` WHERE `article_id` = 'b9c4b434cc3f4478be98bb1e0e0f984c' LIMIT 1   [ RunTime:0.0630s ]
SQL: SELECT COUNT(id) AS tp_count FROM `ytt_tao_jin_ge_article` WHERE `article_id` = '9f730ed970d84a50adc356ae05deb76a' LIMIT 1   [ RunTime:0.0631s ]
SQL: SELECT COUNT(id) AS tp_count FROM `ytt_tao_jin_ge_article` WHERE `article_id` = 'fc0c10e6ac764895a84a7b469d11f740' LIMIT 1   [ RunTime:0.0628s ]
SQL: SELECT COUNT(id) AS tp_count FROM `ytt_tao_jin_ge_article` WHERE `article_id` = 'c8a214a650a649778cc53efe401cfa3d' LIMIT 1   [ RunTime:0.0629s ]
SQL: SELECT COUNT(id) AS tp_count FROM `ytt_tao_jin_ge_article` WHERE `article_id` = '6b3a16a9dd674a158af1e68456c960c8' LIMIT 1   [ RunTime:0.0642s ]
SQL: SELECT COUNT(id) AS tp_count FROM `ytt_tao_jin_ge_article` WHERE `article_id` = 'bd8811144053426ead4c7eb3e0ad281a' LIMIT 1   [ RunTime:0.0633s ]
SQL: SELECT COUNT(id) AS tp_count FROM `ytt_tao_jin_ge_article` WHERE `article_id` = '4b9dd43178504d1899c29a2f3a160d14' LIMIT 1   [ RunTime:0.0633s ]
SQL: SELECT COUNT(id) AS tp_count FROM `ytt_tao_jin_ge_article` WHERE `article_id` = '223e37f90cde45a0b08d16efdfe17f38' LIMIT 1   [ RunTime:0.0635s ]
SQL: SELECT COUNT(id) AS tp_count FROM `ytt_tao_jin_ge_article` WHERE `article_id` = '8361a4af1fed4c1788553edd86ed12e1' LIMIT 1   [ RunTime:0.0638s ]
SQL: SELECT COUNT(id) AS tp_count FROM `ytt_tao_jin_ge_article` WHERE `article_id` = 'e98489d4f9164c698d952c0b03ba773b' LIMIT 1   [ RunTime:0.0638s ]
SQL: SELECT COUNT(id) AS tp_count FROM `ytt_tao_jin_ge_article` WHERE `article_id` = 'b9c4b434cc3f4478be98bb1e0e0f984c' LIMIT 1   [ RunTime:0.0639s ]
SQL: SELECT COUNT(id) AS tp_count FROM `ytt_tao_jin_ge_article` WHERE `article_id` = '9f730ed970d84a50adc356ae05deb76a' LIMIT 1   [ RunTime:0.0635s ]
SQL: SELECT COUNT(id) AS tp_count FROM `ytt_tao_jin_ge_article` WHERE `article_id` = 'fc0c10e6ac764895a84a7b469d11f740' LIMIT 1   [ RunTime:0.0628s ]
SQL: SELECT COUNT(id) AS tp_count FROM `ytt_tao_jin_ge_article` WHERE `article_id` = 'c8a214a650a649778cc53efe401cfa3d' LIMIT 1   [ RunTime:0.0631s ]
SQL: SELECT COUNT(id) AS tp_count FROM `ytt_tao_jin_ge_article` WHERE `article_id` = '6b3a16a9dd674a158af1e68456c960c8' LIMIT 1   [ RunTime:0.0630s ]
SQL: SELECT COUNT(id) AS tp_count FROM `ytt_tao_jin_ge_article` WHERE `article_id` = 'bd8811144053426ead4c7eb3e0ad281a' LIMIT 1   [ RunTime:0.0630s ]
SQL: SELECT COUNT(id) AS tp_count FROM `ytt_tao_jin_ge_article` WHERE `article_id` = '4b9dd43178504d1899c29a2f3a160d14' LIMIT 1   [ RunTime:0.0631s ]
SQL: SELECT COUNT(id) AS tp_count FROM `ytt_tao_jin_ge_article` WHERE `article_id` = '223e37f90cde45a0b08d16efdfe17f38' LIMIT 1   [ RunTime:0.0632s ]
SQL: SELECT COUNT(id) AS tp_count FROM `ytt_tao_jin_ge_article` WHERE `article_id` = '8361a4af1fed4c1788553edd86ed12e1' LIMIT 1   [ RunTime:0.0632s ]
SQL: SELECT COUNT(id) AS tp_count FROM `ytt_tao_jin_ge_article` WHERE `article_id` = 'e98489d4f9164c698d952c0b03ba773b' LIMIT 1   [ RunTime:0.0632s ]
SQL: SELECT COUNT(id) AS tp_count FROM `ytt_tao_jin_ge_article` WHERE `article_id` = 'b9c4b434cc3f4478be98bb1e0e0f984c' LIMIT 1   [ RunTime:0.0638s ]
SQL: SELECT COUNT(id) AS tp_count FROM `ytt_tao_jin_ge_article` WHERE `article_id` = '9f730ed970d84a50adc356ae05deb76a' LIMIT 1   [ RunTime:0.0630s ]
SQL: SELECT COUNT(id) AS tp_count FROM `ytt_tao_jin_ge_article` WHERE `article_id` = 'fc0c10e6ac764895a84a7b469d11f740' LIMIT 1   [ RunTime:0.0630s ]
SQL: SELECT COUNT(id) AS tp_count FROM `ytt_tao_jin_ge_article` WHERE `article_id` = 'c8a214a650a649778cc53efe401cfa3d' LIMIT 1   [ RunTime:0.0630s ]
SQL: SELECT COUNT(id) AS tp_count FROM `ytt_tao_jin_ge_article` WHERE `article_id` = '6b3a16a9dd674a158af1e68456c960c8' LIMIT 1   [ RunTime:0.0638s ]
SQL: SELECT COUNT(id) AS tp_count FROM `ytt_tao_jin_ge_article` WHERE `article_id` = 'bd8811144053426ead4c7eb3e0ad281a' LIMIT 1   [ RunTime:0.0629s ]
SQL: SELECT COUNT(id) AS tp_count FROM `ytt_tao_jin_ge_article` WHERE `article_id` = '4b9dd43178504d1899c29a2f3a160d14' LIMIT 1   [ RunTime:0.0632s ]
SQL: SELECT COUNT(id) AS tp_count FROM `ytt_tao_jin_ge_article` WHERE `article_id` = '223e37f90cde45a0b08d16efdfe17f38' LIMIT 1   [ RunTime:0.0638s ]
SQL: SELECT COUNT(id) AS tp_count FROM `ytt_tao_jin_ge_article` WHERE `article_id` = '8361a4af1fed4c1788553edd86ed12e1' LIMIT 1   [ RunTime:0.0630s ]
SQL: SELECT COUNT(id) AS tp_count FROM `ytt_tao_jin_ge_article` WHERE `article_id` = 'e98489d4f9164c698d952c0b03ba773b' LIMIT 1   [ RunTime:0.0630s ]
SQL: SELECT COUNT(id) AS tp_count FROM `ytt_tao_jin_ge_article` WHERE `article_id` = 'b9c4b434cc3f4478be98bb1e0e0f984c' LIMIT 1   [ RunTime:0.0638s ]
SQL: SELECT COUNT(id) AS tp_count FROM `ytt_tao_jin_ge_article` WHERE `article_id` = '9f730ed970d84a50adc356ae05deb76a' LIMIT 1   [ RunTime:0.0638s ]
SQL: SELECT COUNT(id) AS tp_count FROM `ytt_tao_jin_ge_article` WHERE `article_id` = 'fc0c10e6ac764895a84a7b469d11f740' LIMIT 1   [ RunTime:0.0637s ]
SQL: SELECT COUNT(id) AS tp_count FROM `ytt_tao_jin_ge_article` WHERE `article_id` = 'c8a214a650a649778cc53efe401cfa3d' LIMIT 1   [ RunTime:0.0638s ]
SQL: SELECT COUNT(id) AS tp_count FROM `ytt_tao_jin_ge_article` WHERE `article_id` = '6b3a16a9dd674a158af1e68456c960c8' LIMIT 1   [ RunTime:0.0635s ]
SQL: SELECT COUNT(id) AS tp_count FROM `ytt_tao_jin_ge_article` WHERE `article_id` = 'bd8811144053426ead4c7eb3e0ad281a' LIMIT 1   [ RunTime:0.0636s ]
SQL: SELECT COUNT(id) AS tp_count FROM `ytt_tao_jin_ge_article` WHERE `article_id` = '4b9dd43178504d1899c29a2f3a160d14' LIMIT 1   [ RunTime:0.0635s ]
SQL: SELECT COUNT(id) AS tp_count FROM `ytt_tao_jin_ge_article` WHERE `article_id` = '223e37f90cde45a0b08d16efdfe17f38' LIMIT 1   [ RunTime:0.0637s ]
SQL: SELECT COUNT(id) AS tp_count FROM `ytt_tao_jin_ge_article` WHERE `article_id` = '8361a4af1fed4c1788553edd86ed12e1' LIMIT 1   [ RunTime:0.0638s ]
SQL: SELECT COUNT(id) AS tp_count FROM `ytt_tao_jin_ge_article` WHERE `article_id` = 'e98489d4f9164c698d952c0b03ba773b' LIMIT 1   [ RunTime:0.0639s ]
SQL: SELECT COUNT(id) AS tp_count FROM `ytt_tao_jin_ge_article` WHERE `article_id` = 'b9c4b434cc3f4478be98bb1e0e0f984c' LIMIT 1   [ RunTime:0.0638s ]
SQL: SELECT COUNT(id) AS tp_count FROM `ytt_tao_jin_ge_article` WHERE `article_id` = '9f730ed970d84a50adc356ae05deb76a' LIMIT 1   [ RunTime:0.0639s ]
SQL: SELECT COUNT(id) AS tp_count FROM `ytt_tao_jin_ge_article` WHERE `article_id` = 'fc0c10e6ac764895a84a7b469d11f740' LIMIT 1   [ RunTime:0.0638s ]
SQL: SELECT COUNT(id) AS tp_count FROM `ytt_tao_jin_ge_article` WHERE `article_id` = 'c8a214a650a649778cc53efe401cfa3d' LIMIT 1   [ RunTime:0.0630s ]
SQL: SELECT COUNT(id) AS tp_count FROM `ytt_tao_jin_ge_article` WHERE `article_id` = '6b3a16a9dd674a158af1e68456c960c8' LIMIT 1   [ RunTime:0.0638s ]
SQL: SELECT COUNT(id) AS tp_count FROM `ytt_tao_jin_ge_article` WHERE `article_id` = 'bd8811144053426ead4c7eb3e0ad281a' LIMIT 1   [ RunTime:0.0636s ]
SQL: SELECT COUNT(id) AS tp_count FROM `ytt_tao_jin_ge_article` WHERE `article_id` = '4b9dd43178504d1899c29a2f3a160d14' LIMIT 1   [ RunTime:0.0638s ]
SQL: SELECT COUNT(id) AS tp_count FROM `ytt_tao_jin_ge_article` WHERE `article_id` = '223e37f90cde45a0b08d16efdfe17f38' LIMIT 1   [ RunTime:0.0638s ]
SQL: SELECT COUNT(id) AS tp_count FROM `ytt_tao_jin_ge_article` WHERE `article_id` = '8361a4af1fed4c1788553edd86ed12e1' LIMIT 1   [ RunTime:0.0638s ]
SQL: SELECT COUNT(id) AS tp_count FROM `ytt_tao_jin_ge_article` WHERE `article_id` = 'e98489d4f9164c698d952c0b03ba773b' LIMIT 1   [ RunTime:0.0639s ]
SQL: SELECT COUNT(id) AS tp_count FROM `ytt_tao_jin_ge_article` WHERE `article_id` = 'b9c4b434cc3f4478be98bb1e0e0f984c' LIMIT 1   [ RunTime:0.0638s ]
SQL: SELECT COUNT(id) AS tp_count FROM `ytt_tao_jin_ge_article` WHERE `article_id` = '9f730ed970d84a50adc356ae05deb76a' LIMIT 1   [ RunTime:0.0637s ]
SQL: SELECT COUNT(id) AS tp_count FROM `ytt_tao_jin_ge_article` WHERE `article_id` = 'fc0c10e6ac764895a84a7b469d11f740' LIMIT 1   [ RunTime:0.0638s ]
SQL: SELECT COUNT(id) AS tp_count FROM `ytt_tao_jin_ge_article` WHERE `article_id` = 'c8a214a650a649778cc53efe401cfa3d' LIMIT 1   [ RunTime:0.0635s ]
SQL: SELECT COUNT(id) AS tp_count FROM `ytt_tao_jin_ge_article` WHERE `article_id` = '6b3a16a9dd674a158af1e68456c960c8' LIMIT 1   [ RunTime:0.0630s ]
SQL: SELECT COUNT(id) AS tp_count FROM `ytt_tao_jin_ge_article` WHERE `article_id` = 'bd8811144053426ead4c7eb3e0ad281a' LIMIT 1   [ RunTime:0.0630s ]
SQL: SELECT COUNT(id) AS tp_count FROM `ytt_tao_jin_ge_article` WHERE `article_id` = '4b9dd43178504d1899c29a2f3a160d14' LIMIT 1   [ RunTime:0.0631s ]
SQL: SELECT COUNT(id) AS tp_count FROM `ytt_tao_jin_ge_article` WHERE `article_id` = '223e37f90cde45a0b08d16efdfe17f38' LIMIT 1   [ RunTime:0.0630s ]
SQL: SELECT COUNT(id) AS tp_count FROM `ytt_tao_jin_ge_article` WHERE `article_id` = '8361a4af1fed4c1788553edd86ed12e1' LIMIT 1   [ RunTime:0.0630s ]

